#
# A fatal error has been detected by the Java Runtime Environment:
#
#  SIGSEGV (0xb) at pc=0x00007fff8e91d4dd, pid=3242, tid=0x0000000000000a0b
#
# JRE version: Java(TM) SE Runtime Environment (8.0_102-b14) (build 1.8.0_102-b14)
# Java VM: Java HotSpot(TM) 64-Bit Server VM (25.102-b14 mixed mode bsd-amd64 compressed oops)
# Problematic frame:
# C  [libobjc.A.dylib+0x14dd]  objc_msgSend+0x1d
#
# Failed to write core dump. Core dumps have been disabled. To enable core dumping, try "ulimit -c unlimited" before starting Java again
#
# If you would like to submit a bug report, please visit:
#   http://bugreport.java.com/bugreport/crash.jsp
# The crash happened outside the Java Virtual Machine in native code.
# See problematic frame for where to report the bug.
#

---------------  T H R E A D  ---------------

Current thread (0x00007fc8030ed800):  JavaThread "AWT-AppKit" daemon [_thread_in_native, id=2571, stack(0x00007fff546b5000,0x00007fff54eb5000)]

siginfo: si_signo: 11 (SIGSEGV), si_code: 1 (SEGV_MAPERR), si_addr: 0x0000000000000018

Registers:
RAX=0x00007fc807227810, RBX=0x0000000122d3e450, RCX=0x0000000122d658e0, RDX=0x0000000122d65180
RSP=0x00007fff54eb0278, RBP=0x00007fff54eb0330, RSI=0x00007fff9fa37cbe, RDI=0x00007fc807362e40
R8 =0x0000000000000000, R9 =0x00000000000008b0, R10=0x00007fff9fa37cbe, R11=0x0000000000000000
R12=0x0000000000000000, R13=0x000000017a627b08, R14=0x0000000122d3e440, R15=0x00007fc8030ed800
RIP=0x00007fff8e91d4dd, EFLAGS=0x0000000000010246, ERR=0x0000000000000004
  TRAPNO=0x000000000000000e

Top of Stack: (sp=0x00007fff54eb0278)
0x00007fff54eb0278:   0000000122d3c157 00007fff54eb02d0
0x00007fff54eb0288:   0000000000000003 00007fff54eb02b0
0x00007fff54eb0298:   000000010c3f2e32 000000017a627b08
0x00007fff54eb02a8:   000000017a627b08 00007fc807227810
0x00007fff54eb02b8:   0000000122d3e6a0 0000000122d3e710
0x00007fff54eb02c8:   00007fff7e174770 00007fff7d71d500
0x00007fff54eb02d8:   0000000122d3e450 0000000122d3e690
0x00007fff54eb02e8:   00007fc807227810 00007fc807362e40
0x00007fff54eb02f8:   00007fc80737d9d0 00007fc807227810
0x00007fff54eb0308:   00007fc807362e40 00007fff54eb03b8
0x00007fff54eb0318:   00007fc8030ed9f8 000000017a627b08
0x00007fff54eb0328:   00007fff54eb03e0 00007fff54eb03a8
0x00007fff54eb0338:   000000010d1b89d4 000000017a627b08
0x00007fff54eb0348:   00007fff54eb03e0 00007fff54eb03a8
0x00007fff54eb0358:   000000010d1b8767 000000010d1b8722
0x00007fff54eb0368:   00007fff54eb0368 000000017a627b08
0x00007fff54eb0378:   00007fff54eb03e0 000000017a64b028
0x00007fff54eb0388:   0000000000000000 000000017a627b08
0x00007fff54eb0398:   0000000000000000 00007fff54eb03c8
0x00007fff54eb03a8:   00007fff54eb0428 000000010d1a92bd
0x00007fff54eb03b8:   0000000780d3f9e8 000000010d1b2538
0x00007fff54eb03c8:   00007fc807227810 00007fff54eb0428
0x00007fff54eb03d8:   00007fc807362e40 000000010d1b3e02
0x00007fff54eb03e8:   00007fff54eb03e8 000000017a627cd2
0x00007fff54eb03f8:   00007fff54eb0450 000000017a64b028
0x00007fff54eb0408:   0000000000000000 000000017a627ce0
0x00007fff54eb0418:   00007fff54eb03c8 00007fff54eb0438
0x00007fff54eb0428:   00007fff54eb0498 000000010d1a92bd
0x00007fff54eb0438:   00007fc807227810 0000000780ced268
0x00007fff54eb0448:   00007fc807362e40 0000000780ced268
0x00007fff54eb0458:   00007fff54eb0458 0000000180167e56
0x00007fff54eb0468:   00007fff54eb04a8 0000000180167f10 

Instructions: (pc=0x00007fff8e91d4dd)
0x00007fff8e91d4bd:   44 00 00 48 85 ff 2e 74 62 40 f6 c7 01 2e 75 66
0x00007fff8e91d4cd:   49 bb f8 ff ff ff ff 7f 00 00 4c 23 1f 49 89 f2
0x00007fff8e91d4dd:   45 23 53 18 49 c1 e2 04 4d 03 53 10 49 3b 32 75
0x00007fff8e91d4ed:   04 41 ff 62 08 49 83 3a 01 76 0d 49 83 c2 10 49 

Register to memory mapping:

RAX=0x00007fc807227810 is an unknown value
RBX=0x0000000122d3e450: Java_jogamp_nativewindow_macosx_OSXUtil_GetScreenRefreshRate0+0x1cf0 in /private/var/folders/f2/4qkyxzd93r37rthb6tddfj8m0000gn/T/jogamp_0000/file_cache/jln8300377460869352969/jln2296156724053789824/libnativewindow_macosx.jnilib at 0x0000000122d37000
RCX=0x0000000122d658e0 is an unknown value
RDX=0x0000000122d65180 is an unknown value
RSP=0x00007fff54eb0278 is pointing into the stack for thread: 0x00007fc8030ed800
RBP=0x00007fff54eb0330 is pointing into the stack for thread: 0x00007fc8030ed800
RSI=0x00007fff9fa37cbe is an unknown value
RDI=0x00007fc807362e40 is an unknown value
R8 =0x0000000000000000 is an unknown value
R9 =0x00000000000008b0 is an unknown value
R10=0x00007fff9fa37cbe is an unknown value
R11=0x0000000000000000 is an unknown value
R12=0x0000000000000000 is an unknown value
R13={method} {0x000000017a627b08} 'UnsetJAWTRootSurfaceLayer0' '(JJ)V' in 'jogamp/nativewindow/jawt/macosx/MacOSXJAWTWindow'
R14=0x0000000122d3e440: Java_jogamp_nativewindow_macosx_OSXUtil_GetScreenRefreshRate0+0x1ce0 in /private/var/folders/f2/4qkyxzd93r37rthb6tddfj8m0000gn/T/jogamp_0000/file_cache/jln8300377460869352969/jln2296156724053789824/libnativewindow_macosx.jnilib at 0x0000000122d37000
R15=0x00007fc8030ed800 is a thread


Stack: [0x00007fff546b5000,0x00007fff54eb5000],  sp=0x00007fff54eb0278,  free space=8172k
Native frames: (J=compiled Java code, j=interpreted, Vv=VM code, C=native code)
C  [libobjc.A.dylib+0x14dd]  objc_msgSend+0x1d
j  jogamp.nativewindow.jawt.macosx.MacOSXJAWTWindow.UnsetJAWTRootSurfaceLayer0(JJ)V+0
j  jogamp.nativewindow.jawt.macosx.MacOSXJAWTWindow.access$200(JJ)V+2
j  jogamp.nativewindow.jawt.macosx.MacOSXJAWTWindow$1.run()V+38
J 2264 C1 com.jogamp.common.util.RunnableTask.run()V (345 bytes) @ 0x000000010d88a534 [0x000000010d88a3a0+0x194]
v  ~StubRoutines::call_stub
V  [libjvm.dylib+0x2ed5e2]  JavaCalls::call_helper(JavaValue*, methodHandle*, JavaCallArguments*, Thread*)+0x6ae
V  [libjvm.dylib+0x324771]  jni_invoke_nonstatic(JNIEnv_*, JavaValue*, _jobject*, JNICallType, _jmethodID*, JNI_ArgumentPusher*, Thread*)+0x2ec
V  [libjvm.dylib+0x316f3f]  jni_CallVoidMethod+0x16b
C  [libnativewindow_macosx.jnilib+0x5326]  Java_jogamp_nativewindow_jawt_macosx_MacOSXJAWTWindow_UnsetJAWTRootSurfaceLayer0+0x2b6
C  [Foundation+0x76fde]  __NSThreadPerformPerform+0x117
C  [CoreFoundation+0xaa881]  __CFRUNLOOP_IS_CALLING_OUT_TO_A_SOURCE0_PERFORM_FUNCTION__+0x11
C  [CoreFoundation+0x89fbc]  __CFRunLoopDoSources0+0x22c
C  [CoreFoundation+0x894df]  __CFRunLoopRun+0x39f
C  [CoreFoundation+0x88ed8]  CFRunLoopRunSpecific+0x128
C  [HIToolbox+0x30935]  RunCurrentEventLoopInMode+0xeb
C  [HIToolbox+0x30677]  ReceiveNextEventCommon+0xb8
C  [HIToolbox+0x305af]  _BlockUntilNextEventMatchingListInModeWithFilter+0x47
C  [AppKit+0x48df6]  _DPSNextEvent+0x42b
C  [AppKit+0x48226]  -[NSApplication _nextEventMatchingEventMask:untilDate:inMode:dequeue:]+0x1c6
C  [libosxapp.dylib+0x23aa]  -[NSApplicationAWT nextEventMatchingMask:untilDate:inMode:dequeue:]+0x7c
C  [AppKit+0x3cd80]  -[NSApplication run]+0x2aa
C  [libosxapp.dylib+0x214d]  +[NSApplicationAWT runAWTLoopWithApp:]+0x9c
C  [libawt_lwawt.dylib+0x444b3]  -[AWTStarter starter:]+0x389
C  [Foundation+0x76fde]  __NSThreadPerformPerform+0x117
C  [CoreFoundation+0xaa881]  __CFRUNLOOP_IS_CALLING_OUT_TO_A_SOURCE0_PERFORM_FUNCTION__+0x11
C  [CoreFoundation+0x89fbc]  __CFRunLoopDoSources0+0x22c
C  [CoreFoundation+0x894df]  __CFRunLoopRun+0x39f
C  [CoreFoundation+0x88ed8]  CFRunLoopRunSpecific+0x128
C  [java+0x6465]  CreateExecutionEnvironment+0x367
C  [java+0x218c]  JLI_Launch+0x7a0
C  [java+0x84c2]  main+0x65
C  [java+0x19e4]  start+0x34
C  0x0000000000000007

Java frames: (J=compiled Java code, j=interpreted, Vv=VM code)
j  jogamp.nativewindow.jawt.macosx.MacOSXJAWTWindow.UnsetJAWTRootSurfaceLayer0(JJ)V+0
j  jogamp.nativewindow.jawt.macosx.MacOSXJAWTWindow.access$200(JJ)V+2
j  jogamp.nativewindow.jawt.macosx.MacOSXJAWTWindow$1.run()V+38
J 2264 C1 com.jogamp.common.util.RunnableTask.run()V (345 bytes) @ 0x000000010d88a534 [0x000000010d88a3a0+0x194]
v  ~StubRoutines::call_stub

---------------  P R O C E S S  ---------------

Java Threads: ( => current thread )
  0x00007fc804916800 JavaThread "Thread-188" [_thread_blocked, id=24559, stack(0x000070000104a000,0x000070000114a000)]
  0x00007fc8037f4800 JavaThread "Image Fetcher 3" daemon [_thread_blocked, id=26479, stack(0x0000700002083000,0x0000700002183000)]
  0x00007fc80356a000 JavaThread "Image Fetcher 2" daemon [_thread_blocked, id=33623, stack(0x0000700001f80000,0x0000700002080000)]
  0x00007fc803178000 JavaThread "Image Fetcher 1" daemon [_thread_blocked, id=63299, stack(0x0000700001e7d000,0x0000700001f7d000)]
  0x00007fc803a7e000 JavaThread "Image Fetcher 0" daemon [_thread_blocked, id=67083, stack(0x0000700001d7a000,0x0000700001e7a000)]
  0x00007fc803a6f800 JavaThread "Keep-Alive-Timer" daemon [_thread_blocked, id=61959, stack(0x0000700001c77000,0x0000700001d77000)]
  0x00007fc80412c800 JavaThread "AWT-EventQueue-1" [_thread_in_native, id=59171, stack(0x00007000018eb000,0x00007000019eb000)]
  0x00007fc804108800 JavaThread "DestroyJavaVM" [_thread_blocked, id=5891, stack(0x000070000011a000,0x000070000021a000)]
  0x00007fc8031b1800 JavaThread "AWT-EventQueue-0" [_thread_blocked, id=56579, stack(0x00007000016e5000,0x00007000017e5000)]
  0x00007fc804a7c000 JavaThread "Java2D Disposer" daemon [_thread_blocked, id=52995, stack(0x000070000145c000,0x000070000155c000)]
  0x00007fc804a35800 JavaThread "Java2D Queue Flusher" daemon [_thread_blocked, id=49927, stack(0x0000700001359000,0x0000700001459000)]
  0x00007fc8049c3000 JavaThread "AWT-Shutdown" [_thread_blocked, id=30739, stack(0x00007000011d3000,0x00007000012d3000)]
=>0x00007fc8030ed800 JavaThread "AWT-AppKit" daemon [_thread_in_native, id=2571, stack(0x00007fff546b5000,0x00007fff54eb5000)]
  0x00007fc804046000 JavaThread "Service Thread" daemon [_thread_blocked, id=18691, stack(0x0000700000e44000,0x0000700000f44000)]
  0x00007fc80300c000 JavaThread "C1 CompilerThread2" daemon [_thread_blocked, id=18179, stack(0x0000700000d41000,0x0000700000e41000)]
  0x00007fc80380a000 JavaThread "C2 CompilerThread1" daemon [_thread_blocked, id=17667, stack(0x0000700000c3e000,0x0000700000d3e000)]
  0x00007fc803028800 JavaThread "C2 CompilerThread0" daemon [_thread_blocked, id=17155, stack(0x0000700000b3b000,0x0000700000c3b000)]
  0x00007fc804844800 JavaThread "Signal Dispatcher" daemon [_thread_blocked, id=13839, stack(0x0000700000a38000,0x0000700000b38000)]
  0x00007fc803801000 JavaThread "Finalizer" daemon [_thread_blocked, id=12291, stack(0x000070000082f000,0x000070000092f000)]
  0x00007fc803025800 JavaThread "Reference Handler" daemon [_thread_blocked, id=11779, stack(0x000070000072c000,0x000070000082c000)]

Other Threads:
  0x00007fc80400b000 VMThread [stack: 0x0000700000629000,0x0000700000729000] [id=11267]
  0x00007fc804839800 WatcherThread [stack: 0x0000700000f47000,0x0000700001047000] [id=19203]

VM state:not at safepoint (normal execution)

VM Mutex/Monitor currently owned by a thread: None

Heap:
 PSYoungGen      total 36864K, used 7595K [0x00000007aab00000, 0x00000007ad900000, 0x00000007c0000000)
  eden space 31744K, 15% used [0x00000007aab00000,0x00000007aafc2d80,0x00000007aca00000)
  from space 5120K, 53% used [0x00000007ad400000,0x00000007ad6a80a0,0x00000007ad900000)
  to   space 7680K, 0% used [0x00000007aca00000,0x00000007aca00000,0x00000007ad180000)
 ParOldGen       total 86016K, used 58250K [0x0000000780000000, 0x0000000785400000, 0x00000007aab00000)
  object space 86016K, 67% used [0x0000000780000000,0x00000007838e2b40,0x0000000785400000)
 Metaspace       used 21016K, capacity 21259K, committed 21552K, reserved 1069056K
  class space    used 2029K, capacity 2110K, committed 2176K, reserved 1048576K

Card table byte_map: [0x000000011c561000,0x000000011c762000] byte_map_base: 0x0000000118961000

Marking Bits: (ParMarkBitMap*) 0x000000010caefd20
 Begin Bits: [0x000000011c8b8000, 0x000000011d8b8000)
 End Bits:   [0x000000011d8b8000, 0x000000011e8b8000)

Polling page: 0x000000010b89a000

CodeCache: size=245760Kb used=8858Kb max_used=8871Kb free=236901Kb
 bounds [0x000000010d1a1000, 0x000000010da61000, 0x000000011c1a1000]
 total_blobs=3375 nmethods=2490 adapters=798
 compilation: enabled

Compilation events (10 events):
Event: 63.263 Thread 0x00007fc80300c000 2962       3       sun.lwawt.macosx.CCursorManager::setCursor (111 bytes)
Event: 63.263 Thread 0x00007fc80300c000 nmethod 2962 0x000000010da49bd0 code [0x000000010da49dc0, 0x000000010da4a5f8]
Event: 64.415 Thread 0x00007fc803028800 2963       4       processing.opengl.PGraphicsOpenGL::translate (8 bytes)
Event: 64.421 Thread 0x00007fc803028800 nmethod 2963 0x000000010da519d0 code [0x000000010da51b60, 0x000000010da51e88]
Event: 64.429 Thread 0x00007fc80380a000 2964       4       java.security.AccessControlContext::<init> (63 bytes)
Event: 64.431 Thread 0x00007fc80380a000 nmethod 2964 0x000000010da52c90 code [0x000000010da52de0, 0x000000010da52eb8]
Event: 65.395 Thread 0x00007fc80300c000 2965       1       sun.java2d.SurfaceData::isValid (5 bytes)
Event: 65.395 Thread 0x00007fc80300c000 nmethod 2965 0x000000010da529d0 code [0x000000010da52b20, 0x000000010da52c30]
Event: 65.408 Thread 0x00007fc803028800 2966  s!   4       sun.misc.URLClassPath::getLoader (197 bytes)
Event: 65.411 Thread 0x00007fc80380a000 2967  s    4       sun.misc.URLClassPath::getNextLoader (88 bytes)

GC Heap History (10 events):
Event: 60.429 GC heap before
{Heap before GC invocations=34 (full 1):
 PSYoungGen      total 28672K, used 25013K [0x00000007aab00000, 0x00000007ace00000, 0x00000007c0000000)
  eden space 21504K, 98% used [0x00000007aab00000,0x00000007abfc55f8,0x00000007ac000000)
  from space 7168K, 52% used [0x00000007ac700000,0x00000007acaa80e0,0x00000007ace00000)
  to   space 7168K, 0% used [0x00000007ac000000,0x00000007ac000000,0x00000007ac700000)
 ParOldGen       total 59392K, used 45735K [0x0000000780000000, 0x0000000783a00000, 0x00000007aab00000)
  object space 59392K, 77% used [0x0000000780000000,0x0000000782ca9de0,0x0000000783a00000)
 Metaspace       used 20972K, capacity 21195K, committed 21552K, reserved 1069056K
  class space    used 2021K, capacity 2110K, committed 2176K, reserved 1048576K
Event: 60.435 GC heap after
Heap after GC invocations=34 (full 1):
 PSYoungGen      total 28672K, used 4560K [0x00000007aab00000, 0x00000007ad480000, 0x00000007c0000000)
  eden space 21504K, 0% used [0x00000007aab00000,0x00000007aab00000,0x00000007ac000000)
  from space 7168K, 63% used [0x00000007ac000000,0x00000007ac474120,0x00000007ac700000)
  to   space 7680K, 0% used [0x00000007acd00000,0x00000007acd00000,0x00000007ad480000)
 ParOldGen       total 59392K, used 48071K [0x0000000780000000, 0x0000000783a00000, 0x00000007aab00000)
  object space 59392K, 80% used [0x0000000780000000,0x0000000782ef1e70,0x0000000783a00000)
 Metaspace       used 20972K, capacity 21195K, committed 21552K, reserved 1069056K
  class space    used 2021K, capacity 2110K, committed 2176K, reserved 1048576K
}
Event: 60.906 GC heap before
{Heap before GC invocations=35 (full 1):
 PSYoungGen      total 28672K, used 26064K [0x00000007aab00000, 0x00000007ad480000, 0x00000007c0000000)
  eden space 21504K, 100% used [0x00000007aab00000,0x00000007ac000000,0x00000007ac000000)
  from space 7168K, 63% used [0x00000007ac000000,0x00000007ac474120,0x00000007ac700000)
  to   space 7680K, 0% used [0x00000007acd00000,0x00000007acd00000,0x00000007ad480000)
 ParOldGen       total 59392K, used 48072K [0x0000000780000000, 0x0000000783a00000, 0x00000007aab00000)
  object space 59392K, 80% used [0x0000000780000000,0x0000000782ef2280,0x0000000783a00000)
 Metaspace       used 20973K, capacity 21195K, committed 21552K, reserved 1069056K
  class space    used 2021K, capacity 2110K, committed 2176K, reserved 1048576K
Event: 60.912 GC heap after
Heap after GC invocations=35 (full 1):
 PSYoungGen      total 34816K, used 4800K [0x00000007aab00000, 0x00000007ad480000, 0x00000007c0000000)
  eden space 27136K, 0% used [0x00000007aab00000,0x00000007aab00000,0x00000007ac580000)
  from space 7680K, 62% used [0x00000007acd00000,0x00000007ad1b0120,0x00000007ad480000)
  to   space 7680K, 0% used [0x00000007ac580000,0x00000007ac580000,0x00000007acd00000)
 ParOldGen       total 59392K, used 51464K [0x0000000780000000, 0x0000000783a00000, 0x00000007aab00000)
  object space 59392K, 86% used [0x0000000780000000,0x0000000783242380,0x0000000783a00000)
 Metaspace       used 20973K, capacity 21195K, committed 21552K, reserved 1069056K
  class space    used 2021K, capacity 2110K, committed 2176K, reserved 1048576K
}
Event: 61.453 GC heap before
{Heap before GC invocations=36 (full 1):
 PSYoungGen      total 34816K, used 31936K [0x00000007aab00000, 0x00000007ad480000, 0x00000007c0000000)
  eden space 27136K, 100% used [0x00000007aab00000,0x00000007ac580000,0x00000007ac580000)
  from space 7680K, 62% used [0x00000007acd00000,0x00000007ad1b0120,0x00000007ad480000)
  to   space 7680K, 0% used [0x00000007ac580000,0x00000007ac580000,0x00000007acd00000)
 ParOldGen       total 59392K, used 51528K [0x0000000780000000, 0x0000000783a00000, 0x00000007aab00000)
  object space 59392K, 86% used [0x0000000780000000,0x0000000783252370,0x0000000783a00000)
 Metaspace       used 20978K, capacity 21195K, committed 21552K, reserved 1069056K
  class space    used 2021K, capacity 2110K, committed 2176K, reserved 1048576K
Event: 61.457 GC heap after
Heap after GC invocations=36 (full 1):
 PSYoungGen      total 34816K, used 5792K [0x00000007aab00000, 0x00000007adc00000, 0x00000007c0000000)
  eden space 27136K, 0% used [0x00000007aab00000,0x00000007aab00000,0x00000007ac580000)
  from space 7680K, 75% used [0x00000007ac580000,0x00000007acb28160,0x00000007acd00000)
  to   space 8192K, 0% used [0x00000007ad400000,0x00000007ad400000,0x00000007adc00000)
 ParOldGen       total 59392K, used 54633K [0x0000000780000000, 0x0000000783a00000, 0x00000007aab00000)
  object space 59392K, 91% used [0x0000000780000000,0x000000078355a430,0x0000000783a00000)
 Metaspace       used 20978K, capacity 21195K, committed 21552K, reserved 1069056K
  class space    used 2021K, capacity 2110K, committed 2176K, reserved 1048576K
}
Event: 61.457 GC heap before
{Heap before GC invocations=37 (full 2):
 PSYoungGen      total 34816K, used 5792K [0x00000007aab00000, 0x00000007adc00000, 0x00000007c0000000)
  eden space 27136K, 0% used [0x00000007aab00000,0x00000007aab00000,0x00000007ac580000)
  from space 7680K, 75% used [0x00000007ac580000,0x00000007acb28160,0x00000007acd00000)
  to   space 8192K, 0% used [0x00000007ad400000,0x00000007ad400000,0x00000007adc00000)
 ParOldGen       total 59392K, used 54633K [0x0000000780000000, 0x0000000783a00000, 0x00000007aab00000)
  object space 59392K, 91% used [0x0000000780000000,0x000000078355a430,0x0000000783a00000)
 Metaspace       used 20978K, capacity 21195K, committed 21552K, reserved 1069056K
  class space    used 2021K, capacity 2110K, committed 2176K, reserved 1048576K
Event: 61.487 GC heap after
Heap after GC invocations=37 (full 2):
 PSYoungGen      total 34816K, used 0K [0x00000007aab00000, 0x00000007adc00000, 0x00000007c0000000)
  eden space 27136K, 0% used [0x00000007aab00000,0x00000007aab00000,0x00000007ac580000)
  from space 7680K, 0% used [0x00000007ac580000,0x00000007ac580000,0x00000007acd00000)
  to   space 8192K, 0% used [0x00000007ad400000,0x00000007ad400000,0x00000007adc00000)
 ParOldGen       total 86016K, used 58242K [0x0000000780000000, 0x0000000785400000, 0x00000007aab00000)
  object space 86016K, 67% used [0x0000000780000000,0x00000007838e0b40,0x0000000785400000)
 Metaspace       used 20978K, capacity 21195K, committed 21552K, reserved 1069056K
  class space    used 2021K, capacity 2110K, committed 2176K, reserved 1048576K
}
Event: 64.529 GC heap before
{Heap before GC invocations=38 (full 2):
 PSYoungGen      total 34816K, used 27136K [0x00000007aab00000, 0x00000007adc00000, 0x00000007c0000000)
  eden space 27136K, 100% used [0x00000007aab00000,0x00000007ac580000,0x00000007ac580000)
  from space 7680K, 0% used [0x00000007ac580000,0x00000007ac580000,0x00000007acd00000)
  to   space 8192K, 0% used [0x00000007ad400000,0x00000007ad400000,0x00000007adc00000)
 ParOldGen       total 86016K, used 58242K [0x0000000780000000, 0x0000000785400000, 0x00000007aab00000)
  object space 86016K, 67% used [0x0000000780000000,0x00000007838e0b40,0x0000000785400000)
 Metaspace       used 20982K, capacity 21259K, committed 21552K, reserved 1069056K
  class space    used 2021K, capacity 2110K, committed 2176K, reserved 1048576K
Event: 64.534 GC heap after
Heap after GC invocations=38 (full 2):
 PSYoungGen      total 36864K, used 2720K [0x00000007aab00000, 0x00000007ad900000, 0x00000007c0000000)
  eden space 31744K, 0% used [0x00000007aab00000,0x00000007aab00000,0x00000007aca00000)
  from space 5120K, 53% used [0x00000007ad400000,0x00000007ad6a80a0,0x00000007ad900000)
  to   space 7680K, 0% used [0x00000007aca00000,0x00000007aca00000,0x00000007ad180000)
 ParOldGen       total 86016K, used 58250K [0x0000000780000000, 0x0000000785400000, 0x00000007aab00000)
  object space 86016K, 67% used [0x0000000780000000,0x00000007838e2b40,0x0000000785400000)
 Metaspace       used 20982K, capacity 21259K, committed 21552K, reserved 1069056K
  class space    used 2021K, capacity 2110K, committed 2176K, reserved 1048576K
}

Deoptimization events (10 events):
Event: 65.362 Thread 0x00007fc80412c800 Uncommon trap: reason=unstable_if action=reinterpret pc=0x000000010d605e3c method=java.awt.EventQueue.isDispatchThreadImpl()Z @ 65
Event: 65.362 Thread 0x00007fc8031b1800 Uncommon trap: reason=unstable_if action=reinterpret pc=0x000000010d995cb8 method=java.awt.EventQueue.getPriority(Ljava/awt/AWTEvent;)I @ 71
Event: 65.362 Thread 0x00007fc80412c800 Uncommon trap: reason=unstable_if action=reinterpret pc=0x000000010d2b43a8 method=com.jogamp.common.util.VersionNumber.compareTo(Lcom/jogamp/common/util/VersionNumber;)I @ 21
Event: 65.362 Thread 0x00007fc8031b1800 Uncommon trap: reason=unstable_if action=reinterpret pc=0x000000010d744068 method=sun.lwawt.LWContainerPeer.cutChildren(Lsun/java2d/pipe/Region;Lsun/lwawt/LWComponentPeer;)Lsun/java2d/pipe/Region; @ 67
Event: 65.362 Thread 0x00007fc8031b1800 Uncommon trap: reason=unstable_if action=reinterpret pc=0x000000010d37836c method=sun.java2d.SunGraphics2D.validateCompClip()V @ 9
Event: 65.363 Thread 0x00007fc80412c800 Uncommon trap: reason=unstable_if action=reinterpret pc=0x000000010d378888 method=java.awt.EventQueue.uncacheEQItem(Lsun/awt/EventQueueItem;)V @ 23
Event: 65.365 Thread 0x00007fc8031b1800 Uncommon trap: reason=unstable_if action=reinterpret pc=0x000000010d9a9fc8 method=sun.java2d.pipe.Region.intersectsQuickCheck(Lsun/java2d/pipe/Region;)Z @ 41
Event: 65.393 Thread 0x00007fc803902000 Uncommon trap: reason=unstable_if action=reinterpret pc=0x000000010d65bff4 method=java.util.HashMap.putVal(ILjava/lang/Object;Ljava/lang/Object;ZZ)Ljava/lang/Object; @ 81
Event: 65.412 Thread 0x00007fc80412c800 Uncommon trap: reason=unstable_if action=reinterpret pc=0x000000010d4cb1d8 method=java.util.LinkedList$ListItr.<init>(Ljava/util/LinkedList;I)V @ 26
Event: 65.413 Thread 0x00007fc80412c800 Uncommon trap: reason=unstable_if action=reinterpret pc=0x000000010d8e886c method=java.security.AccessControlContext.optimize()Ljava/security/AccessControlContext; @ 233

Internal exceptions (10 events):
Event: 0.189 Thread 0x00007fc804802000 Exception <a 'java/lang/NoSuchFieldError': method resolution failed> (0x00000007aacb1070) thrown at [/Users/java_re/workspace/8-2-build-macosx-x86_64/jdk8u102/7268/hotspot/src/share/vm/prims/methodHandles.cpp, line 1146]
Event: 0.192 Thread 0x00007fc804802000 Exception <a 'java/lang/NoSuchFieldError': method resolution failed> (0x00000007aacbe840) thrown at [/Users/java_re/workspace/8-2-build-macosx-x86_64/jdk8u102/7268/hotspot/src/share/vm/prims/methodHandles.cpp, line 1146]
Event: 0.346 Thread 0x00007fc804802000 Exception <a 'java/io/FileNotFoundException'> (0x00000007aad3a860) thrown at [/Users/java_re/workspace/8-2-build-macosx-x86_64/jdk8u102/7268/hotspot/src/share/vm/prims/jni.cpp, line 709]
Event: 0.347 Thread 0x00007fc804802000 Exception <a 'java/io/FileNotFoundException'> (0x00000007aad3b3c0) thrown at [/Users/java_re/workspace/8-2-build-macosx-x86_64/jdk8u102/7268/hotspot/src/share/vm/prims/jni.cpp, line 709]
Event: 0.469 Thread 0x00007fc804802000 Exception <a 'java/io/FileNotFoundException'> (0x00000007aae21468) thrown at [/Users/java_re/workspace/8-2-build-macosx-x86_64/jdk8u102/7268/hotspot/src/share/vm/prims/jni.cpp, line 709]
Event: 2.216 Thread 0x00007fc803801000 Exception <a 'java/lang/NullPointerException'> (0x00000007aab85428) thrown at [/Users/java_re/workspace/8-2-build-macosx-x86_64/jdk8u102/7268/hotspot/src/share/vm/interpreter/linkResolver.cpp, line 1178]
Event: 2.309 Thread 0x00007fc803386000 Exception <a 'java/lang/UnsatisfiedLinkError': com.jogamp.common.util.JarUtil.fixNativeLibAttribs(Ljava/lang/String;)Z> (0x00000007aaed1d20) thrown at [/Users/java_re/workspace/8-2-build-macosx-x86_64/jdk8u102/7268/hotspot/src/share/vm/prims/nativeLookup.
Event: 3.271 Thread 0x00007fc80412c800 Exception <a 'java/io/FileNotFoundException'> (0x00000007ab0eb070) thrown at [/Users/java_re/workspace/8-2-build-macosx-x86_64/jdk8u102/7268/hotspot/src/share/vm/prims/jni.cpp, line 709]
Event: 3.271 Thread 0x00007fc80412c800 Exception <a 'java/io/FileNotFoundException'> (0x00000007ab0f1040) thrown at [/Users/java_re/workspace/8-2-build-macosx-x86_64/jdk8u102/7268/hotspot/src/share/vm/prims/jni.cpp, line 709]
Event: 3.271 Thread 0x00007fc80412c800 Implicit null exception at 0x000000010d343076 to 0x000000010d343445

Events (10 events):
Event: 65.413 loading class java/awt/LightweightDispatcher$2
Event: 65.413 loading class java/awt/LightweightDispatcher$2 done
Event: 65.413 loading class java/awt/event/AWTEventListenerProxy
Event: 65.413 loading class java/awt/event/AWTEventListenerProxy done
Event: 65.413 Executing VM operation: Deoptimize
Event: 65.413 Executing VM operation: Deoptimize done
Event: 65.413 loading class java/awt/Toolkit$ToolkitEventMulticaster
Event: 65.414 loading class java/awt/Toolkit$ToolkitEventMulticaster done
Event: 65.414 Thread 0x00007fc803902000 Thread exited: 0x00007fc803902000
Event: 65.415 loading class java/awt/Window$1DisposeAction


Dynamic libraries:
0x000000000a139000 	/System/Library/Frameworks/Cocoa.framework/Versions/A/Cocoa
0x000000010ad68000 	/System/Library/Frameworks/Security.framework/Versions/A/Security
0x000000000a139000 	/System/Library/Frameworks/ApplicationServices.framework/Versions/A/ApplicationServices
0x000000000a139000 	/usr/lib/libz.1.dylib
0x000000000a139000 	/usr/lib/libSystem.B.dylib
0x000000000a139000 	/usr/lib/libobjc.A.dylib
0x000000000a139000 	/System/Library/Frameworks/CoreFoundation.framework/Versions/A/CoreFoundation
0x000000000a139000 	/System/Library/Frameworks/Foundation.framework/Versions/C/Foundation
0x000000000a139000 	/System/Library/Frameworks/AppKit.framework/Versions/C/AppKit
0x000000000a139000 	/System/Library/Frameworks/CoreData.framework/Versions/A/CoreData
0x000000000a139000 	/System/Library/PrivateFrameworks/RemoteViewServices.framework/Versions/A/RemoteViewServices
0x000000000a139000 	/System/Library/PrivateFrameworks/UIFoundation.framework/Versions/A/UIFoundation
0x000000000a139000 	/usr/lib/libScreenReader.dylib
0x000000000a139000 	/System/Library/Frameworks/Accelerate.framework/Versions/A/Accelerate
0x000000000a139000 	/System/Library/Frameworks/IOSurface.framework/Versions/A/IOSurface
0x000000000a139000 	/System/Library/Frameworks/AudioToolbox.framework/Versions/A/AudioToolbox
0x000000000a139000 	/System/Library/Frameworks/AudioUnit.framework/Versions/A/AudioUnit
0x000000000a139000 	/System/Library/PrivateFrameworks/DataDetectorsCore.framework/Versions/A/DataDetectorsCore
0x000000000a139000 	/System/Library/PrivateFrameworks/DesktopServicesPriv.framework/Versions/A/DesktopServicesPriv
0x000000000a139000 	/System/Library/Frameworks/Carbon.framework/Versions/A/Frameworks/HIToolbox.framework/Versions/A/HIToolbox
0x000000000a139000 	/System/Library/Frameworks/QuartzCore.framework/Versions/A/QuartzCore
0x000000000a139000 	/System/Library/Frameworks/Carbon.framework/Versions/A/Frameworks/SpeechRecognition.framework/Versions/A/SpeechRecognition
0x000000000a139000 	/usr/lib/libauto.dylib
0x000000000a139000 	/usr/lib/libicucore.A.dylib
0x000000000a139000 	/usr/lib/libxml2.2.dylib
0x000000000a139000 	/System/Library/PrivateFrameworks/CoreUI.framework/Versions/A/CoreUI
0x000000000a139000 	/System/Library/Frameworks/CoreAudio.framework/Versions/A/CoreAudio
0x000000000a139000 	/System/Library/Frameworks/DiskArbitration.framework/Versions/A/DiskArbitration
0x000000000a139000 	/usr/lib/liblangid.dylib
0x000000000a139000 	/System/Library/PrivateFrameworks/MultitouchSupport.framework/Versions/A/MultitouchSupport
0x000000000a139000 	/System/Library/Frameworks/IOKit.framework/Versions/A/IOKit
0x000000000a139000 	/usr/lib/libDiagnosticMessagesClient.dylib
0x000000000a139000 	/System/Library/Frameworks/CoreServices.framework/Versions/A/CoreServices
0x000000000a139000 	/System/Library/PrivateFrameworks/PerformanceAnalysis.framework/Versions/A/PerformanceAnalysis
0x000000000a139000 	/System/Library/PrivateFrameworks/GenerationalStorage.framework/Versions/A/GenerationalStorage
0x000000000a139000 	/System/Library/Frameworks/OpenGL.framework/Versions/A/OpenGL
0x000000000a139000 	/System/Library/PrivateFrameworks/Sharing.framework/Versions/A/Sharing
0x000000000a139000 	/System/Library/Frameworks/CoreGraphics.framework/Versions/A/CoreGraphics
0x000000000a139000 	/System/Library/Frameworks/CoreImage.framework/Versions/A/CoreImage
0x000000000a139000 	/System/Library/Frameworks/CoreText.framework/Versions/A/CoreText
0x000000000a139000 	/System/Library/Frameworks/ImageIO.framework/Versions/A/ImageIO
0x000000000a139000 	/System/Library/PrivateFrameworks/Backup.framework/Versions/A/Backup
0x000000000a139000 	/usr/lib/libextension.dylib
0x000000000a139000 	/usr/lib/libarchive.2.dylib
0x000000010b185000 	/System/Library/Frameworks/CFNetwork.framework/Versions/A/CFNetwork
0x000000000a139000 	/System/Library/Frameworks/SystemConfiguration.framework/Versions/A/SystemConfiguration
0x000000000a139000 	/usr/lib/libCRFSuite.dylib
0x000000000a139000 	/usr/lib/libc++.1.dylib
0x000000000a139000 	/usr/lib/libc++abi.dylib
0x000000000a139000 	/usr/lib/system/libcache.dylib
0x000000000a139000 	/usr/lib/system/libcommonCrypto.dylib
0x000000000a139000 	/usr/lib/system/libcompiler_rt.dylib
0x000000000a139000 	/usr/lib/system/libcopyfile.dylib
0x000000000a139000 	/usr/lib/system/libcorecrypto.dylib
0x000000000a139000 	/usr/lib/system/libdispatch.dylib
0x000000000a139000 	/usr/lib/system/libdyld.dylib
0x000000000a139000 	/usr/lib/system/libkeymgr.dylib
0x000000000a139000 	/usr/lib/system/liblaunch.dylib
0x000000000a139000 	/usr/lib/system/libmacho.dylib
0x000000000a139000 	/usr/lib/system/libquarantine.dylib
0x000000000a139000 	/usr/lib/system/libremovefile.dylib
0x000000000a139000 	/usr/lib/system/libsystem_asl.dylib
0x000000000a139000 	/usr/lib/system/libsystem_blocks.dylib
0x000000000a139000 	/usr/lib/system/libsystem_c.dylib
0x000000000a139000 	/usr/lib/system/libsystem_configuration.dylib
0x000000000a139000 	/usr/lib/system/libsystem_coreservices.dylib
0x000000000a139000 	/usr/lib/system/libsystem_coretls.dylib
0x000000000a139000 	/usr/lib/system/libsystem_dnssd.dylib
0x000000000a139000 	/usr/lib/system/libsystem_info.dylib
0x000000000a139000 	/usr/lib/system/libsystem_kernel.dylib
0x000000000a139000 	/usr/lib/system/libsystem_m.dylib
0x000000000a139000 	/usr/lib/system/libsystem_malloc.dylib
0x000000000a139000 	/usr/lib/system/libsystem_network.dylib
0x000000000a139000 	/usr/lib/system/libsystem_networkextension.dylib
0x000000000a139000 	/usr/lib/system/libsystem_notify.dylib
0x000000000a139000 	/usr/lib/system/libsystem_platform.dylib
0x000000000a139000 	/usr/lib/system/libsystem_pthread.dylib
0x000000000a139000 	/usr/lib/system/libsystem_sandbox.dylib
0x000000000a139000 	/usr/lib/system/libsystem_secinit.dylib
0x000000000a139000 	/usr/lib/system/libsystem_trace.dylib
0x000000000a139000 	/usr/lib/system/libunc.dylib
0x000000000a139000 	/usr/lib/system/libunwind.dylib
0x000000000a139000 	/usr/lib/system/libxpc.dylib
0x000000000a139000 	/usr/lib/libenergytrace.dylib
0x000000000a139000 	/usr/lib/libbsm.0.dylib
0x000000000a139000 	/usr/lib/system/libkxld.dylib
0x000000000a139000 	/usr/lib/libxar.1.dylib
0x000000000a139000 	/usr/lib/libsqlite3.dylib
0x000000000a139000 	/usr/lib/libpam.2.dylib
0x000000000a139000 	/usr/lib/libOpenScriptingUtil.dylib
0x000000000a139000 	/usr/lib/libbz2.1.0.dylib
0x000000000a139000 	/usr/lib/liblzma.5.dylib
0x000000000a139000 	/System/Library/Frameworks/CoreServices.framework/Versions/A/Frameworks/FSEvents.framework/Versions/A/FSEvents
0x000000000a139000 	/System/Library/Frameworks/CoreServices.framework/Versions/A/Frameworks/CarbonCore.framework/Versions/A/CarbonCore
0x000000000a139000 	/System/Library/Frameworks/CoreServices.framework/Versions/A/Frameworks/Metadata.framework/Versions/A/Metadata
0x000000000a139000 	/System/Library/Frameworks/CoreServices.framework/Versions/A/Frameworks/OSServices.framework/Versions/A/OSServices
0x000000000a139000 	/System/Library/Frameworks/CoreServices.framework/Versions/A/Frameworks/SearchKit.framework/Versions/A/SearchKit
0x000000000a139000 	/System/Library/Frameworks/CoreServices.framework/Versions/A/Frameworks/AE.framework/Versions/A/AE
0x000000000a139000 	/System/Library/Frameworks/CoreServices.framework/Versions/A/Frameworks/LaunchServices.framework/Versions/A/LaunchServices
0x000000000a139000 	/System/Library/Frameworks/CoreServices.framework/Versions/A/Frameworks/DictionaryServices.framework/Versions/A/DictionaryServices
0x000000000a139000 	/System/Library/Frameworks/CoreServices.framework/Versions/A/Frameworks/SharedFileList.framework/Versions/A/SharedFileList
0x000000000a139000 	/System/Library/Frameworks/NetFS.framework/Versions/A/NetFS
0x000000000a139000 	/System/Library/PrivateFrameworks/NetAuth.framework/Versions/A/NetAuth
0x000000000a139000 	/System/Library/PrivateFrameworks/login.framework/Versions/A/Frameworks/loginsupport.framework/Versions/A/loginsupport
0x000000000a139000 	/System/Library/PrivateFrameworks/TCC.framework/Versions/A/TCC
0x000000000a139000 	/usr/lib/libmecabra.dylib
0x000000000a139000 	/System/Library/Frameworks/ApplicationServices.framework/Versions/A/Frameworks/ATS.framework/Versions/A/ATS
0x000000000a139000 	/System/Library/Frameworks/ApplicationServices.framework/Versions/A/Frameworks/ColorSync.framework/Versions/A/ColorSync
0x000000000a139000 	/System/Library/Frameworks/ApplicationServices.framework/Versions/A/Frameworks/HIServices.framework/Versions/A/HIServices
0x000000000a139000 	/System/Library/Frameworks/ApplicationServices.framework/Versions/A/Frameworks/LangAnalysis.framework/Versions/A/LangAnalysis
0x000000000a139000 	/System/Library/Frameworks/ApplicationServices.framework/Versions/A/Frameworks/PrintCore.framework/Versions/A/PrintCore
0x000000000a139000 	/System/Library/Frameworks/ApplicationServices.framework/Versions/A/Frameworks/QD.framework/Versions/A/QD
0x000000000a139000 	/System/Library/Frameworks/ApplicationServices.framework/Versions/A/Frameworks/SpeechSynthesis.framework/Versions/A/SpeechSynthesis
0x000000000a139000 	/System/Library/Frameworks/Metal.framework/Versions/A/Metal
0x000000000a139000 	/System/Library/Frameworks/Accelerate.framework/Versions/A/Frameworks/vImage.framework/Versions/A/vImage
0x000000000a139000 	/System/Library/Frameworks/Accelerate.framework/Versions/A/Frameworks/vecLib.framework/Versions/A/vecLib
0x000000000a139000 	/System/Library/Frameworks/Accelerate.framework/Versions/A/Frameworks/vecLib.framework/Versions/A/libvDSP.dylib
0x000000000a139000 	/System/Library/Frameworks/Accelerate.framework/Versions/A/Frameworks/vecLib.framework/Versions/A/libvMisc.dylib
0x000000000a139000 	/System/Library/Frameworks/Accelerate.framework/Versions/A/Frameworks/vecLib.framework/Versions/A/libLAPACK.dylib
0x000000000a139000 	/System/Library/Frameworks/Accelerate.framework/Versions/A/Frameworks/vecLib.framework/Versions/A/libBLAS.dylib
0x000000000a139000 	/System/Library/Frameworks/Accelerate.framework/Versions/A/Frameworks/vecLib.framework/Versions/A/libLinearAlgebra.dylib
0x000000000a139000 	/System/Library/Frameworks/Accelerate.framework/Versions/A/Frameworks/vecLib.framework/Versions/A/libSparseBLAS.dylib
0x000000000a139000 	/System/Library/PrivateFrameworks/GPUCompiler.framework/libmetal_timestamp.dylib
0x000000000a139000 	/System/Library/Frameworks/OpenGL.framework/Versions/A/Libraries/libCoreFSCache.dylib
0x000000000a139000 	/System/Library/PrivateFrameworks/IOAccelerator.framework/Versions/A/IOAccelerator
0x000000000a139000 	/System/Library/Frameworks/ApplicationServices.framework/Versions/A/Frameworks/ATS.framework/Versions/A/Resources/libFontParser.dylib
0x000000000a139000 	/System/Library/Frameworks/ApplicationServices.framework/Versions/A/Frameworks/ATS.framework/Versions/A/Resources/libFontRegistry.dylib
0x000000000a139000 	/System/Library/PrivateFrameworks/AppleVPA.framework/Versions/A/AppleVPA
0x000000000a139000 	/System/Library/PrivateFrameworks/AppleJPEG.framework/Versions/A/AppleJPEG
0x000000000a139000 	/System/Library/Frameworks/ImageIO.framework/Versions/A/Resources/libJPEG.dylib
0x000000000a139000 	/System/Library/Frameworks/ImageIO.framework/Versions/A/Resources/libTIFF.dylib
0x000000000a139000 	/System/Library/Frameworks/ImageIO.framework/Versions/A/Resources/libPng.dylib
0x000000000a139000 	/System/Library/Frameworks/ImageIO.framework/Versions/A/Resources/libGIF.dylib
0x000000000a139000 	/System/Library/Frameworks/ImageIO.framework/Versions/A/Resources/libJP2.dylib
0x000000000a139000 	/System/Library/Frameworks/ImageIO.framework/Versions/A/Resources/libRadiance.dylib
0x000000000a139000 	/System/Library/Frameworks/CoreVideo.framework/Versions/A/CoreVideo
0x000000000a139000 	/System/Library/Frameworks/OpenGL.framework/Versions/A/Libraries/libGLU.dylib
0x000000000a139000 	/System/Library/Frameworks/OpenGL.framework/Versions/A/Libraries/libGFXShared.dylib
0x000000000a139000 	/System/Library/Frameworks/OpenGL.framework/Versions/A/Libraries/libGL.dylib
0x000000000a139000 	/System/Library/Frameworks/OpenGL.framework/Versions/A/Libraries/libGLImage.dylib
0x000000000a139000 	/System/Library/Frameworks/OpenGL.framework/Versions/A/Libraries/libCVMSPluginSupport.dylib
0x000000000a139000 	/System/Library/Frameworks/OpenGL.framework/Versions/A/Libraries/libCoreVMClient.dylib
0x000000000a139000 	/usr/lib/libcompression.dylib
0x000000000a139000 	/usr/lib/libcups.2.dylib
0x000000000a139000 	/System/Library/Frameworks/Kerberos.framework/Versions/A/Kerberos
0x000000000a139000 	/System/Library/Frameworks/GSS.framework/Versions/A/GSS
0x000000000a139000 	/usr/lib/libresolv.9.dylib
0x000000000a139000 	/usr/lib/libiconv.2.dylib
0x000000000a139000 	/System/Library/PrivateFrameworks/Heimdal.framework/Versions/A/Heimdal
0x000000000a139000 	/usr/lib/libheimdal-asn1.dylib
0x000000000a139000 	/System/Library/Frameworks/OpenDirectory.framework/Versions/A/OpenDirectory
0x000000000a139000 	/System/Library/PrivateFrameworks/CommonAuth.framework/Versions/A/CommonAuth
0x000000000a139000 	/System/Library/Frameworks/OpenDirectory.framework/Versions/A/Frameworks/CFOpenDirectory.framework/Versions/A/CFOpenDirectory
0x000000000a139000 	/System/Library/Frameworks/SecurityFoundation.framework/Versions/A/SecurityFoundation
0x000000000a139000 	/System/Library/PrivateFrameworks/LanguageModeling.framework/Versions/A/LanguageModeling
0x000000000a139000 	/usr/lib/libmarisa.dylib
0x000000000a139000 	/usr/lib/libChineseTokenizer.dylib
0x000000000a139000 	/usr/lib/libcmph.dylib
0x000000000a139000 	/System/Library/Frameworks/ServiceManagement.framework/Versions/A/ServiceManagement
0x000000000a139000 	/usr/lib/libxslt.1.dylib
0x000000000a139000 	/System/Library/Frameworks/Carbon.framework/Versions/A/Frameworks/Ink.framework/Versions/A/Ink
0x000000000a139000 	/usr/lib/libFosl_dynamic.dylib
0x000000000a139000 	/System/Library/PrivateFrameworks/FaceCore.framework/Versions/A/FaceCore
0x000000000a139000 	/System/Library/Frameworks/OpenCL.framework/Versions/A/OpenCL
0x000000000a139000 	/System/Library/PrivateFrameworks/CrashReporterSupport.framework/Versions/A/CrashReporterSupport
0x000000000a139000 	/System/Library/PrivateFrameworks/IconServices.framework/Versions/A/IconServices
0x000000000a139000 	/System/Library/PrivateFrameworks/Apple80211.framework/Versions/A/Apple80211
0x000000000a139000 	/System/Library/Frameworks/CoreWLAN.framework/Versions/A/CoreWLAN
0x000000000a139000 	/System/Library/Frameworks/IOBluetooth.framework/Versions/A/IOBluetooth
0x000000000a139000 	/System/Library/PrivateFrameworks/CoreWiFi.framework/Versions/A/CoreWiFi
0x000000000a139000 	/System/Library/Frameworks/CoreBluetooth.framework/Versions/A/CoreBluetooth
0x000000000a139000 	/System/Library/PrivateFrameworks/ChunkingLibrary.framework/Versions/A/ChunkingLibrary
0x000000000a139000 	/System/Library/PrivateFrameworks/DebugSymbols.framework/Versions/A/DebugSymbols
0x000000000a139000 	/System/Library/PrivateFrameworks/CoreSymbolication.framework/Versions/A/CoreSymbolication
0x000000000a139000 	/System/Library/PrivateFrameworks/Symbolication.framework/Versions/A/Symbolication
0x000000000a139000 	/System/Library/PrivateFrameworks/SpeechRecognitionCore.framework/Versions/A/SpeechRecognitionCore
0x000000010c200000 	/Library/Java/JavaVirtualMachines/jdk1.8.0_102.jdk/Contents/Home/jre/lib/server/libjvm.dylib
0x000000000a139000 	/usr/lib/libstdc++.6.dylib
0x000000010b857000 	/Library/Java/JavaVirtualMachines/jdk1.8.0_102.jdk/Contents/Home/jre/lib/libverify.dylib
0x000000010b865000 	/Library/Java/JavaVirtualMachines/jdk1.8.0_102.jdk/Contents/Home/jre/lib/libjava.dylib
0x000000010b8a4000 	/Library/Java/JavaVirtualMachines/jdk1.8.0_102.jdk/Contents/Home/jre/lib/libzip.dylib
0x000000012044e000 	/System/Library/Frameworks/JavaVM.framework/Frameworks/JavaRuntimeSupport.framework/JavaRuntimeSupport
0x0000000120469000 	/System/Library/Frameworks/JavaVM.framework/Versions/A/Frameworks/JavaNativeFoundation.framework/Versions/A/JavaNativeFoundation
0x000000012047e000 	/System/Library/Frameworks/JavaVM.framework/Versions/A/JavaVM
0x000000000a139000 	/System/Library/Frameworks/Carbon.framework/Versions/A/Carbon
0x000000012048b000 	/System/Library/PrivateFrameworks/JavaLaunching.framework/Versions/A/JavaLaunching
0x000000000a139000 	/System/Library/Frameworks/Carbon.framework/Versions/A/Frameworks/CommonPanels.framework/Versions/A/CommonPanels
0x000000000a139000 	/System/Library/Frameworks/Carbon.framework/Versions/A/Frameworks/Help.framework/Versions/A/Help
0x000000000a139000 	/System/Library/Frameworks/Carbon.framework/Versions/A/Frameworks/ImageCapture.framework/Versions/A/ImageCapture
0x000000000a139000 	/System/Library/Frameworks/Carbon.framework/Versions/A/Frameworks/OpenScripting.framework/Versions/A/OpenScripting
0x000000000a139000 	/System/Library/Frameworks/Carbon.framework/Versions/A/Frameworks/Print.framework/Versions/A/Print
0x000000000a139000 	/System/Library/Frameworks/Carbon.framework/Versions/A/Frameworks/SecurityHI.framework/Versions/A/SecurityHI
0x0000000121dac000 	/Library/Java/JavaVirtualMachines/jdk1.8.0_102.jdk/Contents/Home/jre/lib/libawt.dylib
0x0000000121e54000 	/Library/Java/JavaVirtualMachines/jdk1.8.0_102.jdk/Contents/Home/jre/lib/./libmlib_image.dylib
0x0000000121f20000 	/Library/Java/JavaVirtualMachines/jdk1.8.0_102.jdk/Contents/Home/jre/lib/libawt_lwawt.dylib
0x0000000121fd5000 	/Library/Java/JavaVirtualMachines/jdk1.8.0_102.jdk/Contents/Home/jre/lib/./libosxapp.dylib
0x000000000a139000 	/System/Library/Frameworks/ExceptionHandling.framework/Versions/A/ExceptionHandling
0x000000000a139000 	/System/Library/PrivateFrameworks/CoreServicesInternal.framework/Versions/A/CoreServicesInternal
0x000000012279a000 	/System/Library/Frameworks/CoreGraphics.framework/Versions/A/Resources/libRIP.A.dylib
0x000000000a139000 	/System/Library/Frameworks/Accelerate.framework/Versions/A/Frameworks/vImage.framework/Versions/A/Libraries/libCGInterfaces.dylib
0x0000000122917000 	/System/Library/Frameworks/CoreGraphics.framework/Versions/A/Resources/libCGXType.A.dylib
0x000000000a139000 	/System/Library/Frameworks/OpenCL.framework/Versions/A/Libraries/libcldcpuengine.dylib
0x000000000a139000 	/System/Library/PrivateFrameworks/DiskImages.framework/Versions/A/DiskImages
0x000000000a139000 	/System/Library/Frameworks/DiscRecording.framework/Versions/A/DiscRecording
0x000000000a139000 	/usr/lib/libcsfde.dylib
0x000000000a139000 	/usr/lib/libcurl.4.dylib
0x000000000a139000 	/System/Library/PrivateFrameworks/MediaKit.framework/Versions/A/MediaKit
0x000000000a139000 	/System/Library/PrivateFrameworks/ProtectedCloudStorage.framework/Versions/A/ProtectedCloudStorage
0x000000000a139000 	/usr/lib/libCoreStorage.dylib
0x000000000a139000 	/System/Library/PrivateFrameworks/EFILogin.framework/Versions/A/EFILogin
0x000000000a139000 	/usr/lib/libutil.dylib
0x000000000a139000 	/System/Library/PrivateFrameworks/FindMyDevice.framework/Versions/A/FindMyDevice
0x000000000a139000 	/System/Library/Frameworks/LDAP.framework/Versions/A/LDAP
0x000000000a139000 	/usr/lib/libsasl2.2.dylib
0x000000000a139000 	/System/Library/PrivateFrameworks/CoreDaemon.framework/Versions/B/CoreDaemon
0x000000000a139000 	/usr/lib/libcrypto.0.9.8.dylib
0x000000000a139000 	/System/Library/PrivateFrameworks/AppleSRP.framework/Versions/A/AppleSRP
0x000000000a139000 	/System/Library/PrivateFrameworks/TrustEvaluationAgent.framework/Versions/A/TrustEvaluationAgent
0x000000012292d000 	cl_kernels
0x000000000a139000 	/System/Library/Frameworks/OpenCL.framework/Versions/A/Libraries/ImageFormats/unorm8_bgra.dylib
0x000000000a139000 	/System/Library/Frameworks/OpenCL.framework/Versions/A/Libraries/ImageFormats/unorm8_rgba.dylib
0x000000000a139000 	/System/Library/PrivateFrameworks/FamilyControls.framework/Versions/A/FamilyControls
0x000000000a139000 	/System/Library/PrivateFrameworks/CommerceKit.framework/Versions/A/Frameworks/CommerceCore.framework/Versions/A/CommerceCore
0x000000000a139000 	/System/Library/PrivateFrameworks/SystemAdministration.framework/Versions/A/SystemAdministration
0x000000000a139000 	/System/Library/PrivateFrameworks/AppContainer.framework/Versions/A/AppContainer
0x000000000a139000 	/System/Library/PrivateFrameworks/SecCodeWrapper.framework/Versions/A/SecCodeWrapper
0x000000000a139000 	/System/Library/Frameworks/DirectoryService.framework/Versions/A/DirectoryService
0x000000000a139000 	/System/Library/PrivateFrameworks/LoginUIKit.framework/Versions/A/Frameworks/LoginUICore.framework/Versions/A/LoginUICore
0x000000000a139000 	/usr/lib/libodfde.dylib
0x000000000a139000 	/System/Library/Frameworks/OpenGL.framework/Versions/A/Resources/GLEngine.bundle/GLEngine
0x000000000a139000 	/System/Library/Frameworks/OpenGL.framework/Versions/A/Libraries/libGLProgrammability.dylib
0x00000001247a8000 	/System/Library/Extensions/AppleIntelHD5000GraphicsGLDriver.bundle/Contents/MacOS/AppleIntelHD5000GraphicsGLDriver
0x000000000a139000 	/System/Library/PrivateFrameworks/GPUSupport.framework/Versions/A/Libraries/libGPUSupportMercury.dylib
0x000000000a139000 	/System/Library/Frameworks/OpenGL.framework/Versions/A/Resources/GLRendererFloat.bundle/GLRendererFloat
0x000000012579e000 	/Library/Java/JavaVirtualMachines/jdk1.8.0_102.jdk/Contents/Home/jre/lib/libfontmanager.dylib
0x0000000126c3e000 	/Library/Java/JavaVirtualMachines/jdk1.8.0_102.jdk/Contents/Home/jre/lib/libosxui.dylib
0x0000000127922000 	/Library/Java/JavaVirtualMachines/jdk1.8.0_102.jdk/Contents/Home/jre/lib/libnet.dylib
0x0000000127698000 	/Library/Java/JavaVirtualMachines/jdk1.8.0_102.jdk/Contents/Home/jre/lib/libnio.dylib
0x000000000a139000 	/System/Library/Frameworks/ApplicationServices.framework/Versions/A/Frameworks/ATS.framework/Versions/A/Resources/libTrueTypeScaler.dylib
0x000000017883f000 	/System/Library/Extensions/AppleIntelHD5000GraphicsMTLDriver.bundle/Contents/MacOS/AppleIntelHD5000GraphicsMTLDriver
0x0000000122d2c000 	/private/var/folders/f2/4qkyxzd93r37rthb6tddfj8m0000gn/T/jogamp_0000/file_cache/jln8300377460869352969/jln2296156724053789824/libgluegen-rt.jnilib
0x0000000122d31000 	/private/var/folders/f2/4qkyxzd93r37rthb6tddfj8m0000gn/T/jogamp_0000/file_cache/jln8300377460869352969/jln2296156724053789824/libnativewindow_awt.jnilib
0x0000000122d34000 	/Library/Java/JavaVirtualMachines/jdk1.8.0_102.jdk/Contents/Home/jre/lib/libjawt.dylib
0x0000000122d37000 	/private/var/folders/f2/4qkyxzd93r37rthb6tddfj8m0000gn/T/jogamp_0000/file_cache/jln8300377460869352969/jln2296156724053789824/libnativewindow_macosx.jnilib
0x000000017a77b000 	/private/var/folders/f2/4qkyxzd93r37rthb6tddfj8m0000gn/T/jogamp_0000/file_cache/jln8300377460869352969/jln2296156724053789824/libjogl_desktop.jnilib
0x000000018044c000 	/Library/Java/JavaVirtualMachines/jdk1.8.0_102.jdk/Contents/Home/jre/lib/libjpeg.dylib

VM Arguments:
jvm_args: -Djava.security.policy=java.policy.applet -Dfile.encoding=UTF-8 
java_command: sun.applet.AppletViewer module3.EarthquakeCityMap1473809091417.html
java_class_path (initial): /Users/Yoni/Projects/eclipse/UCSDUnfoldingMaps/build:/Users/Yoni/Projects/eclipse/UCSDUnfoldingMaps/lib/core.jar:/Users/Yoni/Projects/eclipse/UCSDUnfoldingMaps/lib/gluegen-rt.jar:/Users/Yoni/Projects/eclipse/UCSDUnfoldingMaps/lib/jogl-all.jar:/Users/Yoni/Projects/eclipse/UCSDUnfoldingMaps/lib/log4j-1.2.15.jar:/Users/Yoni/Projects/eclipse/UCSDUnfoldingMaps/lib/sqlite-jdbc-3.7.2.jar:/Users/Yoni/Projects/eclipse/UCSDUnfoldingMaps/lib/json4processing.jar:/Users/Yoni/Projects/eclipse/UCSDUnfoldingMaps/lib/libTUIO.jar:/Users/Yoni/Projects/eclipse/UCSDUnfoldingMaps/lib/unfolding.0.9.7-uscd.jar
Launcher Type: SUN_STANDARD

Environment Variables:
PATH=/usr/bin:/bin:/usr/sbin:/sbin:/usr/local/bin
SHELL=/bin/bash

Signal Handlers:
SIGSEGV: [libjvm.dylib+0x5b0579], sa_mask[0]=11111111011111110111111111111111, sa_flags=SA_ONSTACK|SA_RESTART|SA_SIGINFO
SIGBUS: [libjvm.dylib+0x5b0579], sa_mask[0]=11111111011111110111111111111111, sa_flags=SA_RESTART|SA_SIGINFO
SIGFPE: [libjvm.dylib+0x4874e4], sa_mask[0]=11111111011111110111111111111111, sa_flags=SA_RESTART|SA_SIGINFO
SIGPIPE: [libjvm.dylib+0x4874e4], sa_mask[0]=11111111011111110111111111111111, sa_flags=SA_RESTART|SA_SIGINFO
SIGXFSZ: [libjvm.dylib+0x4874e4], sa_mask[0]=11111111011111110111111111111111, sa_flags=SA_RESTART|SA_SIGINFO
SIGILL: [libjvm.dylib+0x4874e4], sa_mask[0]=11111111011111110111111111111111, sa_flags=SA_RESTART|SA_SIGINFO
SIGUSR1: SIG_DFL, sa_mask[0]=00000000000000000000000000000000, sa_flags=none
SIGUSR2: [libjvm.dylib+0x487002], sa_mask[0]=00100000000000000000000000000000, sa_flags=SA_RESTART|SA_SIGINFO
SIGHUP: [libjvm.dylib+0x4855d9], sa_mask[0]=11111111011111110111111111111111, sa_flags=SA_RESTART|SA_SIGINFO
SIGINT: [libjvm.dylib+0x4855d9], sa_mask[0]=11111111011111110111111111111111, sa_flags=SA_RESTART|SA_SIGINFO
SIGTERM: [libjvm.dylib+0x4855d9], sa_mask[0]=11111111011111110111111111111111, sa_flags=SA_RESTART|SA_SIGINFO
SIGQUIT: [libjvm.dylib+0x4855d9], sa_mask[0]=11111111011111110111111111111111, sa_flags=SA_RESTART|SA_SIGINFO


---------------  S Y S T E M  ---------------

OS:Bsduname:Darwin 15.6.0 Darwin Kernel Version 15.6.0: Mon Aug 29 20:21:34 PDT 2016; root:xnu-3248.60.11~1/RELEASE_X86_64 x86_64
rlimit: STACK 8192k, CORE 0k, NPROC 709, NOFILE 10240, AS infinity
load average:2.13 1.78 1.71

CPU:total 4 (2 cores per cpu, 2 threads per core) family 6 model 69 stepping 1, cmov, cx8, fxsr, mmx, sse, sse2, sse3, ssse3, sse4.1, sse4.2, popcnt, avx, avx2, aes, clmul, erms, lzcnt, ht, tsc, tscinvbit, bmi1, bmi2

Memory: 4k page, physical 4194304k(26960k free)

/proc/meminfo:


vm_info: Java HotSpot(TM) 64-Bit Server VM (25.102-b14) for bsd-amd64 JRE (1.8.0_102-b14), built on Jun 22 2016 11:42:36 by "java_re" with gcc 4.2.1 (Based on Apple Inc. build 5658) (LLVM build 2336.11.00)

time: Tue Sep 13 19:25:56 2016
elapsed time: 65 seconds (0d 0h 1m 5s)

