#
# A fatal error has been detected by the Java Runtime Environment:
#
#  SIGSEGV (0xb) at pc=0x00007fff8e92120b, pid=1917, tid=0x0000000000000a0b
#
# JRE version: Java(TM) SE Runtime Environment (8.0_102-b14) (build 1.8.0_102-b14)
# Java VM: Java HotSpot(TM) 64-Bit Server VM (25.102-b14 mixed mode bsd-amd64 compressed oops)
# Problematic frame:
# C  [libobjc.A.dylib+0x520b]  realizeClass(objc_class*)+0x29
#
# Failed to write core dump. Core dumps have been disabled. To enable core dumping, try "ulimit -c unlimited" before starting Java again
#
# If you would like to submit a bug report, please visit:
#   http://bugreport.java.com/bugreport/crash.jsp
# The crash happened outside the Java Virtual Machine in native code.
# See problematic frame for where to report the bug.
#

---------------  T H R E A D  ---------------

Current thread (0x00007fcb9a90f800):  JavaThread "AWT-AppKit" daemon [_thread_in_native, id=2571, stack(0x00007fff5b6a6000,0x00007fff5bea6000)]

siginfo: si_signo: 11 (SIGSEGV), si_code: 1 (SEGV_MAPERR), si_addr: 0x00000000000007e8

Registers:
RAX=0x0000000000000000, RBX=0x00007fff7e29ed08, RCX=0x0000000000000000, RDX=0x00007fff7e29ed08
RSP=0x00007fff5bea1030, RBP=0x00007fff5bea10b0, RSI=0x00000000be29ecb8, RDI=0x00000000000007c8
R8 =0x0000000080000000, R9 =0x0000000000000001, R10=0x00007fff9ef2fb21, R11=0x00007fff7e1b3940
R12=0x0000000000000000, R13=0x00000000000007c8, R14=0x00007fff7e29ece0, R15=0x00007ffffffffff8
RIP=0x00007fff8e92120b, EFLAGS=0x0000000000010202, ERR=0x0000000000000004
  TRAPNO=0x000000000000000e

Top of Stack: (sp=0x00007fff5bea1030)
0x00007fff5bea1030:   00007fff5bea12c7 000000060568dbef
0x00007fff5bea1040:   000000010000000b 000000011bd3f070
0x00007fff5bea1050:   0000000105ad39b0 0000005000000000
0x00007fff5bea1060:   0000000000000050 0000000000000000
0x00007fff5bea1070:   0000000000000000 00007fcb9a7050f0
0x00007fff5bea1080:   0000000000000050 00007fff7e29ed08
0x00007fff5bea1090:   0000000000000000 00007fff7e1b3940
0x00007fff5bea10a0:   00007fff7e29ece0 00007ffffffffff8
0x00007fff5bea10b0:   00007fff5bea1140 00007fff8e9212ea
0x00007fff5bea10c0:   00007fff7ab232dc 00007fff7ab232e0
0x00007fff5bea10d0:   000000005bea10e0 00007fff9eb90089
0x00007fff5bea10e0:   00007fff7ab232dc 00007fff7ab232e0
0x00007fff5bea10f0:   00007fff7ab232d8 00007fff7ab232c0
0x00007fff5bea1100:   00007fff9fa37cbe 0000000173053c60
0x00007fff5bea1110:   0000000000000001 00007fff7e1b3940
0x00007fff5bea1120:   00007fff9fa37cbe 0000000173053c60
0x00007fff5bea1130:   0000000000000001 00007ffffffffff8
0x00007fff5bea1140:   00007fff5bea11a0 00007fff8e922cbd
0x00007fff5bea1150:   0000000000000003 0000000173053c60
0x00007fff5bea1160:   00007fff5bea13b0 00007fcb9e244a50
0x00007fff5bea1170:   000000015bea1190 000000011bd41450
0x00007fff5bea1180:   0000000000000000 0000000173053c60
0x00007fff5bea1190:   000000011bd41440 00007fcb9a90f800
0x00007fff5bea11a0:   00007fff5bea1270 00007fff8e91d591
0x00007fff5bea11b0:   00000000000008b0 0000000000000000
0x00007fff5bea11c0:   000000011bd58a40 000000011bd584e0
0x00007fff5bea11d0:   00007fff9fa37cbe 00007fcb9e244a50
0x00007fff5bea11e0:   00007fcb9e0c9110 00007fff5bea126f
0x00007fff5bea11f0:   0000000000000000 0000000000000000
0x00007fff5bea1200:   ffffffffffffffff 00000000ffffffff
0x00007fff5bea1210:   0000000000000000 0000000000000000
0x00007fff5bea1220:   6f63616d5f747761 534f63614d5f7873 

Instructions: (pc=0x00007fff8e92120b)
0x00007fff8e9211eb:   55 41 54 53 48 83 ec 58 49 89 fd 31 c0 4d 85 ed
0x00007fff8e9211fb:   0f 84 68 07 00 00 49 bf f8 ff ff ff ff 7f 00 00
0x00007fff8e92120b:   4d 8b 75 20 4c 89 f3 4c 21 fb 8b 3b 85 ff 78 3d
0x00007fff8e92121b:   f7 c7 00 00 00 40 75 3d bf 40 00 00 00 be 01 00 

Register to memory mapping:

RAX=0x0000000000000000 is an unknown value
RBX=0x00007fff7e29ed08: __CFConstantStringClassReference+0 in /System/Library/Frameworks/CoreFoundation.framework/Versions/A/CoreFoundation at 0x00007fff9eae4000
RCX=0x0000000000000000 is an unknown value
RDX=0x00007fff7e29ed08: __CFConstantStringClassReference+0 in /System/Library/Frameworks/CoreFoundation.framework/Versions/A/CoreFoundation at 0x00007fff9eae4000
RSP=0x00007fff5bea1030 is pointing into the stack for thread: 0x00007fcb9a90f800
RBP=0x00007fff5bea10b0 is pointing into the stack for thread: 0x00007fcb9a90f800
RSI=0x00000000be29ecb8 is an unknown value
RDI=0x00000000000007c8 is an unknown value
R8 =0x0000000080000000 is an unknown value
R9 =0x0000000000000001 is an unknown value
R10=0x00007fff9ef2fb21: _XMLPlistAppendDataUsingBase64.__CFPLDataEncodeTable+0x9b0c1 in /System/Library/Frameworks/CoreFoundation.framework/Versions/A/CoreFoundation at 0x00007fff9eae4000
R11=0x00007fff7e1b3940: __block_literal_global67+0x4a40 in /System/Library/Frameworks/CoreFoundation.framework/Versions/A/CoreFoundation at 0x00007fff9eae4000
R12=0x0000000000000000 is an unknown value
R13=0x00000000000007c8 is an unknown value
R14=0x00007fff7e29ece0: OBJC_CLASS_$___NSCFString+0 in /System/Library/Frameworks/CoreFoundation.framework/Versions/A/CoreFoundation at 0x00007fff9eae4000
R15=0x00007ffffffffff8 is an unknown value


Stack: [0x00007fff5b6a6000,0x00007fff5bea6000],  sp=0x00007fff5bea1030,  free space=8172k
Native frames: (J=compiled Java code, j=interpreted, Vv=VM code, C=native code)
C  [libobjc.A.dylib+0x520b]  realizeClass(objc_class*)+0x29
C  [libobjc.A.dylib+0x52ea]  realizeClass(objc_class*)+0x108
C  [libobjc.A.dylib+0x6cbd]  lookUpImpOrForward+0x68
C  [libobjc.A.dylib+0x1591]  objc_msgSend+0xd1
C  [libnativewindow_macosx.jnilib+0x5157]  Java_jogamp_nativewindow_jawt_macosx_MacOSXJAWTWindow_UnsetJAWTRootSurfaceLayer0+0xe7
j  jogamp.nativewindow.jawt.macosx.MacOSXJAWTWindow.UnsetJAWTRootSurfaceLayer0(JJ)V+0
j  jogamp.nativewindow.jawt.macosx.MacOSXJAWTWindow.access$200(JJ)V+2
j  jogamp.nativewindow.jawt.macosx.MacOSXJAWTWindow$1.run()V+38
J 1965 C1 com.jogamp.common.util.RunnableTask.run()V (345 bytes) @ 0x00000001067dcdb4 [0x00000001067dcc20+0x194]
v  ~StubRoutines::call_stub
V  [libjvm.dylib+0x2ed5e2]  JavaCalls::call_helper(JavaValue*, methodHandle*, JavaCallArguments*, Thread*)+0x6ae
V  [libjvm.dylib+0x324771]  jni_invoke_nonstatic(JNIEnv_*, JavaValue*, _jobject*, JNICallType, _jmethodID*, JNI_ArgumentPusher*, Thread*)+0x2ec
V  [libjvm.dylib+0x316f3f]  jni_CallVoidMethod+0x16b
C  [libnativewindow_macosx.jnilib+0x5326]  Java_jogamp_nativewindow_jawt_macosx_MacOSXJAWTWindow_UnsetJAWTRootSurfaceLayer0+0x2b6
C  [Foundation+0x76fde]  __NSThreadPerformPerform+0x117
C  [CoreFoundation+0xaa881]  __CFRUNLOOP_IS_CALLING_OUT_TO_A_SOURCE0_PERFORM_FUNCTION__+0x11
C  [CoreFoundation+0x89fbc]  __CFRunLoopDoSources0+0x22c
C  [CoreFoundation+0x894df]  __CFRunLoopRun+0x39f
C  [CoreFoundation+0x88ed8]  CFRunLoopRunSpecific+0x128
C  [HIToolbox+0x30935]  RunCurrentEventLoopInMode+0xeb
C  [HIToolbox+0x30677]  ReceiveNextEventCommon+0xb8
C  [HIToolbox+0x305af]  _BlockUntilNextEventMatchingListInModeWithFilter+0x47
C  [AppKit+0x48df6]  _DPSNextEvent+0x42b
C  [AppKit+0x48226]  -[NSApplication _nextEventMatchingEventMask:untilDate:inMode:dequeue:]+0x1c6
C  [libosxapp.dylib+0x23aa]  -[NSApplicationAWT nextEventMatchingMask:untilDate:inMode:dequeue:]+0x7c
C  [AppKit+0x3cd80]  -[NSApplication run]+0x2aa
C  [libosxapp.dylib+0x214d]  +[NSApplicationAWT runAWTLoopWithApp:]+0x9c
C  [libawt_lwawt.dylib+0x444b3]  -[AWTStarter starter:]+0x389
C  [Foundation+0x76fde]  __NSThreadPerformPerform+0x117
C  [CoreFoundation+0xaa881]  __CFRUNLOOP_IS_CALLING_OUT_TO_A_SOURCE0_PERFORM_FUNCTION__+0x11
C  [CoreFoundation+0x89fbc]  __CFRunLoopDoSources0+0x22c
C  [CoreFoundation+0x894df]  __CFRunLoopRun+0x39f
C  [CoreFoundation+0x88ed8]  CFRunLoopRunSpecific+0x128
C  [java+0x6465]  CreateExecutionEnvironment+0x367
C  [java+0x218c]  JLI_Launch+0x7a0
C  [java+0x84c2]  main+0x65
C  [java+0x19e4]  start+0x34
C  0x0000000000000007

Java frames: (J=compiled Java code, j=interpreted, Vv=VM code)
j  jogamp.nativewindow.jawt.macosx.MacOSXJAWTWindow.UnsetJAWTRootSurfaceLayer0(JJ)V+0
j  jogamp.nativewindow.jawt.macosx.MacOSXJAWTWindow.access$200(JJ)V+2
j  jogamp.nativewindow.jawt.macosx.MacOSXJAWTWindow$1.run()V+38
J 1965 C1 com.jogamp.common.util.RunnableTask.run()V (345 bytes) @ 0x00000001067dcdb4 [0x00000001067dcc20+0x194]
v  ~StubRoutines::call_stub

---------------  P R O C E S S  ---------------

Java Threads: ( => current thread )
  0x00007fcb9b062000 JavaThread "Thread-215" [_thread_blocked, id=14895, stack(0x000070000104a000,0x000070000114a000)]
  0x00007fcb9b1bf000 JavaThread "Image Fetcher 2" daemon [_thread_blocked, id=26187, stack(0x0000700001d7a000,0x0000700001e7a000)]
  0x00007fcb9b098800 JavaThread "Image Fetcher 1" daemon [_thread_blocked, id=68375, stack(0x0000700001c77000,0x0000700001d77000)]
  0x00007fcb9c619800 JavaThread "Image Fetcher 0" daemon [_thread_blocked, id=34147, stack(0x0000700002186000,0x0000700002286000)]
  0x00007fcb9c71e800 JavaThread "Keep-Alive-Timer" daemon [_thread_blocked, id=12911, stack(0x0000700002083000,0x0000700002183000)]
  0x00007fcb9abe3000 JavaThread "AWT-EventQueue-1" [_thread_in_native, id=59175, stack(0x00007000018eb000,0x00007000019eb000)]
  0x00007fcb9c3fe800 JavaThread "DestroyJavaVM" [_thread_blocked, id=5891, stack(0x000070000011a000,0x000070000021a000)]
  0x00007fcb9aa10000 JavaThread "AWT-EventQueue-0" [_thread_blocked, id=56579, stack(0x00007000016e5000,0x00007000017e5000)]
  0x00007fcb9a9d3000 JavaThread "Java2D Disposer" daemon [_thread_blocked, id=53251, stack(0x000070000145c000,0x000070000155c000)]
  0x00007fcb9c1a1800 JavaThread "Java2D Queue Flusher" daemon [_thread_blocked, id=50183, stack(0x0000700001359000,0x0000700001459000)]
  0x00007fcb9b137800 JavaThread "AWT-Shutdown" [_thread_blocked, id=29715, stack(0x00007000011d3000,0x00007000012d3000)]
=>0x00007fcb9a90f800 JavaThread "AWT-AppKit" daemon [_thread_in_native, id=2571, stack(0x00007fff5b6a6000,0x00007fff5bea6000)]
  0x00007fcb9c08a000 JavaThread "Service Thread" daemon [_thread_blocked, id=18691, stack(0x0000700000e44000,0x0000700000f44000)]
  0x00007fcb9a852000 JavaThread "C1 CompilerThread2" daemon [_thread_blocked, id=18179, stack(0x0000700000d41000,0x0000700000e41000)]
  0x00007fcb9a849000 JavaThread "C2 CompilerThread1" daemon [_thread_blocked, id=17667, stack(0x0000700000c3e000,0x0000700000d3e000)]
  0x00007fcb9c047000 JavaThread "C2 CompilerThread0" daemon [_thread_blocked, id=17155, stack(0x0000700000b3b000,0x0000700000c3b000)]
  0x00007fcb9c046000 JavaThread "Signal Dispatcher" daemon [_thread_blocked, id=13839, stack(0x0000700000a38000,0x0000700000b38000)]
  0x00007fcb9c026000 JavaThread "Finalizer" daemon [_thread_blocked, id=12291, stack(0x000070000082f000,0x000070000092f000)]
  0x00007fcb9a837000 JavaThread "Reference Handler" daemon [_thread_blocked, id=11779, stack(0x000070000072c000,0x000070000082c000)]

Other Threads:
  0x00007fcb9c021800 VMThread [stack: 0x0000700000629000,0x0000700000729000] [id=11267]
  0x00007fcb9a844000 WatcherThread [stack: 0x0000700000f47000,0x0000700001047000] [id=19203]

VM state:not at safepoint (normal execution)

VM Mutex/Monitor currently owned by a thread: None

Heap:
 PSYoungGen      total 282112K, used 194312K [0x00000007aab00000, 0x00000007bd600000, 0x00000007c0000000)
  eden space 265728K, 69% used [0x00000007aab00000,0x00000007b5e80168,0x00000007bae80000)
  from space 16384K, 64% used [0x00000007bc100000,0x00000007bcb42250,0x00000007bd100000)
  to   space 18944K, 0% used [0x00000007bae80000,0x00000007bae80000,0x00000007bc100000)
 ParOldGen       total 74240K, used 45514K [0x0000000780000000, 0x0000000784880000, 0x00000007aab00000)
  object space 74240K, 61% used [0x0000000780000000,0x0000000782c72a50,0x0000000784880000)
 Metaspace       used 19552K, capacity 19729K, committed 19968K, reserved 1067008K
  class space    used 1900K, capacity 1983K, committed 2048K, reserved 1048576K

Card table byte_map: [0x0000000115561000,0x0000000115762000] byte_map_base: 0x0000000111961000

Marking Bits: (ParMarkBitMap*) 0x0000000105aefd20
 Begin Bits: [0x00000001158b8000, 0x00000001168b8000)
 End Bits:   [0x00000001168b8000, 0x00000001178b8000)

Polling page: 0x00000001048a9000

CodeCache: size=245760Kb used=8039Kb max_used=8052Kb free=237720Kb
 bounds [0x00000001061a1000, 0x0000000106991000, 0x00000001151a1000]
 total_blobs=3100 nmethods=2222 adapters=791
 compilation: enabled

Compilation events (10 events):
Event: 77.919 Thread 0x00007fcb9a852000 2616       3       de.fhpotsdam.unfolding.interactions.MouseHandler::mouseEvent (185 bytes)
Event: 77.920 Thread 0x00007fcb9a852000 nmethod 2616 0x0000000106726cd0 code [0x0000000106726e80, 0x0000000106727468]
Event: 78.616 Thread 0x00007fcb9c047000 2617       4       java.lang.Thread::isInterrupted (6 bytes)
Event: 78.618 Thread 0x00007fcb9c047000 nmethod 2617 0x0000000106660110 code [0x0000000106660260, 0x0000000106660308]
Event: 79.100 Thread 0x00007fcb9a849000 2618       4       java.security.AccessControlContext::<init> (63 bytes)
Event: 79.102 Thread 0x00007fcb9c047000 2619  s    4       sun.misc.URLClassPath::getNextLoader (88 bytes)
Event: 79.102 Thread 0x00007fcb9a849000 nmethod 2618 0x0000000106757690 code [0x00000001067577e0, 0x00000001067578b8]
Event: 79.104 Thread 0x00007fcb9a852000 2620       3       sun.misc.JarIndex::get (49 bytes)
Event: 79.105 Thread 0x00007fcb9a852000 nmethod 2620 0x00000001068f0310 code [0x00000001068f04e0, 0x00000001068f0d58]
Event: 79.112 Thread 0x00007fcb9c047000 nmethod 2619 0x000000010698d0d0 code [0x000000010698d240, 0x000000010698d9b8]

GC Heap History (10 events):
Event: 33.068 GC heap before
{Heap before GC invocations=11 (full 0):
 PSYoungGen      total 116736K, used 110784K [0x00000007aab00000, 0x00000007b2a00000, 0x00000007c0000000)
  eden space 104448K, 100% used [0x00000007aab00000,0x00000007b1100000,0x00000007b1100000)
  from space 12288K, 51% used [0x00000007b1e00000,0x00000007b2430180,0x00000007b2a00000)
  to   space 12800K, 0% used [0x00000007b1100000,0x00000007b1100000,0x00000007b1d80000)
 ParOldGen       total 44032K, used 21387K [0x0000000780000000, 0x0000000782b00000, 0x00000007aab00000)
  object space 44032K, 48% used [0x0000000780000000,0x00000007814e2df8,0x0000000782b00000)
 Metaspace       used 19098K, capacity 19297K, committed 19456K, reserved 1067008K
  class space    used 1878K, capacity 1949K, committed 2048K, reserved 1048576K
Event: 33.074 GC heap after
Heap after GC invocations=11 (full 0):
 PSYoungGen      total 117248K, used 128K [0x00000007aab00000, 0x00000007b6880000, 0x00000007c0000000)
  eden space 104448K, 0% used [0x00000007aab00000,0x00000007aab00000,0x00000007b1100000)
  from space 12800K, 1% used [0x00000007b1100000,0x00000007b1120000,0x00000007b1d80000)
  to   space 13312K, 0% used [0x00000007b5b80000,0x00000007b5b80000,0x00000007b6880000)
 ParOldGen       total 44032K, used 27603K [0x0000000780000000, 0x0000000782b00000, 0x00000007aab00000)
  object space 44032K, 62% used [0x0000000780000000,0x0000000781af4f78,0x0000000782b00000)
 Metaspace       used 19098K, capacity 19297K, committed 19456K, reserved 1067008K
  class space    used 1878K, capacity 1949K, committed 2048K, reserved 1048576K
}
Event: 46.504 GC heap before
{Heap before GC invocations=12 (full 0):
 PSYoungGen      total 117248K, used 104576K [0x00000007aab00000, 0x00000007b6880000, 0x00000007c0000000)
  eden space 104448K, 100% used [0x00000007aab00000,0x00000007b1100000,0x00000007b1100000)
  from space 12800K, 1% used [0x00000007b1100000,0x00000007b1120000,0x00000007b1d80000)
  to   space 13312K, 0% used [0x00000007b5b80000,0x00000007b5b80000,0x00000007b6880000)
 ParOldGen       total 44032K, used 27603K [0x0000000780000000, 0x0000000782b00000, 0x00000007aab00000)
  object space 44032K, 62% used [0x0000000780000000,0x0000000781af4f78,0x0000000782b00000)
 Metaspace       used 19179K, capacity 19403K, committed 19712K, reserved 1067008K
  class space    used 1891K, capacity 1982K, committed 2048K, reserved 1048576K
Event: 46.510 GC heap after
Heap after GC invocations=12 (full 0):
 PSYoungGen      total 179712K, used 2816K [0x00000007aab00000, 0x00000007b6780000, 0x00000007c0000000)
  eden space 167424K, 0% used [0x00000007aab00000,0x00000007aab00000,0x00000007b4e80000)
  from space 12288K, 22% used [0x00000007b5b80000,0x00000007b5e400f0,0x00000007b6780000)
  to   space 12800K, 0% used [0x00000007b4e80000,0x00000007b4e80000,0x00000007b5b00000)
 ParOldGen       total 44032K, used 27635K [0x0000000780000000, 0x0000000782b00000, 0x00000007aab00000)
  object space 44032K, 62% used [0x0000000780000000,0x0000000781afcf78,0x0000000782b00000)
 Metaspace       used 19179K, capacity 19403K, committed 19712K, reserved 1067008K
  class space    used 1891K, capacity 1982K, committed 2048K, reserved 1048576K
}
Event: 56.051 GC heap before
{Heap before GC invocations=13 (full 0):
 PSYoungGen      total 179712K, used 170240K [0x00000007aab00000, 0x00000007b6780000, 0x00000007c0000000)
  eden space 167424K, 100% used [0x00000007aab00000,0x00000007b4e80000,0x00000007b4e80000)
  from space 12288K, 22% used [0x00000007b5b80000,0x00000007b5e400f0,0x00000007b6780000)
  to   space 12800K, 0% used [0x00000007b4e80000,0x00000007b4e80000,0x00000007b5b00000)
 ParOldGen       total 44032K, used 27635K [0x0000000780000000, 0x0000000782b00000, 0x00000007aab00000)
  object space 44032K, 62% used [0x0000000780000000,0x0000000781afcf78,0x0000000782b00000)
 Metaspace       used 19315K, capacity 19537K, committed 19712K, reserved 1067008K
  class space    used 1892K, capacity 1983K, committed 2048K, reserved 1048576K
Event: 56.063 GC heap after
Heap after GC invocations=13 (full 0):
 PSYoungGen      total 180224K, used 12768K [0x00000007aab00000, 0x00000007bd100000, 0x00000007c0000000)
  eden space 167424K, 0% used [0x00000007aab00000,0x00000007aab00000,0x00000007b4e80000)
  from space 12800K, 99% used [0x00000007b4e80000,0x00000007b5af8330,0x00000007b5b00000)
  to   space 16384K, 0% used [0x00000007bc100000,0x00000007bc100000,0x00000007bd100000)
 ParOldGen       total 44032K, used 30964K [0x0000000780000000, 0x0000000782b00000, 0x00000007aab00000)
  object space 44032K, 70% used [0x0000000780000000,0x0000000781e3d298,0x0000000782b00000)
 Metaspace       used 19315K, capacity 19537K, committed 19712K, reserved 1067008K
  class space    used 1892K, capacity 1983K, committed 2048K, reserved 1048576K
}
Event: 63.100 GC heap before
{Heap before GC invocations=14 (full 0):
 PSYoungGen      total 180224K, used 180109K [0x00000007aab00000, 0x00000007bd100000, 0x00000007c0000000)
  eden space 167424K, 99% used [0x00000007aab00000,0x00000007b4e6b408,0x00000007b4e80000)
  from space 12800K, 99% used [0x00000007b4e80000,0x00000007b5af8330,0x00000007b5b00000)
  to   space 16384K, 0% used [0x00000007bc100000,0x00000007bc100000,0x00000007bd100000)
 ParOldGen       total 44032K, used 30964K [0x0000000780000000, 0x0000000782b00000, 0x00000007aab00000)
  object space 44032K, 70% used [0x0000000780000000,0x0000000781e3d298,0x0000000782b00000)
 Metaspace       used 19400K, capacity 19601K, committed 19712K, reserved 1067008K
  class space    used 1892K, capacity 1983K, committed 2048K, reserved 1048576K
Event: 63.115 GC heap after
Heap after GC invocations=14 (full 0):
 PSYoungGen      total 282112K, used 16209K [0x00000007aab00000, 0x00000007bd600000, 0x00000007c0000000)
  eden space 265728K, 0% used [0x00000007aab00000,0x00000007aab00000,0x00000007bae80000)
  from space 16384K, 98% used [0x00000007bc100000,0x00000007bd0d4430,0x00000007bd100000)
  to   space 18944K, 0% used [0x00000007bae80000,0x00000007bae80000,0x00000007bc100000)
 ParOldGen       total 45568K, used 45469K [0x0000000780000000, 0x0000000782c80000, 0x00000007aab00000)
  object space 45568K, 99% used [0x0000000780000000,0x0000000782c676a8,0x0000000782c80000)
 Metaspace       used 19400K, capacity 19601K, committed 19712K, reserved 1067008K
  class space    used 1892K, capacity 1983K, committed 2048K, reserved 1048576K
}
Event: 63.115 GC heap before
{Heap before GC invocations=15 (full 1):
 PSYoungGen      total 282112K, used 16209K [0x00000007aab00000, 0x00000007bd600000, 0x00000007c0000000)
  eden space 265728K, 0% used [0x00000007aab00000,0x00000007aab00000,0x00000007bae80000)
  from space 16384K, 98% used [0x00000007bc100000,0x00000007bd0d4430,0x00000007bd100000)
  to   space 18944K, 0% used [0x00000007bae80000,0x00000007bae80000,0x00000007bc100000)
 ParOldGen       total 45568K, used 45469K [0x0000000780000000, 0x0000000782c80000, 0x00000007aab00000)
  object space 45568K, 99% used [0x0000000780000000,0x0000000782c676a8,0x0000000782c80000)
 Metaspace       used 19400K, capacity 19601K, committed 19712K, reserved 1067008K
  class space    used 1892K, capacity 1983K, committed 2048K, reserved 1048576K
Event: 63.180 GC heap after
Heap after GC invocations=15 (full 1):
 PSYoungGen      total 282112K, used 10504K [0x00000007aab00000, 0x00000007bd600000, 0x00000007c0000000)
  eden space 265728K, 0% used [0x00000007aab00000,0x00000007aab00000,0x00000007bae80000)
  from space 16384K, 64% used [0x00000007bc100000,0x00000007bcb42250,0x00000007bd100000)
  to   space 18944K, 0% used [0x00000007bae80000,0x00000007bae80000,0x00000007bc100000)
 ParOldGen       total 74240K, used 45514K [0x0000000780000000, 0x0000000784880000, 0x00000007aab00000)
  object space 74240K, 61% used [0x0000000780000000,0x0000000782c72a50,0x0000000784880000)
 Metaspace       used 19400K, capacity 19601K, committed 19712K, reserved 1067008K
  class space    used 1892K, capacity 1983K, committed 2048K, reserved 1048576K
}

Deoptimization events (10 events):
Event: 79.069 Thread 0x00007fcb9abe3000 Uncommon trap: reason=unstable_if action=reinterpret pc=0x0000000106640fe8 method=com.jogamp.common.util.VersionNumber.compareTo(Lcom/jogamp/common/util/VersionNumber;)I @ 21
Event: 79.069 Thread 0x00007fcb9aa10000 Uncommon trap: reason=unstable_if action=reinterpret pc=0x00000001069536c4 method=java.awt.EventQueue.getPriority(Ljava/awt/AWTEvent;)I @ 71
Event: 79.069 Thread 0x00007fcb9aa10000 Uncommon trap: reason=unstable_if action=reinterpret pc=0x000000010663e4e8 method=sun.lwawt.LWContainerPeer.cutChildren(Lsun/java2d/pipe/Region;Lsun/lwawt/LWComponentPeer;)Lsun/java2d/pipe/Region; @ 67
Event: 79.069 Thread 0x00007fcb9aa10000 Uncommon trap: reason=unstable_if action=reinterpret pc=0x00000001063a126c method=sun.java2d.SunGraphics2D.validateCompClip()V @ 9
Event: 79.070 Thread 0x00007fcb9abe3000 Uncommon trap: reason=unstable_if action=reinterpret pc=0x00000001066dfb84 method=java.awt.EventQueue.uncacheEQItem(Lsun/awt/EventQueueItem;)V @ 23
Event: 79.072 Thread 0x00007fcb9aa10000 Uncommon trap: reason=unstable_if action=reinterpret pc=0x00000001068c2ea4 method=sun.java2d.pipe.Region.intersectsQuickCheck(Lsun/java2d/pipe/Region;)Z @ 41
Event: 79.099 Thread 0x00007fcb9c1ba000 Uncommon trap: reason=unstable_if action=reinterpret pc=0x00000001068651c4 method=java.util.HashMap.putVal(ILjava/lang/Object;Ljava/lang/Object;ZZ)Ljava/lang/Object; @ 81
Event: 79.117 Thread 0x00007fcb9abe3000 Uncommon trap: reason=unstable_if action=reinterpret pc=0x00000001065e7058 method=java.util.LinkedList$ListItr.<init>(Ljava/util/LinkedList;I)V @ 26
Event: 79.118 Thread 0x00007fcb9abe3000 Uncommon trap: reason=unstable_if action=reinterpret pc=0x0000000106882dc4 method=java.security.AccessControlContext.optimize()Ljava/security/AccessControlContext; @ 233
Event: 79.119 Thread 0x00007fcb9abe3000 Uncommon trap: reason=unstable_if action=reinterpret pc=0x00000001065c0f84 method=java.util.LinkedList$ListItr.<init>(Ljava/util/LinkedList;I)V @ 26

Internal exceptions (10 events):
Event: 0.436 Thread 0x00007fcb9b002800 Exception <a 'java/lang/NoSuchFieldError': method resolution failed> (0x00000007aacb1058) thrown at [/Users/java_re/workspace/8-2-build-macosx-x86_64/jdk8u102/7268/hotspot/src/share/vm/prims/methodHandles.cpp, line 1146]
Event: 0.438 Thread 0x00007fcb9b002800 Exception <a 'java/lang/NoSuchFieldError': method resolution failed> (0x00000007aacbe828) thrown at [/Users/java_re/workspace/8-2-build-macosx-x86_64/jdk8u102/7268/hotspot/src/share/vm/prims/methodHandles.cpp, line 1146]
Event: 0.599 Thread 0x00007fcb9b002800 Exception <a 'java/io/FileNotFoundException'> (0x00000007aad3a848) thrown at [/Users/java_re/workspace/8-2-build-macosx-x86_64/jdk8u102/7268/hotspot/src/share/vm/prims/jni.cpp, line 709]
Event: 0.599 Thread 0x00007fcb9b002800 Exception <a 'java/io/FileNotFoundException'> (0x00000007aad3b3a8) thrown at [/Users/java_re/workspace/8-2-build-macosx-x86_64/jdk8u102/7268/hotspot/src/share/vm/prims/jni.cpp, line 709]
Event: 0.900 Thread 0x00007fcb9b002800 Exception <a 'java/io/FileNotFoundException'> (0x00000007aae21358) thrown at [/Users/java_re/workspace/8-2-build-macosx-x86_64/jdk8u102/7268/hotspot/src/share/vm/prims/jni.cpp, line 709]
Event: 3.696 Thread 0x00007fcb9c026000 Exception <a 'java/lang/NullPointerException'> (0x00000007aab85cf8) thrown at [/Users/java_re/workspace/8-2-build-macosx-x86_64/jdk8u102/7268/hotspot/src/share/vm/interpreter/linkResolver.cpp, line 1178]
Event: 3.835 Thread 0x00007fcb9c426000 Exception <a 'java/lang/UnsatisfiedLinkError': com.jogamp.common.util.JarUtil.fixNativeLibAttribs(Ljava/lang/String;)Z> (0x00000007aae9b890) thrown at [/Users/java_re/workspace/8-2-build-macosx-x86_64/jdk8u102/7268/hotspot/src/share/vm/prims/nativeLookup.
Event: 4.905 Thread 0x00007fcb9abe3000 Exception <a 'java/io/FileNotFoundException'> (0x00000007ab0db5e8) thrown at [/Users/java_re/workspace/8-2-build-macosx-x86_64/jdk8u102/7268/hotspot/src/share/vm/prims/jni.cpp, line 709]
Event: 4.905 Thread 0x00007fcb9abe3000 Exception <a 'java/io/FileNotFoundException'> (0x00000007ab0e15b8) thrown at [/Users/java_re/workspace/8-2-build-macosx-x86_64/jdk8u102/7268/hotspot/src/share/vm/prims/jni.cpp, line 709]
Event: 4.905 Thread 0x00007fcb9abe3000 Implicit null exception at 0x000000010633f936 to 0x000000010633fd05

Events (10 events):
Event: 79.118 loading class java/awt/event/AWTEventListenerProxy
Event: 79.118 loading class java/awt/event/AWTEventListenerProxy done
Event: 79.118 loading class java/awt/Toolkit$ToolkitEventMulticaster
Event: 79.118 loading class java/awt/Toolkit$ToolkitEventMulticaster done
Event: 79.119 Thread 0x00007fcb9abe3000 Uncommon trap: trap_request=0xffffff65 fr.pc=0x00000001065c0f84
Event: 79.119 Thread 0x00007fcb9abe3000 DEOPT PACKING pc=0x00000001065c0f84 sp=0x00007000019e8950
Event: 79.119 Thread 0x00007fcb9abe3000 DEOPT UNPACKING pc=0x00000001061a6229 sp=0x00007000019e88a8 mode 2
Event: 79.119 Thread 0x00007fcb9c1ba000 Thread exited: 0x00007fcb9c1ba000
Event: 79.119 loading class java/awt/Window$1DisposeAction
Event: 79.119 loading class java/awt/Window$1DisposeAction done


Dynamic libraries:
0x000000000a139000 	/System/Library/Frameworks/Cocoa.framework/Versions/A/Cocoa
0x0000000103d76000 	/System/Library/Frameworks/Security.framework/Versions/A/Security
0x000000000a139000 	/System/Library/Frameworks/ApplicationServices.framework/Versions/A/ApplicationServices
0x000000000a139000 	/usr/lib/libz.1.dylib
0x000000000a139000 	/usr/lib/libSystem.B.dylib
0x000000000a139000 	/usr/lib/libobjc.A.dylib
0x000000000a139000 	/System/Library/Frameworks/CoreFoundation.framework/Versions/A/CoreFoundation
0x000000000a139000 	/System/Library/Frameworks/Foundation.framework/Versions/C/Foundation
0x000000000a139000 	/System/Library/Frameworks/AppKit.framework/Versions/C/AppKit
0x000000000a139000 	/System/Library/Frameworks/CoreData.framework/Versions/A/CoreData
0x000000000a139000 	/System/Library/PrivateFrameworks/RemoteViewServices.framework/Versions/A/RemoteViewServices
0x000000000a139000 	/System/Library/PrivateFrameworks/UIFoundation.framework/Versions/A/UIFoundation
0x000000000a139000 	/usr/lib/libScreenReader.dylib
0x000000000a139000 	/System/Library/Frameworks/Accelerate.framework/Versions/A/Accelerate
0x000000000a139000 	/System/Library/Frameworks/IOSurface.framework/Versions/A/IOSurface
0x000000000a139000 	/System/Library/Frameworks/AudioToolbox.framework/Versions/A/AudioToolbox
0x000000000a139000 	/System/Library/Frameworks/AudioUnit.framework/Versions/A/AudioUnit
0x000000000a139000 	/System/Library/PrivateFrameworks/DataDetectorsCore.framework/Versions/A/DataDetectorsCore
0x000000000a139000 	/System/Library/PrivateFrameworks/DesktopServicesPriv.framework/Versions/A/DesktopServicesPriv
0x000000000a139000 	/System/Library/Frameworks/Carbon.framework/Versions/A/Frameworks/HIToolbox.framework/Versions/A/HIToolbox
0x000000000a139000 	/System/Library/Frameworks/QuartzCore.framework/Versions/A/QuartzCore
0x000000000a139000 	/System/Library/Frameworks/Carbon.framework/Versions/A/Frameworks/SpeechRecognition.framework/Versions/A/SpeechRecognition
0x000000000a139000 	/usr/lib/libauto.dylib
0x000000000a139000 	/usr/lib/libicucore.A.dylib
0x000000000a139000 	/usr/lib/libxml2.2.dylib
0x000000000a139000 	/System/Library/PrivateFrameworks/CoreUI.framework/Versions/A/CoreUI
0x000000000a139000 	/System/Library/Frameworks/CoreAudio.framework/Versions/A/CoreAudio
0x000000000a139000 	/System/Library/Frameworks/DiskArbitration.framework/Versions/A/DiskArbitration
0x000000000a139000 	/usr/lib/liblangid.dylib
0x000000000a139000 	/System/Library/PrivateFrameworks/MultitouchSupport.framework/Versions/A/MultitouchSupport
0x000000000a139000 	/System/Library/Frameworks/IOKit.framework/Versions/A/IOKit
0x000000000a139000 	/usr/lib/libDiagnosticMessagesClient.dylib
0x000000000a139000 	/System/Library/Frameworks/CoreServices.framework/Versions/A/CoreServices
0x000000000a139000 	/System/Library/PrivateFrameworks/PerformanceAnalysis.framework/Versions/A/PerformanceAnalysis
0x000000000a139000 	/System/Library/PrivateFrameworks/GenerationalStorage.framework/Versions/A/GenerationalStorage
0x000000000a139000 	/System/Library/Frameworks/OpenGL.framework/Versions/A/OpenGL
0x000000000a139000 	/System/Library/PrivateFrameworks/Sharing.framework/Versions/A/Sharing
0x000000000a139000 	/System/Library/Frameworks/CoreGraphics.framework/Versions/A/CoreGraphics
0x000000000a139000 	/System/Library/Frameworks/CoreImage.framework/Versions/A/CoreImage
0x000000000a139000 	/System/Library/Frameworks/CoreText.framework/Versions/A/CoreText
0x000000000a139000 	/System/Library/Frameworks/ImageIO.framework/Versions/A/ImageIO
0x000000000a139000 	/System/Library/PrivateFrameworks/Backup.framework/Versions/A/Backup
0x000000000a139000 	/usr/lib/libextension.dylib
0x000000000a139000 	/usr/lib/libarchive.2.dylib
0x0000000104192000 	/System/Library/Frameworks/CFNetwork.framework/Versions/A/CFNetwork
0x000000000a139000 	/System/Library/Frameworks/SystemConfiguration.framework/Versions/A/SystemConfiguration
0x000000000a139000 	/usr/lib/libCRFSuite.dylib
0x000000000a139000 	/usr/lib/libc++.1.dylib
0x000000000a139000 	/usr/lib/libc++abi.dylib
0x000000000a139000 	/usr/lib/system/libcache.dylib
0x000000000a139000 	/usr/lib/system/libcommonCrypto.dylib
0x000000000a139000 	/usr/lib/system/libcompiler_rt.dylib
0x000000000a139000 	/usr/lib/system/libcopyfile.dylib
0x000000000a139000 	/usr/lib/system/libcorecrypto.dylib
0x000000000a139000 	/usr/lib/system/libdispatch.dylib
0x000000000a139000 	/usr/lib/system/libdyld.dylib
0x000000000a139000 	/usr/lib/system/libkeymgr.dylib
0x000000000a139000 	/usr/lib/system/liblaunch.dylib
0x000000000a139000 	/usr/lib/system/libmacho.dylib
0x000000000a139000 	/usr/lib/system/libquarantine.dylib
0x000000000a139000 	/usr/lib/system/libremovefile.dylib
0x000000000a139000 	/usr/lib/system/libsystem_asl.dylib
0x000000000a139000 	/usr/lib/system/libsystem_blocks.dylib
0x000000000a139000 	/usr/lib/system/libsystem_c.dylib
0x000000000a139000 	/usr/lib/system/libsystem_configuration.dylib
0x000000000a139000 	/usr/lib/system/libsystem_coreservices.dylib
0x000000000a139000 	/usr/lib/system/libsystem_coretls.dylib
0x000000000a139000 	/usr/lib/system/libsystem_dnssd.dylib
0x000000000a139000 	/usr/lib/system/libsystem_info.dylib
0x000000000a139000 	/usr/lib/system/libsystem_kernel.dylib
0x000000000a139000 	/usr/lib/system/libsystem_m.dylib
0x000000000a139000 	/usr/lib/system/libsystem_malloc.dylib
0x000000000a139000 	/usr/lib/system/libsystem_network.dylib
0x000000000a139000 	/usr/lib/system/libsystem_networkextension.dylib
0x000000000a139000 	/usr/lib/system/libsystem_notify.dylib
0x000000000a139000 	/usr/lib/system/libsystem_platform.dylib
0x000000000a139000 	/usr/lib/system/libsystem_pthread.dylib
0x000000000a139000 	/usr/lib/system/libsystem_sandbox.dylib
0x000000000a139000 	/usr/lib/system/libsystem_secinit.dylib
0x000000000a139000 	/usr/lib/system/libsystem_trace.dylib
0x000000000a139000 	/usr/lib/system/libunc.dylib
0x000000000a139000 	/usr/lib/system/libunwind.dylib
0x000000000a139000 	/usr/lib/system/libxpc.dylib
0x000000000a139000 	/usr/lib/libenergytrace.dylib
0x000000000a139000 	/usr/lib/libbsm.0.dylib
0x000000000a139000 	/usr/lib/system/libkxld.dylib
0x000000000a139000 	/usr/lib/libxar.1.dylib
0x000000000a139000 	/usr/lib/libsqlite3.dylib
0x000000000a139000 	/usr/lib/libpam.2.dylib
0x000000000a139000 	/usr/lib/libOpenScriptingUtil.dylib
0x000000000a139000 	/usr/lib/libbz2.1.0.dylib
0x000000000a139000 	/usr/lib/liblzma.5.dylib
0x000000000a139000 	/System/Library/Frameworks/CoreServices.framework/Versions/A/Frameworks/FSEvents.framework/Versions/A/FSEvents
0x000000000a139000 	/System/Library/Frameworks/CoreServices.framework/Versions/A/Frameworks/CarbonCore.framework/Versions/A/CarbonCore
0x000000000a139000 	/System/Library/Frameworks/CoreServices.framework/Versions/A/Frameworks/Metadata.framework/Versions/A/Metadata
0x000000000a139000 	/System/Library/Frameworks/CoreServices.framework/Versions/A/Frameworks/OSServices.framework/Versions/A/OSServices
0x000000000a139000 	/System/Library/Frameworks/CoreServices.framework/Versions/A/Frameworks/SearchKit.framework/Versions/A/SearchKit
0x000000000a139000 	/System/Library/Frameworks/CoreServices.framework/Versions/A/Frameworks/AE.framework/Versions/A/AE
0x000000000a139000 	/System/Library/Frameworks/CoreServices.framework/Versions/A/Frameworks/LaunchServices.framework/Versions/A/LaunchServices
0x000000000a139000 	/System/Library/Frameworks/CoreServices.framework/Versions/A/Frameworks/DictionaryServices.framework/Versions/A/DictionaryServices
0x000000000a139000 	/System/Library/Frameworks/CoreServices.framework/Versions/A/Frameworks/SharedFileList.framework/Versions/A/SharedFileList
0x000000000a139000 	/System/Library/Frameworks/NetFS.framework/Versions/A/NetFS
0x000000000a139000 	/System/Library/PrivateFrameworks/NetAuth.framework/Versions/A/NetAuth
0x000000000a139000 	/System/Library/PrivateFrameworks/login.framework/Versions/A/Frameworks/loginsupport.framework/Versions/A/loginsupport
0x000000000a139000 	/System/Library/PrivateFrameworks/TCC.framework/Versions/A/TCC
0x000000000a139000 	/usr/lib/libmecabra.dylib
0x000000000a139000 	/System/Library/Frameworks/ApplicationServices.framework/Versions/A/Frameworks/ATS.framework/Versions/A/ATS
0x000000000a139000 	/System/Library/Frameworks/ApplicationServices.framework/Versions/A/Frameworks/ColorSync.framework/Versions/A/ColorSync
0x000000000a139000 	/System/Library/Frameworks/ApplicationServices.framework/Versions/A/Frameworks/HIServices.framework/Versions/A/HIServices
0x000000000a139000 	/System/Library/Frameworks/ApplicationServices.framework/Versions/A/Frameworks/LangAnalysis.framework/Versions/A/LangAnalysis
0x000000000a139000 	/System/Library/Frameworks/ApplicationServices.framework/Versions/A/Frameworks/PrintCore.framework/Versions/A/PrintCore
0x000000000a139000 	/System/Library/Frameworks/ApplicationServices.framework/Versions/A/Frameworks/QD.framework/Versions/A/QD
0x000000000a139000 	/System/Library/Frameworks/ApplicationServices.framework/Versions/A/Frameworks/SpeechSynthesis.framework/Versions/A/SpeechSynthesis
0x000000000a139000 	/System/Library/Frameworks/Metal.framework/Versions/A/Metal
0x000000000a139000 	/System/Library/Frameworks/Accelerate.framework/Versions/A/Frameworks/vImage.framework/Versions/A/vImage
0x000000000a139000 	/System/Library/Frameworks/Accelerate.framework/Versions/A/Frameworks/vecLib.framework/Versions/A/vecLib
0x000000000a139000 	/System/Library/Frameworks/Accelerate.framework/Versions/A/Frameworks/vecLib.framework/Versions/A/libvDSP.dylib
0x000000000a139000 	/System/Library/Frameworks/Accelerate.framework/Versions/A/Frameworks/vecLib.framework/Versions/A/libvMisc.dylib
0x000000000a139000 	/System/Library/Frameworks/Accelerate.framework/Versions/A/Frameworks/vecLib.framework/Versions/A/libLAPACK.dylib
0x000000000a139000 	/System/Library/Frameworks/Accelerate.framework/Versions/A/Frameworks/vecLib.framework/Versions/A/libBLAS.dylib
0x000000000a139000 	/System/Library/Frameworks/Accelerate.framework/Versions/A/Frameworks/vecLib.framework/Versions/A/libLinearAlgebra.dylib
0x000000000a139000 	/System/Library/Frameworks/Accelerate.framework/Versions/A/Frameworks/vecLib.framework/Versions/A/libSparseBLAS.dylib
0x000000000a139000 	/System/Library/PrivateFrameworks/GPUCompiler.framework/libmetal_timestamp.dylib
0x000000000a139000 	/System/Library/Frameworks/OpenGL.framework/Versions/A/Libraries/libCoreFSCache.dylib
0x000000000a139000 	/System/Library/PrivateFrameworks/IOAccelerator.framework/Versions/A/IOAccelerator
0x000000000a139000 	/System/Library/Frameworks/ApplicationServices.framework/Versions/A/Frameworks/ATS.framework/Versions/A/Resources/libFontParser.dylib
0x000000000a139000 	/System/Library/Frameworks/ApplicationServices.framework/Versions/A/Frameworks/ATS.framework/Versions/A/Resources/libFontRegistry.dylib
0x000000000a139000 	/System/Library/PrivateFrameworks/AppleVPA.framework/Versions/A/AppleVPA
0x000000000a139000 	/System/Library/PrivateFrameworks/AppleJPEG.framework/Versions/A/AppleJPEG
0x000000000a139000 	/System/Library/Frameworks/ImageIO.framework/Versions/A/Resources/libJPEG.dylib
0x000000000a139000 	/System/Library/Frameworks/ImageIO.framework/Versions/A/Resources/libTIFF.dylib
0x000000000a139000 	/System/Library/Frameworks/ImageIO.framework/Versions/A/Resources/libPng.dylib
0x000000000a139000 	/System/Library/Frameworks/ImageIO.framework/Versions/A/Resources/libGIF.dylib
0x000000000a139000 	/System/Library/Frameworks/ImageIO.framework/Versions/A/Resources/libJP2.dylib
0x000000000a139000 	/System/Library/Frameworks/ImageIO.framework/Versions/A/Resources/libRadiance.dylib
0x000000000a139000 	/System/Library/Frameworks/CoreVideo.framework/Versions/A/CoreVideo
0x000000000a139000 	/System/Library/Frameworks/OpenGL.framework/Versions/A/Libraries/libGLU.dylib
0x000000000a139000 	/System/Library/Frameworks/OpenGL.framework/Versions/A/Libraries/libGFXShared.dylib
0x000000000a139000 	/System/Library/Frameworks/OpenGL.framework/Versions/A/Libraries/libGL.dylib
0x000000000a139000 	/System/Library/Frameworks/OpenGL.framework/Versions/A/Libraries/libGLImage.dylib
0x000000000a139000 	/System/Library/Frameworks/OpenGL.framework/Versions/A/Libraries/libCVMSPluginSupport.dylib
0x000000000a139000 	/System/Library/Frameworks/OpenGL.framework/Versions/A/Libraries/libCoreVMClient.dylib
0x000000000a139000 	/usr/lib/libcompression.dylib
0x000000000a139000 	/usr/lib/libcups.2.dylib
0x000000000a139000 	/System/Library/Frameworks/Kerberos.framework/Versions/A/Kerberos
0x000000000a139000 	/System/Library/Frameworks/GSS.framework/Versions/A/GSS
0x000000000a139000 	/usr/lib/libresolv.9.dylib
0x000000000a139000 	/usr/lib/libiconv.2.dylib
0x000000000a139000 	/System/Library/PrivateFrameworks/Heimdal.framework/Versions/A/Heimdal
0x000000000a139000 	/usr/lib/libheimdal-asn1.dylib
0x000000000a139000 	/System/Library/Frameworks/OpenDirectory.framework/Versions/A/OpenDirectory
0x000000000a139000 	/System/Library/PrivateFrameworks/CommonAuth.framework/Versions/A/CommonAuth
0x000000000a139000 	/System/Library/Frameworks/OpenDirectory.framework/Versions/A/Frameworks/CFOpenDirectory.framework/Versions/A/CFOpenDirectory
0x000000000a139000 	/System/Library/Frameworks/SecurityFoundation.framework/Versions/A/SecurityFoundation
0x000000000a139000 	/System/Library/PrivateFrameworks/LanguageModeling.framework/Versions/A/LanguageModeling
0x000000000a139000 	/usr/lib/libmarisa.dylib
0x000000000a139000 	/usr/lib/libChineseTokenizer.dylib
0x000000000a139000 	/usr/lib/libcmph.dylib
0x000000000a139000 	/System/Library/Frameworks/ServiceManagement.framework/Versions/A/ServiceManagement
0x000000000a139000 	/usr/lib/libxslt.1.dylib
0x000000000a139000 	/System/Library/Frameworks/Carbon.framework/Versions/A/Frameworks/Ink.framework/Versions/A/Ink
0x000000000a139000 	/usr/lib/libFosl_dynamic.dylib
0x000000000a139000 	/System/Library/PrivateFrameworks/FaceCore.framework/Versions/A/FaceCore
0x000000000a139000 	/System/Library/Frameworks/OpenCL.framework/Versions/A/OpenCL
0x000000000a139000 	/System/Library/PrivateFrameworks/CrashReporterSupport.framework/Versions/A/CrashReporterSupport
0x000000000a139000 	/System/Library/PrivateFrameworks/IconServices.framework/Versions/A/IconServices
0x000000000a139000 	/System/Library/PrivateFrameworks/Apple80211.framework/Versions/A/Apple80211
0x000000000a139000 	/System/Library/Frameworks/CoreWLAN.framework/Versions/A/CoreWLAN
0x000000000a139000 	/System/Library/Frameworks/IOBluetooth.framework/Versions/A/IOBluetooth
0x000000000a139000 	/System/Library/PrivateFrameworks/CoreWiFi.framework/Versions/A/CoreWiFi
0x000000000a139000 	/System/Library/Frameworks/CoreBluetooth.framework/Versions/A/CoreBluetooth
0x000000000a139000 	/System/Library/PrivateFrameworks/ChunkingLibrary.framework/Versions/A/ChunkingLibrary
0x000000000a139000 	/System/Library/PrivateFrameworks/DebugSymbols.framework/Versions/A/DebugSymbols
0x000000000a139000 	/System/Library/PrivateFrameworks/CoreSymbolication.framework/Versions/A/CoreSymbolication
0x000000000a139000 	/System/Library/PrivateFrameworks/Symbolication.framework/Versions/A/Symbolication
0x000000000a139000 	/System/Library/PrivateFrameworks/SpeechRecognitionCore.framework/Versions/A/SpeechRecognitionCore
0x0000000105200000 	/Library/Java/JavaVirtualMachines/jdk1.8.0_102.jdk/Contents/Home/jre/lib/server/libjvm.dylib
0x000000000a139000 	/usr/lib/libstdc++.6.dylib
0x0000000104866000 	/Library/Java/JavaVirtualMachines/jdk1.8.0_102.jdk/Contents/Home/jre/lib/libverify.dylib
0x0000000104874000 	/Library/Java/JavaVirtualMachines/jdk1.8.0_102.jdk/Contents/Home/jre/lib/libjava.dylib
0x00000001048b3000 	/Library/Java/JavaVirtualMachines/jdk1.8.0_102.jdk/Contents/Home/jre/lib/libzip.dylib
0x000000011946e000 	/System/Library/Frameworks/JavaVM.framework/Frameworks/JavaRuntimeSupport.framework/JavaRuntimeSupport
0x00000001049ea000 	/System/Library/Frameworks/JavaVM.framework/Versions/A/Frameworks/JavaNativeFoundation.framework/Versions/A/JavaNativeFoundation
0x0000000119489000 	/System/Library/Frameworks/JavaVM.framework/Versions/A/JavaVM
0x000000000a139000 	/System/Library/Frameworks/Carbon.framework/Versions/A/Carbon
0x0000000119496000 	/System/Library/PrivateFrameworks/JavaLaunching.framework/Versions/A/JavaLaunching
0x000000000a139000 	/System/Library/Frameworks/Carbon.framework/Versions/A/Frameworks/CommonPanels.framework/Versions/A/CommonPanels
0x000000000a139000 	/System/Library/Frameworks/Carbon.framework/Versions/A/Frameworks/Help.framework/Versions/A/Help
0x000000000a139000 	/System/Library/Frameworks/Carbon.framework/Versions/A/Frameworks/ImageCapture.framework/Versions/A/ImageCapture
0x000000000a139000 	/System/Library/Frameworks/Carbon.framework/Versions/A/Frameworks/OpenScripting.framework/Versions/A/OpenScripting
0x000000000a139000 	/System/Library/Frameworks/Carbon.framework/Versions/A/Frameworks/Print.framework/Versions/A/Print
0x000000000a139000 	/System/Library/Frameworks/Carbon.framework/Versions/A/Frameworks/SecurityHI.framework/Versions/A/SecurityHI
0x000000011adbb000 	/Library/Java/JavaVirtualMachines/jdk1.8.0_102.jdk/Contents/Home/jre/lib/libawt.dylib
0x000000011ae63000 	/Library/Java/JavaVirtualMachines/jdk1.8.0_102.jdk/Contents/Home/jre/lib/./libmlib_image.dylib
0x000000011af2f000 	/Library/Java/JavaVirtualMachines/jdk1.8.0_102.jdk/Contents/Home/jre/lib/libawt_lwawt.dylib
0x000000011afe4000 	/Library/Java/JavaVirtualMachines/jdk1.8.0_102.jdk/Contents/Home/jre/lib/./libosxapp.dylib
0x000000000a139000 	/System/Library/Frameworks/ExceptionHandling.framework/Versions/A/ExceptionHandling
0x000000000a139000 	/System/Library/PrivateFrameworks/CoreServicesInternal.framework/Versions/A/CoreServicesInternal
0x000000011b7a9000 	/System/Library/Frameworks/CoreGraphics.framework/Versions/A/Resources/libRIP.A.dylib
0x000000000a139000 	/System/Library/Frameworks/Accelerate.framework/Versions/A/Frameworks/vImage.framework/Versions/A/Libraries/libCGInterfaces.dylib
0x000000011b926000 	/System/Library/Frameworks/CoreGraphics.framework/Versions/A/Resources/libCGXType.A.dylib
0x000000000a139000 	/System/Library/Frameworks/OpenCL.framework/Versions/A/Libraries/libcldcpuengine.dylib
0x000000000a139000 	/System/Library/PrivateFrameworks/DiskImages.framework/Versions/A/DiskImages
0x000000000a139000 	/System/Library/Frameworks/DiscRecording.framework/Versions/A/DiscRecording
0x000000000a139000 	/usr/lib/libcsfde.dylib
0x000000000a139000 	/usr/lib/libcurl.4.dylib
0x000000000a139000 	/System/Library/PrivateFrameworks/MediaKit.framework/Versions/A/MediaKit
0x000000000a139000 	/System/Library/PrivateFrameworks/ProtectedCloudStorage.framework/Versions/A/ProtectedCloudStorage
0x000000000a139000 	/usr/lib/libCoreStorage.dylib
0x000000000a139000 	/System/Library/PrivateFrameworks/EFILogin.framework/Versions/A/EFILogin
0x000000000a139000 	/usr/lib/libutil.dylib
0x000000000a139000 	/System/Library/PrivateFrameworks/FindMyDevice.framework/Versions/A/FindMyDevice
0x000000000a139000 	/System/Library/Frameworks/LDAP.framework/Versions/A/LDAP
0x000000000a139000 	/usr/lib/libsasl2.2.dylib
0x000000000a139000 	/System/Library/PrivateFrameworks/CoreDaemon.framework/Versions/B/CoreDaemon
0x000000000a139000 	/usr/lib/libcrypto.0.9.8.dylib
0x000000000a139000 	/System/Library/PrivateFrameworks/AppleSRP.framework/Versions/A/AppleSRP
0x000000000a139000 	/System/Library/PrivateFrameworks/TrustEvaluationAgent.framework/Versions/A/TrustEvaluationAgent
0x000000011b934000 	cl_kernels
0x000000000a139000 	/System/Library/Frameworks/OpenCL.framework/Versions/A/Libraries/ImageFormats/unorm8_bgra.dylib
0x000000000a139000 	/System/Library/Frameworks/OpenCL.framework/Versions/A/Libraries/ImageFormats/unorm8_rgba.dylib
0x000000000a139000 	/System/Library/PrivateFrameworks/FamilyControls.framework/Versions/A/FamilyControls
0x000000000a139000 	/System/Library/PrivateFrameworks/CommerceKit.framework/Versions/A/Frameworks/CommerceCore.framework/Versions/A/CommerceCore
0x000000000a139000 	/System/Library/PrivateFrameworks/SystemAdministration.framework/Versions/A/SystemAdministration
0x000000000a139000 	/System/Library/PrivateFrameworks/AppContainer.framework/Versions/A/AppContainer
0x000000000a139000 	/System/Library/PrivateFrameworks/SecCodeWrapper.framework/Versions/A/SecCodeWrapper
0x000000000a139000 	/System/Library/Frameworks/DirectoryService.framework/Versions/A/DirectoryService
0x000000000a139000 	/System/Library/PrivateFrameworks/LoginUIKit.framework/Versions/A/Frameworks/LoginUICore.framework/Versions/A/LoginUICore
0x000000000a139000 	/usr/lib/libodfde.dylib
0x000000000a139000 	/System/Library/Frameworks/OpenGL.framework/Versions/A/Resources/GLEngine.bundle/GLEngine
0x000000000a139000 	/System/Library/Frameworks/OpenGL.framework/Versions/A/Libraries/libGLProgrammability.dylib
0x000000011d7b3000 	/System/Library/Extensions/AppleIntelHD5000GraphicsGLDriver.bundle/Contents/MacOS/AppleIntelHD5000GraphicsGLDriver
0x000000000a139000 	/System/Library/PrivateFrameworks/GPUSupport.framework/Versions/A/Libraries/libGPUSupportMercury.dylib
0x000000000a139000 	/System/Library/Frameworks/OpenGL.framework/Versions/A/Resources/GLRendererFloat.bundle/GLRendererFloat
0x000000011e7a9000 	/Library/Java/JavaVirtualMachines/jdk1.8.0_102.jdk/Contents/Home/jre/lib/libfontmanager.dylib
0x000000011fc49000 	/Library/Java/JavaVirtualMachines/jdk1.8.0_102.jdk/Contents/Home/jre/lib/libosxui.dylib
0x0000000120927000 	/Library/Java/JavaVirtualMachines/jdk1.8.0_102.jdk/Contents/Home/jre/lib/libnet.dylib
0x000000012073b000 	/Library/Java/JavaVirtualMachines/jdk1.8.0_102.jdk/Contents/Home/jre/lib/libnio.dylib
0x000000000a139000 	/System/Library/Frameworks/ApplicationServices.framework/Versions/A/Frameworks/ATS.framework/Versions/A/Resources/libTrueTypeScaler.dylib
0x0000000171847000 	/System/Library/Extensions/AppleIntelHD5000GraphicsMTLDriver.bundle/Contents/MacOS/AppleIntelHD5000GraphicsMTLDriver
0x000000011bd2f000 	/private/var/folders/f2/4qkyxzd93r37rthb6tddfj8m0000gn/T/jogamp_0000/file_cache/jln5773311118799348954/jln8318613059754881065/libgluegen-rt.jnilib
0x000000011bd34000 	/private/var/folders/f2/4qkyxzd93r37rthb6tddfj8m0000gn/T/jogamp_0000/file_cache/jln5773311118799348954/jln8318613059754881065/libnativewindow_awt.jnilib
0x000000011bd37000 	/Library/Java/JavaVirtualMachines/jdk1.8.0_102.jdk/Contents/Home/jre/lib/libjawt.dylib
0x000000011bd3a000 	/private/var/folders/f2/4qkyxzd93r37rthb6tddfj8m0000gn/T/jogamp_0000/file_cache/jln5773311118799348954/jln8318613059754881065/libnativewindow_macosx.jnilib
0x00000001731ab000 	/private/var/folders/f2/4qkyxzd93r37rthb6tddfj8m0000gn/T/jogamp_0000/file_cache/jln5773311118799348954/jln8318613059754881065/libjogl_desktop.jnilib
0x000000017809c000 	/Library/Java/JavaVirtualMachines/jdk1.8.0_102.jdk/Contents/Home/jre/lib/libjpeg.dylib

VM Arguments:
jvm_args: -Djava.security.policy=java.policy.applet -Dfile.encoding=UTF-8 
java_command: sun.applet.AppletViewer module1.HelloWorld1473543462341.html
java_class_path (initial): /Users/Yoni/Projects/eclipse/UCSDUnfoldingMaps/build:/Users/Yoni/Projects/eclipse/UCSDUnfoldingMaps/lib/core.jar:/Users/Yoni/Projects/eclipse/UCSDUnfoldingMaps/lib/gluegen-rt.jar:/Users/Yoni/Projects/eclipse/UCSDUnfoldingMaps/lib/jogl-all.jar:/Users/Yoni/Projects/eclipse/UCSDUnfoldingMaps/lib/log4j-1.2.15.jar:/Users/Yoni/Projects/eclipse/UCSDUnfoldingMaps/lib/sqlite-jdbc-3.7.2.jar:/Users/Yoni/Projects/eclipse/UCSDUnfoldingMaps/lib/json4processing.jar:/Users/Yoni/Projects/eclipse/UCSDUnfoldingMaps/lib/libTUIO.jar:/Users/Yoni/Projects/eclipse/UCSDUnfoldingMaps/lib/unfolding.0.9.7-uscd.jar
Launcher Type: SUN_STANDARD

Environment Variables:
PATH=/usr/bin:/bin:/usr/sbin:/sbin:/usr/local/bin
SHELL=/bin/bash

Signal Handlers:
SIGSEGV: [libjvm.dylib+0x5b0579], sa_mask[0]=11111111011111110111111111111111, sa_flags=SA_ONSTACK|SA_RESTART|SA_SIGINFO
SIGBUS: [libjvm.dylib+0x5b0579], sa_mask[0]=11111111011111110111111111111111, sa_flags=SA_RESTART|SA_SIGINFO
SIGFPE: [libjvm.dylib+0x4874e4], sa_mask[0]=11111111011111110111111111111111, sa_flags=SA_RESTART|SA_SIGINFO
SIGPIPE: [libjvm.dylib+0x4874e4], sa_mask[0]=11111111011111110111111111111111, sa_flags=SA_RESTART|SA_SIGINFO
SIGXFSZ: [libjvm.dylib+0x4874e4], sa_mask[0]=11111111011111110111111111111111, sa_flags=SA_RESTART|SA_SIGINFO
SIGILL: [libjvm.dylib+0x4874e4], sa_mask[0]=11111111011111110111111111111111, sa_flags=SA_RESTART|SA_SIGINFO
SIGUSR1: SIG_DFL, sa_mask[0]=00000000000000000000000000000000, sa_flags=none
SIGUSR2: [libjvm.dylib+0x487002], sa_mask[0]=00100000000000000000000000000000, sa_flags=SA_RESTART|SA_SIGINFO
SIGHUP: [libjvm.dylib+0x4855d9], sa_mask[0]=11111111011111110111111111111111, sa_flags=SA_RESTART|SA_SIGINFO
SIGINT: [libjvm.dylib+0x4855d9], sa_mask[0]=11111111011111110111111111111111, sa_flags=SA_RESTART|SA_SIGINFO
SIGTERM: [libjvm.dylib+0x4855d9], sa_mask[0]=11111111011111110111111111111111, sa_flags=SA_RESTART|SA_SIGINFO
SIGQUIT: [libjvm.dylib+0x4855d9], sa_mask[0]=11111111011111110111111111111111, sa_flags=SA_RESTART|SA_SIGINFO


---------------  S Y S T E M  ---------------

OS:Bsduname:Darwin 15.6.0 Darwin Kernel Version 15.6.0: Mon Aug 29 20:21:34 PDT 2016; root:xnu-3248.60.11~1/RELEASE_X86_64 x86_64
rlimit: STACK 8192k, CORE 0k, NPROC 709, NOFILE 10240, AS infinity
load average:2.00 1.67 1.52

CPU:total 4 (2 cores per cpu, 2 threads per core) family 6 model 69 stepping 1, cmov, cx8, fxsr, mmx, sse, sse2, sse3, ssse3, sse4.1, sse4.2, popcnt, avx, avx2, aes, clmul, erms, lzcnt, ht, tsc, tscinvbit, bmi1, bmi2

Memory: 4k page, physical 4194304k(29728k free)

/proc/meminfo:


vm_info: Java HotSpot(TM) 64-Bit Server VM (25.102-b14) for bsd-amd64 JRE (1.8.0_102-b14), built on Jun 22 2016 11:42:36 by "java_re" with gcc 4.2.1 (Based on Apple Inc. build 5658) (LLVM build 2336.11.00)

time: Sat Sep 10 17:39:01 2016
elapsed time: 79 seconds (0d 0h 1m 19s)

