#
# A fatal error has been detected by the Java Runtime Environment:
#
#  SIGSEGV (0xb) at pc=0x00007fff8e91d4e9, pid=4165, tid=0x0000000000000a0b
#
# JRE version: Java(TM) SE Runtime Environment (8.0_102-b14) (build 1.8.0_102-b14)
# Java VM: Java HotSpot(TM) 64-Bit Server VM (25.102-b14 mixed mode bsd-amd64 compressed oops)
# Problematic frame:
# C  [libobjc.A.dylib+0x14e9]  objc_msgSend+0x29
#
# Failed to write core dump. Core dumps have been disabled. To enable core dumping, try "ulimit -c unlimited" before starting Java again
#
# If you would like to submit a bug report, please visit:
#   http://bugreport.java.com/bugreport/crash.jsp
# The crash happened outside the Java Virtual Machine in native code.
# See problematic frame for where to report the bug.
#

---------------  T H R E A D  ---------------

Current thread (0x00007faee1a00800):  JavaThread "AWT-AppKit" daemon [_thread_in_native, id=2571, stack(0x00007fff5748b000,0x00007fff57c8b000)]

siginfo: si_signo: 11 (SIGSEGV), si_code: 1 (SEGV_MAPERR), si_addr: 0x0000000000000000

Registers:
RAX=0x00007faee07c80d0, RBX=0x00000001759c1450, RCX=0x000000011ff7e3c0, RDX=0x000000011ff7e240
RSP=0x00007fff57c86278, RBP=0x00007fff57c86330, RSI=0x00007fff9fa37cbe, RDI=0x00007faee07de110
R8 =0x0000000000000000, R9 =0x00000000000008b0, R10=0x0000000000000000, R11=0x00007faee1b50000
R12=0x0000000000000000, R13=0x00000001778b5bd0, R14=0x00000001759c1440, R15=0x00007faee1a00800
RIP=0x00007fff8e91d4e9, EFLAGS=0x0000000000010246, ERR=0x0000000000000004
  TRAPNO=0x000000000000000e

Top of Stack: (sp=0x00007fff57c86278)
0x00007fff57c86278:   00000001759bf157 00007fff57c862d0
0x00007fff57c86288:   0000000000000003 00007fff57c862b0
0x00007fff57c86298:   00000001095f2e32 00000001778b5bd0
0x00007fff57c862a8:   00000001778b5bd0 00007faee07c80d0
0x00007fff57c862b8:   00000001759c16a0 00000001759c1710
0x00007fff57c862c8:   00007fff7e174770 00007fff7d71d500
0x00007fff57c862d8:   00000001759c1450 00000001759c1690
0x00007fff57c862e8:   00007faee07c80d0 00007faee07de110
0x00007fff57c862f8:   00007faee0725ae0 00007faee07c80d0
0x00007fff57c86308:   00007faee07de110 00007fff57c863b8
0x00007fff57c86318:   00007faee1a009f8 00000001778b5bd0
0x00007fff57c86328:   00007fff57c863e0 00007fff57c863a8
0x00007fff57c86338:   000000010a3b89d4 00000001778b5bd0
0x00007fff57c86348:   00007fff57c863e0 00007fff57c863a8
0x00007fff57c86358:   000000010a3b8767 000000010a3b8722
0x00007fff57c86368:   00007fff57c86368 00000001778b5bd0
0x00007fff57c86378:   00007fff57c863e0 00000001778b8808
0x00007fff57c86388:   0000000000000000 00000001778b5bd0
0x00007fff57c86398:   0000000000000000 00007fff57c863c8
0x00007fff57c863a8:   00007fff57c86428 000000010a3a92bd
0x00007fff57c863b8:   0000000780e32130 000000010a3b2538
0x00007fff57c863c8:   00007faee07c80d0 00007fff57c86428
0x00007fff57c863d8:   00007faee07de110 000000010a3b3e02
0x00007fff57c863e8:   00007fff57c863e8 00000001778b5d9a
0x00007fff57c863f8:   00007fff57c86450 00000001778b8808
0x00007fff57c86408:   0000000000000000 00000001778b5da8
0x00007fff57c86418:   00007fff57c863c8 00007fff57c86438
0x00007fff57c86428:   00007fff57c86498 000000010a3a92bd
0x00007fff57c86438:   00007faee07c80d0 0000000780eb74c8
0x00007fff57c86448:   00007faee07de110 0000000780eb74c8
0x00007fff57c86458:   00007fff57c86458 000000017f69eeee
0x00007fff57c86468:   00007fff57c864a8 000000017f69efa8 

Instructions: (pc=0x00007fff8e91d4e9)
0x00007fff8e91d4c9:   01 2e 75 66 49 bb f8 ff ff ff ff 7f 00 00 4c 23
0x00007fff8e91d4d9:   1f 49 89 f2 45 23 53 18 49 c1 e2 04 4d 03 53 10
0x00007fff8e91d4e9:   49 3b 32 75 04 41 ff 62 08 49 83 3a 01 76 0d 49
0x00007fff8e91d4f9:   83 c2 10 49 3b 32 75 f1 41 ff 62 08 72 40 4d 8b 

Register to memory mapping:

RAX=0x00007faee07c80d0 is an unknown value
RBX=0x00000001759c1450: Java_jogamp_nativewindow_macosx_OSXUtil_GetScreenRefreshRate0+0x1cf0 in /private/var/folders/f2/4qkyxzd93r37rthb6tddfj8m0000gn/T/jogamp_0000/file_cache/jln2058124833424811790/jln6856905291138046569/libnativewindow_macosx.jnilib at 0x00000001759ba000
RCX=0x000000011ff7e3c0 is an unknown value
RDX=0x000000011ff7e240 is an unknown value
RSP=0x00007fff57c86278 is pointing into the stack for thread: 0x00007faee1a00800
RBP=0x00007fff57c86330 is pointing into the stack for thread: 0x00007faee1a00800
RSI=0x00007fff9fa37cbe is an unknown value
RDI=0x00007faee07de110 is an unknown value
R8 =0x0000000000000000 is an unknown value
R9 =0x00000000000008b0 is an unknown value
R10=0x0000000000000000 is an unknown value
R11=0x00007faee1b50000 is a thread
R12=0x0000000000000000 is an unknown value
R13={method} {0x00000001778b5bd0} 'UnsetJAWTRootSurfaceLayer0' '(JJ)V' in 'jogamp/nativewindow/jawt/macosx/MacOSXJAWTWindow'
R14=0x00000001759c1440: Java_jogamp_nativewindow_macosx_OSXUtil_GetScreenRefreshRate0+0x1ce0 in /private/var/folders/f2/4qkyxzd93r37rthb6tddfj8m0000gn/T/jogamp_0000/file_cache/jln2058124833424811790/jln6856905291138046569/libnativewindow_macosx.jnilib at 0x00000001759ba000
R15=0x00007faee1a00800 is a thread


Stack: [0x00007fff5748b000,0x00007fff57c8b000],  sp=0x00007fff57c86278,  free space=8172k
Native frames: (J=compiled Java code, j=interpreted, Vv=VM code, C=native code)
C  [libobjc.A.dylib+0x14e9]  objc_msgSend+0x29
j  jogamp.nativewindow.jawt.macosx.MacOSXJAWTWindow.UnsetJAWTRootSurfaceLayer0(JJ)V+0
j  jogamp.nativewindow.jawt.macosx.MacOSXJAWTWindow.access$200(JJ)V+2
j  jogamp.nativewindow.jawt.macosx.MacOSXJAWTWindow$1.run()V+38
J 2270 C1 com.jogamp.common.util.RunnableTask.run()V (345 bytes) @ 0x000000010aba90f4 [0x000000010aba8f60+0x194]
v  ~StubRoutines::call_stub
V  [libjvm.dylib+0x2ed5e2]  JavaCalls::call_helper(JavaValue*, methodHandle*, JavaCallArguments*, Thread*)+0x6ae
V  [libjvm.dylib+0x324771]  jni_invoke_nonstatic(JNIEnv_*, JavaValue*, _jobject*, JNICallType, _jmethodID*, JNI_ArgumentPusher*, Thread*)+0x2ec
V  [libjvm.dylib+0x316f3f]  jni_CallVoidMethod+0x16b
C  [libnativewindow_macosx.jnilib+0x5326]  Java_jogamp_nativewindow_jawt_macosx_MacOSXJAWTWindow_UnsetJAWTRootSurfaceLayer0+0x2b6
C  [Foundation+0x76fde]  __NSThreadPerformPerform+0x117
C  [CoreFoundation+0xaa881]  __CFRUNLOOP_IS_CALLING_OUT_TO_A_SOURCE0_PERFORM_FUNCTION__+0x11
C  [CoreFoundation+0x89fbc]  __CFRunLoopDoSources0+0x22c
C  [CoreFoundation+0x894df]  __CFRunLoopRun+0x39f
C  [CoreFoundation+0x88ed8]  CFRunLoopRunSpecific+0x128
C  [HIToolbox+0x30935]  RunCurrentEventLoopInMode+0xeb
C  [HIToolbox+0x30677]  ReceiveNextEventCommon+0xb8
C  [HIToolbox+0x305af]  _BlockUntilNextEventMatchingListInModeWithFilter+0x47
C  [AppKit+0x48df6]  _DPSNextEvent+0x42b
C  [AppKit+0x48226]  -[NSApplication _nextEventMatchingEventMask:untilDate:inMode:dequeue:]+0x1c6
C  [libosxapp.dylib+0x23aa]  -[NSApplicationAWT nextEventMatchingMask:untilDate:inMode:dequeue:]+0x7c
C  [AppKit+0x3cd80]  -[NSApplication run]+0x2aa
C  [libosxapp.dylib+0x214d]  +[NSApplicationAWT runAWTLoopWithApp:]+0x9c
C  [libawt_lwawt.dylib+0x444b3]  -[AWTStarter starter:]+0x389
C  [Foundation+0x76fde]  __NSThreadPerformPerform+0x117
C  [CoreFoundation+0xaa881]  __CFRUNLOOP_IS_CALLING_OUT_TO_A_SOURCE0_PERFORM_FUNCTION__+0x11
C  [CoreFoundation+0x89fbc]  __CFRunLoopDoSources0+0x22c
C  [CoreFoundation+0x894df]  __CFRunLoopRun+0x39f
C  [CoreFoundation+0x88ed8]  CFRunLoopRunSpecific+0x128
C  [java+0x6465]  CreateExecutionEnvironment+0x367
C  [java+0x218c]  JLI_Launch+0x7a0
C  [java+0x84c2]  main+0x65
C  [java+0x19e4]  start+0x34
C  0x0000000000000007

Java frames: (J=compiled Java code, j=interpreted, Vv=VM code)
j  jogamp.nativewindow.jawt.macosx.MacOSXJAWTWindow.UnsetJAWTRootSurfaceLayer0(JJ)V+0
j  jogamp.nativewindow.jawt.macosx.MacOSXJAWTWindow.access$200(JJ)V+2
j  jogamp.nativewindow.jawt.macosx.MacOSXJAWTWindow$1.run()V+38
J 2270 C1 com.jogamp.common.util.RunnableTask.run()V (345 bytes) @ 0x000000010aba90f4 [0x000000010aba8f60+0x194]
v  ~StubRoutines::call_stub

---------------  P R O C E S S  ---------------

Java Threads: ( => current thread )
  0x00007faee1b50000 JavaThread "Thread-19" [_thread_blocked, id=33439, stack(0x00007000019ee000,0x0000700001aee000)]
  0x00007faee1cd8000 JavaThread "Animation Thread" [_thread_blocked, id=58151, stack(0x0000700001765000,0x0000700001865000)]
  0x00007faee0b6b800 JavaThread "AWT-EventQueue-1" [_thread_in_native, id=58659, stack(0x0000700001868000,0x0000700001968000)]
  0x00007faee103f000 JavaThread "DestroyJavaVM" [_thread_blocked, id=5891, stack(0x000070000011a000,0x000070000021a000)]
  0x00007faee1afc800 JavaThread "AWT-EventQueue-0" [_thread_blocked, id=56067, stack(0x0000700001662000,0x0000700001762000)]
  0x00007faee1ae4800 JavaThread "Java2D Disposer" daemon [_thread_blocked, id=52739, stack(0x00007000013d9000,0x00007000014d9000)]
  0x00007faee08fb000 JavaThread "Java2D Queue Flusher" daemon [_thread_blocked, id=48907, stack(0x00007000012d6000,0x00007000013d6000)]
  0x00007faee1a0b800 JavaThread "AWT-Shutdown" [_thread_blocked, id=28947, stack(0x00007000010cd000,0x00007000011cd000)]
=>0x00007faee1a00800 JavaThread "AWT-AppKit" daemon [_thread_in_native, id=2571, stack(0x00007fff5748b000,0x00007fff57c8b000)]
  0x00007faee185f800 JavaThread "Service Thread" daemon [_thread_blocked, id=18691, stack(0x0000700000e44000,0x0000700000f44000)]
  0x00007faee0817000 JavaThread "C1 CompilerThread2" daemon [_thread_blocked, id=18179, stack(0x0000700000d41000,0x0000700000e41000)]
  0x00007faee0816800 JavaThread "C2 CompilerThread1" daemon [_thread_blocked, id=17667, stack(0x0000700000c3e000,0x0000700000d3e000)]
  0x00007faee1854800 JavaThread "C2 CompilerThread0" daemon [_thread_blocked, id=17155, stack(0x0000700000b3b000,0x0000700000c3b000)]
  0x00007faee186a800 JavaThread "Signal Dispatcher" daemon [_thread_blocked, id=14351, stack(0x0000700000a38000,0x0000700000b38000)]
  0x00007faee0842800 JavaThread "Finalizer" daemon [_thread_blocked, id=12291, stack(0x000070000082f000,0x000070000092f000)]
  0x00007faee0840000 JavaThread "Reference Handler" daemon [_thread_blocked, id=11779, stack(0x000070000072c000,0x000070000082c000)]

Other Threads:
  0x00007faee083b000 VMThread [stack: 0x0000700000629000,0x0000700000729000] [id=11267]
  0x00007faee0816000 WatcherThread [stack: 0x0000700000f47000,0x0000700001047000] [id=19203]

VM state:not at safepoint (normal execution)

VM Mutex/Monitor currently owned by a thread: None

Heap:
 PSYoungGen      total 57344K, used 41121K [0x00000007aab00000, 0x00000007b0180000, 0x00000007c0000000)
  eden space 56832K, 72% used [0x00000007aab00000,0x00000007ad3184e0,0x00000007ae280000)
  from space 512K, 12% used [0x00000007b0100000,0x00000007b0110000,0x00000007b0180000)
  to   space 11776K, 0% used [0x00000007aea80000,0x00000007aea80000,0x00000007af600000)
 ParOldGen       total 45568K, used 15380K [0x0000000780000000, 0x0000000782c80000, 0x00000007aab00000)
  object space 45568K, 33% used [0x0000000780000000,0x0000000780f052e0,0x0000000782c80000)
 Metaspace       used 20999K, capacity 21147K, committed 21552K, reserved 1069056K
  class space    used 2049K, capacity 2112K, committed 2176K, reserved 1048576K

Card table byte_map: [0x0000000119761000,0x0000000119962000] byte_map_base: 0x0000000115b61000

Marking Bits: (ParMarkBitMap*) 0x0000000109cefd20
 Begin Bits: [0x0000000119ab8000, 0x000000011aab8000)
 End Bits:   [0x000000011aab8000, 0x000000011bab8000)

Polling page: 0x0000000107f93000

CodeCache: size=245760Kb used=9371Kb max_used=9635Kb free=236388Kb
 bounds [0x000000010a3a1000, 0x000000010ad41000, 0x00000001193a1000]
 total_blobs=3471 nmethods=2582 adapters=802
 compilation: enabled

Compilation events (10 events):
Event: 81.409 Thread 0x00007faee1854800 nmethod 2754 0x000000010a4b9750 code [0x000000010a4b98c0, 0x000000010a4b9a08]
Event: 81.409 Thread 0x00007faee0817000 nmethod 2757 0x000000010a515890 code [0x000000010a515a00, 0x000000010a515c28]
Event: 81.604 Thread 0x00007faee0816800 2759       4       java.util.concurrent.locks.ReentrantLock::lock (8 bytes)
Event: 81.606 Thread 0x00007faee0816800 nmethod 2759 0x000000010a515510 code [0x000000010a515660, 0x000000010a515748]
Event: 81.704 Thread 0x00007faee0817000 2760   !   3       java.awt.EventQueue::isDispatchThreadImpl (99 bytes)
Event: 81.706 Thread 0x00007faee0817000 nmethod 2760 0x000000010a709350 code [0x000000010a709560, 0x000000010a70a0a8]
Event: 82.604 Thread 0x00007faee0817000 2761       3       java.awt.Rectangle::intersection (180 bytes)
Event: 82.605 Thread 0x00007faee0817000 nmethod 2761 0x000000010a55db10 code [0x000000010a55dca0, 0x000000010a55e1d0]
Event: 82.625 Thread 0x00007faee0817000 2762       3       sun.net.www.ParseUtil::canonizeString (195 bytes)
Event: 82.628 Thread 0x00007faee0817000 nmethod 2762 0x000000010a6e4310 code [0x000000010a6e46e0, 0x000000010a6e6b28]

GC Heap History (10 events):
Event: 23.839 GC heap before
{Heap before GC invocations=9 (full 1):
 PSYoungGen      total 67584K, used 55296K [0x00000007aab00000, 0x00000007b0100000, 0x00000007c0000000)
  eden space 55296K, 100% used [0x00000007aab00000,0x00000007ae100000,0x00000007ae100000)
  from space 12288K, 0% used [0x00000007ae100000,0x00000007ae100000,0x00000007aed00000)
  to   space 12288K, 0% used [0x00000007af500000,0x00000007af500000,0x00000007b0100000)
 ParOldGen       total 45568K, used 15308K [0x0000000780000000, 0x0000000782c80000, 0x00000007aab00000)
  object space 45568K, 33% used [0x0000000780000000,0x0000000780ef32e0,0x0000000782c80000)
 Metaspace       used 20962K, capacity 21141K, committed 21552K, reserved 1069056K
  class space    used 2041K, capacity 2111K, committed 2176K, reserved 1048576K
Event: 23.841 GC heap after
Heap after GC invocations=9 (full 1):
 PSYoungGen      total 75264K, used 128K [0x00000007aab00000, 0x00000007b1f80000, 0x00000007c0000000)
  eden space 62976K, 0% used [0x00000007aab00000,0x00000007aab00000,0x00000007ae880000)
  from space 12288K, 1% used [0x00000007af500000,0x00000007af520000,0x00000007b0100000)
  to   space 12800K, 0% used [0x00000007ae880000,0x00000007ae880000,0x00000007af500000)
 ParOldGen       total 45568K, used 15316K [0x0000000780000000, 0x0000000782c80000, 0x00000007aab00000)
  object space 45568K, 33% used [0x0000000780000000,0x0000000780ef52e0,0x0000000782c80000)
 Metaspace       used 20962K, capacity 21141K, committed 21552K, reserved 1069056K
  class space    used 2041K, capacity 2111K, committed 2176K, reserved 1048576K
}
Event: 36.790 GC heap before
{Heap before GC invocations=10 (full 1):
 PSYoungGen      total 75264K, used 63104K [0x00000007aab00000, 0x00000007b1f80000, 0x00000007c0000000)
  eden space 62976K, 100% used [0x00000007aab00000,0x00000007ae880000,0x00000007ae880000)
  from space 12288K, 1% used [0x00000007af500000,0x00000007af520000,0x00000007b0100000)
  to   space 12800K, 0% used [0x00000007ae880000,0x00000007ae880000,0x00000007af500000)
 ParOldGen       total 45568K, used 15316K [0x0000000780000000, 0x0000000782c80000, 0x00000007aab00000)
  object space 45568K, 33% used [0x0000000780000000,0x0000000780ef52e0,0x0000000782c80000)
 Metaspace       used 20962K, capacity 21141K, committed 21552K, reserved 1069056K
  class space    used 2041K, capacity 2111K, committed 2176K, reserved 1048576K
Event: 36.792 GC heap after
Heap after GC invocations=10 (full 1):
 PSYoungGen      total 75776K, used 128K [0x00000007aab00000, 0x00000007b1900000, 0x00000007c0000000)
  eden space 62976K, 0% used [0x00000007aab00000,0x00000007aab00000,0x00000007ae880000)
  from space 12800K, 1% used [0x00000007ae880000,0x00000007ae8a0000,0x00000007af500000)
  to   space 12800K, 0% used [0x00000007b0c80000,0x00000007b0c80000,0x00000007b1900000)
 ParOldGen       total 45568K, used 15324K [0x0000000780000000, 0x0000000782c80000, 0x00000007aab00000)
  object space 45568K, 33% used [0x0000000780000000,0x0000000780ef72e0,0x0000000782c80000)
 Metaspace       used 20962K, capacity 21141K, committed 21552K, reserved 1069056K
  class space    used 2041K, capacity 2111K, committed 2176K, reserved 1048576K
}
Event: 49.774 GC heap before
{Heap before GC invocations=11 (full 1):
 PSYoungGen      total 75776K, used 63104K [0x00000007aab00000, 0x00000007b1900000, 0x00000007c0000000)
  eden space 62976K, 100% used [0x00000007aab00000,0x00000007ae880000,0x00000007ae880000)
  from space 12800K, 1% used [0x00000007ae880000,0x00000007ae8a0000,0x00000007af500000)
  to   space 12800K, 0% used [0x00000007b0c80000,0x00000007b0c80000,0x00000007b1900000)
 ParOldGen       total 45568K, used 15324K [0x0000000780000000, 0x0000000782c80000, 0x00000007aab00000)
  object space 45568K, 33% used [0x0000000780000000,0x0000000780ef72e0,0x0000000782c80000)
 Metaspace       used 20962K, capacity 21141K, committed 21552K, reserved 1069056K
  class space    used 2041K, capacity 2111K, committed 2176K, reserved 1048576K
Event: 49.776 GC heap after
Heap after GC invocations=11 (full 1):
 PSYoungGen      total 61440K, used 128K [0x00000007aab00000, 0x00000007b0d00000, 0x00000007c0000000)
  eden space 60928K, 0% used [0x00000007aab00000,0x00000007aab00000,0x00000007ae680000)
  from space 512K, 25% used [0x00000007b0c80000,0x00000007b0ca0000,0x00000007b0d00000)
  to   space 12288K, 0% used [0x00000007af500000,0x00000007af500000,0x00000007b0100000)
 ParOldGen       total 45568K, used 15348K [0x0000000780000000, 0x0000000782c80000, 0x00000007aab00000)
  object space 45568K, 33% used [0x0000000780000000,0x0000000780efd2e0,0x0000000782c80000)
 Metaspace       used 20962K, capacity 21141K, committed 21552K, reserved 1069056K
  class space    used 2041K, capacity 2111K, committed 2176K, reserved 1048576K
}
Event: 62.355 GC heap before
{Heap before GC invocations=12 (full 1):
 PSYoungGen      total 61440K, used 61056K [0x00000007aab00000, 0x00000007b0d00000, 0x00000007c0000000)
  eden space 60928K, 100% used [0x00000007aab00000,0x00000007ae680000,0x00000007ae680000)
  from space 512K, 25% used [0x00000007b0c80000,0x00000007b0ca0000,0x00000007b0d00000)
  to   space 12288K, 0% used [0x00000007af500000,0x00000007af500000,0x00000007b0100000)
 ParOldGen       total 45568K, used 15348K [0x0000000780000000, 0x0000000782c80000, 0x00000007aab00000)
  object space 45568K, 33% used [0x0000000780000000,0x0000000780efd2e0,0x0000000782c80000)
 Metaspace       used 20962K, capacity 21141K, committed 21552K, reserved 1069056K
  class space    used 2041K, capacity 2111K, committed 2176K, reserved 1048576K
Event: 62.357 GC heap after
Heap after GC invocations=12 (full 1):
 PSYoungGen      total 71168K, used 128K [0x00000007aab00000, 0x00000007b0d00000, 0x00000007c0000000)
  eden space 58880K, 0% used [0x00000007aab00000,0x00000007aab00000,0x00000007ae480000)
  from space 12288K, 1% used [0x00000007af500000,0x00000007af520000,0x00000007b0100000)
  to   space 12288K, 0% used [0x00000007b0100000,0x00000007b0100000,0x00000007b0d00000)
 ParOldGen       total 45568K, used 15372K [0x0000000780000000, 0x0000000782c80000, 0x00000007aab00000)
  object space 45568K, 33% used [0x0000000780000000,0x0000000780f032e0,0x0000000782c80000)
 Metaspace       used 20962K, capacity 21141K, committed 21552K, reserved 1069056K
  class space    used 2041K, capacity 2111K, committed 2176K, reserved 1048576K
}
Event: 74.490 GC heap before
{Heap before GC invocations=13 (full 1):
 PSYoungGen      total 71168K, used 59008K [0x00000007aab00000, 0x00000007b0d00000, 0x00000007c0000000)
  eden space 58880K, 100% used [0x00000007aab00000,0x00000007ae480000,0x00000007ae480000)
  from space 12288K, 1% used [0x00000007af500000,0x00000007af520000,0x00000007b0100000)
  to   space 12288K, 0% used [0x00000007b0100000,0x00000007b0100000,0x00000007b0d00000)
 ParOldGen       total 45568K, used 15372K [0x0000000780000000, 0x0000000782c80000, 0x00000007aab00000)
  object space 45568K, 33% used [0x0000000780000000,0x0000000780f032e0,0x0000000782c80000)
 Metaspace       used 20962K, capacity 21141K, committed 21552K, reserved 1069056K
  class space    used 2041K, capacity 2111K, committed 2176K, reserved 1048576K
Event: 74.492 GC heap after
Heap after GC invocations=13 (full 1):
 PSYoungGen      total 57344K, used 64K [0x00000007aab00000, 0x00000007b0180000, 0x00000007c0000000)
  eden space 56832K, 0% used [0x00000007aab00000,0x00000007aab00000,0x00000007ae280000)
  from space 512K, 12% used [0x00000007b0100000,0x00000007b0110000,0x00000007b0180000)
  to   space 11776K, 0% used [0x00000007aea80000,0x00000007aea80000,0x00000007af600000)
 ParOldGen       total 45568K, used 15380K [0x0000000780000000, 0x0000000782c80000, 0x00000007aab00000)
  object space 45568K, 33% used [0x0000000780000000,0x0000000780f052e0,0x0000000782c80000)
 Metaspace       used 20962K, capacity 21141K, committed 21552K, reserved 1069056K
  class space    used 2041K, capacity 2111K, committed 2176K, reserved 1048576K
}

Deoptimization events (10 events):
Event: 81.001 Thread 0x00007faee0b6b800 Uncommon trap: reason=unstable_if action=reinterpret pc=0x000000010a767204 method=java.util.LinkedList$ListItr.<init>(Ljava/util/LinkedList;I)V @ 26
Event: 82.604 Thread 0x00007faee1afc800 Uncommon trap: reason=unstable_if action=reinterpret pc=0x000000010a744e48 method=java.awt.EventQueue.getPriority(Ljava/awt/AWTEvent;)I @ 71
Event: 82.605 Thread 0x00007faee1afc800 Uncommon trap: reason=unstable_if action=reinterpret pc=0x000000010a6e1398 method=sun.lwawt.LWContainerPeer.cutChildren(Lsun/java2d/pipe/Region;Lsun/lwawt/LWComponentPeer;)Lsun/java2d/pipe/Region; @ 67
Event: 82.605 Thread 0x00007faee1afc800 Uncommon trap: reason=unstable_if action=reinterpret pc=0x000000010a7748ac method=sun.java2d.SunGraphics2D.validateCompClip()V @ 9
Event: 82.606 Thread 0x00007faee1afc800 Uncommon trap: reason=unstable_if action=reinterpret pc=0x000000010ad1aae8 method=sun.java2d.pipe.Region.isEmpty()Z @ 19
Event: 82.607 Thread 0x00007faee1afc800 Uncommon trap: reason=unstable_if action=reinterpret pc=0x000000010a4bc060 method=sun.java2d.pipe.Region.isInsideXYXY(IIII)Z @ 30
Event: 82.618 Thread 0x00007faee093c800 Uncommon trap: reason=unstable_if action=reinterpret pc=0x000000010a877928 method=java.util.HashMap.putVal(ILjava/lang/Object;Ljava/lang/Object;ZZ)Ljava/lang/Object; @ 81
Event: 82.618 Thread 0x00007faee093c800 Uncommon trap: reason=unstable_if action=reinterpret pc=0x000000010a7a67c0 method=java.util.HashMap.putVal(ILjava/lang/Object;Ljava/lang/Object;ZZ)Ljava/lang/Object; @ 81
Event: 82.619 Thread 0x00007faee1afc800 Uncommon trap: reason=unstable_if action=reinterpret pc=0x000000010a50dba8 method=sun.java2d.pipe.Region.isEmpty()Z @ 19
Event: 82.631 Thread 0x00007faee0b6b800 Uncommon trap: reason=unstable_if action=reinterpret pc=0x000000010a8f92d8 method=java.util.LinkedList$ListItr.<init>(Ljava/util/LinkedList;I)V @ 26

Internal exceptions (10 events):
Event: 0.154 Thread 0x00007faee2006000 Exception <a 'java/lang/NoSuchFieldError': method resolution failed> (0x00000007aacb1070) thrown at [/Users/java_re/workspace/8-2-build-macosx-x86_64/jdk8u102/7268/hotspot/src/share/vm/prims/methodHandles.cpp, line 1146]
Event: 0.157 Thread 0x00007faee2006000 Exception <a 'java/lang/NoSuchFieldError': method resolution failed> (0x00000007aacbe840) thrown at [/Users/java_re/workspace/8-2-build-macosx-x86_64/jdk8u102/7268/hotspot/src/share/vm/prims/methodHandles.cpp, line 1146]
Event: 0.303 Thread 0x00007faee2006000 Exception <a 'java/io/FileNotFoundException'> (0x00000007aad3a860) thrown at [/Users/java_re/workspace/8-2-build-macosx-x86_64/jdk8u102/7268/hotspot/src/share/vm/prims/jni.cpp, line 709]
Event: 0.303 Thread 0x00007faee2006000 Exception <a 'java/io/FileNotFoundException'> (0x00000007aad3b3c0) thrown at [/Users/java_re/workspace/8-2-build-macosx-x86_64/jdk8u102/7268/hotspot/src/share/vm/prims/jni.cpp, line 709]
Event: 0.412 Thread 0x00007faee2006000 Exception <a 'java/io/FileNotFoundException'> (0x00000007aae21468) thrown at [/Users/java_re/workspace/8-2-build-macosx-x86_64/jdk8u102/7268/hotspot/src/share/vm/prims/jni.cpp, line 709]
Event: 2.208 Thread 0x00007faee0842800 Exception <a 'java/lang/NullPointerException'> (0x00000007aab86660) thrown at [/Users/java_re/workspace/8-2-build-macosx-x86_64/jdk8u102/7268/hotspot/src/share/vm/interpreter/linkResolver.cpp, line 1178]
Event: 2.298 Thread 0x00007faee1cd8000 Exception <a 'java/lang/UnsatisfiedLinkError': com.jogamp.common.util.JarUtil.fixNativeLibAttribs(Ljava/lang/String;)Z> (0x00000007aaeabd48) thrown at [/Users/java_re/workspace/8-2-build-macosx-x86_64/jdk8u102/7268/hotspot/src/share/vm/prims/nativeLookup.
Event: 3.205 Thread 0x00007faee0b6b800 Exception <a 'java/io/FileNotFoundException'> (0x00000007ab0fc8c8) thrown at [/Users/java_re/workspace/8-2-build-macosx-x86_64/jdk8u102/7268/hotspot/src/share/vm/prims/jni.cpp, line 709]
Event: 3.205 Thread 0x00007faee0b6b800 Exception <a 'java/io/FileNotFoundException'> (0x00000007ab102898) thrown at [/Users/java_re/workspace/8-2-build-macosx-x86_64/jdk8u102/7268/hotspot/src/share/vm/prims/jni.cpp, line 709]
Event: 3.205 Thread 0x00007faee0b6b800 Implicit null exception at 0x000000010a54d1b4 to 0x000000010a54d5b5

Events (10 events):
Event: 82.631 Thread 0x00007faee0b6b800 DEOPT UNPACKING pc=0x000000010a3a6229 sp=0x0000700001965710 mode 2
Event: 82.631 loading class java/awt/LightweightDispatcher$2
Event: 82.631 loading class java/awt/LightweightDispatcher$2 done
Event: 82.632 loading class java/awt/event/AWTEventListenerProxy
Event: 82.632 loading class java/awt/event/AWTEventListenerProxy done
Event: 82.632 loading class java/awt/Toolkit$ToolkitEventMulticaster
Event: 82.632 loading class java/awt/Toolkit$ToolkitEventMulticaster done
Event: 82.632 Thread 0x00007faee093c800 Thread exited: 0x00007faee093c800
Event: 82.633 loading class java/awt/Window$1DisposeAction
Event: 82.633 loading class java/awt/Window$1DisposeAction done


Dynamic libraries:
0x000000000a139000 	/System/Library/Frameworks/Cocoa.framework/Versions/A/Cocoa
0x0000000107f94000 	/System/Library/Frameworks/Security.framework/Versions/A/Security
0x000000000a139000 	/System/Library/Frameworks/ApplicationServices.framework/Versions/A/ApplicationServices
0x000000000a139000 	/usr/lib/libz.1.dylib
0x000000000a139000 	/usr/lib/libSystem.B.dylib
0x000000000a139000 	/usr/lib/libobjc.A.dylib
0x000000000a139000 	/System/Library/Frameworks/CoreFoundation.framework/Versions/A/CoreFoundation
0x000000000a139000 	/System/Library/Frameworks/Foundation.framework/Versions/C/Foundation
0x000000000a139000 	/System/Library/Frameworks/AppKit.framework/Versions/C/AppKit
0x000000000a139000 	/System/Library/Frameworks/CoreData.framework/Versions/A/CoreData
0x000000000a139000 	/System/Library/PrivateFrameworks/RemoteViewServices.framework/Versions/A/RemoteViewServices
0x000000000a139000 	/System/Library/PrivateFrameworks/UIFoundation.framework/Versions/A/UIFoundation
0x000000000a139000 	/usr/lib/libScreenReader.dylib
0x000000000a139000 	/System/Library/Frameworks/Accelerate.framework/Versions/A/Accelerate
0x000000000a139000 	/System/Library/Frameworks/IOSurface.framework/Versions/A/IOSurface
0x000000000a139000 	/System/Library/Frameworks/AudioToolbox.framework/Versions/A/AudioToolbox
0x000000000a139000 	/System/Library/Frameworks/AudioUnit.framework/Versions/A/AudioUnit
0x000000000a139000 	/System/Library/PrivateFrameworks/DataDetectorsCore.framework/Versions/A/DataDetectorsCore
0x000000000a139000 	/System/Library/PrivateFrameworks/DesktopServicesPriv.framework/Versions/A/DesktopServicesPriv
0x000000000a139000 	/System/Library/Frameworks/Carbon.framework/Versions/A/Frameworks/HIToolbox.framework/Versions/A/HIToolbox
0x000000000a139000 	/System/Library/Frameworks/QuartzCore.framework/Versions/A/QuartzCore
0x000000000a139000 	/System/Library/Frameworks/Carbon.framework/Versions/A/Frameworks/SpeechRecognition.framework/Versions/A/SpeechRecognition
0x000000000a139000 	/usr/lib/libauto.dylib
0x000000000a139000 	/usr/lib/libicucore.A.dylib
0x000000000a139000 	/usr/lib/libxml2.2.dylib
0x000000000a139000 	/System/Library/PrivateFrameworks/CoreUI.framework/Versions/A/CoreUI
0x000000000a139000 	/System/Library/Frameworks/CoreAudio.framework/Versions/A/CoreAudio
0x000000000a139000 	/System/Library/Frameworks/DiskArbitration.framework/Versions/A/DiskArbitration
0x000000000a139000 	/usr/lib/liblangid.dylib
0x000000000a139000 	/System/Library/PrivateFrameworks/MultitouchSupport.framework/Versions/A/MultitouchSupport
0x000000000a139000 	/System/Library/Frameworks/IOKit.framework/Versions/A/IOKit
0x000000000a139000 	/usr/lib/libDiagnosticMessagesClient.dylib
0x000000000a139000 	/System/Library/Frameworks/CoreServices.framework/Versions/A/CoreServices
0x000000000a139000 	/System/Library/PrivateFrameworks/PerformanceAnalysis.framework/Versions/A/PerformanceAnalysis
0x000000000a139000 	/System/Library/PrivateFrameworks/GenerationalStorage.framework/Versions/A/GenerationalStorage
0x000000000a139000 	/System/Library/Frameworks/OpenGL.framework/Versions/A/OpenGL
0x000000000a139000 	/System/Library/PrivateFrameworks/Sharing.framework/Versions/A/Sharing
0x000000000a139000 	/System/Library/Frameworks/CoreGraphics.framework/Versions/A/CoreGraphics
0x000000000a139000 	/System/Library/Frameworks/CoreImage.framework/Versions/A/CoreImage
0x000000000a139000 	/System/Library/Frameworks/CoreText.framework/Versions/A/CoreText
0x000000000a139000 	/System/Library/Frameworks/ImageIO.framework/Versions/A/ImageIO
0x000000000a139000 	/System/Library/PrivateFrameworks/Backup.framework/Versions/A/Backup
0x000000000a139000 	/usr/lib/libextension.dylib
0x000000000a139000 	/usr/lib/libarchive.2.dylib
0x00000001083b1000 	/System/Library/Frameworks/CFNetwork.framework/Versions/A/CFNetwork
0x000000000a139000 	/System/Library/Frameworks/SystemConfiguration.framework/Versions/A/SystemConfiguration
0x000000000a139000 	/usr/lib/libCRFSuite.dylib
0x000000000a139000 	/usr/lib/libc++.1.dylib
0x000000000a139000 	/usr/lib/libc++abi.dylib
0x000000000a139000 	/usr/lib/system/libcache.dylib
0x000000000a139000 	/usr/lib/system/libcommonCrypto.dylib
0x000000000a139000 	/usr/lib/system/libcompiler_rt.dylib
0x000000000a139000 	/usr/lib/system/libcopyfile.dylib
0x000000000a139000 	/usr/lib/system/libcorecrypto.dylib
0x000000000a139000 	/usr/lib/system/libdispatch.dylib
0x000000000a139000 	/usr/lib/system/libdyld.dylib
0x000000000a139000 	/usr/lib/system/libkeymgr.dylib
0x000000000a139000 	/usr/lib/system/liblaunch.dylib
0x000000000a139000 	/usr/lib/system/libmacho.dylib
0x000000000a139000 	/usr/lib/system/libquarantine.dylib
0x000000000a139000 	/usr/lib/system/libremovefile.dylib
0x000000000a139000 	/usr/lib/system/libsystem_asl.dylib
0x000000000a139000 	/usr/lib/system/libsystem_blocks.dylib
0x000000000a139000 	/usr/lib/system/libsystem_c.dylib
0x000000000a139000 	/usr/lib/system/libsystem_configuration.dylib
0x000000000a139000 	/usr/lib/system/libsystem_coreservices.dylib
0x000000000a139000 	/usr/lib/system/libsystem_coretls.dylib
0x000000000a139000 	/usr/lib/system/libsystem_dnssd.dylib
0x000000000a139000 	/usr/lib/system/libsystem_info.dylib
0x000000000a139000 	/usr/lib/system/libsystem_kernel.dylib
0x000000000a139000 	/usr/lib/system/libsystem_m.dylib
0x000000000a139000 	/usr/lib/system/libsystem_malloc.dylib
0x000000000a139000 	/usr/lib/system/libsystem_network.dylib
0x000000000a139000 	/usr/lib/system/libsystem_networkextension.dylib
0x000000000a139000 	/usr/lib/system/libsystem_notify.dylib
0x000000000a139000 	/usr/lib/system/libsystem_platform.dylib
0x000000000a139000 	/usr/lib/system/libsystem_pthread.dylib
0x000000000a139000 	/usr/lib/system/libsystem_sandbox.dylib
0x000000000a139000 	/usr/lib/system/libsystem_secinit.dylib
0x000000000a139000 	/usr/lib/system/libsystem_trace.dylib
0x000000000a139000 	/usr/lib/system/libunc.dylib
0x000000000a139000 	/usr/lib/system/libunwind.dylib
0x000000000a139000 	/usr/lib/system/libxpc.dylib
0x000000000a139000 	/usr/lib/libenergytrace.dylib
0x000000000a139000 	/usr/lib/libbsm.0.dylib
0x000000000a139000 	/usr/lib/system/libkxld.dylib
0x000000000a139000 	/usr/lib/libxar.1.dylib
0x000000000a139000 	/usr/lib/libsqlite3.dylib
0x000000000a139000 	/usr/lib/libpam.2.dylib
0x000000000a139000 	/usr/lib/libOpenScriptingUtil.dylib
0x000000000a139000 	/usr/lib/libbz2.1.0.dylib
0x000000000a139000 	/usr/lib/liblzma.5.dylib
0x000000000a139000 	/System/Library/Frameworks/CoreServices.framework/Versions/A/Frameworks/FSEvents.framework/Versions/A/FSEvents
0x000000000a139000 	/System/Library/Frameworks/CoreServices.framework/Versions/A/Frameworks/CarbonCore.framework/Versions/A/CarbonCore
0x000000000a139000 	/System/Library/Frameworks/CoreServices.framework/Versions/A/Frameworks/Metadata.framework/Versions/A/Metadata
0x000000000a139000 	/System/Library/Frameworks/CoreServices.framework/Versions/A/Frameworks/OSServices.framework/Versions/A/OSServices
0x000000000a139000 	/System/Library/Frameworks/CoreServices.framework/Versions/A/Frameworks/SearchKit.framework/Versions/A/SearchKit
0x000000000a139000 	/System/Library/Frameworks/CoreServices.framework/Versions/A/Frameworks/AE.framework/Versions/A/AE
0x000000000a139000 	/System/Library/Frameworks/CoreServices.framework/Versions/A/Frameworks/LaunchServices.framework/Versions/A/LaunchServices
0x000000000a139000 	/System/Library/Frameworks/CoreServices.framework/Versions/A/Frameworks/DictionaryServices.framework/Versions/A/DictionaryServices
0x000000000a139000 	/System/Library/Frameworks/CoreServices.framework/Versions/A/Frameworks/SharedFileList.framework/Versions/A/SharedFileList
0x000000000a139000 	/System/Library/Frameworks/NetFS.framework/Versions/A/NetFS
0x000000000a139000 	/System/Library/PrivateFrameworks/NetAuth.framework/Versions/A/NetAuth
0x000000000a139000 	/System/Library/PrivateFrameworks/login.framework/Versions/A/Frameworks/loginsupport.framework/Versions/A/loginsupport
0x000000000a139000 	/System/Library/PrivateFrameworks/TCC.framework/Versions/A/TCC
0x000000000a139000 	/usr/lib/libmecabra.dylib
0x000000000a139000 	/System/Library/Frameworks/ApplicationServices.framework/Versions/A/Frameworks/ATS.framework/Versions/A/ATS
0x000000000a139000 	/System/Library/Frameworks/ApplicationServices.framework/Versions/A/Frameworks/ColorSync.framework/Versions/A/ColorSync
0x000000000a139000 	/System/Library/Frameworks/ApplicationServices.framework/Versions/A/Frameworks/HIServices.framework/Versions/A/HIServices
0x000000000a139000 	/System/Library/Frameworks/ApplicationServices.framework/Versions/A/Frameworks/LangAnalysis.framework/Versions/A/LangAnalysis
0x000000000a139000 	/System/Library/Frameworks/ApplicationServices.framework/Versions/A/Frameworks/PrintCore.framework/Versions/A/PrintCore
0x000000000a139000 	/System/Library/Frameworks/ApplicationServices.framework/Versions/A/Frameworks/QD.framework/Versions/A/QD
0x000000000a139000 	/System/Library/Frameworks/ApplicationServices.framework/Versions/A/Frameworks/SpeechSynthesis.framework/Versions/A/SpeechSynthesis
0x000000000a139000 	/System/Library/Frameworks/Metal.framework/Versions/A/Metal
0x000000000a139000 	/System/Library/Frameworks/Accelerate.framework/Versions/A/Frameworks/vImage.framework/Versions/A/vImage
0x000000000a139000 	/System/Library/Frameworks/Accelerate.framework/Versions/A/Frameworks/vecLib.framework/Versions/A/vecLib
0x000000000a139000 	/System/Library/Frameworks/Accelerate.framework/Versions/A/Frameworks/vecLib.framework/Versions/A/libvDSP.dylib
0x000000000a139000 	/System/Library/Frameworks/Accelerate.framework/Versions/A/Frameworks/vecLib.framework/Versions/A/libvMisc.dylib
0x000000000a139000 	/System/Library/Frameworks/Accelerate.framework/Versions/A/Frameworks/vecLib.framework/Versions/A/libLAPACK.dylib
0x000000000a139000 	/System/Library/Frameworks/Accelerate.framework/Versions/A/Frameworks/vecLib.framework/Versions/A/libBLAS.dylib
0x000000000a139000 	/System/Library/Frameworks/Accelerate.framework/Versions/A/Frameworks/vecLib.framework/Versions/A/libLinearAlgebra.dylib
0x000000000a139000 	/System/Library/Frameworks/Accelerate.framework/Versions/A/Frameworks/vecLib.framework/Versions/A/libSparseBLAS.dylib
0x000000000a139000 	/System/Library/PrivateFrameworks/GPUCompiler.framework/libmetal_timestamp.dylib
0x000000000a139000 	/System/Library/Frameworks/OpenGL.framework/Versions/A/Libraries/libCoreFSCache.dylib
0x000000000a139000 	/System/Library/PrivateFrameworks/IOAccelerator.framework/Versions/A/IOAccelerator
0x000000000a139000 	/System/Library/Frameworks/ApplicationServices.framework/Versions/A/Frameworks/ATS.framework/Versions/A/Resources/libFontParser.dylib
0x000000000a139000 	/System/Library/Frameworks/ApplicationServices.framework/Versions/A/Frameworks/ATS.framework/Versions/A/Resources/libFontRegistry.dylib
0x000000000a139000 	/System/Library/PrivateFrameworks/AppleVPA.framework/Versions/A/AppleVPA
0x000000000a139000 	/System/Library/PrivateFrameworks/AppleJPEG.framework/Versions/A/AppleJPEG
0x000000000a139000 	/System/Library/Frameworks/ImageIO.framework/Versions/A/Resources/libJPEG.dylib
0x000000000a139000 	/System/Library/Frameworks/ImageIO.framework/Versions/A/Resources/libTIFF.dylib
0x000000000a139000 	/System/Library/Frameworks/ImageIO.framework/Versions/A/Resources/libPng.dylib
0x000000000a139000 	/System/Library/Frameworks/ImageIO.framework/Versions/A/Resources/libGIF.dylib
0x000000000a139000 	/System/Library/Frameworks/ImageIO.framework/Versions/A/Resources/libJP2.dylib
0x000000000a139000 	/System/Library/Frameworks/ImageIO.framework/Versions/A/Resources/libRadiance.dylib
0x000000000a139000 	/System/Library/Frameworks/CoreVideo.framework/Versions/A/CoreVideo
0x000000000a139000 	/System/Library/Frameworks/OpenGL.framework/Versions/A/Libraries/libGLU.dylib
0x000000000a139000 	/System/Library/Frameworks/OpenGL.framework/Versions/A/Libraries/libGFXShared.dylib
0x000000000a139000 	/System/Library/Frameworks/OpenGL.framework/Versions/A/Libraries/libGL.dylib
0x000000000a139000 	/System/Library/Frameworks/OpenGL.framework/Versions/A/Libraries/libGLImage.dylib
0x000000000a139000 	/System/Library/Frameworks/OpenGL.framework/Versions/A/Libraries/libCVMSPluginSupport.dylib
0x000000000a139000 	/System/Library/Frameworks/OpenGL.framework/Versions/A/Libraries/libCoreVMClient.dylib
0x000000000a139000 	/usr/lib/libcompression.dylib
0x000000000a139000 	/usr/lib/libcups.2.dylib
0x000000000a139000 	/System/Library/Frameworks/Kerberos.framework/Versions/A/Kerberos
0x000000000a139000 	/System/Library/Frameworks/GSS.framework/Versions/A/GSS
0x000000000a139000 	/usr/lib/libresolv.9.dylib
0x000000000a139000 	/usr/lib/libiconv.2.dylib
0x000000000a139000 	/System/Library/PrivateFrameworks/Heimdal.framework/Versions/A/Heimdal
0x000000000a139000 	/usr/lib/libheimdal-asn1.dylib
0x000000000a139000 	/System/Library/Frameworks/OpenDirectory.framework/Versions/A/OpenDirectory
0x000000000a139000 	/System/Library/PrivateFrameworks/CommonAuth.framework/Versions/A/CommonAuth
0x000000000a139000 	/System/Library/Frameworks/OpenDirectory.framework/Versions/A/Frameworks/CFOpenDirectory.framework/Versions/A/CFOpenDirectory
0x000000000a139000 	/System/Library/Frameworks/SecurityFoundation.framework/Versions/A/SecurityFoundation
0x000000000a139000 	/System/Library/PrivateFrameworks/LanguageModeling.framework/Versions/A/LanguageModeling
0x000000000a139000 	/usr/lib/libmarisa.dylib
0x000000000a139000 	/usr/lib/libChineseTokenizer.dylib
0x000000000a139000 	/usr/lib/libcmph.dylib
0x000000000a139000 	/System/Library/Frameworks/ServiceManagement.framework/Versions/A/ServiceManagement
0x000000000a139000 	/usr/lib/libxslt.1.dylib
0x000000000a139000 	/System/Library/Frameworks/Carbon.framework/Versions/A/Frameworks/Ink.framework/Versions/A/Ink
0x000000000a139000 	/usr/lib/libFosl_dynamic.dylib
0x000000000a139000 	/System/Library/PrivateFrameworks/FaceCore.framework/Versions/A/FaceCore
0x000000000a139000 	/System/Library/Frameworks/OpenCL.framework/Versions/A/OpenCL
0x000000000a139000 	/System/Library/PrivateFrameworks/CrashReporterSupport.framework/Versions/A/CrashReporterSupport
0x000000000a139000 	/System/Library/PrivateFrameworks/IconServices.framework/Versions/A/IconServices
0x000000000a139000 	/System/Library/PrivateFrameworks/Apple80211.framework/Versions/A/Apple80211
0x000000000a139000 	/System/Library/Frameworks/CoreWLAN.framework/Versions/A/CoreWLAN
0x000000000a139000 	/System/Library/Frameworks/IOBluetooth.framework/Versions/A/IOBluetooth
0x000000000a139000 	/System/Library/PrivateFrameworks/CoreWiFi.framework/Versions/A/CoreWiFi
0x000000000a139000 	/System/Library/Frameworks/CoreBluetooth.framework/Versions/A/CoreBluetooth
0x000000000a139000 	/System/Library/PrivateFrameworks/ChunkingLibrary.framework/Versions/A/ChunkingLibrary
0x000000000a139000 	/System/Library/PrivateFrameworks/DebugSymbols.framework/Versions/A/DebugSymbols
0x000000000a139000 	/System/Library/PrivateFrameworks/CoreSymbolication.framework/Versions/A/CoreSymbolication
0x000000000a139000 	/System/Library/PrivateFrameworks/Symbolication.framework/Versions/A/Symbolication
0x000000000a139000 	/System/Library/PrivateFrameworks/SpeechRecognitionCore.framework/Versions/A/SpeechRecognitionCore
0x0000000109400000 	/Library/Java/JavaVirtualMachines/jdk1.8.0_102.jdk/Contents/Home/jre/lib/server/libjvm.dylib
0x000000000a139000 	/usr/lib/libstdc++.6.dylib
0x0000000108a83000 	/Library/Java/JavaVirtualMachines/jdk1.8.0_102.jdk/Contents/Home/jre/lib/libverify.dylib
0x0000000108a91000 	/Library/Java/JavaVirtualMachines/jdk1.8.0_102.jdk/Contents/Home/jre/lib/libjava.dylib
0x0000000108ace000 	/Library/Java/JavaVirtualMachines/jdk1.8.0_102.jdk/Contents/Home/jre/lib/libzip.dylib
0x0000000108be5000 	/System/Library/Frameworks/JavaVM.framework/Frameworks/JavaRuntimeSupport.framework/JavaRuntimeSupport
0x000000011d68e000 	/System/Library/Frameworks/JavaVM.framework/Versions/A/Frameworks/JavaNativeFoundation.framework/Versions/A/JavaNativeFoundation
0x000000011d6a3000 	/System/Library/Frameworks/JavaVM.framework/Versions/A/JavaVM
0x000000000a139000 	/System/Library/Frameworks/Carbon.framework/Versions/A/Carbon
0x000000011d6b0000 	/System/Library/PrivateFrameworks/JavaLaunching.framework/Versions/A/JavaLaunching
0x000000000a139000 	/System/Library/Frameworks/Carbon.framework/Versions/A/Frameworks/CommonPanels.framework/Versions/A/CommonPanels
0x000000000a139000 	/System/Library/Frameworks/Carbon.framework/Versions/A/Frameworks/Help.framework/Versions/A/Help
0x000000000a139000 	/System/Library/Frameworks/Carbon.framework/Versions/A/Frameworks/ImageCapture.framework/Versions/A/ImageCapture
0x000000000a139000 	/System/Library/Frameworks/Carbon.framework/Versions/A/Frameworks/OpenScripting.framework/Versions/A/OpenScripting
0x000000000a139000 	/System/Library/Frameworks/Carbon.framework/Versions/A/Frameworks/Print.framework/Versions/A/Print
0x000000000a139000 	/System/Library/Frameworks/Carbon.framework/Versions/A/Frameworks/SecurityHI.framework/Versions/A/SecurityHI
0x000000011efd5000 	/Library/Java/JavaVirtualMachines/jdk1.8.0_102.jdk/Contents/Home/jre/lib/libawt.dylib
0x000000011f07d000 	/Library/Java/JavaVirtualMachines/jdk1.8.0_102.jdk/Contents/Home/jre/lib/./libmlib_image.dylib
0x000000011f149000 	/Library/Java/JavaVirtualMachines/jdk1.8.0_102.jdk/Contents/Home/jre/lib/libawt_lwawt.dylib
0x000000011f1fe000 	/Library/Java/JavaVirtualMachines/jdk1.8.0_102.jdk/Contents/Home/jre/lib/./libosxapp.dylib
0x000000000a139000 	/System/Library/Frameworks/ExceptionHandling.framework/Versions/A/ExceptionHandling
0x000000000a139000 	/System/Library/PrivateFrameworks/CoreServicesInternal.framework/Versions/A/CoreServicesInternal
0x000000011fc4a000 	/System/Library/Frameworks/CoreGraphics.framework/Versions/A/Resources/libRIP.A.dylib
0x000000000a139000 	/System/Library/Frameworks/Accelerate.framework/Versions/A/Frameworks/vImage.framework/Versions/A/Libraries/libCGInterfaces.dylib
0x000000011fee5000 	/System/Library/Frameworks/CoreGraphics.framework/Versions/A/Resources/libCGXType.A.dylib
0x000000000a139000 	/System/Library/Frameworks/OpenCL.framework/Versions/A/Libraries/libcldcpuengine.dylib
0x000000000a139000 	/System/Library/PrivateFrameworks/DiskImages.framework/Versions/A/DiskImages
0x000000000a139000 	/System/Library/Frameworks/DiscRecording.framework/Versions/A/DiscRecording
0x000000000a139000 	/usr/lib/libcsfde.dylib
0x000000000a139000 	/usr/lib/libcurl.4.dylib
0x000000000a139000 	/System/Library/PrivateFrameworks/MediaKit.framework/Versions/A/MediaKit
0x000000000a139000 	/System/Library/PrivateFrameworks/ProtectedCloudStorage.framework/Versions/A/ProtectedCloudStorage
0x000000000a139000 	/usr/lib/libCoreStorage.dylib
0x000000000a139000 	/System/Library/PrivateFrameworks/EFILogin.framework/Versions/A/EFILogin
0x000000000a139000 	/usr/lib/libutil.dylib
0x000000000a139000 	/System/Library/PrivateFrameworks/FindMyDevice.framework/Versions/A/FindMyDevice
0x000000000a139000 	/System/Library/Frameworks/LDAP.framework/Versions/A/LDAP
0x000000000a139000 	/usr/lib/libsasl2.2.dylib
0x000000000a139000 	/System/Library/PrivateFrameworks/CoreDaemon.framework/Versions/B/CoreDaemon
0x000000000a139000 	/usr/lib/libcrypto.0.9.8.dylib
0x000000000a139000 	/System/Library/PrivateFrameworks/AppleSRP.framework/Versions/A/AppleSRP
0x000000000a139000 	/System/Library/PrivateFrameworks/TrustEvaluationAgent.framework/Versions/A/TrustEvaluationAgent
0x000000012099a000 	cl_kernels
0x000000000a139000 	/System/Library/Frameworks/OpenCL.framework/Versions/A/Libraries/ImageFormats/unorm8_bgra.dylib
0x000000000a139000 	/System/Library/Frameworks/OpenCL.framework/Versions/A/Libraries/ImageFormats/unorm8_rgba.dylib
0x000000000a139000 	/System/Library/PrivateFrameworks/FamilyControls.framework/Versions/A/FamilyControls
0x000000000a139000 	/System/Library/PrivateFrameworks/CommerceKit.framework/Versions/A/Frameworks/CommerceCore.framework/Versions/A/CommerceCore
0x000000000a139000 	/System/Library/PrivateFrameworks/SystemAdministration.framework/Versions/A/SystemAdministration
0x000000000a139000 	/System/Library/PrivateFrameworks/AppContainer.framework/Versions/A/AppContainer
0x000000000a139000 	/System/Library/PrivateFrameworks/SecCodeWrapper.framework/Versions/A/SecCodeWrapper
0x000000000a139000 	/System/Library/Frameworks/DirectoryService.framework/Versions/A/DirectoryService
0x000000000a139000 	/System/Library/PrivateFrameworks/LoginUIKit.framework/Versions/A/Frameworks/LoginUICore.framework/Versions/A/LoginUICore
0x000000000a139000 	/usr/lib/libodfde.dylib
0x000000000a139000 	/System/Library/Frameworks/OpenGL.framework/Versions/A/Resources/GLEngine.bundle/GLEngine
0x000000000a139000 	/System/Library/Frameworks/OpenGL.framework/Versions/A/Libraries/libGLProgrammability.dylib
0x00000001219d9000 	/System/Library/Extensions/AppleIntelHD5000GraphicsGLDriver.bundle/Contents/MacOS/AppleIntelHD5000GraphicsGLDriver
0x000000000a139000 	/System/Library/PrivateFrameworks/GPUSupport.framework/Versions/A/Libraries/libGPUSupportMercury.dylib
0x000000000a139000 	/System/Library/Frameworks/OpenGL.framework/Versions/A/Resources/GLRendererFloat.bundle/GLRendererFloat
0x00000001229c9000 	/Library/Java/JavaVirtualMachines/jdk1.8.0_102.jdk/Contents/Home/jre/lib/libfontmanager.dylib
0x0000000123e69000 	/Library/Java/JavaVirtualMachines/jdk1.8.0_102.jdk/Contents/Home/jre/lib/libosxui.dylib
0x0000000124955000 	/Library/Java/JavaVirtualMachines/jdk1.8.0_102.jdk/Contents/Home/jre/lib/libnet.dylib
0x0000000124b9d000 	/Library/Java/JavaVirtualMachines/jdk1.8.0_102.jdk/Contents/Home/jre/lib/libnio.dylib
0x000000000a139000 	/System/Library/Frameworks/ApplicationServices.framework/Versions/A/Frameworks/ATS.framework/Versions/A/Resources/libTrueTypeScaler.dylib
0x0000000175a6e000 	/System/Library/Extensions/AppleIntelHD5000GraphicsMTLDriver.bundle/Contents/MacOS/AppleIntelHD5000GraphicsMTLDriver
0x000000011ff84000 	/private/var/folders/f2/4qkyxzd93r37rthb6tddfj8m0000gn/T/jogamp_0000/file_cache/jln2058124833424811790/jln6856905291138046569/libgluegen-rt.jnilib
0x000000011ff89000 	/private/var/folders/f2/4qkyxzd93r37rthb6tddfj8m0000gn/T/jogamp_0000/file_cache/jln2058124833424811790/jln6856905291138046569/libnativewindow_awt.jnilib
0x0000000123b3f000 	/Library/Java/JavaVirtualMachines/jdk1.8.0_102.jdk/Contents/Home/jre/lib/libjawt.dylib
0x00000001759ba000 	/private/var/folders/f2/4qkyxzd93r37rthb6tddfj8m0000gn/T/jogamp_0000/file_cache/jln2058124833424811790/jln6856905291138046569/libnativewindow_macosx.jnilib
0x00000001779fc000 	/private/var/folders/f2/4qkyxzd93r37rthb6tddfj8m0000gn/T/jogamp_0000/file_cache/jln2058124833424811790/jln6856905291138046569/libjogl_desktop.jnilib
0x000000012088d000 	/Library/Java/JavaVirtualMachines/jdk1.8.0_102.jdk/Contents/Home/jre/lib/libt2k.dylib
0x0000000120766000 	/Library/Java/JavaVirtualMachines/jdk1.8.0_102.jdk/Contents/Home/jre/lib/libjpeg.dylib

VM Arguments:
jvm_args: -Djava.security.policy=java.policy.applet -Dfile.encoding=UTF-8 
java_command: sun.applet.AppletViewer module4.EarthquakeCityMap1473887614486.html
java_class_path (initial): /Users/Yoni/Projects/eclipse/UCSDUnfoldingMaps/build:/Users/Yoni/Projects/eclipse/UCSDUnfoldingMaps/lib/core.jar:/Users/Yoni/Projects/eclipse/UCSDUnfoldingMaps/lib/gluegen-rt.jar:/Users/Yoni/Projects/eclipse/UCSDUnfoldingMaps/lib/jogl-all.jar:/Users/Yoni/Projects/eclipse/UCSDUnfoldingMaps/lib/log4j-1.2.15.jar:/Users/Yoni/Projects/eclipse/UCSDUnfoldingMaps/lib/sqlite-jdbc-3.7.2.jar:/Users/Yoni/Projects/eclipse/UCSDUnfoldingMaps/lib/json4processing.jar:/Users/Yoni/Projects/eclipse/UCSDUnfoldingMaps/lib/libTUIO.jar:/Users/Yoni/Projects/eclipse/UCSDUnfoldingMaps/lib/unfolding.0.9.7-uscd.jar
Launcher Type: SUN_STANDARD

Environment Variables:
PATH=/usr/bin:/bin:/usr/sbin:/sbin:/usr/local/bin
SHELL=/bin/bash

Signal Handlers:
SIGSEGV: [libjvm.dylib+0x5b0579], sa_mask[0]=11111111011111110111111111111111, sa_flags=SA_ONSTACK|SA_RESTART|SA_SIGINFO
SIGBUS: [libjvm.dylib+0x5b0579], sa_mask[0]=11111111011111110111111111111111, sa_flags=SA_RESTART|SA_SIGINFO
SIGFPE: [libjvm.dylib+0x4874e4], sa_mask[0]=11111111011111110111111111111111, sa_flags=SA_RESTART|SA_SIGINFO
SIGPIPE: [libjvm.dylib+0x4874e4], sa_mask[0]=11111111011111110111111111111111, sa_flags=SA_RESTART|SA_SIGINFO
SIGXFSZ: [libjvm.dylib+0x4874e4], sa_mask[0]=11111111011111110111111111111111, sa_flags=SA_RESTART|SA_SIGINFO
SIGILL: [libjvm.dylib+0x4874e4], sa_mask[0]=11111111011111110111111111111111, sa_flags=SA_RESTART|SA_SIGINFO
SIGUSR1: SIG_DFL, sa_mask[0]=00000000000000000000000000000000, sa_flags=none
SIGUSR2: [libjvm.dylib+0x487002], sa_mask[0]=00100000000000000000000000000000, sa_flags=SA_RESTART|SA_SIGINFO
SIGHUP: [libjvm.dylib+0x4855d9], sa_mask[0]=11111111011111110111111111111111, sa_flags=SA_RESTART|SA_SIGINFO
SIGINT: [libjvm.dylib+0x4855d9], sa_mask[0]=11111111011111110111111111111111, sa_flags=SA_RESTART|SA_SIGINFO
SIGTERM: [libjvm.dylib+0x4855d9], sa_mask[0]=11111111011111110111111111111111, sa_flags=SA_RESTART|SA_SIGINFO
SIGQUIT: [libjvm.dylib+0x4855d9], sa_mask[0]=11111111011111110111111111111111, sa_flags=SA_RESTART|SA_SIGINFO


---------------  S Y S T E M  ---------------

OS:Bsduname:Darwin 15.6.0 Darwin Kernel Version 15.6.0: Mon Aug 29 20:21:34 PDT 2016; root:xnu-3248.60.11~1/RELEASE_X86_64 x86_64
rlimit: STACK 8192k, CORE 0k, NPROC 709, NOFILE 10240, AS infinity
load average:2.69 2.82 2.12

CPU:total 4 (2 cores per cpu, 2 threads per core) family 6 model 69 stepping 1, cmov, cx8, fxsr, mmx, sse, sse2, sse3, ssse3, sse4.1, sse4.2, popcnt, avx, avx2, aes, clmul, erms, lzcnt, ht, tsc, tscinvbit, bmi1, bmi2

Memory: 4k page, physical 4194304k(271236k free)

/proc/meminfo:


vm_info: Java HotSpot(TM) 64-Bit Server VM (25.102-b14) for bsd-amd64 JRE (1.8.0_102-b14), built on Jun 22 2016 11:42:36 by "java_re" with gcc 4.2.1 (Based on Apple Inc. build 5658) (LLVM build 2336.11.00)

time: Wed Sep 14 17:14:57 2016
elapsed time: 82 seconds (0d 0h 1m 22s)

