#
# A fatal error has been detected by the Java Runtime Environment:
#
#  SIGSEGV (0xb) at pc=0x00007fff8e91d4dd, pid=2641, tid=0x0000000000000a0b
#
# JRE version: Java(TM) SE Runtime Environment (8.0_102-b14) (build 1.8.0_102-b14)
# Java VM: Java HotSpot(TM) 64-Bit Server VM (25.102-b14 mixed mode bsd-amd64 compressed oops)
# Problematic frame:
# C  [libobjc.A.dylib+0x14dd]  objc_msgSend+0x1d
#
# Failed to write core dump. Core dumps have been disabled. To enable core dumping, try "ulimit -c unlimited" before starting Java again
#
# If you would like to submit a bug report, please visit:
#   http://bugreport.java.com/bugreport/crash.jsp
# The crash happened outside the Java Virtual Machine in native code.
# See problematic frame for where to report the bug.
#

---------------  T H R E A D  ---------------

Current thread (0x00007f9a758e8000):  JavaThread "AWT-AppKit" daemon [_thread_in_native, id=2571, stack(0x00007fff5d653000,0x00007fff5de53000)]

siginfo: si_signo: 11 (SIGSEGV), si_code: 1 (SEGV_MAPERR), si_addr: 0x0000000000000018

Registers:
RAX=0x00007f9a78079aa0, RBX=0x0000000119d8f450, RCX=0x0000000119da6680, RDX=0x0000000119da6aa0
RSP=0x00007fff5de4e278, RBP=0x00007fff5de4e330, RSI=0x00007fff9fa37cbe, RDI=0x00007f9a78240e70
R8 =0x0000000000000000, R9 =0x00000000000008b0, R10=0x00007fff9fa37cbe, R11=0x0000000000000000
R12=0x0000000000000000, R13=0x000000017138dc60, R14=0x0000000119d8f440, R15=0x00007f9a758e8000
RIP=0x00007fff8e91d4dd, EFLAGS=0x0000000000010246, ERR=0x0000000000000004
  TRAPNO=0x000000000000000e

Top of Stack: (sp=0x00007fff5de4e278)
0x00007fff5de4e278:   0000000119d8d157 00007fff5de4e2d0
0x00007fff5de4e288:   0000000000000003 00007fff5de4e2b0
0x00007fff5de4e298:   00000001033f2e32 000000017138dc60
0x00007fff5de4e2a8:   000000017138dc60 00007f9a78079aa0
0x00007fff5de4e2b8:   0000000119d8f6a0 0000000119d8f710
0x00007fff5de4e2c8:   00007fff7e174770 00007fff7d71d500
0x00007fff5de4e2d8:   0000000119d8f450 0000000119d8f690
0x00007fff5de4e2e8:   00007f9a78079aa0 00007f9a78240e70
0x00007fff5de4e2f8:   00007f9a73d1f240 00007f9a78079aa0
0x00007fff5de4e308:   00007f9a78240e70 00007fff5de4e3b8
0x00007fff5de4e318:   00007f9a758e81f8 000000017138dc60
0x00007fff5de4e328:   00007fff5de4e3e0 00007fff5de4e3a8
0x00007fff5de4e338:   00000001041b89d4 000000017138dc60
0x00007fff5de4e348:   00007fff5de4e3e0 00007fff5de4e3a8
0x00007fff5de4e358:   00000001041b8767 00000001041b8722
0x00007fff5de4e368:   00007fff5de4e368 000000017138dc60
0x00007fff5de4e378:   00007fff5de4e3e0 00000001713b1028
0x00007fff5de4e388:   0000000000000000 000000017138dc60
0x00007fff5de4e398:   0000000000000000 00007fff5de4e3c8
0x00007fff5de4e3a8:   00007fff5de4e428 00000001041a92bd
0x00007fff5de4e3b8:   00000007af688b20 00000001041b2538
0x00007fff5de4e3c8:   00007f9a78079aa0 00007fff5de4e428
0x00007fff5de4e3d8:   00007f9a78240e70 00000001041b3e02
0x00007fff5de4e3e8:   00007fff5de4e3e8 000000017138de2a
0x00007fff5de4e3f8:   00007fff5de4e450 00000001713b1028
0x00007fff5de4e408:   0000000000000000 000000017138de38
0x00007fff5de4e418:   00007fff5de4e3c8 00007fff5de4e438
0x00007fff5de4e428:   00007fff5de4e498 00000001041a92bd
0x00007fff5de4e438:   00007f9a78079aa0 00000007af6c84f8
0x00007fff5de4e448:   00007f9a78240e70 00000007af6c84f8
0x00007fff5de4e458:   00007fff5de4e458 00000001778d3cd6
0x00007fff5de4e468:   00007fff5de4e4a8 00000001778d3d90 

Instructions: (pc=0x00007fff8e91d4dd)
0x00007fff8e91d4bd:   44 00 00 48 85 ff 2e 74 62 40 f6 c7 01 2e 75 66
0x00007fff8e91d4cd:   49 bb f8 ff ff ff ff 7f 00 00 4c 23 1f 49 89 f2
0x00007fff8e91d4dd:   45 23 53 18 49 c1 e2 04 4d 03 53 10 49 3b 32 75
0x00007fff8e91d4ed:   04 41 ff 62 08 49 83 3a 01 76 0d 49 83 c2 10 49 

Register to memory mapping:

RAX=0x00007f9a78079aa0 is an unknown value
RBX=0x0000000119d8f450: Java_jogamp_nativewindow_macosx_OSXUtil_GetScreenRefreshRate0+0x1cf0 in /private/var/folders/f2/4qkyxzd93r37rthb6tddfj8m0000gn/T/jogamp_0000/file_cache/jln7439601106784121408/jln6978216888035680540/libnativewindow_macosx.jnilib at 0x0000000119d88000
RCX=0x0000000119da6680 is an unknown value
RDX=0x0000000119da6aa0 is an unknown value
RSP=0x00007fff5de4e278 is pointing into the stack for thread: 0x00007f9a758e8000
RBP=0x00007fff5de4e330 is pointing into the stack for thread: 0x00007f9a758e8000
RSI=0x00007fff9fa37cbe is an unknown value
RDI=0x00007f9a78240e70 is an unknown value
R8 =0x0000000000000000 is an unknown value
R9 =0x00000000000008b0 is an unknown value
R10=0x00007fff9fa37cbe is an unknown value
R11=0x0000000000000000 is an unknown value
R12=0x0000000000000000 is an unknown value
R13={method} {0x000000017138dc60} 'UnsetJAWTRootSurfaceLayer0' '(JJ)V' in 'jogamp/nativewindow/jawt/macosx/MacOSXJAWTWindow'
R14=0x0000000119d8f440: Java_jogamp_nativewindow_macosx_OSXUtil_GetScreenRefreshRate0+0x1ce0 in /private/var/folders/f2/4qkyxzd93r37rthb6tddfj8m0000gn/T/jogamp_0000/file_cache/jln7439601106784121408/jln6978216888035680540/libnativewindow_macosx.jnilib at 0x0000000119d88000
R15=0x00007f9a758e8000 is a thread


Stack: [0x00007fff5d653000,0x00007fff5de53000],  sp=0x00007fff5de4e278,  free space=8172k
Native frames: (J=compiled Java code, j=interpreted, Vv=VM code, C=native code)
C  [libobjc.A.dylib+0x14dd]  objc_msgSend+0x1d
j  jogamp.nativewindow.jawt.macosx.MacOSXJAWTWindow.UnsetJAWTRootSurfaceLayer0(JJ)V+0
j  jogamp.nativewindow.jawt.macosx.MacOSXJAWTWindow.access$200(JJ)V+2
j  jogamp.nativewindow.jawt.macosx.MacOSXJAWTWindow$1.run()V+38
J 1992 C1 com.jogamp.common.util.RunnableTask.run()V (345 bytes) @ 0x00000001048b1cb4 [0x00000001048b1b20+0x194]
v  ~StubRoutines::call_stub
V  [libjvm.dylib+0x2ed5e2]  JavaCalls::call_helper(JavaValue*, methodHandle*, JavaCallArguments*, Thread*)+0x6ae
V  [libjvm.dylib+0x324771]  jni_invoke_nonstatic(JNIEnv_*, JavaValue*, _jobject*, JNICallType, _jmethodID*, JNI_ArgumentPusher*, Thread*)+0x2ec
V  [libjvm.dylib+0x316f3f]  jni_CallVoidMethod+0x16b
C  [libnativewindow_macosx.jnilib+0x5326]  Java_jogamp_nativewindow_jawt_macosx_MacOSXJAWTWindow_UnsetJAWTRootSurfaceLayer0+0x2b6
C  [Foundation+0x76fde]  __NSThreadPerformPerform+0x117
C  [CoreFoundation+0xaa881]  __CFRUNLOOP_IS_CALLING_OUT_TO_A_SOURCE0_PERFORM_FUNCTION__+0x11
C  [CoreFoundation+0x89fbc]  __CFRunLoopDoSources0+0x22c
C  [CoreFoundation+0x894df]  __CFRunLoopRun+0x39f
C  [CoreFoundation+0x88ed8]  CFRunLoopRunSpecific+0x128
C  [HIToolbox+0x30935]  RunCurrentEventLoopInMode+0xeb
C  [HIToolbox+0x30677]  ReceiveNextEventCommon+0xb8
C  [HIToolbox+0x305af]  _BlockUntilNextEventMatchingListInModeWithFilter+0x47
C  [AppKit+0x48df6]  _DPSNextEvent+0x42b
C  [AppKit+0x48226]  -[NSApplication _nextEventMatchingEventMask:untilDate:inMode:dequeue:]+0x1c6
C  [libosxapp.dylib+0x23aa]  -[NSApplicationAWT nextEventMatchingMask:untilDate:inMode:dequeue:]+0x7c
C  [AppKit+0x3cd80]  -[NSApplication run]+0x2aa
C  [libosxapp.dylib+0x214d]  +[NSApplicationAWT runAWTLoopWithApp:]+0x9c
C  [libawt_lwawt.dylib+0x444b3]  -[AWTStarter starter:]+0x389
C  [Foundation+0x76fde]  __NSThreadPerformPerform+0x117
C  [CoreFoundation+0xaa881]  __CFRUNLOOP_IS_CALLING_OUT_TO_A_SOURCE0_PERFORM_FUNCTION__+0x11
C  [CoreFoundation+0x89fbc]  __CFRunLoopDoSources0+0x22c
C  [CoreFoundation+0x894df]  __CFRunLoopRun+0x39f
C  [CoreFoundation+0x88ed8]  CFRunLoopRunSpecific+0x128
C  [java+0x6465]  CreateExecutionEnvironment+0x367
C  [java+0x218c]  JLI_Launch+0x7a0
C  [java+0x84c2]  main+0x65
C  [java+0x19e4]  start+0x34
C  0x0000000000000007

Java frames: (J=compiled Java code, j=interpreted, Vv=VM code)
j  jogamp.nativewindow.jawt.macosx.MacOSXJAWTWindow.UnsetJAWTRootSurfaceLayer0(JJ)V+0
j  jogamp.nativewindow.jawt.macosx.MacOSXJAWTWindow.access$200(JJ)V+2
j  jogamp.nativewindow.jawt.macosx.MacOSXJAWTWindow$1.run()V+38
J 1992 C1 com.jogamp.common.util.RunnableTask.run()V (345 bytes) @ 0x00000001048b1cb4 [0x00000001048b1b20+0x194]
v  ~StubRoutines::call_stub

---------------  P R O C E S S  ---------------

Java Threads: ( => current thread )
  0x00007f9a790e5800 JavaThread "Thread-19" [_thread_blocked, id=34231, stack(0x000070000104a000,0x000070000114a000)]
  0x00007f9a759e6000 JavaThread "Animation Thread" [_thread_blocked, id=58663, stack(0x00007000017e8000,0x00007000018e8000)]
  0x00007f9a7536c800 JavaThread "AWT-EventQueue-1" [_thread_in_native, id=59171, stack(0x00007000018eb000,0x00007000019eb000)]
  0x00007f9a7599b800 JavaThread "DestroyJavaVM" [_thread_blocked, id=5891, stack(0x000070000011a000,0x000070000021a000)]
  0x00007f9a751e9800 JavaThread "AWT-EventQueue-0" [_thread_blocked, id=56579, stack(0x00007000016e5000,0x00007000017e5000)]
  0x00007f9a749ba800 JavaThread "Java2D Disposer" daemon [_thread_blocked, id=49675, stack(0x000070000145c000,0x000070000155c000)]
  0x00007f9a7591d800 JavaThread "Java2D Queue Flusher" daemon [_thread_blocked, id=50187, stack(0x0000700001359000,0x0000700001459000)]
  0x00007f9a74976000 JavaThread "AWT-Shutdown" [_thread_blocked, id=29715, stack(0x00007000011d3000,0x00007000012d3000)]
=>0x00007f9a758e8000 JavaThread "AWT-AppKit" daemon [_thread_in_native, id=2571, stack(0x00007fff5d653000,0x00007fff5de53000)]
  0x00007f9a74043800 JavaThread "Service Thread" daemon [_thread_blocked, id=18947, stack(0x0000700000e44000,0x0000700000f44000)]
  0x00007f9a74030800 JavaThread "C1 CompilerThread2" daemon [_thread_blocked, id=18435, stack(0x0000700000d41000,0x0000700000e41000)]
  0x00007f9a7402d000 JavaThread "C2 CompilerThread1" daemon [_thread_blocked, id=17923, stack(0x0000700000c3e000,0x0000700000d3e000)]
  0x00007f9a7582e000 JavaThread "C2 CompilerThread0" daemon [_thread_blocked, id=17411, stack(0x0000700000b3b000,0x0000700000c3b000)]
  0x00007f9a74809800 JavaThread "Signal Dispatcher" daemon [_thread_blocked, id=16899, stack(0x0000700000a38000,0x0000700000b38000)]
  0x00007f9a75800800 JavaThread "Finalizer" daemon [_thread_blocked, id=12291, stack(0x000070000082f000,0x000070000092f000)]
  0x00007f9a74801000 JavaThread "Reference Handler" daemon [_thread_blocked, id=11779, stack(0x000070000072c000,0x000070000082c000)]

Other Threads:
  0x00007f9a74802800 VMThread [stack: 0x0000700000629000,0x0000700000729000] [id=11267]
  0x00007f9a75804000 WatcherThread [stack: 0x0000700000f47000,0x0000700001047000] [id=19459]

VM state:not at safepoint (normal execution)

VM Mutex/Monitor currently owned by a thread: None

Heap:
 PSYoungGen      total 76800K, used 48324K [0x00000007aab00000, 0x00000007b0100000, 0x00000007c0000000)
  eden space 65536K, 69% used [0x00000007aab00000,0x00000007ad79d2d8,0x00000007aeb00000)
  from space 11264K, 23% used [0x00000007af600000,0x00000007af8940c0,0x00000007b0100000)
  to   space 11264K, 0% used [0x00000007aeb00000,0x00000007aeb00000,0x00000007af600000)
 ParOldGen       total 44032K, used 18187K [0x0000000780000000, 0x0000000782b00000, 0x00000007aab00000)
  object space 44032K, 41% used [0x0000000780000000,0x00000007811c2fc8,0x0000000782b00000)
 Metaspace       used 20729K, capacity 20941K, committed 21120K, reserved 1069056K
  class space    used 2028K, capacity 2111K, committed 2176K, reserved 1048576K

Card table byte_map: [0x0000000113561000,0x0000000113762000] byte_map_base: 0x000000010f961000

Marking Bits: (ParMarkBitMap*) 0x0000000103aefd20
 Begin Bits: [0x00000001138b8000, 0x00000001148b8000)
 End Bits:   [0x00000001148b8000, 0x00000001158b8000)

Polling page: 0x00000001028fc000

CodeCache: size=245760Kb used=8960Kb max_used=8973Kb free=236799Kb
 bounds [0x00000001041a1000, 0x0000000104a81000, 0x00000001131a1000]
 total_blobs=3333 nmethods=2448 adapters=798
 compilation: enabled

Compilation events (10 events):
Event: 28.773 Thread 0x00007f9a7582e000 nmethod 2459 0x0000000104a43e90 code [0x0000000104a444a0, 0x0000000104a4a910]
Event: 28.952 Thread 0x00007f9a74030800 2460   !   3       java.awt.DefaultKeyboardFocusManager::dispatchEvent (1589 bytes)
Event: 28.953 Thread 0x00007f9a7402d000 2461       4       java.nio.Buffer::<init> (121 bytes)
Event: 28.955 Thread 0x00007f9a7402d000 nmethod 2461 0x0000000104a37d90 code [0x0000000104a37f00, 0x0000000104a380b8]
Event: 28.980 Thread 0x00007f9a74030800 nmethod 2460 0x0000000104a52750 code [0x0000000104a53ee0, 0x0000000104a67a08]
Event: 28.980 Thread 0x00007f9a74030800 2462       3       java.awt.Component::areInputMethodsEnabled (39 bytes)
Event: 28.980 Thread 0x00007f9a74030800 nmethod 2462 0x0000000104a34010 code [0x0000000104a34180, 0x0000000104a343f0]
Event: 28.980 Thread 0x00007f9a74030800 2463   !   3       sun.lwawt.LWComponentPeer::isShowing (49 bytes)
Event: 28.981 Thread 0x00007f9a74030800 nmethod 2463 0x0000000104a36050 code [0x0000000104a36200, 0x0000000104a36b08]
Event: 29.008 Thread 0x00007f9a7582e000 2464  s!   4       sun.misc.URLClassPath::getLoader (197 bytes)

GC Heap History (10 events):
Event: 2.850 GC heap before
{Heap before GC invocations=2 (full 0):
 PSYoungGen      total 18944K, used 18928K [0x00000007aab00000, 0x00000007ac000000, 0x00000007c0000000)
  eden space 16384K, 100% used [0x00000007aab00000,0x00000007abb00000,0x00000007abb00000)
  from space 2560K, 99% used [0x00000007abb00000,0x00000007abd7c030,0x00000007abd80000)
  to   space 2560K, 0% used [0x00000007abd80000,0x00000007abd80000,0x00000007ac000000)
 ParOldGen       total 44032K, used 818K [0x0000000780000000, 0x0000000782b00000, 0x00000007aab00000)
  object space 44032K, 1% used [0x0000000780000000,0x00000007800cc898,0x0000000782b00000)
 Metaspace       used 16321K, capacity 16567K, committed 16896K, reserved 1064960K
  class space    used 1657K, capacity 1724K, committed 1792K, reserved 1048576K
Event: 2.858 GC heap after
Heap after GC invocations=2 (full 0):
 PSYoungGen      total 18944K, used 2528K [0x00000007aab00000, 0x00000007ac000000, 0x00000007c0000000)
  eden space 16384K, 0% used [0x00000007aab00000,0x00000007aab00000,0x00000007abb00000)
  from space 2560K, 98% used [0x00000007abd80000,0x00000007abff8020,0x00000007ac000000)
  to   space 2560K, 0% used [0x00000007abb00000,0x00000007abb00000,0x00000007abd80000)
 ParOldGen       total 44032K, used 2926K [0x0000000780000000, 0x0000000782b00000, 0x00000007aab00000)
  object space 44032K, 6% used [0x0000000780000000,0x00000007802db858,0x0000000782b00000)
 Metaspace       used 16321K, capacity 16567K, committed 16896K, reserved 1064960K
  class space    used 1657K, capacity 1724K, committed 1792K, reserved 1048576K
}
Event: 3.843 GC heap before
{Heap before GC invocations=3 (full 0):
 PSYoungGen      total 18944K, used 18912K [0x00000007aab00000, 0x00000007ac000000, 0x00000007c0000000)
  eden space 16384K, 100% used [0x00000007aab00000,0x00000007abb00000,0x00000007abb00000)
  from space 2560K, 98% used [0x00000007abd80000,0x00000007abff8020,0x00000007ac000000)
  to   space 2560K, 0% used [0x00000007abb00000,0x00000007abb00000,0x00000007abd80000)
 ParOldGen       total 44032K, used 2926K [0x0000000780000000, 0x0000000782b00000, 0x00000007aab00000)
  object space 44032K, 6% used [0x0000000780000000,0x00000007802db858,0x0000000782b00000)
 Metaspace       used 19527K, capacity 19735K, committed 20096K, reserved 1067008K
  class space    used 1987K, capacity 2076K, committed 2176K, reserved 1048576K
Event: 3.862 GC heap after
Heap after GC invocations=3 (full 0):
 PSYoungGen      total 18944K, used 2545K [0x00000007aab00000, 0x00000007ad000000, 0x00000007c0000000)
  eden space 16384K, 0% used [0x00000007aab00000,0x00000007aab00000,0x00000007abb00000)
  from space 2560K, 99% used [0x00000007abb00000,0x00000007abd7c730,0x00000007abd80000)
  to   space 2560K, 0% used [0x00000007acd80000,0x00000007acd80000,0x00000007ad000000)
 ParOldGen       total 44032K, used 10975K [0x0000000780000000, 0x0000000782b00000, 0x00000007aab00000)
  object space 44032K, 24% used [0x0000000780000000,0x0000000780ab7f60,0x0000000782b00000)
 Metaspace       used 19527K, capacity 19735K, committed 20096K, reserved 1067008K
  class space    used 1987K, capacity 2076K, committed 2176K, reserved 1048576K
}
Event: 4.225 GC heap before
{Heap before GC invocations=4 (full 0):
 PSYoungGen      total 18944K, used 18863K [0x00000007aab00000, 0x00000007ad000000, 0x00000007c0000000)
  eden space 16384K, 99% used [0x00000007aab00000,0x00000007abaef578,0x00000007abb00000)
  from space 2560K, 99% used [0x00000007abb00000,0x00000007abd7c730,0x00000007abd80000)
  to   space 2560K, 0% used [0x00000007acd80000,0x00000007acd80000,0x00000007ad000000)
 ParOldGen       total 44032K, used 10975K [0x0000000780000000, 0x0000000782b00000, 0x00000007aab00000)
  object space 44032K, 24% used [0x0000000780000000,0x0000000780ab7f60,0x0000000782b00000)
 Metaspace       used 19912K, capacity 20055K, committed 20352K, reserved 1067008K
  class space    used 2005K, capacity 2076K, committed 2176K, reserved 1048576K
Event: 4.253 GC heap after
Heap after GC invocations=4 (full 0):
 PSYoungGen      total 35328K, used 2544K [0x00000007aab00000, 0x00000007ad000000, 0x00000007c0000000)
  eden space 32768K, 0% used [0x00000007aab00000,0x00000007aab00000,0x00000007acb00000)
  from space 2560K, 99% used [0x00000007acd80000,0x00000007acffc0c0,0x00000007ad000000)
  to   space 2560K, 0% used [0x00000007acb00000,0x00000007acb00000,0x00000007acd80000)
 ParOldGen       total 44032K, used 16285K [0x0000000780000000, 0x0000000782b00000, 0x00000007aab00000)
  object space 44032K, 36% used [0x0000000780000000,0x0000000780fe7748,0x0000000782b00000)
 Metaspace       used 19912K, capacity 20055K, committed 20352K, reserved 1067008K
  class space    used 2005K, capacity 2076K, committed 2176K, reserved 1048576K
}
Event: 10.138 GC heap before
{Heap before GC invocations=5 (full 0):
 PSYoungGen      total 35328K, used 35312K [0x00000007aab00000, 0x00000007ad000000, 0x00000007c0000000)
  eden space 32768K, 100% used [0x00000007aab00000,0x00000007acb00000,0x00000007acb00000)
  from space 2560K, 99% used [0x00000007acd80000,0x00000007acffc0c0,0x00000007ad000000)
  to   space 2560K, 0% used [0x00000007acb00000,0x00000007acb00000,0x00000007acd80000)
 ParOldGen       total 44032K, used 16285K [0x0000000780000000, 0x0000000782b00000, 0x00000007aab00000)
  object space 44032K, 36% used [0x0000000780000000,0x0000000780fe7748,0x0000000782b00000)
 Metaspace       used 20440K, capacity 20647K, committed 20864K, reserved 1069056K
  class space    used 2006K, capacity 2078K, committed 2176K, reserved 1048576K
Event: 10.152 GC heap after
Heap after GC invocations=5 (full 0):
 PSYoungGen      total 35328K, used 2529K [0x00000007aab00000, 0x00000007b0100000, 0x00000007c0000000)
  eden space 32768K, 0% used [0x00000007aab00000,0x00000007aab00000,0x00000007acb00000)
  from space 2560K, 98% used [0x00000007acb00000,0x00000007acd787f0,0x00000007acd80000)
  to   space 11264K, 0% used [0x00000007af600000,0x00000007af600000,0x00000007b0100000)
 ParOldGen       total 44032K, used 18187K [0x0000000780000000, 0x0000000782b00000, 0x00000007aab00000)
  object space 44032K, 41% used [0x0000000780000000,0x00000007811c2fc8,0x0000000782b00000)
 Metaspace       used 20440K, capacity 20647K, committed 20864K, reserved 1069056K
  class space    used 2006K, capacity 2078K, committed 2176K, reserved 1048576K
}
Event: 18.020 GC heap before
{Heap before GC invocations=6 (full 0):
 PSYoungGen      total 35328K, used 35297K [0x00000007aab00000, 0x00000007b0100000, 0x00000007c0000000)
  eden space 32768K, 100% used [0x00000007aab00000,0x00000007acb00000,0x00000007acb00000)
  from space 2560K, 98% used [0x00000007acb00000,0x00000007acd787f0,0x00000007acd80000)
  to   space 11264K, 0% used [0x00000007af600000,0x00000007af600000,0x00000007b0100000)
 ParOldGen       total 44032K, used 18187K [0x0000000780000000, 0x0000000782b00000, 0x00000007aab00000)
  object space 44032K, 41% used [0x0000000780000000,0x00000007811c2fc8,0x0000000782b00000)
 Metaspace       used 20611K, capacity 20813K, committed 21120K, reserved 1069056K
  class space    used 2020K, capacity 2111K, committed 2176K, reserved 1048576K
Event: 18.032 GC heap after
Heap after GC invocations=6 (full 0):
 PSYoungGen      total 76800K, used 2640K [0x00000007aab00000, 0x00000007b0100000, 0x00000007c0000000)
  eden space 65536K, 0% used [0x00000007aab00000,0x00000007aab00000,0x00000007aeb00000)
  from space 11264K, 23% used [0x00000007af600000,0x00000007af8940c0,0x00000007b0100000)
  to   space 11264K, 0% used [0x00000007aeb00000,0x00000007aeb00000,0x00000007af600000)
 ParOldGen       total 44032K, used 18187K [0x0000000780000000, 0x0000000782b00000, 0x00000007aab00000)
  object space 44032K, 41% used [0x0000000780000000,0x00000007811c2fc8,0x0000000782b00000)
 Metaspace       used 20611K, capacity 20813K, committed 21120K, reserved 1069056K
  class space    used 2020K, capacity 2111K, committed 2176K, reserved 1048576K
}

Deoptimization events (10 events):
Event: 3.643 Thread 0x00007f9a7536c800 Uncommon trap: reason=unstable_if action=reinterpret pc=0x000000010457e4ec method=com.sun.org.apache.xerces.internal.impl.XMLEntityScanner.skipSpaces()Z @ 14
Event: 3.648 Thread 0x00007f9a7536c800 Uncommon trap: reason=unstable_if action=reinterpret pc=0x0000000104576ac0 method=com.sun.org.apache.xerces.internal.impl.XMLEntityScanner.peekChar()I @ 14
Event: 3.834 Thread 0x00007f9a7536c800 Uncommon trap: reason=unstable_if action=reinterpret pc=0x00000001046093fc method=com.jogamp.common.util.IntIntHashMap.get(I)I @ 28
Event: 3.987 Thread 0x00007f9a7536c800 Uncommon trap: reason=unstable_if action=reinterpret pc=0x000000010464e4f0 method=processing.core.PApplet.max(III)I @ 20
Event: 4.391 Thread 0x00007f9a7536c800 Uncommon trap: reason=unstable_if action=reinterpret pc=0x000000010472dbb0 method=processing.opengl.PGraphicsOpenGL$TessGeometry.polyVertexCheck(I)V @ 15
Event: 28.951 Thread 0x00007f9a7536c800 Uncommon trap: reason=class_check action=maybe_recompile pc=0x0000000104a48fbc method=java.awt.EventQueue.coalesceEvent(Ljava/awt/AWTEvent;I)Z @ 32
Event: 28.969 Thread 0x00007f9a751e9800 Uncommon trap: reason=unstable_if action=reinterpret pc=0x0000000104a4844c method=java.awt.EventQueue.getPriority(Ljava/awt/AWTEvent;)I @ 71
Event: 28.984 Thread 0x00007f9a75164000 Uncommon trap: reason=unstable_if action=reinterpret pc=0x000000010466f09c method=java.util.HashMap.putVal(ILjava/lang/Object;Ljava/lang/Object;ZZ)Ljava/lang/Object; @ 81
Event: 28.984 Thread 0x00007f9a75164000 Uncommon trap: reason=unstable_if action=reinterpret pc=0x00000001048bb1b4 method=java.util.HashMap.putVal(ILjava/lang/Object;Ljava/lang/Object;ZZ)Ljava/lang/Object; @ 81
Event: 29.011 Thread 0x00007f9a7536c800 Uncommon trap: reason=unstable_if action=reinterpret pc=0x00000001049604bc method=java.security.AccessControlContext.optimize()Ljava/security/AccessControlContext; @ 233

Internal exceptions (10 events):
Event: 0.189 Thread 0x00007f9a75002800 Exception <a 'java/lang/NoSuchFieldError': method resolution failed> (0x00000007aacb1070) thrown at [/Users/java_re/workspace/8-2-build-macosx-x86_64/jdk8u102/7268/hotspot/src/share/vm/prims/methodHandles.cpp, line 1146]
Event: 0.193 Thread 0x00007f9a75002800 Exception <a 'java/lang/NoSuchFieldError': method resolution failed> (0x00000007aacbe840) thrown at [/Users/java_re/workspace/8-2-build-macosx-x86_64/jdk8u102/7268/hotspot/src/share/vm/prims/methodHandles.cpp, line 1146]
Event: 0.364 Thread 0x00007f9a75002800 Exception <a 'java/io/FileNotFoundException'> (0x00000007aad3a860) thrown at [/Users/java_re/workspace/8-2-build-macosx-x86_64/jdk8u102/7268/hotspot/src/share/vm/prims/jni.cpp, line 709]
Event: 0.364 Thread 0x00007f9a75002800 Exception <a 'java/io/FileNotFoundException'> (0x00000007aad3b3c0) thrown at [/Users/java_re/workspace/8-2-build-macosx-x86_64/jdk8u102/7268/hotspot/src/share/vm/prims/jni.cpp, line 709]
Event: 0.522 Thread 0x00007f9a75002800 Exception <a 'java/io/FileNotFoundException'> (0x00000007aae21468) thrown at [/Users/java_re/workspace/8-2-build-macosx-x86_64/jdk8u102/7268/hotspot/src/share/vm/prims/jni.cpp, line 709]
Event: 2.329 Thread 0x00007f9a75800800 Exception <a 'java/lang/NullPointerException'> (0x00000007aab87668) thrown at [/Users/java_re/workspace/8-2-build-macosx-x86_64/jdk8u102/7268/hotspot/src/share/vm/interpreter/linkResolver.cpp, line 1178]
Event: 2.407 Thread 0x00007f9a759e6000 Exception <a 'java/lang/UnsatisfiedLinkError': com.jogamp.common.util.JarUtil.fixNativeLibAttribs(Ljava/lang/String;)Z> (0x00000007aaea92b8) thrown at [/Users/java_re/workspace/8-2-build-macosx-x86_64/jdk8u102/7268/hotspot/src/share/vm/prims/nativeLookup.
Event: 3.349 Thread 0x00007f9a7536c800 Exception <a 'java/io/FileNotFoundException'> (0x00000007ab0be590) thrown at [/Users/java_re/workspace/8-2-build-macosx-x86_64/jdk8u102/7268/hotspot/src/share/vm/prims/jni.cpp, line 709]
Event: 3.350 Thread 0x00007f9a7536c800 Exception <a 'java/io/FileNotFoundException'> (0x00000007ab0c4560) thrown at [/Users/java_re/workspace/8-2-build-macosx-x86_64/jdk8u102/7268/hotspot/src/share/vm/prims/jni.cpp, line 709]
Event: 3.350 Thread 0x00007f9a7536c800 Implicit null exception at 0x000000010433f774 to 0x000000010433fba9

Events (10 events):
Event: 29.008 loading class jogamp/nativewindow/jawt/macosx/MacOSXJAWTWindow$1 done
Event: 29.011 Thread 0x00007f9a7536c800 Uncommon trap: trap_request=0xffffff65 fr.pc=0x00000001049604bc
Event: 29.011 Thread 0x00007f9a7536c800 DEOPT PACKING pc=0x00000001049604bc sp=0x00007000019e88b0
Event: 29.011 Thread 0x00007f9a7536c800 DEOPT UNPACKING pc=0x00000001041a6229 sp=0x00007000019e8880 mode 2
Event: 29.011 loading class java/awt/LightweightDispatcher$2
Event: 29.011 loading class java/awt/LightweightDispatcher$2 done
Event: 29.011 loading class java/awt/event/AWTEventListenerProxy
Event: 29.011 loading class java/awt/event/AWTEventListenerProxy done
Event: 29.012 loading class java/awt/Toolkit$ToolkitEventMulticaster
Event: 29.012 loading class java/awt/Toolkit$ToolkitEventMulticaster done


Dynamic libraries:
0x000000000a139000 	/System/Library/Frameworks/Cocoa.framework/Versions/A/Cocoa
0x0000000101dca000 	/System/Library/Frameworks/Security.framework/Versions/A/Security
0x000000000a139000 	/System/Library/Frameworks/ApplicationServices.framework/Versions/A/ApplicationServices
0x000000000a139000 	/usr/lib/libz.1.dylib
0x000000000a139000 	/usr/lib/libSystem.B.dylib
0x000000000a139000 	/usr/lib/libobjc.A.dylib
0x000000000a139000 	/System/Library/Frameworks/CoreFoundation.framework/Versions/A/CoreFoundation
0x000000000a139000 	/System/Library/Frameworks/Foundation.framework/Versions/C/Foundation
0x000000000a139000 	/System/Library/Frameworks/AppKit.framework/Versions/C/AppKit
0x000000000a139000 	/System/Library/Frameworks/CoreData.framework/Versions/A/CoreData
0x000000000a139000 	/System/Library/PrivateFrameworks/RemoteViewServices.framework/Versions/A/RemoteViewServices
0x000000000a139000 	/System/Library/PrivateFrameworks/UIFoundation.framework/Versions/A/UIFoundation
0x000000000a139000 	/usr/lib/libScreenReader.dylib
0x000000000a139000 	/System/Library/Frameworks/Accelerate.framework/Versions/A/Accelerate
0x000000000a139000 	/System/Library/Frameworks/IOSurface.framework/Versions/A/IOSurface
0x000000000a139000 	/System/Library/Frameworks/AudioToolbox.framework/Versions/A/AudioToolbox
0x000000000a139000 	/System/Library/Frameworks/AudioUnit.framework/Versions/A/AudioUnit
0x000000000a139000 	/System/Library/PrivateFrameworks/DataDetectorsCore.framework/Versions/A/DataDetectorsCore
0x000000000a139000 	/System/Library/PrivateFrameworks/DesktopServicesPriv.framework/Versions/A/DesktopServicesPriv
0x000000000a139000 	/System/Library/Frameworks/Carbon.framework/Versions/A/Frameworks/HIToolbox.framework/Versions/A/HIToolbox
0x000000000a139000 	/System/Library/Frameworks/QuartzCore.framework/Versions/A/QuartzCore
0x000000000a139000 	/System/Library/Frameworks/Carbon.framework/Versions/A/Frameworks/SpeechRecognition.framework/Versions/A/SpeechRecognition
0x000000000a139000 	/usr/lib/libauto.dylib
0x000000000a139000 	/usr/lib/libicucore.A.dylib
0x000000000a139000 	/usr/lib/libxml2.2.dylib
0x000000000a139000 	/System/Library/PrivateFrameworks/CoreUI.framework/Versions/A/CoreUI
0x000000000a139000 	/System/Library/Frameworks/CoreAudio.framework/Versions/A/CoreAudio
0x000000000a139000 	/System/Library/Frameworks/DiskArbitration.framework/Versions/A/DiskArbitration
0x000000000a139000 	/usr/lib/liblangid.dylib
0x000000000a139000 	/System/Library/PrivateFrameworks/MultitouchSupport.framework/Versions/A/MultitouchSupport
0x000000000a139000 	/System/Library/Frameworks/IOKit.framework/Versions/A/IOKit
0x000000000a139000 	/usr/lib/libDiagnosticMessagesClient.dylib
0x000000000a139000 	/System/Library/Frameworks/CoreServices.framework/Versions/A/CoreServices
0x000000000a139000 	/System/Library/PrivateFrameworks/PerformanceAnalysis.framework/Versions/A/PerformanceAnalysis
0x000000000a139000 	/System/Library/PrivateFrameworks/GenerationalStorage.framework/Versions/A/GenerationalStorage
0x000000000a139000 	/System/Library/Frameworks/OpenGL.framework/Versions/A/OpenGL
0x000000000a139000 	/System/Library/PrivateFrameworks/Sharing.framework/Versions/A/Sharing
0x000000000a139000 	/System/Library/Frameworks/CoreGraphics.framework/Versions/A/CoreGraphics
0x000000000a139000 	/System/Library/Frameworks/CoreImage.framework/Versions/A/CoreImage
0x000000000a139000 	/System/Library/Frameworks/CoreText.framework/Versions/A/CoreText
0x000000000a139000 	/System/Library/Frameworks/ImageIO.framework/Versions/A/ImageIO
0x000000000a139000 	/System/Library/PrivateFrameworks/Backup.framework/Versions/A/Backup
0x000000000a139000 	/usr/lib/libextension.dylib
0x000000000a139000 	/usr/lib/libarchive.2.dylib
0x00000001021e4000 	/System/Library/Frameworks/CFNetwork.framework/Versions/A/CFNetwork
0x000000000a139000 	/System/Library/Frameworks/SystemConfiguration.framework/Versions/A/SystemConfiguration
0x000000000a139000 	/usr/lib/libCRFSuite.dylib
0x000000000a139000 	/usr/lib/libc++.1.dylib
0x000000000a139000 	/usr/lib/libc++abi.dylib
0x000000000a139000 	/usr/lib/system/libcache.dylib
0x000000000a139000 	/usr/lib/system/libcommonCrypto.dylib
0x000000000a139000 	/usr/lib/system/libcompiler_rt.dylib
0x000000000a139000 	/usr/lib/system/libcopyfile.dylib
0x000000000a139000 	/usr/lib/system/libcorecrypto.dylib
0x000000000a139000 	/usr/lib/system/libdispatch.dylib
0x000000000a139000 	/usr/lib/system/libdyld.dylib
0x000000000a139000 	/usr/lib/system/libkeymgr.dylib
0x000000000a139000 	/usr/lib/system/liblaunch.dylib
0x000000000a139000 	/usr/lib/system/libmacho.dylib
0x000000000a139000 	/usr/lib/system/libquarantine.dylib
0x000000000a139000 	/usr/lib/system/libremovefile.dylib
0x000000000a139000 	/usr/lib/system/libsystem_asl.dylib
0x000000000a139000 	/usr/lib/system/libsystem_blocks.dylib
0x000000000a139000 	/usr/lib/system/libsystem_c.dylib
0x000000000a139000 	/usr/lib/system/libsystem_configuration.dylib
0x000000000a139000 	/usr/lib/system/libsystem_coreservices.dylib
0x000000000a139000 	/usr/lib/system/libsystem_coretls.dylib
0x000000000a139000 	/usr/lib/system/libsystem_dnssd.dylib
0x000000000a139000 	/usr/lib/system/libsystem_info.dylib
0x000000000a139000 	/usr/lib/system/libsystem_kernel.dylib
0x000000000a139000 	/usr/lib/system/libsystem_m.dylib
0x000000000a139000 	/usr/lib/system/libsystem_malloc.dylib
0x000000000a139000 	/usr/lib/system/libsystem_network.dylib
0x000000000a139000 	/usr/lib/system/libsystem_networkextension.dylib
0x000000000a139000 	/usr/lib/system/libsystem_notify.dylib
0x000000000a139000 	/usr/lib/system/libsystem_platform.dylib
0x000000000a139000 	/usr/lib/system/libsystem_pthread.dylib
0x000000000a139000 	/usr/lib/system/libsystem_sandbox.dylib
0x000000000a139000 	/usr/lib/system/libsystem_secinit.dylib
0x000000000a139000 	/usr/lib/system/libsystem_trace.dylib
0x000000000a139000 	/usr/lib/system/libunc.dylib
0x000000000a139000 	/usr/lib/system/libunwind.dylib
0x000000000a139000 	/usr/lib/system/libxpc.dylib
0x000000000a139000 	/usr/lib/libenergytrace.dylib
0x000000000a139000 	/usr/lib/libbsm.0.dylib
0x000000000a139000 	/usr/lib/system/libkxld.dylib
0x000000000a139000 	/usr/lib/libxar.1.dylib
0x000000000a139000 	/usr/lib/libsqlite3.dylib
0x000000000a139000 	/usr/lib/libpam.2.dylib
0x000000000a139000 	/usr/lib/libOpenScriptingUtil.dylib
0x000000000a139000 	/usr/lib/libbz2.1.0.dylib
0x000000000a139000 	/usr/lib/liblzma.5.dylib
0x000000000a139000 	/System/Library/Frameworks/CoreServices.framework/Versions/A/Frameworks/FSEvents.framework/Versions/A/FSEvents
0x000000000a139000 	/System/Library/Frameworks/CoreServices.framework/Versions/A/Frameworks/CarbonCore.framework/Versions/A/CarbonCore
0x000000000a139000 	/System/Library/Frameworks/CoreServices.framework/Versions/A/Frameworks/Metadata.framework/Versions/A/Metadata
0x000000000a139000 	/System/Library/Frameworks/CoreServices.framework/Versions/A/Frameworks/OSServices.framework/Versions/A/OSServices
0x000000000a139000 	/System/Library/Frameworks/CoreServices.framework/Versions/A/Frameworks/SearchKit.framework/Versions/A/SearchKit
0x000000000a139000 	/System/Library/Frameworks/CoreServices.framework/Versions/A/Frameworks/AE.framework/Versions/A/AE
0x000000000a139000 	/System/Library/Frameworks/CoreServices.framework/Versions/A/Frameworks/LaunchServices.framework/Versions/A/LaunchServices
0x000000000a139000 	/System/Library/Frameworks/CoreServices.framework/Versions/A/Frameworks/DictionaryServices.framework/Versions/A/DictionaryServices
0x000000000a139000 	/System/Library/Frameworks/CoreServices.framework/Versions/A/Frameworks/SharedFileList.framework/Versions/A/SharedFileList
0x000000000a139000 	/System/Library/Frameworks/NetFS.framework/Versions/A/NetFS
0x000000000a139000 	/System/Library/PrivateFrameworks/NetAuth.framework/Versions/A/NetAuth
0x000000000a139000 	/System/Library/PrivateFrameworks/login.framework/Versions/A/Frameworks/loginsupport.framework/Versions/A/loginsupport
0x000000000a139000 	/System/Library/PrivateFrameworks/TCC.framework/Versions/A/TCC
0x000000000a139000 	/usr/lib/libmecabra.dylib
0x000000000a139000 	/System/Library/Frameworks/ApplicationServices.framework/Versions/A/Frameworks/ATS.framework/Versions/A/ATS
0x000000000a139000 	/System/Library/Frameworks/ApplicationServices.framework/Versions/A/Frameworks/ColorSync.framework/Versions/A/ColorSync
0x000000000a139000 	/System/Library/Frameworks/ApplicationServices.framework/Versions/A/Frameworks/HIServices.framework/Versions/A/HIServices
0x000000000a139000 	/System/Library/Frameworks/ApplicationServices.framework/Versions/A/Frameworks/LangAnalysis.framework/Versions/A/LangAnalysis
0x000000000a139000 	/System/Library/Frameworks/ApplicationServices.framework/Versions/A/Frameworks/PrintCore.framework/Versions/A/PrintCore
0x000000000a139000 	/System/Library/Frameworks/ApplicationServices.framework/Versions/A/Frameworks/QD.framework/Versions/A/QD
0x000000000a139000 	/System/Library/Frameworks/ApplicationServices.framework/Versions/A/Frameworks/SpeechSynthesis.framework/Versions/A/SpeechSynthesis
0x000000000a139000 	/System/Library/Frameworks/Metal.framework/Versions/A/Metal
0x000000000a139000 	/System/Library/Frameworks/Accelerate.framework/Versions/A/Frameworks/vImage.framework/Versions/A/vImage
0x000000000a139000 	/System/Library/Frameworks/Accelerate.framework/Versions/A/Frameworks/vecLib.framework/Versions/A/vecLib
0x000000000a139000 	/System/Library/Frameworks/Accelerate.framework/Versions/A/Frameworks/vecLib.framework/Versions/A/libvDSP.dylib
0x000000000a139000 	/System/Library/Frameworks/Accelerate.framework/Versions/A/Frameworks/vecLib.framework/Versions/A/libvMisc.dylib
0x000000000a139000 	/System/Library/Frameworks/Accelerate.framework/Versions/A/Frameworks/vecLib.framework/Versions/A/libLAPACK.dylib
0x000000000a139000 	/System/Library/Frameworks/Accelerate.framework/Versions/A/Frameworks/vecLib.framework/Versions/A/libBLAS.dylib
0x000000000a139000 	/System/Library/Frameworks/Accelerate.framework/Versions/A/Frameworks/vecLib.framework/Versions/A/libLinearAlgebra.dylib
0x000000000a139000 	/System/Library/Frameworks/Accelerate.framework/Versions/A/Frameworks/vecLib.framework/Versions/A/libSparseBLAS.dylib
0x000000000a139000 	/System/Library/PrivateFrameworks/GPUCompiler.framework/libmetal_timestamp.dylib
0x000000000a139000 	/System/Library/Frameworks/OpenGL.framework/Versions/A/Libraries/libCoreFSCache.dylib
0x000000000a139000 	/System/Library/PrivateFrameworks/IOAccelerator.framework/Versions/A/IOAccelerator
0x000000000a139000 	/System/Library/Frameworks/ApplicationServices.framework/Versions/A/Frameworks/ATS.framework/Versions/A/Resources/libFontParser.dylib
0x000000000a139000 	/System/Library/Frameworks/ApplicationServices.framework/Versions/A/Frameworks/ATS.framework/Versions/A/Resources/libFontRegistry.dylib
0x000000000a139000 	/System/Library/PrivateFrameworks/AppleVPA.framework/Versions/A/AppleVPA
0x000000000a139000 	/System/Library/PrivateFrameworks/AppleJPEG.framework/Versions/A/AppleJPEG
0x000000000a139000 	/System/Library/Frameworks/ImageIO.framework/Versions/A/Resources/libJPEG.dylib
0x000000000a139000 	/System/Library/Frameworks/ImageIO.framework/Versions/A/Resources/libTIFF.dylib
0x000000000a139000 	/System/Library/Frameworks/ImageIO.framework/Versions/A/Resources/libPng.dylib
0x000000000a139000 	/System/Library/Frameworks/ImageIO.framework/Versions/A/Resources/libGIF.dylib
0x000000000a139000 	/System/Library/Frameworks/ImageIO.framework/Versions/A/Resources/libJP2.dylib
0x000000000a139000 	/System/Library/Frameworks/ImageIO.framework/Versions/A/Resources/libRadiance.dylib
0x000000000a139000 	/System/Library/Frameworks/CoreVideo.framework/Versions/A/CoreVideo
0x000000000a139000 	/System/Library/Frameworks/OpenGL.framework/Versions/A/Libraries/libGLU.dylib
0x000000000a139000 	/System/Library/Frameworks/OpenGL.framework/Versions/A/Libraries/libGFXShared.dylib
0x000000000a139000 	/System/Library/Frameworks/OpenGL.framework/Versions/A/Libraries/libGL.dylib
0x000000000a139000 	/System/Library/Frameworks/OpenGL.framework/Versions/A/Libraries/libGLImage.dylib
0x000000000a139000 	/System/Library/Frameworks/OpenGL.framework/Versions/A/Libraries/libCVMSPluginSupport.dylib
0x000000000a139000 	/System/Library/Frameworks/OpenGL.framework/Versions/A/Libraries/libCoreVMClient.dylib
0x000000000a139000 	/usr/lib/libcompression.dylib
0x000000000a139000 	/usr/lib/libcups.2.dylib
0x000000000a139000 	/System/Library/Frameworks/Kerberos.framework/Versions/A/Kerberos
0x000000000a139000 	/System/Library/Frameworks/GSS.framework/Versions/A/GSS
0x000000000a139000 	/usr/lib/libresolv.9.dylib
0x000000000a139000 	/usr/lib/libiconv.2.dylib
0x000000000a139000 	/System/Library/PrivateFrameworks/Heimdal.framework/Versions/A/Heimdal
0x000000000a139000 	/usr/lib/libheimdal-asn1.dylib
0x000000000a139000 	/System/Library/Frameworks/OpenDirectory.framework/Versions/A/OpenDirectory
0x000000000a139000 	/System/Library/PrivateFrameworks/CommonAuth.framework/Versions/A/CommonAuth
0x000000000a139000 	/System/Library/Frameworks/OpenDirectory.framework/Versions/A/Frameworks/CFOpenDirectory.framework/Versions/A/CFOpenDirectory
0x000000000a139000 	/System/Library/Frameworks/SecurityFoundation.framework/Versions/A/SecurityFoundation
0x000000000a139000 	/System/Library/PrivateFrameworks/LanguageModeling.framework/Versions/A/LanguageModeling
0x000000000a139000 	/usr/lib/libmarisa.dylib
0x000000000a139000 	/usr/lib/libChineseTokenizer.dylib
0x000000000a139000 	/usr/lib/libcmph.dylib
0x000000000a139000 	/System/Library/Frameworks/ServiceManagement.framework/Versions/A/ServiceManagement
0x000000000a139000 	/usr/lib/libxslt.1.dylib
0x000000000a139000 	/System/Library/Frameworks/Carbon.framework/Versions/A/Frameworks/Ink.framework/Versions/A/Ink
0x000000000a139000 	/usr/lib/libFosl_dynamic.dylib
0x000000000a139000 	/System/Library/PrivateFrameworks/FaceCore.framework/Versions/A/FaceCore
0x000000000a139000 	/System/Library/Frameworks/OpenCL.framework/Versions/A/OpenCL
0x000000000a139000 	/System/Library/PrivateFrameworks/CrashReporterSupport.framework/Versions/A/CrashReporterSupport
0x000000000a139000 	/System/Library/PrivateFrameworks/IconServices.framework/Versions/A/IconServices
0x000000000a139000 	/System/Library/PrivateFrameworks/Apple80211.framework/Versions/A/Apple80211
0x000000000a139000 	/System/Library/Frameworks/CoreWLAN.framework/Versions/A/CoreWLAN
0x000000000a139000 	/System/Library/Frameworks/IOBluetooth.framework/Versions/A/IOBluetooth
0x000000000a139000 	/System/Library/PrivateFrameworks/CoreWiFi.framework/Versions/A/CoreWiFi
0x000000000a139000 	/System/Library/Frameworks/CoreBluetooth.framework/Versions/A/CoreBluetooth
0x000000000a139000 	/System/Library/PrivateFrameworks/ChunkingLibrary.framework/Versions/A/ChunkingLibrary
0x000000000a139000 	/System/Library/PrivateFrameworks/DebugSymbols.framework/Versions/A/DebugSymbols
0x000000000a139000 	/System/Library/PrivateFrameworks/CoreSymbolication.framework/Versions/A/CoreSymbolication
0x000000000a139000 	/System/Library/PrivateFrameworks/Symbolication.framework/Versions/A/Symbolication
0x000000000a139000 	/System/Library/PrivateFrameworks/SpeechRecognitionCore.framework/Versions/A/SpeechRecognitionCore
0x0000000103200000 	/Library/Java/JavaVirtualMachines/jdk1.8.0_102.jdk/Contents/Home/jre/lib/server/libjvm.dylib
0x000000000a139000 	/usr/lib/libstdc++.6.dylib
0x00000001028b9000 	/Library/Java/JavaVirtualMachines/jdk1.8.0_102.jdk/Contents/Home/jre/lib/libverify.dylib
0x00000001028c7000 	/Library/Java/JavaVirtualMachines/jdk1.8.0_102.jdk/Contents/Home/jre/lib/libjava.dylib
0x0000000102906000 	/Library/Java/JavaVirtualMachines/jdk1.8.0_102.jdk/Contents/Home/jre/lib/libzip.dylib
0x00000001174b3000 	/System/Library/Frameworks/JavaVM.framework/Frameworks/JavaRuntimeSupport.framework/JavaRuntimeSupport
0x00000001174ce000 	/System/Library/Frameworks/JavaVM.framework/Versions/A/Frameworks/JavaNativeFoundation.framework/Versions/A/JavaNativeFoundation
0x00000001174e3000 	/System/Library/Frameworks/JavaVM.framework/Versions/A/JavaVM
0x000000000a139000 	/System/Library/Frameworks/Carbon.framework/Versions/A/Carbon
0x00000001174f0000 	/System/Library/PrivateFrameworks/JavaLaunching.framework/Versions/A/JavaLaunching
0x000000000a139000 	/System/Library/Frameworks/Carbon.framework/Versions/A/Frameworks/CommonPanels.framework/Versions/A/CommonPanels
0x000000000a139000 	/System/Library/Frameworks/Carbon.framework/Versions/A/Frameworks/Help.framework/Versions/A/Help
0x000000000a139000 	/System/Library/Frameworks/Carbon.framework/Versions/A/Frameworks/ImageCapture.framework/Versions/A/ImageCapture
0x000000000a139000 	/System/Library/Frameworks/Carbon.framework/Versions/A/Frameworks/OpenScripting.framework/Versions/A/OpenScripting
0x000000000a139000 	/System/Library/Frameworks/Carbon.framework/Versions/A/Frameworks/Print.framework/Versions/A/Print
0x000000000a139000 	/System/Library/Frameworks/Carbon.framework/Versions/A/Frameworks/SecurityHI.framework/Versions/A/SecurityHI
0x0000000118e0f000 	/Library/Java/JavaVirtualMachines/jdk1.8.0_102.jdk/Contents/Home/jre/lib/libawt.dylib
0x0000000118eb7000 	/Library/Java/JavaVirtualMachines/jdk1.8.0_102.jdk/Contents/Home/jre/lib/./libmlib_image.dylib
0x0000000118f83000 	/Library/Java/JavaVirtualMachines/jdk1.8.0_102.jdk/Contents/Home/jre/lib/libawt_lwawt.dylib
0x0000000119038000 	/Library/Java/JavaVirtualMachines/jdk1.8.0_102.jdk/Contents/Home/jre/lib/./libosxapp.dylib
0x000000000a139000 	/System/Library/Frameworks/ExceptionHandling.framework/Versions/A/ExceptionHandling
0x000000000a139000 	/System/Library/PrivateFrameworks/CoreServicesInternal.framework/Versions/A/CoreServicesInternal
0x0000000119a82000 	/System/Library/Frameworks/CoreGraphics.framework/Versions/A/Resources/libRIP.A.dylib
0x000000000a139000 	/System/Library/Frameworks/Accelerate.framework/Versions/A/Frameworks/vImage.framework/Versions/A/Libraries/libCGInterfaces.dylib
0x0000000119d1d000 	/System/Library/Frameworks/CoreGraphics.framework/Versions/A/Resources/libCGXType.A.dylib
0x000000000a139000 	/System/Library/Frameworks/OpenCL.framework/Versions/A/Libraries/libcldcpuengine.dylib
0x000000000a139000 	/System/Library/PrivateFrameworks/DiskImages.framework/Versions/A/DiskImages
0x000000000a139000 	/System/Library/Frameworks/DiscRecording.framework/Versions/A/DiscRecording
0x000000000a139000 	/usr/lib/libcsfde.dylib
0x000000000a139000 	/usr/lib/libcurl.4.dylib
0x000000000a139000 	/System/Library/PrivateFrameworks/MediaKit.framework/Versions/A/MediaKit
0x000000000a139000 	/System/Library/PrivateFrameworks/ProtectedCloudStorage.framework/Versions/A/ProtectedCloudStorage
0x000000000a139000 	/usr/lib/libCoreStorage.dylib
0x000000000a139000 	/System/Library/PrivateFrameworks/EFILogin.framework/Versions/A/EFILogin
0x000000000a139000 	/usr/lib/libutil.dylib
0x000000000a139000 	/System/Library/PrivateFrameworks/FindMyDevice.framework/Versions/A/FindMyDevice
0x000000000a139000 	/System/Library/Frameworks/LDAP.framework/Versions/A/LDAP
0x000000000a139000 	/usr/lib/libsasl2.2.dylib
0x000000000a139000 	/System/Library/PrivateFrameworks/CoreDaemon.framework/Versions/B/CoreDaemon
0x000000000a139000 	/usr/lib/libcrypto.0.9.8.dylib
0x000000000a139000 	/System/Library/PrivateFrameworks/AppleSRP.framework/Versions/A/AppleSRP
0x000000000a139000 	/System/Library/PrivateFrameworks/TrustEvaluationAgent.framework/Versions/A/TrustEvaluationAgent
0x000000011a7d2000 	cl_kernels
0x000000000a139000 	/System/Library/Frameworks/OpenCL.framework/Versions/A/Libraries/ImageFormats/unorm8_bgra.dylib
0x000000000a139000 	/System/Library/Frameworks/OpenCL.framework/Versions/A/Libraries/ImageFormats/unorm8_rgba.dylib
0x000000000a139000 	/System/Library/PrivateFrameworks/FamilyControls.framework/Versions/A/FamilyControls
0x000000000a139000 	/System/Library/PrivateFrameworks/CommerceKit.framework/Versions/A/Frameworks/CommerceCore.framework/Versions/A/CommerceCore
0x000000000a139000 	/System/Library/PrivateFrameworks/SystemAdministration.framework/Versions/A/SystemAdministration
0x000000000a139000 	/System/Library/PrivateFrameworks/AppContainer.framework/Versions/A/AppContainer
0x000000000a139000 	/System/Library/PrivateFrameworks/SecCodeWrapper.framework/Versions/A/SecCodeWrapper
0x000000000a139000 	/System/Library/Frameworks/DirectoryService.framework/Versions/A/DirectoryService
0x000000000a139000 	/System/Library/PrivateFrameworks/LoginUIKit.framework/Versions/A/Frameworks/LoginUICore.framework/Versions/A/LoginUICore
0x000000000a139000 	/usr/lib/libodfde.dylib
0x000000000a139000 	/System/Library/Frameworks/OpenGL.framework/Versions/A/Resources/GLEngine.bundle/GLEngine
0x000000000a139000 	/System/Library/Frameworks/OpenGL.framework/Versions/A/Libraries/libGLProgrammability.dylib
0x000000011b811000 	/System/Library/Extensions/AppleIntelHD5000GraphicsGLDriver.bundle/Contents/MacOS/AppleIntelHD5000GraphicsGLDriver
0x000000000a139000 	/System/Library/PrivateFrameworks/GPUSupport.framework/Versions/A/Libraries/libGPUSupportMercury.dylib
0x000000000a139000 	/System/Library/Frameworks/OpenGL.framework/Versions/A/Resources/GLRendererFloat.bundle/GLRendererFloat
0x000000011c800000 	/Library/Java/JavaVirtualMachines/jdk1.8.0_102.jdk/Contents/Home/jre/lib/libfontmanager.dylib
0x000000011dca0000 	/Library/Java/JavaVirtualMachines/jdk1.8.0_102.jdk/Contents/Home/jre/lib/libosxui.dylib
0x000000011e982000 	/Library/Java/JavaVirtualMachines/jdk1.8.0_102.jdk/Contents/Home/jre/lib/libnet.dylib
0x000000011e796000 	/Library/Java/JavaVirtualMachines/jdk1.8.0_102.jdk/Contents/Home/jre/lib/libnio.dylib
0x000000000a139000 	/System/Library/Frameworks/ApplicationServices.framework/Versions/A/Frameworks/ATS.framework/Versions/A/Resources/libTrueTypeScaler.dylib
0x000000016f8a4000 	/System/Library/Extensions/AppleIntelHD5000GraphicsMTLDriver.bundle/Contents/MacOS/AppleIntelHD5000GraphicsMTLDriver
0x0000000119d7d000 	/private/var/folders/f2/4qkyxzd93r37rthb6tddfj8m0000gn/T/jogamp_0000/file_cache/jln7439601106784121408/jln6978216888035680540/libgluegen-rt.jnilib
0x0000000119d82000 	/private/var/folders/f2/4qkyxzd93r37rthb6tddfj8m0000gn/T/jogamp_0000/file_cache/jln7439601106784121408/jln6978216888035680540/libnativewindow_awt.jnilib
0x0000000119d85000 	/Library/Java/JavaVirtualMachines/jdk1.8.0_102.jdk/Contents/Home/jre/lib/libjawt.dylib
0x0000000119d88000 	/private/var/folders/f2/4qkyxzd93r37rthb6tddfj8m0000gn/T/jogamp_0000/file_cache/jln7439601106784121408/jln6978216888035680540/libnativewindow_macosx.jnilib
0x00000001714e1000 	/private/var/folders/f2/4qkyxzd93r37rthb6tddfj8m0000gn/T/jogamp_0000/file_cache/jln7439601106784121408/jln6978216888035680540/libjogl_desktop.jnilib

VM Arguments:
jvm_args: -Djava.security.policy=java.policy.applet -Dfile.encoding=UTF-8 
java_command: sun.applet.AppletViewer module3.EarthquakeCityMap1473722140395.html
java_class_path (initial): /Users/Yoni/Projects/eclipse/UCSDUnfoldingMaps/build:/Users/Yoni/Projects/eclipse/UCSDUnfoldingMaps/lib/core.jar:/Users/Yoni/Projects/eclipse/UCSDUnfoldingMaps/lib/gluegen-rt.jar:/Users/Yoni/Projects/eclipse/UCSDUnfoldingMaps/lib/jogl-all.jar:/Users/Yoni/Projects/eclipse/UCSDUnfoldingMaps/lib/log4j-1.2.15.jar:/Users/Yoni/Projects/eclipse/UCSDUnfoldingMaps/lib/sqlite-jdbc-3.7.2.jar:/Users/Yoni/Projects/eclipse/UCSDUnfoldingMaps/lib/json4processing.jar:/Users/Yoni/Projects/eclipse/UCSDUnfoldingMaps/lib/libTUIO.jar:/Users/Yoni/Projects/eclipse/UCSDUnfoldingMaps/lib/unfolding.0.9.7-uscd.jar
Launcher Type: SUN_STANDARD

Environment Variables:
PATH=/usr/bin:/bin:/usr/sbin:/sbin:/usr/local/bin
SHELL=/bin/bash

Signal Handlers:
SIGSEGV: [libjvm.dylib+0x5b0579], sa_mask[0]=11111111011111110111111111111111, sa_flags=SA_ONSTACK|SA_RESTART|SA_SIGINFO
SIGBUS: [libjvm.dylib+0x5b0579], sa_mask[0]=11111111011111110111111111111111, sa_flags=SA_RESTART|SA_SIGINFO
SIGFPE: [libjvm.dylib+0x4874e4], sa_mask[0]=11111111011111110111111111111111, sa_flags=SA_RESTART|SA_SIGINFO
SIGPIPE: [libjvm.dylib+0x4874e4], sa_mask[0]=11111111011111110111111111111111, sa_flags=SA_RESTART|SA_SIGINFO
SIGXFSZ: [libjvm.dylib+0x4874e4], sa_mask[0]=11111111011111110111111111111111, sa_flags=SA_RESTART|SA_SIGINFO
SIGILL: [libjvm.dylib+0x4874e4], sa_mask[0]=11111111011111110111111111111111, sa_flags=SA_RESTART|SA_SIGINFO
SIGUSR1: SIG_DFL, sa_mask[0]=00000000000000000000000000000000, sa_flags=none
SIGUSR2: [libjvm.dylib+0x487002], sa_mask[0]=00100000000000000000000000000000, sa_flags=SA_RESTART|SA_SIGINFO
SIGHUP: [libjvm.dylib+0x4855d9], sa_mask[0]=11111111011111110111111111111111, sa_flags=SA_RESTART|SA_SIGINFO
SIGINT: [libjvm.dylib+0x4855d9], sa_mask[0]=11111111011111110111111111111111, sa_flags=SA_RESTART|SA_SIGINFO
SIGTERM: [libjvm.dylib+0x4855d9], sa_mask[0]=11111111011111110111111111111111, sa_flags=SA_RESTART|SA_SIGINFO
SIGQUIT: [libjvm.dylib+0x4855d9], sa_mask[0]=11111111011111110111111111111111, sa_flags=SA_RESTART|SA_SIGINFO


---------------  S Y S T E M  ---------------

OS:Bsduname:Darwin 15.6.0 Darwin Kernel Version 15.6.0: Mon Aug 29 20:21:34 PDT 2016; root:xnu-3248.60.11~1/RELEASE_X86_64 x86_64
rlimit: STACK 8192k, CORE 0k, NPROC 709, NOFILE 10240, AS infinity
load average:1.20 1.44 1.52

CPU:total 4 (2 cores per cpu, 2 threads per core) family 6 model 69 stepping 1, cmov, cx8, fxsr, mmx, sse, sse2, sse3, ssse3, sse4.1, sse4.2, popcnt, avx, avx2, aes, clmul, erms, lzcnt, ht, tsc, tscinvbit, bmi1, bmi2

Memory: 4k page, physical 4194304k(17828k free)

/proc/meminfo:


vm_info: Java HotSpot(TM) 64-Bit Server VM (25.102-b14) for bsd-amd64 JRE (1.8.0_102-b14), built on Jun 22 2016 11:42:36 by "java_re" with gcc 4.2.1 (Based on Apple Inc. build 5658) (LLVM build 2336.11.00)

time: Mon Sep 12 19:16:09 2016
elapsed time: 29 seconds (0d 0h 0m 29s)

