#
# A fatal error has been detected by the Java Runtime Environment:
#
#  SIGSEGV (0xb) at pc=0x00007fff8e91d4dd, pid=4119, tid=0x0000000000000a0b
#
# JRE version: Java(TM) SE Runtime Environment (8.0_102-b14) (build 1.8.0_102-b14)
# Java VM: Java HotSpot(TM) 64-Bit Server VM (25.102-b14 mixed mode bsd-amd64 compressed oops)
# Problematic frame:
# C  [libobjc.A.dylib+0x14dd]  objc_msgSend+0x1d
#
# Failed to write core dump. Core dumps have been disabled. To enable core dumping, try "ulimit -c unlimited" before starting Java again
#
# If you would like to submit a bug report, please visit:
#   http://bugreport.java.com/bugreport/crash.jsp
# The crash happened outside the Java Virtual Machine in native code.
# See problematic frame for where to report the bug.
#

---------------  T H R E A D  ---------------

Current thread (0x00007fa059193800):  JavaThread "AWT-AppKit" daemon [_thread_in_native, id=2571, stack(0x00007fff54d14000,0x00007fff55514000)]

siginfo: si_signo: 11 (SIGSEGV), si_code: 1 (SEGV_MAPERR), si_addr: 0x00006f7073694448

Registers:
RAX=0x00007fa05c1dd700, RBX=0x0000000178185450, RCX=0x000000012263b820, RDX=0x00000001226f6460
RSP=0x00007fff5550f278, RBP=0x00007fff5550f330, RSI=0x00007fff9fa37cbe, RDI=0x00007fa058491c60
R8 =0x0000000000000000, R9 =0x00000000000008b0, R10=0x00007fff9fa37cbe, R11=0x00006f7073694430
R12=0x0000000000000000, R13=0x0000000179de2540, R14=0x0000000178185440, R15=0x00007fa059193800
RIP=0x00007fff8e91d4dd, EFLAGS=0x0000000000010206, ERR=0x0000000000000004
  TRAPNO=0x000000000000000e

Top of Stack: (sp=0x00007fff5550f278)
0x00007fff5550f278:   0000000178183157 00007fff5550f2d0
0x00007fff5550f288:   0000000000000003 00007fff5550f2b0
0x00007fff5550f298:   000000010bbf2e32 0000000179de2540
0x00007fff5550f2a8:   0000000179de2540 00007fa05c1dd700
0x00007fff5550f2b8:   00000001781856a0 0000000178185710
0x00007fff5550f2c8:   00007fff7e174770 00007fff7d71d500
0x00007fff5550f2d8:   0000000178185450 0000000178185690
0x00007fff5550f2e8:   00007fa05c1dd700 00007fa058491c60
0x00007fff5550f2f8:   00007fa058438bc0 00007fa05c1dd700
0x00007fff5550f308:   00007fa058491c60 00007fff5550f3b8
0x00007fff5550f318:   00007fa0591939f8 0000000179de2540
0x00007fff5550f328:   00007fff5550f3e0 00007fff5550f3a8
0x00007fff5550f338:   000000010ca0c9d4 0000000179de2540
0x00007fff5550f348:   00007fff5550f3e0 00007fff5550f3a8
0x00007fff5550f358:   000000010ca0c767 000000010ca0c722
0x00007fff5550f368:   00007fff5550f368 0000000179de2540
0x00007fff5550f378:   00007fff5550f3e0 0000000179de5178
0x00007fff5550f388:   0000000000000000 0000000179de2540
0x00007fff5550f398:   0000000000000000 00007fff5550f3c8
0x00007fff5550f3a8:   00007fff5550f428 000000010c9fd2bd
0x00007fff5550f3b8:   0000000780d85c08 000000010ca06538
0x00007fff5550f3c8:   00007fa05c1dd700 00007fff5550f428
0x00007fff5550f3d8:   00007fa058491c60 000000010ca07e02
0x00007fff5550f3e8:   00007fff5550f3e8 0000000179de270a
0x00007fff5550f3f8:   00007fff5550f450 0000000179de5178
0x00007fff5550f408:   0000000000000000 0000000179de2718
0x00007fff5550f418:   00007fff5550f3c8 00007fff5550f438
0x00007fff5550f428:   00007fff5550f498 000000010c9fd2bd
0x00007fff5550f438:   00007fa05c1dd700 0000000780e0a828
0x00007fff5550f448:   00007fa058491c60 0000000780e0a828
0x00007fff5550f458:   00007fff5550f458 0000000181a83a16
0x00007fff5550f468:   00007fff5550f4a8 0000000181a83ad0 

Instructions: (pc=0x00007fff8e91d4dd)
0x00007fff8e91d4bd:   44 00 00 48 85 ff 2e 74 62 40 f6 c7 01 2e 75 66
0x00007fff8e91d4cd:   49 bb f8 ff ff ff ff 7f 00 00 4c 23 1f 49 89 f2
0x00007fff8e91d4dd:   45 23 53 18 49 c1 e2 04 4d 03 53 10 49 3b 32 75
0x00007fff8e91d4ed:   04 41 ff 62 08 49 83 3a 01 76 0d 49 83 c2 10 49 

Register to memory mapping:

RAX=0x00007fa05c1dd700 is an unknown value
RBX=0x0000000178185450: Java_jogamp_nativewindow_macosx_OSXUtil_GetScreenRefreshRate0+0x1cf0 in /private/var/folders/f2/4qkyxzd93r37rthb6tddfj8m0000gn/T/jogamp_0000/file_cache/jln1431683660363041011/jln3665446249479985337/libnativewindow_macosx.jnilib at 0x000000017817e000
RCX=0x000000012263b820 is an unknown value
RDX=0x00000001226f6460 is an unknown value
RSP=0x00007fff5550f278 is pointing into the stack for thread: 0x00007fa059193800
RBP=0x00007fff5550f330 is pointing into the stack for thread: 0x00007fa059193800
RSI=0x00007fff9fa37cbe is an unknown value
RDI=0x00007fa058491c60 is an unknown value
R8 =0x0000000000000000 is an unknown value
R9 =0x00000000000008b0 is an unknown value
R10=0x00007fff9fa37cbe is an unknown value
R11=0x00006f7073694430 is an unknown value
R12=0x0000000000000000 is an unknown value
R13={method} {0x0000000179de2540} 'UnsetJAWTRootSurfaceLayer0' '(JJ)V' in 'jogamp/nativewindow/jawt/macosx/MacOSXJAWTWindow'
R14=0x0000000178185440: Java_jogamp_nativewindow_macosx_OSXUtil_GetScreenRefreshRate0+0x1ce0 in /private/var/folders/f2/4qkyxzd93r37rthb6tddfj8m0000gn/T/jogamp_0000/file_cache/jln1431683660363041011/jln3665446249479985337/libnativewindow_macosx.jnilib at 0x000000017817e000
R15=0x00007fa059193800 is a thread


Stack: [0x00007fff54d14000,0x00007fff55514000],  sp=0x00007fff5550f278,  free space=8172k
Native frames: (J=compiled Java code, j=interpreted, Vv=VM code, C=native code)
C  [libobjc.A.dylib+0x14dd]  objc_msgSend+0x1d
j  jogamp.nativewindow.jawt.macosx.MacOSXJAWTWindow.UnsetJAWTRootSurfaceLayer0(JJ)V+0
j  jogamp.nativewindow.jawt.macosx.MacOSXJAWTWindow.access$200(JJ)V+2
j  jogamp.nativewindow.jawt.macosx.MacOSXJAWTWindow$1.run()V+38
J 2441 C1 com.jogamp.common.util.RunnableTask.run()V (345 bytes) @ 0x000000010d15ab34 [0x000000010d15a9a0+0x194]
v  ~StubRoutines::call_stub
V  [libjvm.dylib+0x2ed5e2]
V  [libjvm.dylib+0x324771]
V  [libjvm.dylib+0x316f3f]
C  [libnativewindow_macosx.jnilib+0x5326]  Java_jogamp_nativewindow_jawt_macosx_MacOSXJAWTWindow_UnsetJAWTRootSurfaceLayer0+0x2b6
C  [Foundation+0x76fde]  __NSThreadPerformPerform+0x117
C  [CoreFoundation+0xaa881]  __CFRUNLOOP_IS_CALLING_OUT_TO_A_SOURCE0_PERFORM_FUNCTION__+0x11
C  [CoreFoundation+0x89fbc]  __CFRunLoopDoSources0+0x22c
C  [CoreFoundation+0x894df]  __CFRunLoopRun+0x39f
C  [CoreFoundation+0x88ed8]  CFRunLoopRunSpecific+0x128
C  [HIToolbox+0x30935]  RunCurrentEventLoopInMode+0xeb
C  [HIToolbox+0x30677]  ReceiveNextEventCommon+0xb8
C  [HIToolbox+0x305af]  _BlockUntilNextEventMatchingListInModeWithFilter+0x47
C  [AppKit+0x48df6]  _DPSNextEvent+0x42b
C  [AppKit+0x48226]  -[NSApplication _nextEventMatchingEventMask:untilDate:inMode:dequeue:]+0x1c6
C  [libosxapp.dylib+0x23aa]  -[NSApplicationAWT nextEventMatchingMask:untilDate:inMode:dequeue:]+0x7c
C  [AppKit+0x3cd80]  -[NSApplication run]+0x2aa
C  [libosxapp.dylib+0x214d]  +[NSApplicationAWT runAWTLoopWithApp:]+0x9c
C  [libawt_lwawt.dylib+0x444b3]  -[AWTStarter starter:]+0x389
C  [Foundation+0x76fde]  __NSThreadPerformPerform+0x117
C  [CoreFoundation+0xaa881]  __CFRUNLOOP_IS_CALLING_OUT_TO_A_SOURCE0_PERFORM_FUNCTION__+0x11
C  [CoreFoundation+0x89fbc]  __CFRunLoopDoSources0+0x22c
C  [CoreFoundation+0x894df]  __CFRunLoopRun+0x39f
C  [CoreFoundation+0x88ed8]  CFRunLoopRunSpecific+0x128
C  [java+0x6465]  CreateExecutionEnvironment+0x367
C  [java+0x218c]  JLI_Launch+0x7a0
C  [java+0x84c2]  main+0x65
C  [java+0x19e4]  start+0x34
C  0x0000000000000007

Java frames: (J=compiled Java code, j=interpreted, Vv=VM code)
j  jogamp.nativewindow.jawt.macosx.MacOSXJAWTWindow.UnsetJAWTRootSurfaceLayer0(JJ)V+0
j  jogamp.nativewindow.jawt.macosx.MacOSXJAWTWindow.access$200(JJ)V+2
j  jogamp.nativewindow.jawt.macosx.MacOSXJAWTWindow$1.run()V+38
J 2441 C1 com.jogamp.common.util.RunnableTask.run()V (345 bytes) @ 0x000000010d15ab34 [0x000000010d15a9a0+0x194]
v  ~StubRoutines::call_stub

---------------  P R O C E S S  ---------------

Java Threads: ( => current thread )
  0x00007fa059179000 JavaThread "Thread-19" [_thread_blocked, id=33451, stack(0x00007000019ee000,0x0000700001aee000)]
  0x00007fa0593f8800 JavaThread "AWT-EventQueue-1" [_thread_in_native, id=58919, stack(0x0000700001868000,0x0000700001968000)]
  0x00007fa058c98800 JavaThread "DestroyJavaVM" [_thread_blocked, id=5891, stack(0x000070000011a000,0x000070000021a000)]
  0x00007fa059263800 JavaThread "AWT-EventQueue-0" [_thread_blocked, id=56323, stack(0x0000700001662000,0x0000700001762000)]
  0x00007fa0589cc000 JavaThread "Java2D Disposer" daemon [_thread_blocked, id=52995, stack(0x00007000013d9000,0x00007000014d9000)]
  0x00007fa05a088000 JavaThread "Java2D Queue Flusher" daemon [_thread_blocked, id=43327, stack(0x00007000012d6000,0x00007000013d6000)]
  0x00007fa0591a7000 JavaThread "AWT-Shutdown" [_thread_blocked, id=29459, stack(0x0000700001150000,0x0000700001250000)]
=>0x00007fa059193800 JavaThread "AWT-AppKit" daemon [_thread_in_native, id=2571, stack(0x00007fff54d14000,0x00007fff55514000)]
  0x00007fa058863800 JavaThread "Service Thread" daemon [_thread_blocked, id=18435, stack(0x0000700000e44000,0x0000700000f44000)]
  0x00007fa058863000 JavaThread "C1 CompilerThread2" daemon [_thread_blocked, id=17923, stack(0x0000700000d41000,0x0000700000e41000)]
  0x00007fa058862000 JavaThread "C2 CompilerThread1" daemon [_thread_blocked, id=17411, stack(0x0000700000c3e000,0x0000700000d3e000)]
  0x00007fa05903b800 JavaThread "C2 CompilerThread0" daemon [_thread_blocked, id=16899, stack(0x0000700000b3b000,0x0000700000c3b000)]
  0x00007fa059036000 JavaThread "Signal Dispatcher" daemon [_thread_blocked, id=12815, stack(0x0000700000a38000,0x0000700000b38000)]
  0x00007fa058824000 JavaThread "Finalizer" daemon [_thread_blocked, id=12291, stack(0x000070000082f000,0x000070000092f000)]
  0x00007fa059006800 JavaThread "Reference Handler" daemon [_thread_blocked, id=11779, stack(0x000070000072c000,0x000070000082c000)]

Other Threads:
  0x00007fa058818000 VMThread [stack: 0x0000700000629000,0x0000700000729000] [id=11267]
  0x00007fa059034000 WatcherThread [stack: 0x0000700000f47000,0x0000700001047000] [id=18947]

VM state:not at safepoint (normal execution)

VM Mutex/Monitor currently owned by a thread: None

Heap:
 PSYoungGen      total 58880K, used 14904K [0x00000007aab00000, 0x00000007af300000, 0x00000007c0000000)
  eden space 51200K, 28% used [0x00000007aab00000,0x00000007ab96e050,0x00000007add00000)
  from space 7680K, 1% used [0x00000007aeb80000,0x00000007aeba0000,0x00000007af300000)
  to   space 11264K, 0% used [0x00000007add00000,0x00000007add00000,0x00000007ae800000)
 ParOldGen       total 44032K, used 15381K [0x0000000780000000, 0x0000000782b00000, 0x00000007aab00000)
  object space 44032K, 34% used [0x0000000780000000,0x0000000780f05628,0x0000000782b00000)
 Metaspace       used 21043K, capacity 21211K, committed 21552K, reserved 1069056K
  class space    used 2060K, capacity 2112K, committed 2176K, reserved 1048576K

Card table byte_map: [0x000000011bdb5000,0x000000011bfb6000] byte_map_base: 0x00000001181b5000

Marking Bits: (ParMarkBitMap*) 0x000000010c2efd20
 Begin Bits: [0x000000011c10c000, 0x000000011d10c000)
 End Bits:   [0x000000011d10c000, 0x000000011e10c000)

Polling page: 0x000000010ab26000

CodeCache: size=245760Kb used=8406Kb max_used=8406Kb free=237353Kb
 bounds [0x000000010c9f5000, 0x000000010d245000, 0x000000011b9f5000]
 total_blobs=3304 nmethods=2411 adapters=806
 compilation: enabled

Compilation events (10 events):
Event: 23.391 Thread 0x00007fa058863000 2658       3       de.fhpotsdam.unfolding.mapdisplay.AbstractMapDisplay$QueueSorter::setCenter (6 bytes)
Event: 23.392 Thread 0x00007fa058863000 nmethod 2658 0x000000010cfa5bd0 code [0x000000010cfa5d20, 0x000000010cfa5e90]
Event: 23.411 Thread 0x00007fa058862000 2659       4       jogamp.opengl.gl4.GL4bcImpl::glActiveTexture (49 bytes)
Event: 23.414 Thread 0x00007fa058862000 nmethod 2659 0x000000010cfa57d0 code [0x000000010cfa5940, 0x000000010cfa5a68]
Event: 23.807 Thread 0x00007fa058863000 2660       3       java.awt.Rectangle::intersection (180 bytes)
Event: 23.809 Thread 0x00007fa058863000 nmethod 2660 0x000000010cfb19d0 code [0x000000010cfb1b60, 0x000000010cfb2090]
Event: 23.847 Thread 0x00007fa058863000 2661       3       sun.net.www.protocol.jar.Handler::parseContextSpec (154 bytes)
Event: 23.850 Thread 0x00007fa058863000 nmethod 2661 0x000000010d22f9d0 code [0x000000010d22fdc0, 0x000000010d2324a8]
Event: 23.850 Thread 0x00007fa058863000 2662       3       sun.net.www.ParseUtil::canonizeString (195 bytes)
Event: 23.852 Thread 0x00007fa058863000 nmethod 2662 0x000000010d2135d0 code [0x000000010d2139a0, 0x000000010d215de8]

GC Heap History (10 events):
Event: 7.559 GC heap before
{Heap before GC invocations=5 (full 0):
 PSYoungGen      total 35328K, used 35312K [0x00000007aab00000, 0x00000007ad000000, 0x00000007c0000000)
  eden space 32768K, 100% used [0x00000007aab00000,0x00000007acb00000,0x00000007acb00000)
  from space 2560K, 99% used [0x00000007acd80000,0x00000007acffc050,0x00000007ad000000)
  to   space 2560K, 0% used [0x00000007acb00000,0x00000007acb00000,0x00000007acd80000)
 ParOldGen       total 44032K, used 14343K [0x0000000780000000, 0x0000000782b00000, 0x00000007aab00000)
  object space 44032K, 32% used [0x0000000780000000,0x0000000780e01eb8,0x0000000782b00000)
 Metaspace       used 20528K, capacity 20693K, committed 20864K, reserved 1069056K
  class space    used 2039K, capacity 2111K, committed 2176K, reserved 1048576K
Event: 7.573 GC heap after
Heap after GC invocations=5 (full 0):
 PSYoungGen      total 35328K, used 2528K [0x00000007aab00000, 0x00000007b0000000, 0x00000007c0000000)
  eden space 32768K, 0% used [0x00000007aab00000,0x00000007aab00000,0x00000007acb00000)
  from space 2560K, 98% used [0x00000007acb00000,0x00000007acd78050,0x00000007acd80000)
  to   space 10752K, 0% used [0x00000007af580000,0x00000007af580000,0x00000007b0000000)
 ParOldGen       total 44032K, used 18762K [0x0000000780000000, 0x0000000782b00000, 0x00000007aab00000)
  object space 44032K, 42% used [0x0000000780000000,0x0000000781252998,0x0000000782b00000)
 Metaspace       used 20528K, capacity 20693K, committed 20864K, reserved 1069056K
  class space    used 2039K, capacity 2111K, committed 2176K, reserved 1048576K
}
Event: 13.742 GC heap before
{Heap before GC invocations=6 (full 0):
 PSYoungGen      total 35328K, used 35296K [0x00000007aab00000, 0x00000007b0000000, 0x00000007c0000000)
  eden space 32768K, 100% used [0x00000007aab00000,0x00000007acb00000,0x00000007acb00000)
  from space 2560K, 98% used [0x00000007acb00000,0x00000007acd78050,0x00000007acd80000)
  to   space 10752K, 0% used [0x00000007af580000,0x00000007af580000,0x00000007b0000000)
 ParOldGen       total 44032K, used 18762K [0x0000000780000000, 0x0000000782b00000, 0x00000007aab00000)
  object space 44032K, 42% used [0x0000000780000000,0x0000000781252998,0x0000000782b00000)
 Metaspace       used 20892K, capacity 21077K, committed 21296K, reserved 1069056K
  class space    used 2039K, capacity 2111K, committed 2176K, reserved 1048576K
Event: 13.754 GC heap after
Heap after GC invocations=6 (full 0):
 PSYoungGen      total 34816K, used 2864K [0x00000007aab00000, 0x00000007af880000, 0x00000007c0000000)
  eden space 31744K, 0% used [0x00000007aab00000,0x00000007aab00000,0x00000007aca00000)
  from space 3072K, 93% used [0x00000007af580000,0x00000007af84c070,0x00000007af880000)
  to   space 10752K, 0% used [0x00000007ae380000,0x00000007ae380000,0x00000007aee00000)
 ParOldGen       total 44032K, used 18762K [0x0000000780000000, 0x0000000782b00000, 0x00000007aab00000)
  object space 44032K, 42% used [0x0000000780000000,0x0000000781252998,0x0000000782b00000)
 Metaspace       used 20892K, capacity 21077K, committed 21296K, reserved 1069056K
  class space    used 2039K, capacity 2111K, committed 2176K, reserved 1048576K
}
Event: 14.866 GC heap before
{Heap before GC invocations=7 (full 0):
 PSYoungGen      total 34816K, used 8547K [0x00000007aab00000, 0x00000007af880000, 0x00000007c0000000)
  eden space 31744K, 17% used [0x00000007aab00000,0x00000007ab08cc00,0x00000007aca00000)
  from space 3072K, 93% used [0x00000007af580000,0x00000007af84c070,0x00000007af880000)
  to   space 10752K, 0% used [0x00000007ae380000,0x00000007ae380000,0x00000007aee00000)
 ParOldGen       total 44032K, used 18762K [0x0000000780000000, 0x0000000782b00000, 0x00000007aab00000)
  object space 44032K, 42% used [0x0000000780000000,0x0000000781252998,0x0000000782b00000)
 Metaspace       used 20928K, capacity 21077K, committed 21296K, reserved 1069056K
  class space    used 2039K, capacity 2111K, committed 2176K, reserved 1048576K
Event: 14.876 GC heap after
Heap after GC invocations=7 (full 0):
 PSYoungGen      total 32768K, used 1696K [0x00000007aab00000, 0x00000007af600000, 0x00000007c0000000)
  eden space 30720K, 0% used [0x00000007aab00000,0x00000007aab00000,0x00000007ac900000)
  from space 2048K, 82% used [0x00000007ae380000,0x00000007ae528060,0x00000007ae580000)
  to   space 10752K, 0% used [0x00000007aeb80000,0x00000007aeb80000,0x00000007af600000)
 ParOldGen       total 44032K, used 19933K [0x0000000780000000, 0x0000000782b00000, 0x00000007aab00000)
  object space 44032K, 45% used [0x0000000780000000,0x00000007813777f0,0x0000000782b00000)
 Metaspace       used 20928K, capacity 21077K, committed 21296K, reserved 1069056K
  class space    used 2039K, capacity 2111K, committed 2176K, reserved 1048576K
}
Event: 14.876 GC heap before
{Heap before GC invocations=8 (full 1):
 PSYoungGen      total 32768K, used 1696K [0x00000007aab00000, 0x00000007af600000, 0x00000007c0000000)
  eden space 30720K, 0% used [0x00000007aab00000,0x00000007aab00000,0x00000007ac900000)
  from space 2048K, 82% used [0x00000007ae380000,0x00000007ae528060,0x00000007ae580000)
  to   space 10752K, 0% used [0x00000007aeb80000,0x00000007aeb80000,0x00000007af600000)
 ParOldGen       total 44032K, used 19933K [0x0000000780000000, 0x0000000782b00000, 0x00000007aab00000)
  object space 44032K, 45% used [0x0000000780000000,0x00000007813777f0,0x0000000782b00000)
 Metaspace       used 20928K, capacity 21077K, committed 21296K, reserved 1069056K
  class space    used 2039K, capacity 2111K, committed 2176K, reserved 1048576K
Event: 14.931 GC heap after
Heap after GC invocations=8 (full 1):
 PSYoungGen      total 32768K, used 0K [0x00000007aab00000, 0x00000007af600000, 0x00000007c0000000)
  eden space 30720K, 0% used [0x00000007aab00000,0x00000007aab00000,0x00000007ac900000)
  from space 2048K, 0% used [0x00000007ae380000,0x00000007ae380000,0x00000007ae580000)
  to   space 10752K, 0% used [0x00000007aeb80000,0x00000007aeb80000,0x00000007af600000)
 ParOldGen       total 44032K, used 15373K [0x0000000780000000, 0x0000000782b00000, 0x00000007aab00000)
  object space 44032K, 34% used [0x0000000780000000,0x0000000780f03628,0x0000000782b00000)
 Metaspace       used 20928K, capacity 21077K, committed 21296K, reserved 1069056K
  class space    used 2039K, capacity 2111K, committed 2176K, reserved 1048576K
}
Event: 21.208 GC heap before
{Heap before GC invocations=9 (full 1):
 PSYoungGen      total 32768K, used 30720K [0x00000007aab00000, 0x00000007af600000, 0x00000007c0000000)
  eden space 30720K, 100% used [0x00000007aab00000,0x00000007ac900000,0x00000007ac900000)
  from space 2048K, 0% used [0x00000007ae380000,0x00000007ae380000,0x00000007ae580000)
  to   space 10752K, 0% used [0x00000007aeb80000,0x00000007aeb80000,0x00000007af600000)
 ParOldGen       total 44032K, used 15373K [0x0000000780000000, 0x0000000782b00000, 0x00000007aab00000)
  object space 44032K, 34% used [0x0000000780000000,0x0000000780f03628,0x0000000782b00000)
 Metaspace       used 21002K, capacity 21205K, committed 21552K, reserved 1069056K
  class space    used 2052K, capacity 2111K, committed 2176K, reserved 1048576K
Event: 21.210 GC heap after
Heap after GC invocations=9 (full 1):
 PSYoungGen      total 58880K, used 128K [0x00000007aab00000, 0x00000007af300000, 0x00000007c0000000)
  eden space 51200K, 0% used [0x00000007aab00000,0x00000007aab00000,0x00000007add00000)
  from space 7680K, 1% used [0x00000007aeb80000,0x00000007aeba0000,0x00000007af300000)
  to   space 11264K, 0% used [0x00000007add00000,0x00000007add00000,0x00000007ae800000)
 ParOldGen       total 44032K, used 15381K [0x0000000780000000, 0x0000000782b00000, 0x00000007aab00000)
  object space 44032K, 34% used [0x0000000780000000,0x0000000780f05628,0x0000000782b00000)
 Metaspace       used 21002K, capacity 21205K, committed 21552K, reserved 1069056K
  class space    used 2052K, capacity 2111K, committed 2176K, reserved 1048576K
}

Deoptimization events (10 events):
Event: 5.748 Thread 0x00007fa0593f8800 Uncommon trap: reason=unstable_if action=reinterpret pc=0x000000010cdcdb90 method=sun.misc.FloatingDecimal.readJavaFormatString(Ljava/lang/String;)Lsun/misc/FloatingDecimal$ASCIIToBinaryConverter; @ 445
Event: 5.988 Thread 0x00007fa0593f8800 Uncommon trap: reason=unstable_if action=reinterpret pc=0x000000010ced5a7c method=com.jogamp.common.util.IntIntHashMap.get(I)I @ 28
Event: 6.000 Thread 0x00007fa0593f8800 Uncommon trap: reason=unstable_if action=reinterpret pc=0x000000010cdca010 method=java.lang.String.trim()Ljava/lang/String; @ 23
Event: 6.571 Thread 0x00007fa05da74800 Uncommon trap: reason=unstable_if action=reinterpret pc=0x000000010cdfbf14 method=java.lang.String.regionMatches(ZILjava/lang/String;II)Z @ 123
Event: 23.807 Thread 0x00007fa0593f8800 Uncommon trap: reason=unstable_if action=reinterpret pc=0x000000010cb01968 method=com.jogamp.common.util.VersionNumber.compareTo(Lcom/jogamp/common/util/VersionNumber;)I @ 21
Event: 23.810 Thread 0x00007fa059263800 Uncommon trap: reason=unstable_if action=reinterpret pc=0x000000010d0825dc method=java.awt.font.FontRenderContext.equals(Ljava/awt/font/FontRenderContext;)Z @ 2
Event: 23.810 Thread 0x00007fa059263800 Uncommon trap: reason=unstable_if action=reinterpret pc=0x000000010cf67ed4 method=java.awt.Font.equals(Ljava/lang/Object;)Z @ 2
Event: 23.839 Thread 0x00007fa059227000 Uncommon trap: reason=unstable_if action=reinterpret pc=0x000000010cf3ded0 method=java.util.HashMap.putVal(ILjava/lang/Object;Ljava/lang/Object;ZZ)Ljava/lang/Object; @ 81
Event: 23.839 Thread 0x00007fa059227000 Uncommon trap: reason=unstable_if action=reinterpret pc=0x000000010cf3eb18 method=java.util.HashMap.putVal(ILjava/lang/Object;Ljava/lang/Object;ZZ)Ljava/lang/Object; @ 81
Event: 23.840 Thread 0x00007fa059263800 Uncommon trap: reason=unstable_if action=reinterpret pc=0x000000010cdab738 method=java.awt.font.FontRenderContext.equals(Ljava/awt/font/FontRenderContext;)Z @ 2

Internal exceptions (10 events):
Event: 0.393 Thread 0x00007fa059009800 Exception <a 'java/lang/NoSuchFieldError': method resolution failed> (0x00000007aacb1070) thrown at [/Users/java_re/workspace/8-2-build-macosx-x86_64/jdk8u102/7268/hotspot/src/share/vm/prims/methodHandles.cpp, line 1146]
Event: 0.395 Thread 0x00007fa059009800 Exception <a 'java/lang/NoSuchFieldError': method resolution failed> (0x00000007aacbe840) thrown at [/Users/java_re/workspace/8-2-build-macosx-x86_64/jdk8u102/7268/hotspot/src/share/vm/prims/methodHandles.cpp, line 1146]
Event: 0.620 Thread 0x00007fa059009800 Exception <a 'java/io/FileNotFoundException'> (0x00000007aad3a860) thrown at [/Users/java_re/workspace/8-2-build-macosx-x86_64/jdk8u102/7268/hotspot/src/share/vm/prims/jni.cpp, line 709]
Event: 0.620 Thread 0x00007fa059009800 Exception <a 'java/io/FileNotFoundException'> (0x00000007aad3b3c0) thrown at [/Users/java_re/workspace/8-2-build-macosx-x86_64/jdk8u102/7268/hotspot/src/share/vm/prims/jni.cpp, line 709]
Event: 0.878 Thread 0x00007fa059009800 Exception <a 'java/io/FileNotFoundException'> (0x00000007aae21468) thrown at [/Users/java_re/workspace/8-2-build-macosx-x86_64/jdk8u102/7268/hotspot/src/share/vm/prims/jni.cpp, line 709]
Event: 4.000 Thread 0x00007fa058824000 Exception <a 'java/lang/NullPointerException'> (0x00000007aab852f8) thrown at [/Users/java_re/workspace/8-2-build-macosx-x86_64/jdk8u102/7268/hotspot/src/share/vm/interpreter/linkResolver.cpp, line 1178]
Event: 4.131 Thread 0x00007fa0599a6000 Exception <a 'java/lang/UnsatisfiedLinkError': com.jogamp.common.util.JarUtil.fixNativeLibAttribs(Ljava/lang/String;)Z> (0x00000007aae8e440) thrown at [/Users/java_re/workspace/8-2-build-macosx-x86_64/jdk8u102/7268/hotspot/src/share/vm/prims/nativeLookup.
Event: 5.180 Thread 0x00007fa0593f8800 Exception <a 'java/io/FileNotFoundException'> (0x00000007ab0b5120) thrown at [/Users/java_re/workspace/8-2-build-macosx-x86_64/jdk8u102/7268/hotspot/src/share/vm/prims/jni.cpp, line 709]
Event: 5.180 Thread 0x00007fa0593f8800 Exception <a 'java/io/FileNotFoundException'> (0x00000007ab0bb0f0) thrown at [/Users/java_re/workspace/8-2-build-macosx-x86_64/jdk8u102/7268/hotspot/src/share/vm/prims/jni.cpp, line 709]
Event: 5.180 Thread 0x00007fa0593f8800 Implicit null exception at 0x000000010cba1934 to 0x000000010cba1d35

Events (10 events):
Event: 23.850 Executing VM operation: RevokeBias done
Event: 23.850 loading class java/awt/LightweightDispatcher$2
Event: 23.850 loading class java/awt/LightweightDispatcher$2 done
Event: 23.851 loading class java/awt/event/AWTEventListenerProxy
Event: 23.851 loading class java/awt/event/AWTEventListenerProxy done
Event: 23.851 loading class java/awt/Toolkit$ToolkitEventMulticaster
Event: 23.851 loading class java/awt/Toolkit$ToolkitEventMulticaster done
Event: 23.851 Thread 0x00007fa059227000 Thread exited: 0x00007fa059227000
Event: 23.852 loading class java/awt/Window$1DisposeAction
Event: 23.852 loading class java/awt/Window$1DisposeAction done


Dynamic libraries:
0x000000000a139000 	/System/Library/Frameworks/Cocoa.framework/Versions/A/Cocoa
0x000000010a707000 	/System/Library/Frameworks/Security.framework/Versions/A/Security
0x000000000a139000 	/System/Library/Frameworks/ApplicationServices.framework/Versions/A/ApplicationServices
0x000000000a139000 	/usr/lib/libz.1.dylib
0x000000000a139000 	/usr/lib/libSystem.B.dylib
0x000000000a139000 	/usr/lib/libobjc.A.dylib
0x000000000a139000 	/System/Library/Frameworks/CoreFoundation.framework/Versions/A/CoreFoundation
0x000000000a139000 	/System/Library/Frameworks/Foundation.framework/Versions/C/Foundation
0x000000000a139000 	/System/Library/Frameworks/AppKit.framework/Versions/C/AppKit
0x000000000a139000 	/System/Library/Frameworks/CoreData.framework/Versions/A/CoreData
0x000000000a139000 	/System/Library/PrivateFrameworks/RemoteViewServices.framework/Versions/A/RemoteViewServices
0x000000000a139000 	/System/Library/PrivateFrameworks/UIFoundation.framework/Versions/A/UIFoundation
0x000000000a139000 	/usr/lib/libScreenReader.dylib
0x000000000a139000 	/System/Library/Frameworks/Accelerate.framework/Versions/A/Accelerate
0x000000000a139000 	/System/Library/Frameworks/IOSurface.framework/Versions/A/IOSurface
0x000000000a139000 	/System/Library/Frameworks/AudioToolbox.framework/Versions/A/AudioToolbox
0x000000000a139000 	/System/Library/Frameworks/AudioUnit.framework/Versions/A/AudioUnit
0x000000000a139000 	/System/Library/PrivateFrameworks/DataDetectorsCore.framework/Versions/A/DataDetectorsCore
0x000000000a139000 	/System/Library/PrivateFrameworks/DesktopServicesPriv.framework/Versions/A/DesktopServicesPriv
0x000000000a139000 	/System/Library/Frameworks/Carbon.framework/Versions/A/Frameworks/HIToolbox.framework/Versions/A/HIToolbox
0x000000000a139000 	/System/Library/Frameworks/QuartzCore.framework/Versions/A/QuartzCore
0x000000000a139000 	/System/Library/Frameworks/Carbon.framework/Versions/A/Frameworks/SpeechRecognition.framework/Versions/A/SpeechRecognition
0x000000000a139000 	/usr/lib/libauto.dylib
0x000000000a139000 	/usr/lib/libicucore.A.dylib
0x000000000a139000 	/usr/lib/libxml2.2.dylib
0x000000000a139000 	/System/Library/PrivateFrameworks/CoreUI.framework/Versions/A/CoreUI
0x000000000a139000 	/System/Library/Frameworks/CoreAudio.framework/Versions/A/CoreAudio
0x000000000a139000 	/System/Library/Frameworks/DiskArbitration.framework/Versions/A/DiskArbitration
0x000000000a139000 	/usr/lib/liblangid.dylib
0x000000000a139000 	/System/Library/PrivateFrameworks/MultitouchSupport.framework/Versions/A/MultitouchSupport
0x000000000a139000 	/System/Library/Frameworks/IOKit.framework/Versions/A/IOKit
0x000000000a139000 	/usr/lib/libDiagnosticMessagesClient.dylib
0x000000000a139000 	/System/Library/Frameworks/CoreServices.framework/Versions/A/CoreServices
0x000000000a139000 	/System/Library/PrivateFrameworks/PerformanceAnalysis.framework/Versions/A/PerformanceAnalysis
0x000000000a139000 	/System/Library/PrivateFrameworks/GenerationalStorage.framework/Versions/A/GenerationalStorage
0x000000000a139000 	/System/Library/Frameworks/OpenGL.framework/Versions/A/OpenGL
0x000000000a139000 	/System/Library/PrivateFrameworks/Sharing.framework/Versions/A/Sharing
0x000000000a139000 	/System/Library/Frameworks/CoreGraphics.framework/Versions/A/CoreGraphics
0x000000000a139000 	/System/Library/Frameworks/CoreImage.framework/Versions/A/CoreImage
0x000000000a139000 	/System/Library/Frameworks/CoreText.framework/Versions/A/CoreText
0x000000000a139000 	/System/Library/Frameworks/ImageIO.framework/Versions/A/ImageIO
0x000000000a139000 	/System/Library/PrivateFrameworks/Backup.framework/Versions/A/Backup
0x000000000a139000 	/usr/lib/libextension.dylib
0x000000000a139000 	/usr/lib/libarchive.2.dylib
0x000000010ab27000 	/System/Library/Frameworks/CFNetwork.framework/Versions/A/CFNetwork
0x000000000a139000 	/System/Library/Frameworks/SystemConfiguration.framework/Versions/A/SystemConfiguration
0x000000000a139000 	/usr/lib/libCRFSuite.dylib
0x000000000a139000 	/usr/lib/libc++.1.dylib
0x000000000a139000 	/usr/lib/libc++abi.dylib
0x000000000a139000 	/usr/lib/system/libcache.dylib
0x000000000a139000 	/usr/lib/system/libcommonCrypto.dylib
0x000000000a139000 	/usr/lib/system/libcompiler_rt.dylib
0x000000000a139000 	/usr/lib/system/libcopyfile.dylib
0x000000000a139000 	/usr/lib/system/libcorecrypto.dylib
0x000000000a139000 	/usr/lib/system/libdispatch.dylib
0x000000000a139000 	/usr/lib/system/libdyld.dylib
0x000000000a139000 	/usr/lib/system/libkeymgr.dylib
0x000000000a139000 	/usr/lib/system/liblaunch.dylib
0x000000000a139000 	/usr/lib/system/libmacho.dylib
0x000000000a139000 	/usr/lib/system/libquarantine.dylib
0x000000000a139000 	/usr/lib/system/libremovefile.dylib
0x000000000a139000 	/usr/lib/system/libsystem_asl.dylib
0x000000000a139000 	/usr/lib/system/libsystem_blocks.dylib
0x000000000a139000 	/usr/lib/system/libsystem_c.dylib
0x000000000a139000 	/usr/lib/system/libsystem_configuration.dylib
0x000000000a139000 	/usr/lib/system/libsystem_coreservices.dylib
0x000000000a139000 	/usr/lib/system/libsystem_coretls.dylib
0x000000000a139000 	/usr/lib/system/libsystem_dnssd.dylib
0x000000000a139000 	/usr/lib/system/libsystem_info.dylib
0x000000000a139000 	/usr/lib/system/libsystem_kernel.dylib
0x000000000a139000 	/usr/lib/system/libsystem_m.dylib
0x000000000a139000 	/usr/lib/system/libsystem_malloc.dylib
0x000000000a139000 	/usr/lib/system/libsystem_network.dylib
0x000000000a139000 	/usr/lib/system/libsystem_networkextension.dylib
0x000000000a139000 	/usr/lib/system/libsystem_notify.dylib
0x000000000a139000 	/usr/lib/system/libsystem_platform.dylib
0x000000000a139000 	/usr/lib/system/libsystem_pthread.dylib
0x000000000a139000 	/usr/lib/system/libsystem_sandbox.dylib
0x000000000a139000 	/usr/lib/system/libsystem_secinit.dylib
0x000000000a139000 	/usr/lib/system/libsystem_trace.dylib
0x000000000a139000 	/usr/lib/system/libunc.dylib
0x000000000a139000 	/usr/lib/system/libunwind.dylib
0x000000000a139000 	/usr/lib/system/libxpc.dylib
0x000000000a139000 	/usr/lib/libenergytrace.dylib
0x000000000a139000 	/usr/lib/libbsm.0.dylib
0x000000000a139000 	/usr/lib/system/libkxld.dylib
0x000000000a139000 	/usr/lib/libxar.1.dylib
0x000000000a139000 	/usr/lib/libsqlite3.dylib
0x000000000a139000 	/usr/lib/libpam.2.dylib
0x000000000a139000 	/usr/lib/libOpenScriptingUtil.dylib
0x000000000a139000 	/usr/lib/libbz2.1.0.dylib
0x000000000a139000 	/usr/lib/liblzma.5.dylib
0x000000000a139000 	/System/Library/Frameworks/CoreServices.framework/Versions/A/Frameworks/FSEvents.framework/Versions/A/FSEvents
0x000000000a139000 	/System/Library/Frameworks/CoreServices.framework/Versions/A/Frameworks/CarbonCore.framework/Versions/A/CarbonCore
0x000000000a139000 	/System/Library/Frameworks/CoreServices.framework/Versions/A/Frameworks/Metadata.framework/Versions/A/Metadata
0x000000000a139000 	/System/Library/Frameworks/CoreServices.framework/Versions/A/Frameworks/OSServices.framework/Versions/A/OSServices
0x000000000a139000 	/System/Library/Frameworks/CoreServices.framework/Versions/A/Frameworks/SearchKit.framework/Versions/A/SearchKit
0x000000000a139000 	/System/Library/Frameworks/CoreServices.framework/Versions/A/Frameworks/AE.framework/Versions/A/AE
0x000000000a139000 	/System/Library/Frameworks/CoreServices.framework/Versions/A/Frameworks/LaunchServices.framework/Versions/A/LaunchServices
0x000000000a139000 	/System/Library/Frameworks/CoreServices.framework/Versions/A/Frameworks/DictionaryServices.framework/Versions/A/DictionaryServices
0x000000000a139000 	/System/Library/Frameworks/CoreServices.framework/Versions/A/Frameworks/SharedFileList.framework/Versions/A/SharedFileList
0x000000000a139000 	/System/Library/Frameworks/NetFS.framework/Versions/A/NetFS
0x000000000a139000 	/System/Library/PrivateFrameworks/NetAuth.framework/Versions/A/NetAuth
0x000000000a139000 	/System/Library/PrivateFrameworks/login.framework/Versions/A/Frameworks/loginsupport.framework/Versions/A/loginsupport
0x000000000a139000 	/System/Library/PrivateFrameworks/TCC.framework/Versions/A/TCC
0x000000000a139000 	/usr/lib/libmecabra.dylib
0x000000000a139000 	/System/Library/Frameworks/ApplicationServices.framework/Versions/A/Frameworks/ATS.framework/Versions/A/ATS
0x000000000a139000 	/System/Library/Frameworks/ApplicationServices.framework/Versions/A/Frameworks/ColorSync.framework/Versions/A/ColorSync
0x000000000a139000 	/System/Library/Frameworks/ApplicationServices.framework/Versions/A/Frameworks/HIServices.framework/Versions/A/HIServices
0x000000000a139000 	/System/Library/Frameworks/ApplicationServices.framework/Versions/A/Frameworks/LangAnalysis.framework/Versions/A/LangAnalysis
0x000000000a139000 	/System/Library/Frameworks/ApplicationServices.framework/Versions/A/Frameworks/PrintCore.framework/Versions/A/PrintCore
0x000000000a139000 	/System/Library/Frameworks/ApplicationServices.framework/Versions/A/Frameworks/QD.framework/Versions/A/QD
0x000000000a139000 	/System/Library/Frameworks/ApplicationServices.framework/Versions/A/Frameworks/SpeechSynthesis.framework/Versions/A/SpeechSynthesis
0x000000000a139000 	/System/Library/Frameworks/Metal.framework/Versions/A/Metal
0x000000000a139000 	/System/Library/Frameworks/Accelerate.framework/Versions/A/Frameworks/vImage.framework/Versions/A/vImage
0x000000000a139000 	/System/Library/Frameworks/Accelerate.framework/Versions/A/Frameworks/vecLib.framework/Versions/A/vecLib
0x000000000a139000 	/System/Library/Frameworks/Accelerate.framework/Versions/A/Frameworks/vecLib.framework/Versions/A/libvDSP.dylib
0x000000000a139000 	/System/Library/Frameworks/Accelerate.framework/Versions/A/Frameworks/vecLib.framework/Versions/A/libvMisc.dylib
0x000000000a139000 	/System/Library/Frameworks/Accelerate.framework/Versions/A/Frameworks/vecLib.framework/Versions/A/libLAPACK.dylib
0x000000000a139000 	/System/Library/Frameworks/Accelerate.framework/Versions/A/Frameworks/vecLib.framework/Versions/A/libBLAS.dylib
0x000000000a139000 	/System/Library/Frameworks/Accelerate.framework/Versions/A/Frameworks/vecLib.framework/Versions/A/libLinearAlgebra.dylib
0x000000000a139000 	/System/Library/Frameworks/Accelerate.framework/Versions/A/Frameworks/vecLib.framework/Versions/A/libSparseBLAS.dylib
0x000000000a139000 	/System/Library/PrivateFrameworks/GPUCompiler.framework/libmetal_timestamp.dylib
0x000000000a139000 	/System/Library/Frameworks/OpenGL.framework/Versions/A/Libraries/libCoreFSCache.dylib
0x000000000a139000 	/System/Library/PrivateFrameworks/IOAccelerator.framework/Versions/A/IOAccelerator
0x000000000a139000 	/System/Library/Frameworks/ApplicationServices.framework/Versions/A/Frameworks/ATS.framework/Versions/A/Resources/libFontParser.dylib
0x000000000a139000 	/System/Library/Frameworks/ApplicationServices.framework/Versions/A/Frameworks/ATS.framework/Versions/A/Resources/libFontRegistry.dylib
0x000000000a139000 	/System/Library/PrivateFrameworks/AppleVPA.framework/Versions/A/AppleVPA
0x000000000a139000 	/System/Library/PrivateFrameworks/AppleJPEG.framework/Versions/A/AppleJPEG
0x000000000a139000 	/System/Library/Frameworks/ImageIO.framework/Versions/A/Resources/libJPEG.dylib
0x000000000a139000 	/System/Library/Frameworks/ImageIO.framework/Versions/A/Resources/libTIFF.dylib
0x000000000a139000 	/System/Library/Frameworks/ImageIO.framework/Versions/A/Resources/libPng.dylib
0x000000000a139000 	/System/Library/Frameworks/ImageIO.framework/Versions/A/Resources/libGIF.dylib
0x000000000a139000 	/System/Library/Frameworks/ImageIO.framework/Versions/A/Resources/libJP2.dylib
0x000000000a139000 	/System/Library/Frameworks/ImageIO.framework/Versions/A/Resources/libRadiance.dylib
0x000000000a139000 	/System/Library/Frameworks/CoreVideo.framework/Versions/A/CoreVideo
0x000000000a139000 	/System/Library/Frameworks/OpenGL.framework/Versions/A/Libraries/libGLU.dylib
0x000000000a139000 	/System/Library/Frameworks/OpenGL.framework/Versions/A/Libraries/libGFXShared.dylib
0x000000000a139000 	/System/Library/Frameworks/OpenGL.framework/Versions/A/Libraries/libGL.dylib
0x000000000a139000 	/System/Library/Frameworks/OpenGL.framework/Versions/A/Libraries/libGLImage.dylib
0x000000000a139000 	/System/Library/Frameworks/OpenGL.framework/Versions/A/Libraries/libCVMSPluginSupport.dylib
0x000000000a139000 	/System/Library/Frameworks/OpenGL.framework/Versions/A/Libraries/libCoreVMClient.dylib
0x000000000a139000 	/usr/lib/libcompression.dylib
0x000000000a139000 	/usr/lib/libcups.2.dylib
0x000000000a139000 	/System/Library/Frameworks/Kerberos.framework/Versions/A/Kerberos
0x000000000a139000 	/System/Library/Frameworks/GSS.framework/Versions/A/GSS
0x000000000a139000 	/usr/lib/libresolv.9.dylib
0x000000000a139000 	/usr/lib/libiconv.2.dylib
0x000000000a139000 	/System/Library/PrivateFrameworks/Heimdal.framework/Versions/A/Heimdal
0x000000000a139000 	/usr/lib/libheimdal-asn1.dylib
0x000000000a139000 	/System/Library/Frameworks/OpenDirectory.framework/Versions/A/OpenDirectory
0x000000000a139000 	/System/Library/PrivateFrameworks/CommonAuth.framework/Versions/A/CommonAuth
0x000000000a139000 	/System/Library/Frameworks/OpenDirectory.framework/Versions/A/Frameworks/CFOpenDirectory.framework/Versions/A/CFOpenDirectory
0x000000000a139000 	/System/Library/Frameworks/SecurityFoundation.framework/Versions/A/SecurityFoundation
0x000000000a139000 	/System/Library/PrivateFrameworks/LanguageModeling.framework/Versions/A/LanguageModeling
0x000000000a139000 	/usr/lib/libmarisa.dylib
0x000000000a139000 	/usr/lib/libChineseTokenizer.dylib
0x000000000a139000 	/usr/lib/libcmph.dylib
0x000000000a139000 	/System/Library/Frameworks/ServiceManagement.framework/Versions/A/ServiceManagement
0x000000000a139000 	/usr/lib/libxslt.1.dylib
0x000000000a139000 	/System/Library/Frameworks/Carbon.framework/Versions/A/Frameworks/Ink.framework/Versions/A/Ink
0x000000000a139000 	/usr/lib/libFosl_dynamic.dylib
0x000000000a139000 	/System/Library/PrivateFrameworks/FaceCore.framework/Versions/A/FaceCore
0x000000000a139000 	/System/Library/Frameworks/OpenCL.framework/Versions/A/OpenCL
0x000000000a139000 	/System/Library/PrivateFrameworks/CrashReporterSupport.framework/Versions/A/CrashReporterSupport
0x000000000a139000 	/System/Library/PrivateFrameworks/IconServices.framework/Versions/A/IconServices
0x000000000a139000 	/System/Library/PrivateFrameworks/Apple80211.framework/Versions/A/Apple80211
0x000000000a139000 	/System/Library/Frameworks/CoreWLAN.framework/Versions/A/CoreWLAN
0x000000000a139000 	/System/Library/Frameworks/IOBluetooth.framework/Versions/A/IOBluetooth
0x000000000a139000 	/System/Library/PrivateFrameworks/CoreWiFi.framework/Versions/A/CoreWiFi
0x000000000a139000 	/System/Library/Frameworks/CoreBluetooth.framework/Versions/A/CoreBluetooth
0x000000000a139000 	/System/Library/PrivateFrameworks/ChunkingLibrary.framework/Versions/A/ChunkingLibrary
0x000000000a139000 	/System/Library/PrivateFrameworks/DebugSymbols.framework/Versions/A/DebugSymbols
0x000000000a139000 	/System/Library/PrivateFrameworks/CoreSymbolication.framework/Versions/A/CoreSymbolication
0x000000000a139000 	/System/Library/PrivateFrameworks/Symbolication.framework/Versions/A/Symbolication
0x000000000a139000 	/System/Library/PrivateFrameworks/SpeechRecognitionCore.framework/Versions/A/SpeechRecognitionCore
0x000000010ba00000 	/Library/Java/JavaVirtualMachines/jdk1.8.0_102.jdk/Contents/Home/jre/lib/server/libjvm.dylib
0x000000000a139000 	/usr/lib/libstdc++.6.dylib
0x000000010c9a1000 	/Library/Java/JavaVirtualMachines/jdk1.8.0_102.jdk/Contents/Home/jre/lib/libverify.dylib
0x000000010c9af000 	/Library/Java/JavaVirtualMachines/jdk1.8.0_102.jdk/Contents/Home/jre/lib/libjava.dylib
0x000000010c9ec000 	/Library/Java/JavaVirtualMachines/jdk1.8.0_102.jdk/Contents/Home/jre/lib/libzip.dylib
0x000000011fdef000 	/System/Library/Frameworks/JavaVM.framework/Frameworks/JavaRuntimeSupport.framework/JavaRuntimeSupport
0x000000011fe0a000 	/System/Library/Frameworks/JavaVM.framework/Versions/A/Frameworks/JavaNativeFoundation.framework/Versions/A/JavaNativeFoundation
0x000000011fe1f000 	/System/Library/Frameworks/JavaVM.framework/Versions/A/JavaVM
0x000000000a139000 	/System/Library/Frameworks/Carbon.framework/Versions/A/Carbon
0x000000011fe2c000 	/System/Library/PrivateFrameworks/JavaLaunching.framework/Versions/A/JavaLaunching
0x000000000a139000 	/System/Library/Frameworks/Carbon.framework/Versions/A/Frameworks/CommonPanels.framework/Versions/A/CommonPanels
0x000000000a139000 	/System/Library/Frameworks/Carbon.framework/Versions/A/Frameworks/Help.framework/Versions/A/Help
0x000000000a139000 	/System/Library/Frameworks/Carbon.framework/Versions/A/Frameworks/ImageCapture.framework/Versions/A/ImageCapture
0x000000000a139000 	/System/Library/Frameworks/Carbon.framework/Versions/A/Frameworks/OpenScripting.framework/Versions/A/OpenScripting
0x000000000a139000 	/System/Library/Frameworks/Carbon.framework/Versions/A/Frameworks/Print.framework/Versions/A/Print
0x000000000a139000 	/System/Library/Frameworks/Carbon.framework/Versions/A/Frameworks/SecurityHI.framework/Versions/A/SecurityHI
0x000000012174d000 	/Library/Java/JavaVirtualMachines/jdk1.8.0_102.jdk/Contents/Home/jre/lib/libawt.dylib
0x00000001217f5000 	/Library/Java/JavaVirtualMachines/jdk1.8.0_102.jdk/Contents/Home/jre/lib/./libmlib_image.dylib
0x00000001218c1000 	/Library/Java/JavaVirtualMachines/jdk1.8.0_102.jdk/Contents/Home/jre/lib/libawt_lwawt.dylib
0x0000000121976000 	/Library/Java/JavaVirtualMachines/jdk1.8.0_102.jdk/Contents/Home/jre/lib/./libosxapp.dylib
0x000000000a139000 	/System/Library/Frameworks/ExceptionHandling.framework/Versions/A/ExceptionHandling
0x000000000a139000 	/System/Library/PrivateFrameworks/CoreServicesInternal.framework/Versions/A/CoreServicesInternal
0x000000012213b000 	/System/Library/Frameworks/CoreGraphics.framework/Versions/A/Resources/libRIP.A.dylib
0x000000000a139000 	/System/Library/Frameworks/Accelerate.framework/Versions/A/Frameworks/vImage.framework/Versions/A/Libraries/libCGInterfaces.dylib
0x00000001222b8000 	/System/Library/Frameworks/CoreGraphics.framework/Versions/A/Resources/libCGXType.A.dylib
0x000000000a139000 	/System/Library/Frameworks/OpenCL.framework/Versions/A/Libraries/libcldcpuengine.dylib
0x000000000a139000 	/System/Library/PrivateFrameworks/DiskImages.framework/Versions/A/DiskImages
0x000000000a139000 	/System/Library/Frameworks/DiscRecording.framework/Versions/A/DiscRecording
0x000000000a139000 	/usr/lib/libcsfde.dylib
0x000000000a139000 	/usr/lib/libcurl.4.dylib
0x000000000a139000 	/System/Library/PrivateFrameworks/MediaKit.framework/Versions/A/MediaKit
0x000000000a139000 	/System/Library/PrivateFrameworks/ProtectedCloudStorage.framework/Versions/A/ProtectedCloudStorage
0x000000000a139000 	/usr/lib/libCoreStorage.dylib
0x000000000a139000 	/System/Library/PrivateFrameworks/EFILogin.framework/Versions/A/EFILogin
0x000000000a139000 	/usr/lib/libutil.dylib
0x000000000a139000 	/System/Library/PrivateFrameworks/FindMyDevice.framework/Versions/A/FindMyDevice
0x000000000a139000 	/System/Library/Frameworks/LDAP.framework/Versions/A/LDAP
0x000000000a139000 	/usr/lib/libsasl2.2.dylib
0x000000000a139000 	/System/Library/PrivateFrameworks/CoreDaemon.framework/Versions/B/CoreDaemon
0x000000000a139000 	/usr/lib/libcrypto.0.9.8.dylib
0x000000000a139000 	/System/Library/PrivateFrameworks/AppleSRP.framework/Versions/A/AppleSRP
0x000000000a139000 	/System/Library/PrivateFrameworks/TrustEvaluationAgent.framework/Versions/A/TrustEvaluationAgent
0x00000001222ce000 	cl_kernels
0x000000000a139000 	/System/Library/Frameworks/OpenCL.framework/Versions/A/Libraries/ImageFormats/unorm8_bgra.dylib
0x000000000a139000 	/System/Library/Frameworks/OpenCL.framework/Versions/A/Libraries/ImageFormats/unorm8_rgba.dylib
0x000000000a139000 	/System/Library/PrivateFrameworks/FamilyControls.framework/Versions/A/FamilyControls
0x000000000a139000 	/System/Library/PrivateFrameworks/CommerceKit.framework/Versions/A/Frameworks/CommerceCore.framework/Versions/A/CommerceCore
0x000000000a139000 	/System/Library/PrivateFrameworks/SystemAdministration.framework/Versions/A/SystemAdministration
0x000000000a139000 	/System/Library/PrivateFrameworks/AppContainer.framework/Versions/A/AppContainer
0x000000000a139000 	/System/Library/PrivateFrameworks/SecCodeWrapper.framework/Versions/A/SecCodeWrapper
0x000000000a139000 	/System/Library/Frameworks/DirectoryService.framework/Versions/A/DirectoryService
0x000000000a139000 	/System/Library/PrivateFrameworks/LoginUIKit.framework/Versions/A/Frameworks/LoginUICore.framework/Versions/A/LoginUICore
0x000000000a139000 	/usr/lib/libodfde.dylib
0x000000000a139000 	/System/Library/Frameworks/OpenGL.framework/Versions/A/Resources/GLEngine.bundle/GLEngine
0x000000000a139000 	/System/Library/Frameworks/OpenGL.framework/Versions/A/Libraries/libGLProgrammability.dylib
0x0000000124149000 	/System/Library/Extensions/AppleIntelHD5000GraphicsGLDriver.bundle/Contents/MacOS/AppleIntelHD5000GraphicsGLDriver
0x000000000a139000 	/System/Library/PrivateFrameworks/GPUSupport.framework/Versions/A/Libraries/libGPUSupportMercury.dylib
0x000000000a139000 	/System/Library/Frameworks/OpenGL.framework/Versions/A/Resources/GLRendererFloat.bundle/GLRendererFloat
0x000000012513f000 	/Library/Java/JavaVirtualMachines/jdk1.8.0_102.jdk/Contents/Home/jre/lib/libfontmanager.dylib
0x00000001265df000 	/Library/Java/JavaVirtualMachines/jdk1.8.0_102.jdk/Contents/Home/jre/lib/libosxui.dylib
0x00000001270c9000 	/Library/Java/JavaVirtualMachines/jdk1.8.0_102.jdk/Contents/Home/jre/lib/libnet.dylib
0x0000000127311000 	/Library/Java/JavaVirtualMachines/jdk1.8.0_102.jdk/Contents/Home/jre/lib/libnio.dylib
0x000000000a139000 	/System/Library/Frameworks/ApplicationServices.framework/Versions/A/Frameworks/ATS.framework/Versions/A/Resources/libTrueTypeScaler.dylib
0x00000001781e2000 	/System/Library/Extensions/AppleIntelHD5000GraphicsMTLDriver.bundle/Contents/MacOS/AppleIntelHD5000GraphicsMTLDriver
0x000000012270c000 	/private/var/folders/f2/4qkyxzd93r37rthb6tddfj8m0000gn/T/jogamp_0000/file_cache/jln1431683660363041011/jln3665446249479985337/libgluegen-rt.jnilib
0x0000000122711000 	/private/var/folders/f2/4qkyxzd93r37rthb6tddfj8m0000gn/T/jogamp_0000/file_cache/jln1431683660363041011/jln3665446249479985337/libnativewindow_awt.jnilib
0x00000001262b5000 	/Library/Java/JavaVirtualMachines/jdk1.8.0_102.jdk/Contents/Home/jre/lib/libjawt.dylib
0x000000017817e000 	/private/var/folders/f2/4qkyxzd93r37rthb6tddfj8m0000gn/T/jogamp_0000/file_cache/jln1431683660363041011/jln3665446249479985337/libnativewindow_macosx.jnilib
0x0000000179f28000 	/private/var/folders/f2/4qkyxzd93r37rthb6tddfj8m0000gn/T/jogamp_0000/file_cache/jln1431683660363041011/jln3665446249479985337/libjogl_desktop.jnilib
0x0000000122ef3000 	/Library/Java/JavaVirtualMachines/jdk1.8.0_102.jdk/Contents/Home/jre/lib/libt2k.dylib
0x0000000123058000 	/Library/Java/JavaVirtualMachines/jdk1.8.0_102.jdk/Contents/Home/jre/lib/libjpeg.dylib

VM Arguments:
jvm_args: -Djava.security.policy=java.policy.applet -Dfile.encoding=UTF-8 
java_command: sun.applet.AppletViewer module4.EarthquakeCityMap1473883919991.html
java_class_path (initial): /Users/Yoni/Projects/eclipse/UCSDUnfoldingMaps/build:/Users/Yoni/Projects/eclipse/UCSDUnfoldingMaps/lib/core.jar:/Users/Yoni/Projects/eclipse/UCSDUnfoldingMaps/lib/gluegen-rt.jar:/Users/Yoni/Projects/eclipse/UCSDUnfoldingMaps/lib/jogl-all.jar:/Users/Yoni/Projects/eclipse/UCSDUnfoldingMaps/lib/log4j-1.2.15.jar:/Users/Yoni/Projects/eclipse/UCSDUnfoldingMaps/lib/sqlite-jdbc-3.7.2.jar:/Users/Yoni/Projects/eclipse/UCSDUnfoldingMaps/lib/json4processing.jar:/Users/Yoni/Projects/eclipse/UCSDUnfoldingMaps/lib/libTUIO.jar:/Users/Yoni/Projects/eclipse/UCSDUnfoldingMaps/lib/unfolding.0.9.7-uscd.jar
Launcher Type: SUN_STANDARD

Environment Variables:
PATH=/usr/bin:/bin:/usr/sbin:/sbin:/usr/local/bin
SHELL=/bin/bash

Signal Handlers:
SIGSEGV: [libjvm.dylib+0x5b0579], sa_mask[0]=11111111011111110111111111111111, sa_flags=SA_ONSTACK|SA_RESTART|SA_SIGINFO
SIGBUS: [libjvm.dylib+0x5b0579], sa_mask[0]=11111111011111110111111111111111, sa_flags=SA_RESTART|SA_SIGINFO
SIGFPE: [libjvm.dylib+0x4874e4], sa_mask[0]=11111111011111110111111111111111, sa_flags=SA_RESTART|SA_SIGINFO
SIGPIPE: [libjvm.dylib+0x4874e4], sa_mask[0]=11111111011111110111111111111111, sa_flags=SA_RESTART|SA_SIGINFO
SIGXFSZ: [libjvm.dylib+0x4874e4], sa_mask[0]=11111111011111110111111111111111, sa_flags=SA_RESTART|SA_SIGINFO
SIGILL: [libjvm.dylib+0x4874e4], sa_mask[0]=11111111011111110111111111111111, sa_flags=SA_RESTART|SA_SIGINFO
SIGUSR1: SIG_DFL, sa_mask[0]=00000000000000000000000000000000, sa_flags=none
SIGUSR2: [libjvm.dylib+0x487002], sa_mask[0]=00100000000000000000000000000000, sa_flags=SA_RESTART|SA_SIGINFO
SIGHUP: [libjvm.dylib+0x4855d9], sa_mask[0]=11111111011111110111111111111111, sa_flags=SA_RESTART|SA_SIGINFO
SIGINT: [libjvm.dylib+0x4855d9], sa_mask[0]=11111111011111110111111111111111, sa_flags=SA_RESTART|SA_SIGINFO
SIGTERM: [libjvm.dylib+0x4855d9], sa_mask[0]=11111111011111110111111111111111, sa_flags=SA_RESTART|SA_SIGINFO
SIGQUIT: [libjvm.dylib+0x4855d9], sa_mask[0]=11111111011111110111111111111111, sa_flags=SA_RESTART|SA_SIGINFO


---------------  S Y S T E M  ---------------

OS:Bsduname:Darwin 15.6.0 Darwin Kernel Version 15.6.0: Mon Aug 29 20:21:34 PDT 2016; root:xnu-3248.60.11~1/RELEASE_X86_64 x86_64
rlimit: STACK 8192k, CORE 0k, NPROC 709, NOFILE 10240, AS infinity
load average:1.07 1.46 1.66

CPU:total 4 (2 cores per cpu, 2 threads per core) family 6 model 69 stepping 1, cmov, cx8, fxsr, mmx, sse, sse2, sse3, ssse3, sse4.1, sse4.2, popcnt, avx, avx2, aes, clmul, erms, lzcnt, ht, tsc, tscinvbit, bmi1, bmi2

Memory: 4k page, physical 4194304k(35788k free)

/proc/meminfo:


vm_info: Java HotSpot(TM) 64-Bit Server VM (25.102-b14) for bsd-amd64 JRE (1.8.0_102-b14), built on Jun 22 2016 11:42:36 by "java_re" with gcc 4.2.1 (Based on Apple Inc. build 5658) (LLVM build 2336.11.00)

time: Wed Sep 14 16:12:24 2016
elapsed time: 23 seconds (0d 0h 0m 23s)

