#
# A fatal error has been detected by the Java Runtime Environment:
#
#  SIGSEGV (0xb) at pc=0x00007fff8e92120b, pid=4614, tid=0x0000000000000a0b
#
# JRE version: Java(TM) SE Runtime Environment (8.0_102-b14) (build 1.8.0_102-b14)
# Java VM: Java HotSpot(TM) 64-Bit Server VM (25.102-b14 mixed mode bsd-amd64 compressed oops)
# Problematic frame:
# C  [libobjc.A.dylib+0x520b]  realizeClass(objc_class*)+0x29
#
# Failed to write core dump. Core dumps have been disabled. To enable core dumping, try "ulimit -c unlimited" before starting Java again
#
# If you would like to submit a bug report, please visit:
#   http://bugreport.java.com/bugreport/crash.jsp
# The crash happened outside the Java Virtual Machine in native code.
# See problematic frame for where to report the bug.
#

---------------  T H R E A D  ---------------

Current thread (0x00007fab418ff000):  JavaThread "AWT-AppKit" daemon [_thread_in_native, id=2571, stack(0x00007fff57ac1000,0x00007fff582c1000)]

siginfo: si_signo: 11 (SIGSEGV), si_code: 1 (SEGV_MAPERR), si_addr: 0x00000000000007e8

Registers:
RAX=0x0000000000000000, RBX=0x00007fff7e29ed08, RCX=0x0000000000000000, RDX=0x00007fff7e29ed08
RSP=0x00007fff582bc030, RBP=0x00007fff582bc0b0, RSI=0x00000000be29ecb8, RDI=0x00000000000007c8
R8 =0x0000000080000000, R9 =0x0000000000000001, R10=0x00007fff9ef2fb21, R11=0x00007fff7e1b3940
R12=0x0000000000000000, R13=0x00000000000007c8, R14=0x00007fff7e29ece0, R15=0x00007ffffffffff8
RIP=0x00007fff8e92120b, EFLAGS=0x0000000000010202, ERR=0x0000000000000004
  TRAPNO=0x000000000000000e

Top of Stack: (sp=0x00007fff582bc030)
0x00007fff582bc030:   00007fff582bc2c7 00000006088d8bef
0x00007fff582bc040:   000000010000000b 000000017538c070
0x00007fff582bc050:   0000000108d1e9b0 0000005000000000
0x00007fff582bc060:   0000000000000050 0000000000000000
0x00007fff582bc070:   0000000000000000 00007fab41617270
0x00007fff582bc080:   0000000000000050 00007fff7e29ed08
0x00007fff582bc090:   0000000000000000 00007fff7e1b3940
0x00007fff582bc0a0:   00007fff7e29ece0 00007ffffffffff8
0x00007fff582bc0b0:   00007fff582bc140 00007fff8e9212ea
0x00007fff582bc0c0:   00007fff7ab232dc 00007fff7ab232e0
0x00007fff582bc0d0:   00000000582bc0e0 00007fff9eb90089
0x00007fff582bc0e0:   00007fff7ab232dc 00007fff7ab232e0
0x00007fff582bc0f0:   00007fff7ab232d8 00007fff7ab232c0
0x00007fff582bc100:   00007fff9fa37cbe 0000000177283918
0x00007fff582bc110:   0000000000000001 00007fff7e1b3940
0x00007fff582bc120:   00007fff9fa37cbe 0000000177283918
0x00007fff582bc130:   0000000000000001 00007ffffffffff8
0x00007fff582bc140:   00007fff582bc1a0 00007fff8e922cbd
0x00007fff582bc150:   0000000000000003 0000000177283918
0x00007fff582bc160:   00007fff582bc3b0 00007fab46201430
0x00007fff582bc170:   00000001582bc190 000000017538e450
0x00007fff582bc180:   0000000000000000 0000000177283918
0x00007fff582bc190:   000000017538e440 00007fab418ff000
0x00007fff582bc1a0:   00007fff582bc270 00007fff8e91d591
0x00007fff582bc1b0:   00000000000008b0 0000000000000000
0x00007fff582bc1c0:   000000011f959fe0 000000011f959240
0x00007fff582bc1d0:   00007fff9fa37cbe 00007fab46201430
0x00007fff582bc1e0:   00007fab43ed2590 00007fff582bc26f
0x00007fff582bc1f0:   0000000000000000 0000000000000000
0x00007fff582bc200:   ffffffffffffffff 00000000ffffffff
0x00007fff582bc210:   0000000000000000 0000000000000000
0x00007fff582bc220:   6f63616d5f747761 534f63614d5f7873 

Instructions: (pc=0x00007fff8e92120b)
0x00007fff8e9211eb:   55 41 54 53 48 83 ec 58 49 89 fd 31 c0 4d 85 ed
0x00007fff8e9211fb:   0f 84 68 07 00 00 49 bf f8 ff ff ff ff 7f 00 00
0x00007fff8e92120b:   4d 8b 75 20 4c 89 f3 4c 21 fb 8b 3b 85 ff 78 3d
0x00007fff8e92121b:   f7 c7 00 00 00 40 75 3d bf 40 00 00 00 be 01 00 

Register to memory mapping:

RAX=0x0000000000000000 is an unknown value
RBX=0x00007fff7e29ed08: __CFConstantStringClassReference+0 in /System/Library/Frameworks/CoreFoundation.framework/Versions/A/CoreFoundation at 0x00007fff9eae4000
RCX=0x0000000000000000 is an unknown value
RDX=0x00007fff7e29ed08: __CFConstantStringClassReference+0 in /System/Library/Frameworks/CoreFoundation.framework/Versions/A/CoreFoundation at 0x00007fff9eae4000
RSP=0x00007fff582bc030 is pointing into the stack for thread: 0x00007fab418ff000
RBP=0x00007fff582bc0b0 is pointing into the stack for thread: 0x00007fab418ff000
RSI=0x00000000be29ecb8 is an unknown value
RDI=0x00000000000007c8 is an unknown value
R8 =0x0000000080000000 is an unknown value
R9 =0x0000000000000001 is an unknown value
R10=0x00007fff9ef2fb21: _XMLPlistAppendDataUsingBase64.__CFPLDataEncodeTable+0x9b0c1 in /System/Library/Frameworks/CoreFoundation.framework/Versions/A/CoreFoundation at 0x00007fff9eae4000
R11=0x00007fff7e1b3940: __block_literal_global67+0x4a40 in /System/Library/Frameworks/CoreFoundation.framework/Versions/A/CoreFoundation at 0x00007fff9eae4000
R12=0x0000000000000000 is an unknown value
R13=0x00000000000007c8 is an unknown value
R14=0x00007fff7e29ece0: OBJC_CLASS_$___NSCFString+0 in /System/Library/Frameworks/CoreFoundation.framework/Versions/A/CoreFoundation at 0x00007fff9eae4000
R15=0x00007ffffffffff8 is an unknown value


Stack: [0x00007fff57ac1000,0x00007fff582c1000],  sp=0x00007fff582bc030,  free space=8172k
Native frames: (J=compiled Java code, j=interpreted, Vv=VM code, C=native code)
C  [libobjc.A.dylib+0x520b]  realizeClass(objc_class*)+0x29
C  [libobjc.A.dylib+0x52ea]  realizeClass(objc_class*)+0x108
C  [libobjc.A.dylib+0x6cbd]  lookUpImpOrForward+0x68
C  [libobjc.A.dylib+0x1591]  objc_msgSend+0xd1
C  [libnativewindow_macosx.jnilib+0x5157]  Java_jogamp_nativewindow_jawt_macosx_MacOSXJAWTWindow_UnsetJAWTRootSurfaceLayer0+0xe7
j  jogamp.nativewindow.jawt.macosx.MacOSXJAWTWindow.UnsetJAWTRootSurfaceLayer0(JJ)V+0
j  jogamp.nativewindow.jawt.macosx.MacOSXJAWTWindow.access$200(JJ)V+2
j  jogamp.nativewindow.jawt.macosx.MacOSXJAWTWindow$1.run()V+38
J 2247 C1 com.jogamp.common.util.RunnableTask.run()V (345 bytes) @ 0x000000010a367f74 [0x000000010a367de0+0x194]
v  ~StubRoutines::call_stub
V  [libjvm.dylib+0x2ed5e2]  JavaCalls::call_helper(JavaValue*, methodHandle*, JavaCallArguments*, Thread*)+0x6ae
V  [libjvm.dylib+0x324771]  jni_invoke_nonstatic(JNIEnv_*, JavaValue*, _jobject*, JNICallType, _jmethodID*, JNI_ArgumentPusher*, Thread*)+0x2ec
V  [libjvm.dylib+0x316f3f]  jni_CallVoidMethod+0x16b
C  [libnativewindow_macosx.jnilib+0x5326]  Java_jogamp_nativewindow_jawt_macosx_MacOSXJAWTWindow_UnsetJAWTRootSurfaceLayer0+0x2b6
C  [Foundation+0x76fde]  __NSThreadPerformPerform+0x117
C  [CoreFoundation+0xaa881]  __CFRUNLOOP_IS_CALLING_OUT_TO_A_SOURCE0_PERFORM_FUNCTION__+0x11
C  [CoreFoundation+0x89f37]  __CFRunLoopDoSources0+0x1a7
C  [CoreFoundation+0x894df]  __CFRunLoopRun+0x39f
C  [CoreFoundation+0x88ed8]  CFRunLoopRunSpecific+0x128
C  [HIToolbox+0x30935]  RunCurrentEventLoopInMode+0xeb
C  [HIToolbox+0x30677]  ReceiveNextEventCommon+0xb8
C  [HIToolbox+0x305af]  _BlockUntilNextEventMatchingListInModeWithFilter+0x47
C  [AppKit+0x48df6]  _DPSNextEvent+0x42b
C  [AppKit+0x48226]  -[NSApplication _nextEventMatchingEventMask:untilDate:inMode:dequeue:]+0x1c6
C  [libosxapp.dylib+0x23aa]  -[NSApplicationAWT nextEventMatchingMask:untilDate:inMode:dequeue:]+0x7c
C  [AppKit+0x3cd80]  -[NSApplication run]+0x2aa
C  [libosxapp.dylib+0x214d]  +[NSApplicationAWT runAWTLoopWithApp:]+0x9c
C  [libawt_lwawt.dylib+0x444b3]  -[AWTStarter starter:]+0x389
C  [Foundation+0x76fde]  __NSThreadPerformPerform+0x117
C  [CoreFoundation+0xaa881]  __CFRUNLOOP_IS_CALLING_OUT_TO_A_SOURCE0_PERFORM_FUNCTION__+0x11
C  [CoreFoundation+0x89fbc]  __CFRunLoopDoSources0+0x22c
C  [CoreFoundation+0x894df]  __CFRunLoopRun+0x39f
C  [CoreFoundation+0x88ed8]  CFRunLoopRunSpecific+0x128
C  [java+0x6465]  CreateExecutionEnvironment+0x367
C  [java+0x218c]  JLI_Launch+0x7a0
C  [java+0x84c2]  main+0x65
C  [java+0x19e4]  start+0x34
C  0x0000000000000007

Java frames: (J=compiled Java code, j=interpreted, Vv=VM code)
j  jogamp.nativewindow.jawt.macosx.MacOSXJAWTWindow.UnsetJAWTRootSurfaceLayer0(JJ)V+0
j  jogamp.nativewindow.jawt.macosx.MacOSXJAWTWindow.access$200(JJ)V+2
j  jogamp.nativewindow.jawt.macosx.MacOSXJAWTWindow$1.run()V+38
J 2247 C1 com.jogamp.common.util.RunnableTask.run()V (345 bytes) @ 0x000000010a367f74 [0x000000010a367de0+0x194]
v  ~StubRoutines::call_stub

---------------  P R O C E S S  ---------------

Java Threads: ( => current thread )
  0x00007fab42b0b000 JavaThread "Thread-164" [_thread_blocked, id=34547, stack(0x000070000104a000,0x000070000114a000)]
  0x00007fab418c5800 JavaThread "Image Fetcher 3" daemon [_thread_blocked, id=67591, stack(0x0000700002186000,0x0000700002286000)]
  0x00007fab470d0000 JavaThread "Image Fetcher 2" daemon [_thread_blocked, id=24439, stack(0x0000700002083000,0x0000700002183000)]
  0x00007fab42b75000 JavaThread "Image Fetcher 1" daemon [_thread_blocked, id=41735, stack(0x0000700001f80000,0x0000700002080000)]
  0x00007fab470cc800 JavaThread "Image Fetcher 0" daemon [_thread_blocked, id=34055, stack(0x0000700001d7a000,0x0000700001e7a000)]
  0x00007fab42cfb800 JavaThread "Keep-Alive-Timer" daemon [_thread_blocked, id=65339, stack(0x0000700001e7d000,0x0000700001f7d000)]
  0x00007fab4337f800 JavaThread "AWT-EventQueue-1" [_thread_in_native, id=59171, stack(0x00007000018eb000,0x00007000019eb000)]
  0x00007fab43006000 JavaThread "DestroyJavaVM" [_thread_blocked, id=5891, stack(0x000070000011a000,0x000070000021a000)]
  0x00007fab4296c000 JavaThread "AWT-EventQueue-0" [_thread_blocked, id=56579, stack(0x00007000016e5000,0x00007000017e5000)]
  0x00007fab43197000 JavaThread "Java2D Disposer" daemon [_thread_blocked, id=53251, stack(0x000070000145c000,0x000070000155c000)]
  0x00007fab4316f800 JavaThread "Java2D Queue Flusher" daemon [_thread_blocked, id=50439, stack(0x0000700001359000,0x0000700001459000)]
  0x00007fab41903000 JavaThread "AWT-Shutdown" [_thread_blocked, id=29971, stack(0x00007000011d3000,0x00007000012d3000)]
=>0x00007fab418ff000 JavaThread "AWT-AppKit" daemon [_thread_in_native, id=2571, stack(0x00007fff57ac1000,0x00007fff582c1000)]
  0x00007fab4288c800 JavaThread "Service Thread" daemon [_thread_blocked, id=18947, stack(0x0000700000e44000,0x0000700000f44000)]
  0x00007fab4204b800 JavaThread "C1 CompilerThread2" daemon [_thread_blocked, id=18435, stack(0x0000700000d41000,0x0000700000e41000)]
  0x00007fab42863800 JavaThread "C2 CompilerThread1" daemon [_thread_blocked, id=17923, stack(0x0000700000c3e000,0x0000700000d3e000)]
  0x00007fab42862000 JavaThread "C2 CompilerThread0" daemon [_thread_blocked, id=17411, stack(0x0000700000b3b000,0x0000700000c3b000)]
  0x00007fab43002800 JavaThread "Signal Dispatcher" daemon [_thread_blocked, id=16659, stack(0x0000700000a38000,0x0000700000b38000)]
  0x00007fab4201b800 JavaThread "Finalizer" daemon [_thread_blocked, id=12291, stack(0x000070000082f000,0x000070000092f000)]
  0x00007fab42018800 JavaThread "Reference Handler" daemon [_thread_blocked, id=11779, stack(0x000070000072c000,0x000070000082c000)]

Other Threads:
  0x00007fab4283b800 VMThread [stack: 0x0000700000629000,0x0000700000729000] [id=11267]
  0x00007fab4288d000 WatcherThread [stack: 0x0000700000f47000,0x0000700001047000] [id=19459]

VM state:not at safepoint (normal execution)

VM Mutex/Monitor currently owned by a thread: None

Heap:
 PSYoungGen      total 104448K, used 19457K [0x00000007aab00000, 0x00000007b2080000, 0x00000007c0000000)
  eden space 93696K, 16% used [0x00000007aab00000,0x00000007aba3fff8,0x00000007b0680000)
  from space 10752K, 35% used [0x00000007b1600000,0x00000007b19c0570,0x00000007b2080000)
  to   space 13312K, 0% used [0x00000007b0680000,0x00000007b0680000,0x00000007b1380000)
 ParOldGen       total 95744K, used 49688K [0x0000000780000000, 0x0000000785d80000, 0x00000007aab00000)
  object space 95744K, 51% used [0x0000000780000000,0x00000007830861e8,0x0000000785d80000)
 Metaspace       used 21381K, capacity 21595K, committed 21808K, reserved 1069056K
  class space    used 2051K, capacity 2112K, committed 2176K, reserved 1048576K

Card table byte_map: [0x0000000119006000,0x0000000119207000] byte_map_base: 0x0000000115406000

Marking Bits: (ParMarkBitMap*) 0x0000000108d3ad20
 Begin Bits: [0x000000011935d000, 0x000000011a35d000)
 End Bits:   [0x000000011a35d000, 0x000000011b35d000)

Polling page: 0x00000001093fa000

CodeCache: size=245760Kb used=9501Kb max_used=9512Kb free=236258Kb
 bounds [0x0000000109c46000, 0x000000010a5a6000, 0x0000000118c46000]
 total_blobs=3575 nmethods=2686 adapters=802
 compilation: enabled

Compilation events (10 events):
Event: 22.256 Thread 0x00007fab42863800 3096       4       java.util.HashMap::containsKey (18 bytes)
Event: 22.258 Thread 0x00007fab42862000 3097  s    4       sun.misc.URLClassPath::getNextLoader (88 bytes)
Event: 22.262 Thread 0x00007fab4204b800 3098       3       sun.net.www.protocol.jar.Handler::parseContextSpec (154 bytes)
Event: 22.266 Thread 0x00007fab4204b800 nmethod 3098 0x000000010a596290 code [0x000000010a596680, 0x000000010a598d68]
Event: 22.266 Thread 0x00007fab4204b800 3099       3       sun.net.www.ParseUtil::canonizeString (195 bytes)
Event: 22.268 Thread 0x00007fab42863800 nmethod 3096 0x000000010a599f50 code [0x000000010a59a0c0, 0x000000010a59a3d8]
Event: 22.268 Thread 0x00007fab4204b800 nmethod 3099 0x000000010a59a710 code [0x000000010a59aae0, 0x000000010a59cf28]
Event: 22.270 Thread 0x00007fab42862000 nmethod 3097 0x000000010a591350 code [0x000000010a5914c0, 0x000000010a591c38]
Event: 22.282 Thread 0x00007fab4204b800 3100       3       java.awt.Toolkit::notifyAWTEventListeners (36 bytes)
Event: 22.283 Thread 0x00007fab4204b800 nmethod 3100 0x000000010a590a50 code [0x000000010a590c00, 0x000000010a5911e8]

GC Heap History (10 events):
Event: 13.508 GC heap before
{Heap before GC invocations=10 (full 1):
 PSYoungGen      total 57344K, used 56750K [0x00000007aab00000, 0x00000007af200000, 0x00000007c0000000)
  eden space 51200K, 99% used [0x00000007aab00000,0x00000007adcdf9f0,0x00000007add00000)
  from space 6144K, 92% used [0x00000007aec00000,0x00000007af18c180,0x00000007af200000)
  to   space 10240K, 0% used [0x00000007ade00000,0x00000007ade00000,0x00000007ae800000)
 ParOldGen       total 50176K, used 18933K [0x0000000780000000, 0x0000000783100000, 0x00000007aab00000)
  object space 50176K, 37% used [0x0000000780000000,0x000000078127d7f0,0x0000000783100000)
 Metaspace       used 21048K, capacity 21211K, committed 21552K, reserved 1069056K
  class space    used 2043K, capacity 2112K, committed 2176K, reserved 1048576K
Event: 13.512 GC heap after
Heap after GC invocations=10 (full 1):
 PSYoungGen      total 62464K, used 10128K [0x00000007aab00000, 0x00000007b0700000, 0x00000007c0000000)
  eden space 52224K, 0% used [0x00000007aab00000,0x00000007aab00000,0x00000007ade00000)
  from space 10240K, 98% used [0x00000007ade00000,0x00000007ae7e42b0,0x00000007ae800000)
  to   space 11776K, 0% used [0x00000007afb80000,0x00000007afb80000,0x00000007b0700000)
 ParOldGen       total 50176K, used 21502K [0x0000000780000000, 0x0000000783100000, 0x00000007aab00000)
  object space 50176K, 42% used [0x0000000780000000,0x00000007814ff890,0x0000000783100000)
 Metaspace       used 21048K, capacity 21211K, committed 21552K, reserved 1069056K
  class space    used 2043K, capacity 2112K, committed 2176K, reserved 1048576K
}
Event: 15.010 GC heap before
{Heap before GC invocations=11 (full 1):
 PSYoungGen      total 62464K, used 62160K [0x00000007aab00000, 0x00000007b0700000, 0x00000007c0000000)
  eden space 52224K, 99% used [0x00000007aab00000,0x00000007addcfe40,0x00000007ade00000)
  from space 10240K, 98% used [0x00000007ade00000,0x00000007ae7e42b0,0x00000007ae800000)
  to   space 11776K, 0% used [0x00000007afb80000,0x00000007afb80000,0x00000007b0700000)
 ParOldGen       total 50176K, used 21502K [0x0000000780000000, 0x0000000783100000, 0x00000007aab00000)
  object space 50176K, 42% used [0x0000000780000000,0x00000007814ff890,0x0000000783100000)
 Metaspace       used 21101K, capacity 21275K, committed 21552K, reserved 1069056K
  class space    used 2043K, capacity 2112K, committed 2176K, reserved 1048576K
Event: 15.019 GC heap after
Heap after GC invocations=11 (full 1):
 PSYoungGen      total 80896K, used 11568K [0x00000007aab00000, 0x00000007b0b80000, 0x00000007c0000000)
  eden space 69120K, 0% used [0x00000007aab00000,0x00000007aab00000,0x00000007aee80000)
  from space 11776K, 98% used [0x00000007afb80000,0x00000007b06cc2f0,0x00000007b0700000)
  to   space 13312K, 0% used [0x00000007aee80000,0x00000007aee80000,0x00000007afb80000)
 ParOldGen       total 50176K, used 27054K [0x0000000780000000, 0x0000000783100000, 0x00000007aab00000)
  object space 50176K, 53% used [0x0000000780000000,0x0000000781a6baa0,0x0000000783100000)
 Metaspace       used 21101K, capacity 21275K, committed 21552K, reserved 1069056K
  class space    used 2043K, capacity 2112K, committed 2176K, reserved 1048576K
}
Event: 16.211 GC heap before
{Heap before GC invocations=12 (full 1):
 PSYoungGen      total 80896K, used 80636K [0x00000007aab00000, 0x00000007b0b80000, 0x00000007c0000000)
  eden space 69120K, 99% used [0x00000007aab00000,0x00000007aee72eb8,0x00000007aee80000)
  from space 11776K, 98% used [0x00000007afb80000,0x00000007b06cc2f0,0x00000007b0700000)
  to   space 13312K, 0% used [0x00000007aee80000,0x00000007aee80000,0x00000007afb80000)
 ParOldGen       total 50176K, used 27054K [0x0000000780000000, 0x0000000783100000, 0x00000007aab00000)
  object space 50176K, 53% used [0x0000000780000000,0x0000000781a6baa0,0x0000000783100000)
 Metaspace       used 21201K, capacity 21403K, committed 21808K, reserved 1069056K
  class space    used 2043K, capacity 2112K, committed 2176K, reserved 1048576K
Event: 16.221 GC heap after
Heap after GC invocations=12 (full 1):
 PSYoungGen      total 82432K, used 10960K [0x00000007aab00000, 0x00000007b2400000, 0x00000007c0000000)
  eden space 69120K, 0% used [0x00000007aab00000,0x00000007aab00000,0x00000007aee80000)
  from space 13312K, 82% used [0x00000007aee80000,0x00000007af9342b0,0x00000007afb80000)
  to   space 14336K, 0% used [0x00000007b1600000,0x00000007b1600000,0x00000007b2400000)
 ParOldGen       total 50176K, used 37455K [0x0000000780000000, 0x0000000783100000, 0x00000007aab00000)
  object space 50176K, 74% used [0x0000000780000000,0x0000000782493db0,0x0000000783100000)
 Metaspace       used 21201K, capacity 21403K, committed 21808K, reserved 1069056K
  class space    used 2043K, capacity 2112K, committed 2176K, reserved 1048576K
}
Event: 20.235 GC heap before
{Heap before GC invocations=13 (full 1):
 PSYoungGen      total 82432K, used 80080K [0x00000007aab00000, 0x00000007b2400000, 0x00000007c0000000)
  eden space 69120K, 100% used [0x00000007aab00000,0x00000007aee80000,0x00000007aee80000)
  from space 13312K, 82% used [0x00000007aee80000,0x00000007af9342b0,0x00000007afb80000)
  to   space 14336K, 0% used [0x00000007b1600000,0x00000007b1600000,0x00000007b2400000)
 ParOldGen       total 50176K, used 37455K [0x0000000780000000, 0x0000000783100000, 0x00000007aab00000)
  object space 50176K, 74% used [0x0000000780000000,0x0000000782493db0,0x0000000783100000)
 Metaspace       used 21315K, capacity 21467K, committed 21808K, reserved 1069056K
  class space    used 2043K, capacity 2112K, committed 2176K, reserved 1048576K
Event: 20.245 GC heap after
Heap after GC invocations=13 (full 1):
 PSYoungGen      total 104448K, used 7104K [0x00000007aab00000, 0x00000007b2080000, 0x00000007c0000000)
  eden space 93696K, 0% used [0x00000007aab00000,0x00000007aab00000,0x00000007b0680000)
  from space 10752K, 66% used [0x00000007b1600000,0x00000007b1cf01b0,0x00000007b2080000)
  to   space 13312K, 0% used [0x00000007b0680000,0x00000007b0680000,0x00000007b1380000)
 ParOldGen       total 50176K, used 47776K [0x0000000780000000, 0x0000000783100000, 0x00000007aab00000)
  object space 50176K, 95% used [0x0000000780000000,0x0000000782ea8060,0x0000000783100000)
 Metaspace       used 21315K, capacity 21467K, committed 21808K, reserved 1069056K
  class space    used 2043K, capacity 2112K, committed 2176K, reserved 1048576K
}
Event: 20.245 GC heap before
{Heap before GC invocations=14 (full 2):
 PSYoungGen      total 104448K, used 7104K [0x00000007aab00000, 0x00000007b2080000, 0x00000007c0000000)
  eden space 93696K, 0% used [0x00000007aab00000,0x00000007aab00000,0x00000007b0680000)
  from space 10752K, 66% used [0x00000007b1600000,0x00000007b1cf01b0,0x00000007b2080000)
  to   space 13312K, 0% used [0x00000007b0680000,0x00000007b0680000,0x00000007b1380000)
 ParOldGen       total 50176K, used 47776K [0x0000000780000000, 0x0000000783100000, 0x00000007aab00000)
  object space 50176K, 95% used [0x0000000780000000,0x0000000782ea8060,0x0000000783100000)
 Metaspace       used 21315K, capacity 21467K, committed 21808K, reserved 1069056K
  class space    used 2043K, capacity 2112K, committed 2176K, reserved 1048576K
Event: 20.304 GC heap after
Heap after GC invocations=14 (full 2):
 PSYoungGen      total 104448K, used 3841K [0x00000007aab00000, 0x00000007b2080000, 0x00000007c0000000)
  eden space 93696K, 0% used [0x00000007aab00000,0x00000007aab00000,0x00000007b0680000)
  from space 10752K, 35% used [0x00000007b1600000,0x00000007b19c0570,0x00000007b2080000)
  to   space 13312K, 0% used [0x00000007b0680000,0x00000007b0680000,0x00000007b1380000)
 ParOldGen       total 95744K, used 49688K [0x0000000780000000, 0x0000000785d80000, 0x00000007aab00000)
  object space 95744K, 51% used [0x0000000780000000,0x00000007830861e8,0x0000000785d80000)
 Metaspace       used 21315K, capacity 21467K, committed 21808K, reserved 1069056K
  class space    used 2043K, capacity 2112K, committed 2176K, reserved 1048576K
}

Deoptimization events (10 events):
Event: 11.375 Thread 0x00007fab4337f800 Uncommon trap: reason=unstable_if action=reinterpret pc=0x000000010a3ba6a8 method=de.fhpotsdam.unfolding.mapdisplay.AbstractMapDisplay$ZoomComparator.compare(Lde/fhpotsdam/unfolding/core/Coordinate;Lde/fhpotsdam/unfolding/core/Coordinate;)I @ 9
Event: 11.375 Thread 0x00007fab4337f800 Uncommon trap: reason=unstable_if action=reinterpret pc=0x0000000109fea1c4 method=de.fhpotsdam.unfolding.core.Coordinate.equals(Ljava/lang/Object;)Z @ 38
Event: 11.509 Thread 0x00007fab4337f800 Uncommon trap: reason=null_check action=make_not_entrant pc=0x000000010a41c6e8 method=processing.opengl.PGraphicsOpenGL.initCache(Lprocessing/core/PImage;)Ljava/lang/Object; @ 14
Event: 11.526 Thread 0x00007fab4337f800 Uncommon trap: reason=null_check action=make_not_entrant pc=0x000000010a390828 method=processing.opengl.PGraphicsOpenGL.initCache(Lprocessing/core/PImage;)Ljava/lang/Object; @ 14
Event: 12.824 Thread 0x00007fab4337f800 Uncommon trap: reason=unstable_if action=reinterpret pc=0x000000010a2c1538 method=java.text.DigitList.getDataChars(I)[C @ 13
Event: 12.824 Thread 0x00007fab4337f800 Uncommon trap: reason=unstable_if action=reinterpret pc=0x0000000109e1f77c method=java.text.DecimalFormat.subformat(Ljava/lang/StringBuffer;Ljava/text/Format$FieldDelegate;ZZIIII)Ljava/lang/StringBuffer; @ 753
Event: 22.226 Thread 0x00007fab4296c000 Uncommon trap: reason=unstable_if action=reinterpret pc=0x000000010a30631c method=java.awt.font.FontRenderContext.equals(Ljava/awt/font/FontRenderContext;)Z @ 2
Event: 22.256 Thread 0x00007fab4198a000 Uncommon trap: reason=unstable_if action=reinterpret pc=0x000000010a20530c method=java.util.HashMap.putVal(ILjava/lang/Object;Ljava/lang/Object;ZZ)Ljava/lang/Object; @ 81
Event: 22.256 Thread 0x00007fab4198a000 Uncommon trap: reason=unstable_if action=reinterpret pc=0x000000010a144d54 method=java.util.HashMap.putVal(ILjava/lang/Object;Ljava/lang/Object;ZZ)Ljava/lang/Object; @ 81
Event: 22.257 Thread 0x00007fab4296c000 Uncommon trap: reason=unstable_if action=reinterpret pc=0x0000000109ff8a38 method=java.awt.font.FontRenderContext.equals(Ljava/awt/font/FontRenderContext;)Z @ 2

Internal exceptions (10 events):
Event: 0.177 Thread 0x00007fab43006000 Exception <a 'java/lang/NoSuchFieldError': method resolution failed> (0x00000007aacb1070) thrown at [/Users/java_re/workspace/8-2-build-macosx-x86_64/jdk8u102/7268/hotspot/src/share/vm/prims/methodHandles.cpp, line 1146]
Event: 0.179 Thread 0x00007fab43006000 Exception <a 'java/lang/NoSuchFieldError': method resolution failed> (0x00000007aacbe840) thrown at [/Users/java_re/workspace/8-2-build-macosx-x86_64/jdk8u102/7268/hotspot/src/share/vm/prims/methodHandles.cpp, line 1146]
Event: 0.317 Thread 0x00007fab43006000 Exception <a 'java/io/FileNotFoundException'> (0x00000007aad3a860) thrown at [/Users/java_re/workspace/8-2-build-macosx-x86_64/jdk8u102/7268/hotspot/src/share/vm/prims/jni.cpp, line 709]
Event: 0.317 Thread 0x00007fab43006000 Exception <a 'java/io/FileNotFoundException'> (0x00000007aad3b3c0) thrown at [/Users/java_re/workspace/8-2-build-macosx-x86_64/jdk8u102/7268/hotspot/src/share/vm/prims/jni.cpp, line 709]
Event: 0.428 Thread 0x00007fab43006000 Exception <a 'java/io/FileNotFoundException'> (0x00000007aae21468) thrown at [/Users/java_re/workspace/8-2-build-macosx-x86_64/jdk8u102/7268/hotspot/src/share/vm/prims/jni.cpp, line 709]
Event: 2.149 Thread 0x00007fab4201b800 Exception <a 'java/lang/NullPointerException'> (0x00000007aab85718) thrown at [/Users/java_re/workspace/8-2-build-macosx-x86_64/jdk8u102/7268/hotspot/src/share/vm/interpreter/linkResolver.cpp, line 1178]
Event: 2.232 Thread 0x00007fab41921800 Exception <a 'java/lang/UnsatisfiedLinkError': com.jogamp.common.util.JarUtil.fixNativeLibAttribs(Ljava/lang/String;)Z> (0x00000007aaebe980) thrown at [/Users/java_re/workspace/8-2-build-macosx-x86_64/jdk8u102/7268/hotspot/src/share/vm/prims/nativeLookup.
Event: 3.106 Thread 0x00007fab4337f800 Exception <a 'java/io/FileNotFoundException'> (0x00000007ab0eea90) thrown at [/Users/java_re/workspace/8-2-build-macosx-x86_64/jdk8u102/7268/hotspot/src/share/vm/prims/jni.cpp, line 709]
Event: 3.106 Thread 0x00007fab4337f800 Exception <a 'java/io/FileNotFoundException'> (0x00000007ab0f4a60) thrown at [/Users/java_re/workspace/8-2-build-macosx-x86_64/jdk8u102/7268/hotspot/src/share/vm/prims/jni.cpp, line 709]
Event: 3.106 Thread 0x00007fab4337f800 Implicit null exception at 0x0000000109de46b6 to 0x0000000109de4a85

Events (10 events):
Event: 22.278 loading class jogamp/nativewindow/jawt/macosx/MacOSXJAWTWindow$1 done
Event: 22.281 loading class java/awt/LightweightDispatcher$2
Event: 22.281 loading class java/awt/LightweightDispatcher$2 done
Event: 22.281 loading class java/awt/event/AWTEventListenerProxy
Event: 22.281 loading class java/awt/event/AWTEventListenerProxy done
Event: 22.281 loading class java/awt/Toolkit$ToolkitEventMulticaster
Event: 22.281 loading class java/awt/Toolkit$ToolkitEventMulticaster done
Event: 22.282 Thread 0x00007fab4198a000 Thread exited: 0x00007fab4198a000
Event: 22.282 loading class java/awt/Window$1DisposeAction
Event: 22.282 loading class java/awt/Window$1DisposeAction done


Dynamic libraries:
0x000000000a139000 	/System/Library/Frameworks/Cocoa.framework/Versions/A/Cocoa
0x000000010795d000 	/System/Library/Frameworks/Security.framework/Versions/A/Security
0x000000000a139000 	/System/Library/Frameworks/ApplicationServices.framework/Versions/A/ApplicationServices
0x000000000a139000 	/usr/lib/libz.1.dylib
0x000000000a139000 	/usr/lib/libSystem.B.dylib
0x000000000a139000 	/usr/lib/libobjc.A.dylib
0x000000000a139000 	/System/Library/Frameworks/CoreFoundation.framework/Versions/A/CoreFoundation
0x000000000a139000 	/System/Library/Frameworks/Foundation.framework/Versions/C/Foundation
0x000000000a139000 	/System/Library/Frameworks/AppKit.framework/Versions/C/AppKit
0x000000000a139000 	/System/Library/Frameworks/CoreData.framework/Versions/A/CoreData
0x000000000a139000 	/System/Library/PrivateFrameworks/RemoteViewServices.framework/Versions/A/RemoteViewServices
0x000000000a139000 	/System/Library/PrivateFrameworks/UIFoundation.framework/Versions/A/UIFoundation
0x000000000a139000 	/usr/lib/libScreenReader.dylib
0x000000000a139000 	/System/Library/Frameworks/Accelerate.framework/Versions/A/Accelerate
0x000000000a139000 	/System/Library/Frameworks/IOSurface.framework/Versions/A/IOSurface
0x000000000a139000 	/System/Library/Frameworks/AudioToolbox.framework/Versions/A/AudioToolbox
0x000000000a139000 	/System/Library/Frameworks/AudioUnit.framework/Versions/A/AudioUnit
0x000000000a139000 	/System/Library/PrivateFrameworks/DataDetectorsCore.framework/Versions/A/DataDetectorsCore
0x000000000a139000 	/System/Library/PrivateFrameworks/DesktopServicesPriv.framework/Versions/A/DesktopServicesPriv
0x000000000a139000 	/System/Library/Frameworks/Carbon.framework/Versions/A/Frameworks/HIToolbox.framework/Versions/A/HIToolbox
0x000000000a139000 	/System/Library/Frameworks/QuartzCore.framework/Versions/A/QuartzCore
0x000000000a139000 	/System/Library/Frameworks/Carbon.framework/Versions/A/Frameworks/SpeechRecognition.framework/Versions/A/SpeechRecognition
0x000000000a139000 	/usr/lib/libauto.dylib
0x000000000a139000 	/usr/lib/libicucore.A.dylib
0x000000000a139000 	/usr/lib/libxml2.2.dylib
0x000000000a139000 	/System/Library/PrivateFrameworks/CoreUI.framework/Versions/A/CoreUI
0x000000000a139000 	/System/Library/Frameworks/CoreAudio.framework/Versions/A/CoreAudio
0x000000000a139000 	/System/Library/Frameworks/DiskArbitration.framework/Versions/A/DiskArbitration
0x000000000a139000 	/usr/lib/liblangid.dylib
0x000000000a139000 	/System/Library/PrivateFrameworks/MultitouchSupport.framework/Versions/A/MultitouchSupport
0x000000000a139000 	/System/Library/Frameworks/IOKit.framework/Versions/A/IOKit
0x000000000a139000 	/usr/lib/libDiagnosticMessagesClient.dylib
0x000000000a139000 	/System/Library/Frameworks/CoreServices.framework/Versions/A/CoreServices
0x000000000a139000 	/System/Library/PrivateFrameworks/PerformanceAnalysis.framework/Versions/A/PerformanceAnalysis
0x000000000a139000 	/System/Library/PrivateFrameworks/GenerationalStorage.framework/Versions/A/GenerationalStorage
0x000000000a139000 	/System/Library/Frameworks/OpenGL.framework/Versions/A/OpenGL
0x000000000a139000 	/System/Library/PrivateFrameworks/Sharing.framework/Versions/A/Sharing
0x000000000a139000 	/System/Library/Frameworks/CoreGraphics.framework/Versions/A/CoreGraphics
0x000000000a139000 	/System/Library/Frameworks/CoreImage.framework/Versions/A/CoreImage
0x000000000a139000 	/System/Library/Frameworks/CoreText.framework/Versions/A/CoreText
0x000000000a139000 	/System/Library/Frameworks/ImageIO.framework/Versions/A/ImageIO
0x000000000a139000 	/System/Library/PrivateFrameworks/Backup.framework/Versions/A/Backup
0x000000000a139000 	/usr/lib/libextension.dylib
0x000000000a139000 	/usr/lib/libarchive.2.dylib
0x0000000107d7d000 	/System/Library/Frameworks/CFNetwork.framework/Versions/A/CFNetwork
0x000000000a139000 	/System/Library/Frameworks/SystemConfiguration.framework/Versions/A/SystemConfiguration
0x000000000a139000 	/usr/lib/libCRFSuite.dylib
0x000000000a139000 	/usr/lib/libc++.1.dylib
0x000000000a139000 	/usr/lib/libc++abi.dylib
0x000000000a139000 	/usr/lib/system/libcache.dylib
0x000000000a139000 	/usr/lib/system/libcommonCrypto.dylib
0x000000000a139000 	/usr/lib/system/libcompiler_rt.dylib
0x000000000a139000 	/usr/lib/system/libcopyfile.dylib
0x000000000a139000 	/usr/lib/system/libcorecrypto.dylib
0x000000000a139000 	/usr/lib/system/libdispatch.dylib
0x000000000a139000 	/usr/lib/system/libdyld.dylib
0x000000000a139000 	/usr/lib/system/libkeymgr.dylib
0x000000000a139000 	/usr/lib/system/liblaunch.dylib
0x000000000a139000 	/usr/lib/system/libmacho.dylib
0x000000000a139000 	/usr/lib/system/libquarantine.dylib
0x000000000a139000 	/usr/lib/system/libremovefile.dylib
0x000000000a139000 	/usr/lib/system/libsystem_asl.dylib
0x000000000a139000 	/usr/lib/system/libsystem_blocks.dylib
0x000000000a139000 	/usr/lib/system/libsystem_c.dylib
0x000000000a139000 	/usr/lib/system/libsystem_configuration.dylib
0x000000000a139000 	/usr/lib/system/libsystem_coreservices.dylib
0x000000000a139000 	/usr/lib/system/libsystem_coretls.dylib
0x000000000a139000 	/usr/lib/system/libsystem_dnssd.dylib
0x000000000a139000 	/usr/lib/system/libsystem_info.dylib
0x000000000a139000 	/usr/lib/system/libsystem_kernel.dylib
0x000000000a139000 	/usr/lib/system/libsystem_m.dylib
0x000000000a139000 	/usr/lib/system/libsystem_malloc.dylib
0x000000000a139000 	/usr/lib/system/libsystem_network.dylib
0x000000000a139000 	/usr/lib/system/libsystem_networkextension.dylib
0x000000000a139000 	/usr/lib/system/libsystem_notify.dylib
0x000000000a139000 	/usr/lib/system/libsystem_platform.dylib
0x000000000a139000 	/usr/lib/system/libsystem_pthread.dylib
0x000000000a139000 	/usr/lib/system/libsystem_sandbox.dylib
0x000000000a139000 	/usr/lib/system/libsystem_secinit.dylib
0x000000000a139000 	/usr/lib/system/libsystem_trace.dylib
0x000000000a139000 	/usr/lib/system/libunc.dylib
0x000000000a139000 	/usr/lib/system/libunwind.dylib
0x000000000a139000 	/usr/lib/system/libxpc.dylib
0x000000000a139000 	/usr/lib/libenergytrace.dylib
0x000000000a139000 	/usr/lib/libbsm.0.dylib
0x000000000a139000 	/usr/lib/system/libkxld.dylib
0x000000000a139000 	/usr/lib/libxar.1.dylib
0x000000000a139000 	/usr/lib/libsqlite3.dylib
0x000000000a139000 	/usr/lib/libpam.2.dylib
0x000000000a139000 	/usr/lib/libOpenScriptingUtil.dylib
0x000000000a139000 	/usr/lib/libbz2.1.0.dylib
0x000000000a139000 	/usr/lib/liblzma.5.dylib
0x000000000a139000 	/System/Library/Frameworks/CoreServices.framework/Versions/A/Frameworks/FSEvents.framework/Versions/A/FSEvents
0x000000000a139000 	/System/Library/Frameworks/CoreServices.framework/Versions/A/Frameworks/CarbonCore.framework/Versions/A/CarbonCore
0x000000000a139000 	/System/Library/Frameworks/CoreServices.framework/Versions/A/Frameworks/Metadata.framework/Versions/A/Metadata
0x000000000a139000 	/System/Library/Frameworks/CoreServices.framework/Versions/A/Frameworks/OSServices.framework/Versions/A/OSServices
0x000000000a139000 	/System/Library/Frameworks/CoreServices.framework/Versions/A/Frameworks/SearchKit.framework/Versions/A/SearchKit
0x000000000a139000 	/System/Library/Frameworks/CoreServices.framework/Versions/A/Frameworks/AE.framework/Versions/A/AE
0x000000000a139000 	/System/Library/Frameworks/CoreServices.framework/Versions/A/Frameworks/LaunchServices.framework/Versions/A/LaunchServices
0x000000000a139000 	/System/Library/Frameworks/CoreServices.framework/Versions/A/Frameworks/DictionaryServices.framework/Versions/A/DictionaryServices
0x000000000a139000 	/System/Library/Frameworks/CoreServices.framework/Versions/A/Frameworks/SharedFileList.framework/Versions/A/SharedFileList
0x000000000a139000 	/System/Library/Frameworks/NetFS.framework/Versions/A/NetFS
0x000000000a139000 	/System/Library/PrivateFrameworks/NetAuth.framework/Versions/A/NetAuth
0x000000000a139000 	/System/Library/PrivateFrameworks/login.framework/Versions/A/Frameworks/loginsupport.framework/Versions/A/loginsupport
0x000000000a139000 	/System/Library/PrivateFrameworks/TCC.framework/Versions/A/TCC
0x000000000a139000 	/usr/lib/libmecabra.dylib
0x000000000a139000 	/System/Library/Frameworks/ApplicationServices.framework/Versions/A/Frameworks/ATS.framework/Versions/A/ATS
0x000000000a139000 	/System/Library/Frameworks/ApplicationServices.framework/Versions/A/Frameworks/ColorSync.framework/Versions/A/ColorSync
0x000000000a139000 	/System/Library/Frameworks/ApplicationServices.framework/Versions/A/Frameworks/HIServices.framework/Versions/A/HIServices
0x000000000a139000 	/System/Library/Frameworks/ApplicationServices.framework/Versions/A/Frameworks/LangAnalysis.framework/Versions/A/LangAnalysis
0x000000000a139000 	/System/Library/Frameworks/ApplicationServices.framework/Versions/A/Frameworks/PrintCore.framework/Versions/A/PrintCore
0x000000000a139000 	/System/Library/Frameworks/ApplicationServices.framework/Versions/A/Frameworks/QD.framework/Versions/A/QD
0x000000000a139000 	/System/Library/Frameworks/ApplicationServices.framework/Versions/A/Frameworks/SpeechSynthesis.framework/Versions/A/SpeechSynthesis
0x000000000a139000 	/System/Library/Frameworks/Metal.framework/Versions/A/Metal
0x000000000a139000 	/System/Library/Frameworks/Accelerate.framework/Versions/A/Frameworks/vImage.framework/Versions/A/vImage
0x000000000a139000 	/System/Library/Frameworks/Accelerate.framework/Versions/A/Frameworks/vecLib.framework/Versions/A/vecLib
0x000000000a139000 	/System/Library/Frameworks/Accelerate.framework/Versions/A/Frameworks/vecLib.framework/Versions/A/libvDSP.dylib
0x000000000a139000 	/System/Library/Frameworks/Accelerate.framework/Versions/A/Frameworks/vecLib.framework/Versions/A/libvMisc.dylib
0x000000000a139000 	/System/Library/Frameworks/Accelerate.framework/Versions/A/Frameworks/vecLib.framework/Versions/A/libLAPACK.dylib
0x000000000a139000 	/System/Library/Frameworks/Accelerate.framework/Versions/A/Frameworks/vecLib.framework/Versions/A/libBLAS.dylib
0x000000000a139000 	/System/Library/Frameworks/Accelerate.framework/Versions/A/Frameworks/vecLib.framework/Versions/A/libLinearAlgebra.dylib
0x000000000a139000 	/System/Library/Frameworks/Accelerate.framework/Versions/A/Frameworks/vecLib.framework/Versions/A/libSparseBLAS.dylib
0x000000000a139000 	/System/Library/PrivateFrameworks/GPUCompiler.framework/libmetal_timestamp.dylib
0x000000000a139000 	/System/Library/Frameworks/OpenGL.framework/Versions/A/Libraries/libCoreFSCache.dylib
0x000000000a139000 	/System/Library/PrivateFrameworks/IOAccelerator.framework/Versions/A/IOAccelerator
0x000000000a139000 	/System/Library/Frameworks/ApplicationServices.framework/Versions/A/Frameworks/ATS.framework/Versions/A/Resources/libFontParser.dylib
0x000000000a139000 	/System/Library/Frameworks/ApplicationServices.framework/Versions/A/Frameworks/ATS.framework/Versions/A/Resources/libFontRegistry.dylib
0x000000000a139000 	/System/Library/PrivateFrameworks/AppleVPA.framework/Versions/A/AppleVPA
0x000000000a139000 	/System/Library/PrivateFrameworks/AppleJPEG.framework/Versions/A/AppleJPEG
0x000000000a139000 	/System/Library/Frameworks/ImageIO.framework/Versions/A/Resources/libJPEG.dylib
0x000000000a139000 	/System/Library/Frameworks/ImageIO.framework/Versions/A/Resources/libTIFF.dylib
0x000000000a139000 	/System/Library/Frameworks/ImageIO.framework/Versions/A/Resources/libPng.dylib
0x000000000a139000 	/System/Library/Frameworks/ImageIO.framework/Versions/A/Resources/libGIF.dylib
0x000000000a139000 	/System/Library/Frameworks/ImageIO.framework/Versions/A/Resources/libJP2.dylib
0x000000000a139000 	/System/Library/Frameworks/ImageIO.framework/Versions/A/Resources/libRadiance.dylib
0x000000000a139000 	/System/Library/Frameworks/CoreVideo.framework/Versions/A/CoreVideo
0x000000000a139000 	/System/Library/Frameworks/OpenGL.framework/Versions/A/Libraries/libGLU.dylib
0x000000000a139000 	/System/Library/Frameworks/OpenGL.framework/Versions/A/Libraries/libGFXShared.dylib
0x000000000a139000 	/System/Library/Frameworks/OpenGL.framework/Versions/A/Libraries/libGL.dylib
0x000000000a139000 	/System/Library/Frameworks/OpenGL.framework/Versions/A/Libraries/libGLImage.dylib
0x000000000a139000 	/System/Library/Frameworks/OpenGL.framework/Versions/A/Libraries/libCVMSPluginSupport.dylib
0x000000000a139000 	/System/Library/Frameworks/OpenGL.framework/Versions/A/Libraries/libCoreVMClient.dylib
0x000000000a139000 	/usr/lib/libcompression.dylib
0x000000000a139000 	/usr/lib/libcups.2.dylib
0x000000000a139000 	/System/Library/Frameworks/Kerberos.framework/Versions/A/Kerberos
0x000000000a139000 	/System/Library/Frameworks/GSS.framework/Versions/A/GSS
0x000000000a139000 	/usr/lib/libresolv.9.dylib
0x000000000a139000 	/usr/lib/libiconv.2.dylib
0x000000000a139000 	/System/Library/PrivateFrameworks/Heimdal.framework/Versions/A/Heimdal
0x000000000a139000 	/usr/lib/libheimdal-asn1.dylib
0x000000000a139000 	/System/Library/Frameworks/OpenDirectory.framework/Versions/A/OpenDirectory
0x000000000a139000 	/System/Library/PrivateFrameworks/CommonAuth.framework/Versions/A/CommonAuth
0x000000000a139000 	/System/Library/Frameworks/OpenDirectory.framework/Versions/A/Frameworks/CFOpenDirectory.framework/Versions/A/CFOpenDirectory
0x000000000a139000 	/System/Library/Frameworks/SecurityFoundation.framework/Versions/A/SecurityFoundation
0x000000000a139000 	/System/Library/PrivateFrameworks/LanguageModeling.framework/Versions/A/LanguageModeling
0x000000000a139000 	/usr/lib/libmarisa.dylib
0x000000000a139000 	/usr/lib/libChineseTokenizer.dylib
0x000000000a139000 	/usr/lib/libcmph.dylib
0x000000000a139000 	/System/Library/Frameworks/ServiceManagement.framework/Versions/A/ServiceManagement
0x000000000a139000 	/usr/lib/libxslt.1.dylib
0x000000000a139000 	/System/Library/Frameworks/Carbon.framework/Versions/A/Frameworks/Ink.framework/Versions/A/Ink
0x000000000a139000 	/usr/lib/libFosl_dynamic.dylib
0x000000000a139000 	/System/Library/PrivateFrameworks/FaceCore.framework/Versions/A/FaceCore
0x000000000a139000 	/System/Library/Frameworks/OpenCL.framework/Versions/A/OpenCL
0x000000000a139000 	/System/Library/PrivateFrameworks/CrashReporterSupport.framework/Versions/A/CrashReporterSupport
0x000000000a139000 	/System/Library/PrivateFrameworks/IconServices.framework/Versions/A/IconServices
0x000000000a139000 	/System/Library/PrivateFrameworks/Apple80211.framework/Versions/A/Apple80211
0x000000000a139000 	/System/Library/Frameworks/CoreWLAN.framework/Versions/A/CoreWLAN
0x000000000a139000 	/System/Library/Frameworks/IOBluetooth.framework/Versions/A/IOBluetooth
0x000000000a139000 	/System/Library/PrivateFrameworks/CoreWiFi.framework/Versions/A/CoreWiFi
0x000000000a139000 	/System/Library/Frameworks/CoreBluetooth.framework/Versions/A/CoreBluetooth
0x000000000a139000 	/System/Library/PrivateFrameworks/ChunkingLibrary.framework/Versions/A/ChunkingLibrary
0x000000000a139000 	/System/Library/PrivateFrameworks/DebugSymbols.framework/Versions/A/DebugSymbols
0x000000000a139000 	/System/Library/PrivateFrameworks/CoreSymbolication.framework/Versions/A/CoreSymbolication
0x000000000a139000 	/System/Library/PrivateFrameworks/Symbolication.framework/Versions/A/Symbolication
0x000000000a139000 	/System/Library/PrivateFrameworks/SpeechRecognitionCore.framework/Versions/A/SpeechRecognitionCore
0x000000010844b000 	/Library/Java/JavaVirtualMachines/jdk1.8.0_102.jdk/Contents/Home/jre/lib/server/libjvm.dylib
0x000000000a139000 	/usr/lib/libstdc++.6.dylib
0x00000001093ec000 	/Library/Java/JavaVirtualMachines/jdk1.8.0_102.jdk/Contents/Home/jre/lib/libverify.dylib
0x0000000109c00000 	/Library/Java/JavaVirtualMachines/jdk1.8.0_102.jdk/Contents/Home/jre/lib/libjava.dylib
0x0000000109c3d000 	/Library/Java/JavaVirtualMachines/jdk1.8.0_102.jdk/Contents/Home/jre/lib/libzip.dylib
0x000000011d040000 	/System/Library/Frameworks/JavaVM.framework/Frameworks/JavaRuntimeSupport.framework/JavaRuntimeSupport
0x000000011d05b000 	/System/Library/Frameworks/JavaVM.framework/Versions/A/Frameworks/JavaNativeFoundation.framework/Versions/A/JavaNativeFoundation
0x000000011d070000 	/System/Library/Frameworks/JavaVM.framework/Versions/A/JavaVM
0x000000000a139000 	/System/Library/Frameworks/Carbon.framework/Versions/A/Carbon
0x000000011d07d000 	/System/Library/PrivateFrameworks/JavaLaunching.framework/Versions/A/JavaLaunching
0x000000000a139000 	/System/Library/Frameworks/Carbon.framework/Versions/A/Frameworks/CommonPanels.framework/Versions/A/CommonPanels
0x000000000a139000 	/System/Library/Frameworks/Carbon.framework/Versions/A/Frameworks/Help.framework/Versions/A/Help
0x000000000a139000 	/System/Library/Frameworks/Carbon.framework/Versions/A/Frameworks/ImageCapture.framework/Versions/A/ImageCapture
0x000000000a139000 	/System/Library/Frameworks/Carbon.framework/Versions/A/Frameworks/OpenScripting.framework/Versions/A/OpenScripting
0x000000000a139000 	/System/Library/Frameworks/Carbon.framework/Versions/A/Frameworks/Print.framework/Versions/A/Print
0x000000000a139000 	/System/Library/Frameworks/Carbon.framework/Versions/A/Frameworks/SecurityHI.framework/Versions/A/SecurityHI
0x000000011e9a0000 	/Library/Java/JavaVirtualMachines/jdk1.8.0_102.jdk/Contents/Home/jre/lib/libawt.dylib
0x000000011ea48000 	/Library/Java/JavaVirtualMachines/jdk1.8.0_102.jdk/Contents/Home/jre/lib/./libmlib_image.dylib
0x000000011eb14000 	/Library/Java/JavaVirtualMachines/jdk1.8.0_102.jdk/Contents/Home/jre/lib/libawt_lwawt.dylib
0x000000011ebc9000 	/Library/Java/JavaVirtualMachines/jdk1.8.0_102.jdk/Contents/Home/jre/lib/./libosxapp.dylib
0x000000000a139000 	/System/Library/Frameworks/ExceptionHandling.framework/Versions/A/ExceptionHandling
0x000000000a139000 	/System/Library/PrivateFrameworks/CoreServicesInternal.framework/Versions/A/CoreServicesInternal
0x000000011f38e000 	/System/Library/Frameworks/CoreGraphics.framework/Versions/A/Resources/libRIP.A.dylib
0x000000000a139000 	/System/Library/Frameworks/Accelerate.framework/Versions/A/Frameworks/vImage.framework/Versions/A/Libraries/libCGInterfaces.dylib
0x000000011f50b000 	/System/Library/Frameworks/CoreGraphics.framework/Versions/A/Resources/libCGXType.A.dylib
0x000000000a139000 	/System/Library/Frameworks/OpenCL.framework/Versions/A/Libraries/libcldcpuengine.dylib
0x000000000a139000 	/System/Library/PrivateFrameworks/DiskImages.framework/Versions/A/DiskImages
0x000000000a139000 	/System/Library/Frameworks/DiscRecording.framework/Versions/A/DiscRecording
0x000000000a139000 	/usr/lib/libcsfde.dylib
0x000000000a139000 	/usr/lib/libcurl.4.dylib
0x000000000a139000 	/System/Library/PrivateFrameworks/MediaKit.framework/Versions/A/MediaKit
0x000000000a139000 	/System/Library/PrivateFrameworks/ProtectedCloudStorage.framework/Versions/A/ProtectedCloudStorage
0x000000000a139000 	/usr/lib/libCoreStorage.dylib
0x000000000a139000 	/System/Library/PrivateFrameworks/EFILogin.framework/Versions/A/EFILogin
0x000000000a139000 	/usr/lib/libutil.dylib
0x000000000a139000 	/System/Library/PrivateFrameworks/FindMyDevice.framework/Versions/A/FindMyDevice
0x000000000a139000 	/System/Library/Frameworks/LDAP.framework/Versions/A/LDAP
0x000000000a139000 	/usr/lib/libsasl2.2.dylib
0x000000000a139000 	/System/Library/PrivateFrameworks/CoreDaemon.framework/Versions/B/CoreDaemon
0x000000000a139000 	/usr/lib/libcrypto.0.9.8.dylib
0x000000000a139000 	/System/Library/PrivateFrameworks/AppleSRP.framework/Versions/A/AppleSRP
0x000000000a139000 	/System/Library/PrivateFrameworks/TrustEvaluationAgent.framework/Versions/A/TrustEvaluationAgent
0x000000011f523000 	cl_kernels
0x000000000a139000 	/System/Library/Frameworks/OpenCL.framework/Versions/A/Libraries/ImageFormats/unorm8_bgra.dylib
0x000000000a139000 	/System/Library/Frameworks/OpenCL.framework/Versions/A/Libraries/ImageFormats/unorm8_rgba.dylib
0x000000000a139000 	/System/Library/PrivateFrameworks/FamilyControls.framework/Versions/A/FamilyControls
0x000000000a139000 	/System/Library/PrivateFrameworks/CommerceKit.framework/Versions/A/Frameworks/CommerceCore.framework/Versions/A/CommerceCore
0x000000000a139000 	/System/Library/PrivateFrameworks/SystemAdministration.framework/Versions/A/SystemAdministration
0x000000000a139000 	/System/Library/PrivateFrameworks/AppContainer.framework/Versions/A/AppContainer
0x000000000a139000 	/System/Library/PrivateFrameworks/SecCodeWrapper.framework/Versions/A/SecCodeWrapper
0x000000000a139000 	/System/Library/Frameworks/DirectoryService.framework/Versions/A/DirectoryService
0x000000000a139000 	/System/Library/PrivateFrameworks/LoginUIKit.framework/Versions/A/Frameworks/LoginUICore.framework/Versions/A/LoginUICore
0x000000000a139000 	/usr/lib/libodfde.dylib
0x000000000a139000 	/System/Library/Frameworks/OpenGL.framework/Versions/A/Resources/GLEngine.bundle/GLEngine
0x000000000a139000 	/System/Library/Frameworks/OpenGL.framework/Versions/A/Libraries/libGLProgrammability.dylib
0x000000012139c000 	/System/Library/Extensions/AppleIntelHD5000GraphicsGLDriver.bundle/Contents/MacOS/AppleIntelHD5000GraphicsGLDriver
0x000000000a139000 	/System/Library/PrivateFrameworks/GPUSupport.framework/Versions/A/Libraries/libGPUSupportMercury.dylib
0x000000000a139000 	/System/Library/Frameworks/OpenGL.framework/Versions/A/Resources/GLRendererFloat.bundle/GLRendererFloat
0x0000000122393000 	/Library/Java/JavaVirtualMachines/jdk1.8.0_102.jdk/Contents/Home/jre/lib/libfontmanager.dylib
0x0000000123833000 	/Library/Java/JavaVirtualMachines/jdk1.8.0_102.jdk/Contents/Home/jre/lib/libosxui.dylib
0x0000000124327000 	/Library/Java/JavaVirtualMachines/jdk1.8.0_102.jdk/Contents/Home/jre/lib/libnet.dylib
0x000000012456f000 	/Library/Java/JavaVirtualMachines/jdk1.8.0_102.jdk/Contents/Home/jre/lib/libnio.dylib
0x000000000a139000 	/System/Library/Frameworks/ApplicationServices.framework/Versions/A/Frameworks/ATS.framework/Versions/A/Resources/libTrueTypeScaler.dylib
0x000000017543b000 	/System/Library/Extensions/AppleIntelHD5000GraphicsMTLDriver.bundle/Contents/MacOS/AppleIntelHD5000GraphicsMTLDriver
0x000000011f95f000 	/private/var/folders/f2/4qkyxzd93r37rthb6tddfj8m0000gn/T/jogamp_0000/file_cache/jln4022430000323994255/jln3629454891648541180/libgluegen-rt.jnilib
0x000000011f964000 	/private/var/folders/f2/4qkyxzd93r37rthb6tddfj8m0000gn/T/jogamp_0000/file_cache/jln4022430000323994255/jln3629454891648541180/libnativewindow_awt.jnilib
0x0000000123509000 	/Library/Java/JavaVirtualMachines/jdk1.8.0_102.jdk/Contents/Home/jre/lib/libjawt.dylib
0x0000000175387000 	/private/var/folders/f2/4qkyxzd93r37rthb6tddfj8m0000gn/T/jogamp_0000/file_cache/jln4022430000323994255/jln3629454891648541180/libnativewindow_macosx.jnilib
0x00000001773c9000 	/private/var/folders/f2/4qkyxzd93r37rthb6tddfj8m0000gn/T/jogamp_0000/file_cache/jln4022430000323994255/jln3629454891648541180/libjogl_desktop.jnilib
0x00000001753c4000 	/Library/Java/JavaVirtualMachines/jdk1.8.0_102.jdk/Contents/Home/jre/lib/libjpeg.dylib
0x000000017969f000 	/Library/Java/JavaVirtualMachines/jdk1.8.0_102.jdk/Contents/Home/jre/lib/libt2k.dylib

VM Arguments:
jvm_args: -Djava.security.policy=java.policy.applet -Dfile.encoding=UTF-8 
java_command: sun.applet.AppletViewer module4.EarthquakeCityMap1473992980307.html
java_class_path (initial): /Users/Yoni/Projects/eclipse/UCSDUnfoldingMaps/build:/Users/Yoni/Projects/eclipse/UCSDUnfoldingMaps/lib/core.jar:/Users/Yoni/Projects/eclipse/UCSDUnfoldingMaps/lib/gluegen-rt.jar:/Users/Yoni/Projects/eclipse/UCSDUnfoldingMaps/lib/jogl-all.jar:/Users/Yoni/Projects/eclipse/UCSDUnfoldingMaps/lib/log4j-1.2.15.jar:/Users/Yoni/Projects/eclipse/UCSDUnfoldingMaps/lib/sqlite-jdbc-3.7.2.jar:/Users/Yoni/Projects/eclipse/UCSDUnfoldingMaps/lib/json4processing.jar:/Users/Yoni/Projects/eclipse/UCSDUnfoldingMaps/lib/libTUIO.jar:/Users/Yoni/Projects/eclipse/UCSDUnfoldingMaps/lib/unfolding.0.9.7-uscd.jar
Launcher Type: SUN_STANDARD

Environment Variables:
PATH=/usr/bin:/bin:/usr/sbin:/sbin:/usr/local/bin
SHELL=/bin/bash

Signal Handlers:
SIGSEGV: [libjvm.dylib+0x5b0579], sa_mask[0]=11111111011111110111111111111111, sa_flags=SA_ONSTACK|SA_RESTART|SA_SIGINFO
SIGBUS: [libjvm.dylib+0x5b0579], sa_mask[0]=11111111011111110111111111111111, sa_flags=SA_RESTART|SA_SIGINFO
SIGFPE: [libjvm.dylib+0x4874e4], sa_mask[0]=11111111011111110111111111111111, sa_flags=SA_RESTART|SA_SIGINFO
SIGPIPE: [libjvm.dylib+0x4874e4], sa_mask[0]=11111111011111110111111111111111, sa_flags=SA_RESTART|SA_SIGINFO
SIGXFSZ: [libjvm.dylib+0x4874e4], sa_mask[0]=11111111011111110111111111111111, sa_flags=SA_RESTART|SA_SIGINFO
SIGILL: [libjvm.dylib+0x4874e4], sa_mask[0]=11111111011111110111111111111111, sa_flags=SA_RESTART|SA_SIGINFO
SIGUSR1: SIG_DFL, sa_mask[0]=00000000000000000000000000000000, sa_flags=none
SIGUSR2: [libjvm.dylib+0x487002], sa_mask[0]=00100000000000000000000000000000, sa_flags=SA_RESTART|SA_SIGINFO
SIGHUP: [libjvm.dylib+0x4855d9], sa_mask[0]=11111111011111110111111111111111, sa_flags=SA_RESTART|SA_SIGINFO
SIGINT: [libjvm.dylib+0x4855d9], sa_mask[0]=11111111011111110111111111111111, sa_flags=SA_RESTART|SA_SIGINFO
SIGTERM: [libjvm.dylib+0x4855d9], sa_mask[0]=11111111011111110111111111111111, sa_flags=SA_RESTART|SA_SIGINFO
SIGQUIT: [libjvm.dylib+0x4855d9], sa_mask[0]=11111111011111110111111111111111, sa_flags=SA_RESTART|SA_SIGINFO


---------------  S Y S T E M  ---------------

OS:Bsduname:Darwin 15.6.0 Darwin Kernel Version 15.6.0: Mon Aug 29 20:21:34 PDT 2016; root:xnu-3248.60.11~1/RELEASE_X86_64 x86_64
rlimit: STACK 8192k, CORE 0k, NPROC 709, NOFILE 10240, AS infinity
load average:1.71 1.56 1.52

CPU:total 4 (2 cores per cpu, 2 threads per core) family 6 model 69 stepping 1, cmov, cx8, fxsr, mmx, sse, sse2, sse3, ssse3, sse4.1, sse4.2, popcnt, avx, avx2, aes, clmul, erms, lzcnt, ht, tsc, tscinvbit, bmi1, bmi2

Memory: 4k page, physical 4194304k(25680k free)

/proc/meminfo:


vm_info: Java HotSpot(TM) 64-Bit Server VM (25.102-b14) for bsd-amd64 JRE (1.8.0_102-b14), built on Jun 22 2016 11:42:36 by "java_re" with gcc 4.2.1 (Based on Apple Inc. build 5658) (LLVM build 2336.11.00)

time: Thu Sep 15 22:30:02 2016
elapsed time: 22 seconds (0d 0h 0m 22s)

