#
# A fatal error has been detected by the Java Runtime Environment:
#
#  SIGSEGV (0xb) at pc=0x00007fff8e91d4dd, pid=4147, tid=0x0000000000000a0b
#
# JRE version: Java(TM) SE Runtime Environment (8.0_102-b14) (build 1.8.0_102-b14)
# Java VM: Java HotSpot(TM) 64-Bit Server VM (25.102-b14 mixed mode bsd-amd64 compressed oops)
# Problematic frame:
# C  [libobjc.A.dylib+0x14dd]  objc_msgSend+0x1d
#
# Failed to write core dump. Core dumps have been disabled. To enable core dumping, try "ulimit -c unlimited" before starting Java again
#
# If you would like to submit a bug report, please visit:
#   http://bugreport.java.com/bugreport/crash.jsp
# The crash happened outside the Java Virtual Machine in native code.
# See problematic frame for where to report the bug.
#

---------------  T H R E A D  ---------------

Current thread (0x00007fd1caa24000):  JavaThread "AWT-AppKit" daemon [_thread_in_native, id=2571, stack(0x00007fff5a2c5000,0x00007fff5aac5000)]

siginfo: si_signo: 11 (SIGSEGV), si_code: 1 (SEGV_MAPERR), si_addr: 0x0000000000000018

Registers:
RAX=0x00007fd1ce9d7380, RBX=0x0000000172b86450, RCX=0x000000011d02e900, RDX=0x000000011d144820
RSP=0x00007fff5aac0368, RBP=0x00007fff5aac0420, RSI=0x00007fff9fa37cbe, RDI=0x00007fd1ceb24e00
R8 =0x0000000000000000, R9 =0x00000000000008b0, R10=0x00007fff9fa37cbe, R11=0x0000000000000000
R12=0x0000000000000000, R13=0x0000000174a7b140, R14=0x0000000172b86440, R15=0x00007fd1caa24000
RIP=0x00007fff8e91d4dd, EFLAGS=0x0000000000010246, ERR=0x0000000000000004
  TRAPNO=0x000000000000000e

Top of Stack: (sp=0x00007fff5aac0368)
0x00007fff5aac0368:   0000000172b84157 00007fff5aac03c0
0x00007fff5aac0378:   0000000000000003 00007fff5aac03a0
0x00007fff5aac0388:   00000001067f2e32 0000000174a7b140
0x00007fff5aac0398:   0000000174a7b140 00007fd1ce9d7380
0x00007fff5aac03a8:   0000000172b866a0 0000000172b86710
0x00007fff5aac03b8:   00007fff7e174770 00007fff7d71d500
0x00007fff5aac03c8:   0000000172b86450 0000000172b86690
0x00007fff5aac03d8:   00007fd1ce9d7380 00007fd1ceb24e00
0x00007fff5aac03e8:   00007fd1ca6e8760 00007fd1ce9d7380
0x00007fff5aac03f8:   00007fd1ceb24e00 00007fff5aac04a8
0x00007fff5aac0408:   00007fd1caa241f8 0000000174a7b140
0x00007fff5aac0418:   00007fff5aac04d0 00007fff5aac0498
0x00007fff5aac0428:   00000001075b89d4 0000000174a7b140
0x00007fff5aac0438:   00007fff5aac04d0 00007fff5aac0498
0x00007fff5aac0448:   00000001075b8767 00000001075b8722
0x00007fff5aac0458:   00007fff5aac0458 0000000174a7b140
0x00007fff5aac0468:   00007fff5aac04d0 0000000174a7dd78
0x00007fff5aac0478:   0000000000000000 0000000174a7b140
0x00007fff5aac0488:   0000000000000000 00007fff5aac04b8
0x00007fff5aac0498:   00007fff5aac0518 00000001075a92bd
0x00007fff5aac04a8:   0000000780823198 00000001075b2538
0x00007fff5aac04b8:   00007fd1ce9d7380 00007fff5aac0518
0x00007fff5aac04c8:   00007fd1ceb24e00 00000001075b3e02
0x00007fff5aac04d8:   00007fff5aac04d8 0000000174a7b30a
0x00007fff5aac04e8:   00007fff5aac0540 0000000174a7dd78
0x00007fff5aac04f8:   0000000000000000 0000000174a7b318
0x00007fff5aac0508:   00007fff5aac04b8 00007fff5aac0528
0x00007fff5aac0518:   00007fff5aac0588 00000001075a92bd
0x00007fff5aac0528:   00007fd1ce9d7380 0000000780f1d8f0
0x00007fff5aac0538:   00007fd1ceb24e00 0000000780f1d8f0
0x00007fff5aac0548:   00007fff5aac0548 000000017c2133ce
0x00007fff5aac0558:   00007fff5aac0598 000000017c213488 

Instructions: (pc=0x00007fff8e91d4dd)
0x00007fff8e91d4bd:   44 00 00 48 85 ff 2e 74 62 40 f6 c7 01 2e 75 66
0x00007fff8e91d4cd:   49 bb f8 ff ff ff ff 7f 00 00 4c 23 1f 49 89 f2
0x00007fff8e91d4dd:   45 23 53 18 49 c1 e2 04 4d 03 53 10 49 3b 32 75
0x00007fff8e91d4ed:   04 41 ff 62 08 49 83 3a 01 76 0d 49 83 c2 10 49 

Register to memory mapping:

RAX=0x00007fd1ce9d7380 is an unknown value
RBX=0x0000000172b86450: Java_jogamp_nativewindow_macosx_OSXUtil_GetScreenRefreshRate0+0x1cf0 in /private/var/folders/f2/4qkyxzd93r37rthb6tddfj8m0000gn/T/jogamp_0000/file_cache/jln2080474067101392953/jln7380682346394588202/libnativewindow_macosx.jnilib at 0x0000000172b7f000
RCX=0x000000011d02e900 is an unknown value
RDX=0x000000011d144820 is an unknown value
RSP=0x00007fff5aac0368 is pointing into the stack for thread: 0x00007fd1caa24000
RBP=0x00007fff5aac0420 is pointing into the stack for thread: 0x00007fd1caa24000
RSI=0x00007fff9fa37cbe is an unknown value
RDI=0x00007fd1ceb24e00 is an unknown value
R8 =0x0000000000000000 is an unknown value
R9 =0x00000000000008b0 is an unknown value
R10=0x00007fff9fa37cbe is an unknown value
R11=0x0000000000000000 is an unknown value
R12=0x0000000000000000 is an unknown value
R13={method} {0x0000000174a7b140} 'UnsetJAWTRootSurfaceLayer0' '(JJ)V' in 'jogamp/nativewindow/jawt/macosx/MacOSXJAWTWindow'
R14=0x0000000172b86440: Java_jogamp_nativewindow_macosx_OSXUtil_GetScreenRefreshRate0+0x1ce0 in /private/var/folders/f2/4qkyxzd93r37rthb6tddfj8m0000gn/T/jogamp_0000/file_cache/jln2080474067101392953/jln7380682346394588202/libnativewindow_macosx.jnilib at 0x0000000172b7f000
R15=0x00007fd1caa24000 is a thread


Stack: [0x00007fff5a2c5000,0x00007fff5aac5000],  sp=0x00007fff5aac0368,  free space=8172k
Native frames: (J=compiled Java code, j=interpreted, Vv=VM code, C=native code)
C  [libobjc.A.dylib+0x14dd]  objc_msgSend+0x1d
j  jogamp.nativewindow.jawt.macosx.MacOSXJAWTWindow.UnsetJAWTRootSurfaceLayer0(JJ)V+0
j  jogamp.nativewindow.jawt.macosx.MacOSXJAWTWindow.access$200(JJ)V+2
j  jogamp.nativewindow.jawt.macosx.MacOSXJAWTWindow$1.run()V+38
j  com.jogamp.common.util.RunnableTask.run()V+24
v  ~StubRoutines::call_stub
V  [libjvm.dylib+0x2ed5e2]
V  [libjvm.dylib+0x324771]
V  [libjvm.dylib+0x316f3f]
C  [libnativewindow_macosx.jnilib+0x5326]  Java_jogamp_nativewindow_jawt_macosx_MacOSXJAWTWindow_UnsetJAWTRootSurfaceLayer0+0x2b6
C  [Foundation+0x76fde]  __NSThreadPerformPerform+0x117
C  [CoreFoundation+0xaa881]  __CFRUNLOOP_IS_CALLING_OUT_TO_A_SOURCE0_PERFORM_FUNCTION__+0x11
C  [CoreFoundation+0x89fbc]  __CFRunLoopDoSources0+0x22c
C  [CoreFoundation+0x894df]  __CFRunLoopRun+0x39f
C  [CoreFoundation+0x88ed8]  CFRunLoopRunSpecific+0x128
C  [HIToolbox+0x30935]  RunCurrentEventLoopInMode+0xeb
C  [HIToolbox+0x30677]  ReceiveNextEventCommon+0xb8
C  [HIToolbox+0x305af]  _BlockUntilNextEventMatchingListInModeWithFilter+0x47
C  [AppKit+0x48df6]  _DPSNextEvent+0x42b
C  [AppKit+0x48226]  -[NSApplication _nextEventMatchingEventMask:untilDate:inMode:dequeue:]+0x1c6
C  [libosxapp.dylib+0x23aa]  -[NSApplicationAWT nextEventMatchingMask:untilDate:inMode:dequeue:]+0x7c
C  [AppKit+0x3cd80]  -[NSApplication run]+0x2aa
C  [libosxapp.dylib+0x214d]  +[NSApplicationAWT runAWTLoopWithApp:]+0x9c
C  [libawt_lwawt.dylib+0x444b3]  -[AWTStarter starter:]+0x389
C  [Foundation+0x76fde]  __NSThreadPerformPerform+0x117
C  [CoreFoundation+0xaa881]  __CFRUNLOOP_IS_CALLING_OUT_TO_A_SOURCE0_PERFORM_FUNCTION__+0x11
C  [CoreFoundation+0x89fbc]  __CFRunLoopDoSources0+0x22c
C  [CoreFoundation+0x894df]  __CFRunLoopRun+0x39f
C  [CoreFoundation+0x88ed8]  CFRunLoopRunSpecific+0x128
C  [java+0x6465]  CreateExecutionEnvironment+0x367
C  [java+0x218c]  JLI_Launch+0x7a0
C  [java+0x84c2]  main+0x65
C  [java+0x19e4]  start+0x34
C  0x0000000000000007

Java frames: (J=compiled Java code, j=interpreted, Vv=VM code)
j  jogamp.nativewindow.jawt.macosx.MacOSXJAWTWindow.UnsetJAWTRootSurfaceLayer0(JJ)V+0
j  jogamp.nativewindow.jawt.macosx.MacOSXJAWTWindow.access$200(JJ)V+2
j  jogamp.nativewindow.jawt.macosx.MacOSXJAWTWindow$1.run()V+38
j  com.jogamp.common.util.RunnableTask.run()V+24
v  ~StubRoutines::call_stub

---------------  P R O C E S S  ---------------

Java Threads: ( => current thread )
  0x00007fd1cc7b9000 JavaThread "Thread-19" [_thread_blocked, id=61643, stack(0x00007000019ee000,0x0000700001aee000)]
  0x00007fd1cb930800 JavaThread "AWT-EventQueue-1" [_thread_in_native, id=58651, stack(0x0000700001868000,0x0000700001968000)]
  0x00007fd1cb006800 JavaThread "DestroyJavaVM" [_thread_blocked, id=5891, stack(0x000070000011a000,0x000070000021a000)]
  0x00007fd1cb8cd800 JavaThread "AWT-EventQueue-0" [_thread_blocked, id=55811, stack(0x0000700001662000,0x0000700001762000)]
  0x00007fd1caaaa000 JavaThread "Java2D Disposer" daemon [_thread_blocked, id=52483, stack(0x00007000013d9000,0x00007000014d9000)]
  0x00007fd1caa61000 JavaThread "Java2D Queue Flusher" daemon [_thread_in_native, id=48651, stack(0x00007000012d6000,0x00007000013d6000)]
  0x00007fd1cc121800 JavaThread "AWT-Shutdown" [_thread_blocked, id=29459, stack(0x0000700001150000,0x0000700001250000)]
=>0x00007fd1caa24000 JavaThread "AWT-AppKit" daemon [_thread_in_native, id=2571, stack(0x00007fff5a2c5000,0x00007fff5aac5000)]
  0x00007fd1cb062800 JavaThread "Service Thread" daemon [_thread_blocked, id=18691, stack(0x0000700000e44000,0x0000700000f44000)]
  0x00007fd1cb00b000 JavaThread "C1 CompilerThread2" daemon [_thread_blocked, id=18179, stack(0x0000700000d41000,0x0000700000e41000)]
  0x00007fd1cc04a000 JavaThread "C2 CompilerThread1" daemon [_thread_blocked, id=17667, stack(0x0000700000c3e000,0x0000700000d3e000)]
  0x00007fd1cb817000 JavaThread "C2 CompilerThread0" daemon [_thread_blocked, id=17155, stack(0x0000700000b3b000,0x0000700000c3b000)]
  0x00007fd1cb815800 JavaThread "Signal Dispatcher" daemon [_thread_blocked, id=12815, stack(0x0000700000a38000,0x0000700000b38000)]
  0x00007fd1cc03f800 JavaThread "Finalizer" daemon [_thread_blocked, id=12291, stack(0x000070000082f000,0x000070000092f000)]
  0x00007fd1cc03c800 JavaThread "Reference Handler" daemon [_thread_blocked, id=11779, stack(0x000070000072c000,0x000070000082c000)]

Other Threads:
  0x00007fd1cc038000 VMThread [stack: 0x0000700000629000,0x0000700000729000] [id=11267]
  0x00007fd1ca850000 WatcherThread [stack: 0x0000700000f47000,0x0000700001047000] [id=19203]

VM state:not at safepoint (normal execution)

VM Mutex/Monitor currently owned by a thread: None

Heap:
 PSYoungGen      total 28672K, used 11594K [0x00000007aab00000, 0x00000007acd80000, 0x00000007c0000000)
  eden space 28160K, 40% used [0x00000007aab00000,0x00000007ab6429c8,0x00000007ac680000)
  from space 512K, 12% used [0x00000007ac700000,0x00000007ac710000,0x00000007ac780000)
  to   space 3584K, 0% used [0x00000007aca00000,0x00000007aca00000,0x00000007acd80000)
 ParOldGen       total 45568K, used 16135K [0x0000000780000000, 0x0000000782c80000, 0x00000007aab00000)
  object space 45568K, 35% used [0x0000000780000000,0x0000000780fc1ed0,0x0000000782c80000)
 Metaspace       used 21029K, capacity 21211K, committed 21552K, reserved 1069056K
  class space    used 2051K, capacity 2112K, committed 2176K, reserved 1048576K

Card table byte_map: [0x0000000116961000,0x0000000116b62000] byte_map_base: 0x0000000112d61000

Marking Bits: (ParMarkBitMap*) 0x0000000106eefd20
 Begin Bits: [0x0000000116b62000, 0x0000000117b62000)
 End Bits:   [0x0000000117b62000, 0x0000000118b62000)

Polling page: 0x000000010515b000

CodeCache: size=245760Kb used=8935Kb max_used=9408Kb free=236824Kb
 bounds [0x00000001075a1000, 0x0000000107ef1000, 0x00000001165a1000]
 total_blobs=3371 nmethods=2482 adapters=802
 compilation: enabled

Compilation events (10 events):
Event: 225.050 Thread 0x00007fd1cb817000 2906       4       java.beans.WeakIdentityMap$Entry::isMatched (22 bytes)
Event: 225.051 Thread 0x00007fd1cb00b000 2904       3       java.util.HashSet::<init> (16 bytes)
Event: 225.051 Thread 0x00007fd1cb817000 nmethod 2906 0x0000000107913b90 code [0x0000000107913ce0, 0x0000000107913d98]
Event: 225.052 Thread 0x00007fd1cb00b000 nmethod 2904 0x00000001076ad0d0 code [0x00000001076ad260, 0x00000001076ad670]
Event: 225.052 Thread 0x00007fd1cb00b000 2905       3       sun.awt.AWTAccessor::getAWTEventAccessor (18 bytes)
Event: 225.053 Thread 0x00007fd1cb00b000 nmethod 2905 0x000000010799e510 code [0x000000010799e680, 0x000000010799e8c8]
Event: 225.070 Thread 0x00007fd1cb00b000 2907       3       java.util.IdentityHashMap::hash (18 bytes)
Event: 225.071 Thread 0x00007fd1cb00b000 nmethod 2907 0x000000010779ce50 code [0x000000010779cfc0, 0x000000010779d148]
Event: 225.073 Thread 0x00007fd1cb00b000 2908       3       sun.net.www.ParseUtil::canonizeString (195 bytes)
Event: 225.075 Thread 0x00007fd1cb00b000 nmethod 2908 0x0000000107985d10 code [0x00000001079860e0, 0x0000000107988528]

GC Heap History (10 events):
Event: 196.463 GC heap before
{Heap before GC invocations=30 (full 1):
 PSYoungGen      total 34304K, used 30848K [0x00000007aab00000, 0x00000007ad200000, 0x00000007c0000000)
  eden space 30720K, 100% used [0x00000007aab00000,0x00000007ac900000,0x00000007ac900000)
  from space 3584K, 3% used [0x00000007ace80000,0x00000007acea0000,0x00000007ad200000)
  to   space 4608K, 0% used [0x00000007ac900000,0x00000007ac900000,0x00000007acd80000)
 ParOldGen       total 45568K, used 16039K [0x0000000780000000, 0x0000000782c80000, 0x00000007aab00000)
  object space 45568K, 35% used [0x0000000780000000,0x0000000780fa9ed0,0x0000000782c80000)
 Metaspace       used 20988K, capacity 21211K, committed 21552K, reserved 1069056K
  class space    used 2043K, capacity 2112K, committed 2176K, reserved 1048576K
Event: 196.464 GC heap after
Heap after GC invocations=30 (full 1):
 PSYoungGen      total 30720K, used 128K [0x00000007aab00000, 0x00000007ad180000, 0x00000007c0000000)
  eden space 30208K, 0% used [0x00000007aab00000,0x00000007aab00000,0x00000007ac880000)
  from space 512K, 25% used [0x00000007ac900000,0x00000007ac920000,0x00000007ac980000)
  to   space 4608K, 0% used [0x00000007acd00000,0x00000007acd00000,0x00000007ad180000)
 ParOldGen       total 45568K, used 16047K [0x0000000780000000, 0x0000000782c80000, 0x00000007aab00000)
  object space 45568K, 35% used [0x0000000780000000,0x0000000780fabed0,0x0000000782c80000)
 Metaspace       used 20988K, capacity 21211K, committed 21552K, reserved 1069056K
  class space    used 2043K, capacity 2112K, committed 2176K, reserved 1048576K
}
Event: 203.383 GC heap before
{Heap before GC invocations=31 (full 1):
 PSYoungGen      total 30720K, used 30336K [0x00000007aab00000, 0x00000007ad180000, 0x00000007c0000000)
  eden space 30208K, 100% used [0x00000007aab00000,0x00000007ac880000,0x00000007ac880000)
  from space 512K, 25% used [0x00000007ac900000,0x00000007ac920000,0x00000007ac980000)
  to   space 4608K, 0% used [0x00000007acd00000,0x00000007acd00000,0x00000007ad180000)
 ParOldGen       total 45568K, used 16047K [0x0000000780000000, 0x0000000782c80000, 0x00000007aab00000)
  object space 45568K, 35% used [0x0000000780000000,0x0000000780fabed0,0x0000000782c80000)
 Metaspace       used 20988K, capacity 21211K, committed 21552K, reserved 1069056K
  class space    used 2043K, capacity 2112K, committed 2176K, reserved 1048576K
Event: 203.395 GC heap after
Heap after GC invocations=31 (full 1):
 PSYoungGen      total 32768K, used 128K [0x00000007aab00000, 0x00000007ad000000, 0x00000007c0000000)
  eden space 29696K, 0% used [0x00000007aab00000,0x00000007aab00000,0x00000007ac800000)
  from space 3072K, 4% used [0x00000007acd00000,0x00000007acd20000,0x00000007ad000000)
  to   space 4096K, 0% used [0x00000007ac800000,0x00000007ac800000,0x00000007acc00000)
 ParOldGen       total 45568K, used 16071K [0x0000000780000000, 0x0000000782c80000, 0x00000007aab00000)
  object space 45568K, 35% used [0x0000000780000000,0x0000000780fb1ed0,0x0000000782c80000)
 Metaspace       used 20988K, capacity 21211K, committed 21552K, reserved 1069056K
  class space    used 2043K, capacity 2112K, committed 2176K, reserved 1048576K
}
Event: 210.113 GC heap before
{Heap before GC invocations=32 (full 1):
 PSYoungGen      total 32768K, used 29824K [0x00000007aab00000, 0x00000007ad000000, 0x00000007c0000000)
  eden space 29696K, 100% used [0x00000007aab00000,0x00000007ac800000,0x00000007ac800000)
  from space 3072K, 4% used [0x00000007acd00000,0x00000007acd20000,0x00000007ad000000)
  to   space 4096K, 0% used [0x00000007ac800000,0x00000007ac800000,0x00000007acc00000)
 ParOldGen       total 45568K, used 16071K [0x0000000780000000, 0x0000000782c80000, 0x00000007aab00000)
  object space 45568K, 35% used [0x0000000780000000,0x0000000780fb1ed0,0x0000000782c80000)
 Metaspace       used 20988K, capacity 21211K, committed 21552K, reserved 1069056K
  class space    used 2043K, capacity 2112K, committed 2176K, reserved 1048576K
Event: 210.115 GC heap after
Heap after GC invocations=32 (full 1):
 PSYoungGen      total 29696K, used 128K [0x00000007aab00000, 0x00000007acf80000, 0x00000007c0000000)
  eden space 29184K, 0% used [0x00000007aab00000,0x00000007aab00000,0x00000007ac780000)
  from space 512K, 25% used [0x00000007ac800000,0x00000007ac820000,0x00000007ac880000)
  to   space 4096K, 0% used [0x00000007acb80000,0x00000007acb80000,0x00000007acf80000)
 ParOldGen       total 45568K, used 16111K [0x0000000780000000, 0x0000000782c80000, 0x00000007aab00000)
  object space 45568K, 35% used [0x0000000780000000,0x0000000780fbbed0,0x0000000782c80000)
 Metaspace       used 20988K, capacity 21211K, committed 21552K, reserved 1069056K
  class space    used 2043K, capacity 2112K, committed 2176K, reserved 1048576K
}
Event: 216.614 GC heap before
{Heap before GC invocations=33 (full 1):
 PSYoungGen      total 29696K, used 29312K [0x00000007aab00000, 0x00000007acf80000, 0x00000007c0000000)
  eden space 29184K, 100% used [0x00000007aab00000,0x00000007ac780000,0x00000007ac780000)
  from space 512K, 25% used [0x00000007ac800000,0x00000007ac820000,0x00000007ac880000)
  to   space 4096K, 0% used [0x00000007acb80000,0x00000007acb80000,0x00000007acf80000)
 ParOldGen       total 45568K, used 16111K [0x0000000780000000, 0x0000000782c80000, 0x00000007aab00000)
  object space 45568K, 35% used [0x0000000780000000,0x0000000780fbbed0,0x0000000782c80000)
 Metaspace       used 20988K, capacity 21211K, committed 21552K, reserved 1069056K
  class space    used 2043K, capacity 2112K, committed 2176K, reserved 1048576K
Event: 216.617 GC heap after
Heap after GC invocations=33 (full 1):
 PSYoungGen      total 31232K, used 96K [0x00000007aab00000, 0x00000007ace00000, 0x00000007c0000000)
  eden space 28672K, 0% used [0x00000007aab00000,0x00000007aab00000,0x00000007ac700000)
  from space 2560K, 3% used [0x00000007acb80000,0x00000007acb98000,0x00000007ace00000)
  to   space 3584K, 0% used [0x00000007ac700000,0x00000007ac700000,0x00000007aca80000)
 ParOldGen       total 45568K, used 16127K [0x0000000780000000, 0x0000000782c80000, 0x00000007aab00000)
  object space 45568K, 35% used [0x0000000780000000,0x0000000780fbfed0,0x0000000782c80000)
 Metaspace       used 20988K, capacity 21211K, committed 21552K, reserved 1069056K
  class space    used 2043K, capacity 2112K, committed 2176K, reserved 1048576K
}
Event: 222.897 GC heap before
{Heap before GC invocations=34 (full 1):
 PSYoungGen      total 31232K, used 28768K [0x00000007aab00000, 0x00000007ace00000, 0x00000007c0000000)
  eden space 28672K, 100% used [0x00000007aab00000,0x00000007ac700000,0x00000007ac700000)
  from space 2560K, 3% used [0x00000007acb80000,0x00000007acb98000,0x00000007ace00000)
  to   space 3584K, 0% used [0x00000007ac700000,0x00000007ac700000,0x00000007aca80000)
 ParOldGen       total 45568K, used 16127K [0x0000000780000000, 0x0000000782c80000, 0x00000007aab00000)
  object space 45568K, 35% used [0x0000000780000000,0x0000000780fbfed0,0x0000000782c80000)
 Metaspace       used 20988K, capacity 21211K, committed 21552K, reserved 1069056K
  class space    used 2043K, capacity 2112K, committed 2176K, reserved 1048576K
Event: 222.909 GC heap after
Heap after GC invocations=34 (full 1):
 PSYoungGen      total 28672K, used 64K [0x00000007aab00000, 0x00000007acd80000, 0x00000007c0000000)
  eden space 28160K, 0% used [0x00000007aab00000,0x00000007aab00000,0x00000007ac680000)
  from space 512K, 12% used [0x00000007ac700000,0x00000007ac710000,0x00000007ac780000)
  to   space 3584K, 0% used [0x00000007aca00000,0x00000007aca00000,0x00000007acd80000)
 ParOldGen       total 45568K, used 16135K [0x0000000780000000, 0x0000000782c80000, 0x00000007aab00000)
  object space 45568K, 35% used [0x0000000780000000,0x0000000780fc1ed0,0x0000000782c80000)
 Metaspace       used 20988K, capacity 21211K, committed 21552K, reserved 1069056K
  class space    used 2043K, capacity 2112K, committed 2176K, reserved 1048576K
}

Deoptimization events (10 events):
Event: 225.013 Thread 0x00007fd1cb8cd800 Uncommon trap: reason=unstable_if action=reinterpret pc=0x0000000107e7b4a0 method=sun.java2d.pipe.Region.isInsideXYXY(IIII)Z @ 30
Event: 225.014 Thread 0x00007fd1cb8cd800 Uncommon trap: reason=unstable_if action=reinterpret pc=0x0000000107c8f49c method=java.awt.font.FontRenderContext.equals(Ljava/awt/font/FontRenderContext;)Z @ 2
Event: 225.045 Thread 0x00007fd1cc193800 Uncommon trap: reason=unstable_if action=reinterpret pc=0x0000000107ac35e0 method=java.util.HashMap.putVal(ILjava/lang/Object;Ljava/lang/Object;ZZ)Ljava/lang/Object; @ 81
Event: 225.046 Thread 0x00007fd1cc193800 Uncommon trap: reason=unstable_if action=reinterpret pc=0x0000000107ac5e3c method=java.util.HashMap.putVal(ILjava/lang/Object;Ljava/lang/Object;ZZ)Ljava/lang/Object; @ 81
Event: 225.048 Thread 0x00007fd1cb8cd800 Uncommon trap: reason=class_check action=maybe_recompile pc=0x0000000107eda14c method=java.awt.Component.getGraphics()Ljava/awt/Graphics; @ 114
Event: 225.048 Thread 0x00007fd1cb8cd800 Uncommon trap: reason=unstable_if action=reinterpret pc=0x0000000107e37ea8 method=sun.java2d.pipe.Region.isEmpty()Z @ 19
Event: 225.057 Thread 0x00007fd1caa24000 Uncommon trap: reason=class_check action=maybe_recompile pc=0x0000000107ebda80 method=com.jogamp.common.util.RunnableTask.run()V @ 24
Event: 225.070 Thread 0x00007fd1cb930800 Uncommon trap: reason=unstable_if action=reinterpret pc=0x00000001079e4730 method=jogamp.opengl.GLContextImpl.release(Z)V @ 161
Event: 225.074 Thread 0x00007fd1cb930800 Uncommon trap: reason=unstable_if action=reinterpret pc=0x0000000107e7d718 method=java.util.LinkedList$ListItr.<init>(Ljava/util/LinkedList;I)V @ 26
Event: 225.076 Thread 0x00007fd1caa24000 Uncommon trap: reason=class_check action=maybe_recompile pc=0x0000000107ebda80 method=com.jogamp.common.util.RunnableTask.run()V @ 24

Internal exceptions (10 events):
Event: 0.164 Thread 0x00007fd1cb006800 Exception <a 'java/lang/NoSuchFieldError': method resolution failed> (0x00000007aacb1070) thrown at [/Users/java_re/workspace/8-2-build-macosx-x86_64/jdk8u102/7268/hotspot/src/share/vm/prims/methodHandles.cpp, line 1146]
Event: 0.166 Thread 0x00007fd1cb006800 Exception <a 'java/lang/NoSuchFieldError': method resolution failed> (0x00000007aacbe840) thrown at [/Users/java_re/workspace/8-2-build-macosx-x86_64/jdk8u102/7268/hotspot/src/share/vm/prims/methodHandles.cpp, line 1146]
Event: 0.312 Thread 0x00007fd1cb006800 Exception <a 'java/io/FileNotFoundException'> (0x00000007aad3a860) thrown at [/Users/java_re/workspace/8-2-build-macosx-x86_64/jdk8u102/7268/hotspot/src/share/vm/prims/jni.cpp, line 709]
Event: 0.312 Thread 0x00007fd1cb006800 Exception <a 'java/io/FileNotFoundException'> (0x00000007aad3b3c0) thrown at [/Users/java_re/workspace/8-2-build-macosx-x86_64/jdk8u102/7268/hotspot/src/share/vm/prims/jni.cpp, line 709]
Event: 0.423 Thread 0x00007fd1cb006800 Exception <a 'java/io/FileNotFoundException'> (0x00000007aae21468) thrown at [/Users/java_re/workspace/8-2-build-macosx-x86_64/jdk8u102/7268/hotspot/src/share/vm/prims/jni.cpp, line 709]
Event: 2.231 Thread 0x00007fd1cc03f800 Exception <a 'java/lang/NullPointerException'> (0x00000007aab85750) thrown at [/Users/java_re/workspace/8-2-build-macosx-x86_64/jdk8u102/7268/hotspot/src/share/vm/interpreter/linkResolver.cpp, line 1178]
Event: 2.310 Thread 0x00007fd1cad4a000 Exception <a 'java/lang/UnsatisfiedLinkError': com.jogamp.common.util.JarUtil.fixNativeLibAttribs(Ljava/lang/String;)Z> (0x00000007aaec0738) thrown at [/Users/java_re/workspace/8-2-build-macosx-x86_64/jdk8u102/7268/hotspot/src/share/vm/prims/nativeLookup.
Event: 3.191 Thread 0x00007fd1cb930800 Exception <a 'java/io/FileNotFoundException'> (0x00000007ab0bd3f0) thrown at [/Users/java_re/workspace/8-2-build-macosx-x86_64/jdk8u102/7268/hotspot/src/share/vm/prims/jni.cpp, line 709]
Event: 3.192 Thread 0x00007fd1cb930800 Exception <a 'java/io/FileNotFoundException'> (0x00000007ab0c33c0) thrown at [/Users/java_re/workspace/8-2-build-macosx-x86_64/jdk8u102/7268/hotspot/src/share/vm/prims/jni.cpp, line 709]
Event: 3.192 Thread 0x00007fd1cb930800 Implicit null exception at 0x0000000107745536 to 0x0000000107745905

Events (10 events):
Event: 225.074 Thread 0x00007fd1cb930800 Uncommon trap: trap_request=0xffffff65 fr.pc=0x0000000107e7d718
Event: 225.074 Thread 0x00007fd1cb930800 DEOPT PACKING pc=0x0000000107e7d718 sp=0x0000700001965aa0
Event: 225.074 Thread 0x00007fd1cb930800 DEOPT UNPACKING pc=0x00000001075a6229 sp=0x0000700001965940 mode 2
Event: 225.076 Thread 0x00007fd1cb00b000 flushing nmethod 0x0000000107cf9850
Event: 225.076 Thread 0x00007fd1cb00b000 flushing nmethod 0x0000000107d02dd0
Event: 225.076 loading class java/awt/LightweightDispatcher$2
Event: 225.076 Thread 0x00007fd1caa24000 Uncommon trap: trap_request=0xffffffde fr.pc=0x0000000107ebda80
Event: 225.076 Thread 0x00007fd1caa24000 DEOPT PACKING pc=0x0000000107ebda80 sp=0x00007fff5aac05e0
Event: 225.076 Thread 0x00007fd1caa24000 DEOPT UNPACKING pc=0x00000001075a6229 sp=0x00007fff5aac0588 mode 2
Event: 225.076 loading class java/awt/LightweightDispatcher$2 done


Dynamic libraries:
0x000000000a139000 	/System/Library/Frameworks/Cocoa.framework/Versions/A/Cocoa
0x000000010515c000 	/System/Library/Frameworks/Security.framework/Versions/A/Security
0x000000000a139000 	/System/Library/Frameworks/ApplicationServices.framework/Versions/A/ApplicationServices
0x000000000a139000 	/usr/lib/libz.1.dylib
0x000000000a139000 	/usr/lib/libSystem.B.dylib
0x000000000a139000 	/usr/lib/libobjc.A.dylib
0x000000000a139000 	/System/Library/Frameworks/CoreFoundation.framework/Versions/A/CoreFoundation
0x000000000a139000 	/System/Library/Frameworks/Foundation.framework/Versions/C/Foundation
0x000000000a139000 	/System/Library/Frameworks/AppKit.framework/Versions/C/AppKit
0x000000000a139000 	/System/Library/Frameworks/CoreData.framework/Versions/A/CoreData
0x000000000a139000 	/System/Library/PrivateFrameworks/RemoteViewServices.framework/Versions/A/RemoteViewServices
0x000000000a139000 	/System/Library/PrivateFrameworks/UIFoundation.framework/Versions/A/UIFoundation
0x000000000a139000 	/usr/lib/libScreenReader.dylib
0x000000000a139000 	/System/Library/Frameworks/Accelerate.framework/Versions/A/Accelerate
0x000000000a139000 	/System/Library/Frameworks/IOSurface.framework/Versions/A/IOSurface
0x000000000a139000 	/System/Library/Frameworks/AudioToolbox.framework/Versions/A/AudioToolbox
0x000000000a139000 	/System/Library/Frameworks/AudioUnit.framework/Versions/A/AudioUnit
0x000000000a139000 	/System/Library/PrivateFrameworks/DataDetectorsCore.framework/Versions/A/DataDetectorsCore
0x000000000a139000 	/System/Library/PrivateFrameworks/DesktopServicesPriv.framework/Versions/A/DesktopServicesPriv
0x000000000a139000 	/System/Library/Frameworks/Carbon.framework/Versions/A/Frameworks/HIToolbox.framework/Versions/A/HIToolbox
0x000000000a139000 	/System/Library/Frameworks/QuartzCore.framework/Versions/A/QuartzCore
0x000000000a139000 	/System/Library/Frameworks/Carbon.framework/Versions/A/Frameworks/SpeechRecognition.framework/Versions/A/SpeechRecognition
0x000000000a139000 	/usr/lib/libauto.dylib
0x000000000a139000 	/usr/lib/libicucore.A.dylib
0x000000000a139000 	/usr/lib/libxml2.2.dylib
0x000000000a139000 	/System/Library/PrivateFrameworks/CoreUI.framework/Versions/A/CoreUI
0x000000000a139000 	/System/Library/Frameworks/CoreAudio.framework/Versions/A/CoreAudio
0x000000000a139000 	/System/Library/Frameworks/DiskArbitration.framework/Versions/A/DiskArbitration
0x000000000a139000 	/usr/lib/liblangid.dylib
0x000000000a139000 	/System/Library/PrivateFrameworks/MultitouchSupport.framework/Versions/A/MultitouchSupport
0x000000000a139000 	/System/Library/Frameworks/IOKit.framework/Versions/A/IOKit
0x000000000a139000 	/usr/lib/libDiagnosticMessagesClient.dylib
0x000000000a139000 	/System/Library/Frameworks/CoreServices.framework/Versions/A/CoreServices
0x000000000a139000 	/System/Library/PrivateFrameworks/PerformanceAnalysis.framework/Versions/A/PerformanceAnalysis
0x000000000a139000 	/System/Library/PrivateFrameworks/GenerationalStorage.framework/Versions/A/GenerationalStorage
0x000000000a139000 	/System/Library/Frameworks/OpenGL.framework/Versions/A/OpenGL
0x000000000a139000 	/System/Library/PrivateFrameworks/Sharing.framework/Versions/A/Sharing
0x000000000a139000 	/System/Library/Frameworks/CoreGraphics.framework/Versions/A/CoreGraphics
0x000000000a139000 	/System/Library/Frameworks/CoreImage.framework/Versions/A/CoreImage
0x000000000a139000 	/System/Library/Frameworks/CoreText.framework/Versions/A/CoreText
0x000000000a139000 	/System/Library/Frameworks/ImageIO.framework/Versions/A/ImageIO
0x000000000a139000 	/System/Library/PrivateFrameworks/Backup.framework/Versions/A/Backup
0x000000000a139000 	/usr/lib/libextension.dylib
0x000000000a139000 	/usr/lib/libarchive.2.dylib
0x0000000105578000 	/System/Library/Frameworks/CFNetwork.framework/Versions/A/CFNetwork
0x000000000a139000 	/System/Library/Frameworks/SystemConfiguration.framework/Versions/A/SystemConfiguration
0x000000000a139000 	/usr/lib/libCRFSuite.dylib
0x000000000a139000 	/usr/lib/libc++.1.dylib
0x000000000a139000 	/usr/lib/libc++abi.dylib
0x000000000a139000 	/usr/lib/system/libcache.dylib
0x000000000a139000 	/usr/lib/system/libcommonCrypto.dylib
0x000000000a139000 	/usr/lib/system/libcompiler_rt.dylib
0x000000000a139000 	/usr/lib/system/libcopyfile.dylib
0x000000000a139000 	/usr/lib/system/libcorecrypto.dylib
0x000000000a139000 	/usr/lib/system/libdispatch.dylib
0x000000000a139000 	/usr/lib/system/libdyld.dylib
0x000000000a139000 	/usr/lib/system/libkeymgr.dylib
0x000000000a139000 	/usr/lib/system/liblaunch.dylib
0x000000000a139000 	/usr/lib/system/libmacho.dylib
0x000000000a139000 	/usr/lib/system/libquarantine.dylib
0x000000000a139000 	/usr/lib/system/libremovefile.dylib
0x000000000a139000 	/usr/lib/system/libsystem_asl.dylib
0x000000000a139000 	/usr/lib/system/libsystem_blocks.dylib
0x000000000a139000 	/usr/lib/system/libsystem_c.dylib
0x000000000a139000 	/usr/lib/system/libsystem_configuration.dylib
0x000000000a139000 	/usr/lib/system/libsystem_coreservices.dylib
0x000000000a139000 	/usr/lib/system/libsystem_coretls.dylib
0x000000000a139000 	/usr/lib/system/libsystem_dnssd.dylib
0x000000000a139000 	/usr/lib/system/libsystem_info.dylib
0x000000000a139000 	/usr/lib/system/libsystem_kernel.dylib
0x000000000a139000 	/usr/lib/system/libsystem_m.dylib
0x000000000a139000 	/usr/lib/system/libsystem_malloc.dylib
0x000000000a139000 	/usr/lib/system/libsystem_network.dylib
0x000000000a139000 	/usr/lib/system/libsystem_networkextension.dylib
0x000000000a139000 	/usr/lib/system/libsystem_notify.dylib
0x000000000a139000 	/usr/lib/system/libsystem_platform.dylib
0x000000000a139000 	/usr/lib/system/libsystem_pthread.dylib
0x000000000a139000 	/usr/lib/system/libsystem_sandbox.dylib
0x000000000a139000 	/usr/lib/system/libsystem_secinit.dylib
0x000000000a139000 	/usr/lib/system/libsystem_trace.dylib
0x000000000a139000 	/usr/lib/system/libunc.dylib
0x000000000a139000 	/usr/lib/system/libunwind.dylib
0x000000000a139000 	/usr/lib/system/libxpc.dylib
0x000000000a139000 	/usr/lib/libenergytrace.dylib
0x000000000a139000 	/usr/lib/libbsm.0.dylib
0x000000000a139000 	/usr/lib/system/libkxld.dylib
0x000000000a139000 	/usr/lib/libxar.1.dylib
0x000000000a139000 	/usr/lib/libsqlite3.dylib
0x000000000a139000 	/usr/lib/libpam.2.dylib
0x000000000a139000 	/usr/lib/libOpenScriptingUtil.dylib
0x000000000a139000 	/usr/lib/libbz2.1.0.dylib
0x000000000a139000 	/usr/lib/liblzma.5.dylib
0x000000000a139000 	/System/Library/Frameworks/CoreServices.framework/Versions/A/Frameworks/FSEvents.framework/Versions/A/FSEvents
0x000000000a139000 	/System/Library/Frameworks/CoreServices.framework/Versions/A/Frameworks/CarbonCore.framework/Versions/A/CarbonCore
0x000000000a139000 	/System/Library/Frameworks/CoreServices.framework/Versions/A/Frameworks/Metadata.framework/Versions/A/Metadata
0x000000000a139000 	/System/Library/Frameworks/CoreServices.framework/Versions/A/Frameworks/OSServices.framework/Versions/A/OSServices
0x000000000a139000 	/System/Library/Frameworks/CoreServices.framework/Versions/A/Frameworks/SearchKit.framework/Versions/A/SearchKit
0x000000000a139000 	/System/Library/Frameworks/CoreServices.framework/Versions/A/Frameworks/AE.framework/Versions/A/AE
0x000000000a139000 	/System/Library/Frameworks/CoreServices.framework/Versions/A/Frameworks/LaunchServices.framework/Versions/A/LaunchServices
0x000000000a139000 	/System/Library/Frameworks/CoreServices.framework/Versions/A/Frameworks/DictionaryServices.framework/Versions/A/DictionaryServices
0x000000000a139000 	/System/Library/Frameworks/CoreServices.framework/Versions/A/Frameworks/SharedFileList.framework/Versions/A/SharedFileList
0x000000000a139000 	/System/Library/Frameworks/NetFS.framework/Versions/A/NetFS
0x000000000a139000 	/System/Library/PrivateFrameworks/NetAuth.framework/Versions/A/NetAuth
0x000000000a139000 	/System/Library/PrivateFrameworks/login.framework/Versions/A/Frameworks/loginsupport.framework/Versions/A/loginsupport
0x000000000a139000 	/System/Library/PrivateFrameworks/TCC.framework/Versions/A/TCC
0x000000000a139000 	/usr/lib/libmecabra.dylib
0x000000000a139000 	/System/Library/Frameworks/ApplicationServices.framework/Versions/A/Frameworks/ATS.framework/Versions/A/ATS
0x000000000a139000 	/System/Library/Frameworks/ApplicationServices.framework/Versions/A/Frameworks/ColorSync.framework/Versions/A/ColorSync
0x000000000a139000 	/System/Library/Frameworks/ApplicationServices.framework/Versions/A/Frameworks/HIServices.framework/Versions/A/HIServices
0x000000000a139000 	/System/Library/Frameworks/ApplicationServices.framework/Versions/A/Frameworks/LangAnalysis.framework/Versions/A/LangAnalysis
0x000000000a139000 	/System/Library/Frameworks/ApplicationServices.framework/Versions/A/Frameworks/PrintCore.framework/Versions/A/PrintCore
0x000000000a139000 	/System/Library/Frameworks/ApplicationServices.framework/Versions/A/Frameworks/QD.framework/Versions/A/QD
0x000000000a139000 	/System/Library/Frameworks/ApplicationServices.framework/Versions/A/Frameworks/SpeechSynthesis.framework/Versions/A/SpeechSynthesis
0x000000000a139000 	/System/Library/Frameworks/Metal.framework/Versions/A/Metal
0x000000000a139000 	/System/Library/Frameworks/Accelerate.framework/Versions/A/Frameworks/vImage.framework/Versions/A/vImage
0x000000000a139000 	/System/Library/Frameworks/Accelerate.framework/Versions/A/Frameworks/vecLib.framework/Versions/A/vecLib
0x000000000a139000 	/System/Library/Frameworks/Accelerate.framework/Versions/A/Frameworks/vecLib.framework/Versions/A/libvDSP.dylib
0x000000000a139000 	/System/Library/Frameworks/Accelerate.framework/Versions/A/Frameworks/vecLib.framework/Versions/A/libvMisc.dylib
0x000000000a139000 	/System/Library/Frameworks/Accelerate.framework/Versions/A/Frameworks/vecLib.framework/Versions/A/libLAPACK.dylib
0x000000000a139000 	/System/Library/Frameworks/Accelerate.framework/Versions/A/Frameworks/vecLib.framework/Versions/A/libBLAS.dylib
0x000000000a139000 	/System/Library/Frameworks/Accelerate.framework/Versions/A/Frameworks/vecLib.framework/Versions/A/libLinearAlgebra.dylib
0x000000000a139000 	/System/Library/Frameworks/Accelerate.framework/Versions/A/Frameworks/vecLib.framework/Versions/A/libSparseBLAS.dylib
0x000000000a139000 	/System/Library/PrivateFrameworks/GPUCompiler.framework/libmetal_timestamp.dylib
0x000000000a139000 	/System/Library/Frameworks/OpenGL.framework/Versions/A/Libraries/libCoreFSCache.dylib
0x000000000a139000 	/System/Library/PrivateFrameworks/IOAccelerator.framework/Versions/A/IOAccelerator
0x000000000a139000 	/System/Library/Frameworks/ApplicationServices.framework/Versions/A/Frameworks/ATS.framework/Versions/A/Resources/libFontParser.dylib
0x000000000a139000 	/System/Library/Frameworks/ApplicationServices.framework/Versions/A/Frameworks/ATS.framework/Versions/A/Resources/libFontRegistry.dylib
0x000000000a139000 	/System/Library/PrivateFrameworks/AppleVPA.framework/Versions/A/AppleVPA
0x000000000a139000 	/System/Library/PrivateFrameworks/AppleJPEG.framework/Versions/A/AppleJPEG
0x000000000a139000 	/System/Library/Frameworks/ImageIO.framework/Versions/A/Resources/libJPEG.dylib
0x000000000a139000 	/System/Library/Frameworks/ImageIO.framework/Versions/A/Resources/libTIFF.dylib
0x000000000a139000 	/System/Library/Frameworks/ImageIO.framework/Versions/A/Resources/libPng.dylib
0x000000000a139000 	/System/Library/Frameworks/ImageIO.framework/Versions/A/Resources/libGIF.dylib
0x000000000a139000 	/System/Library/Frameworks/ImageIO.framework/Versions/A/Resources/libJP2.dylib
0x000000000a139000 	/System/Library/Frameworks/ImageIO.framework/Versions/A/Resources/libRadiance.dylib
0x000000000a139000 	/System/Library/Frameworks/CoreVideo.framework/Versions/A/CoreVideo
0x000000000a139000 	/System/Library/Frameworks/OpenGL.framework/Versions/A/Libraries/libGLU.dylib
0x000000000a139000 	/System/Library/Frameworks/OpenGL.framework/Versions/A/Libraries/libGFXShared.dylib
0x000000000a139000 	/System/Library/Frameworks/OpenGL.framework/Versions/A/Libraries/libGL.dylib
0x000000000a139000 	/System/Library/Frameworks/OpenGL.framework/Versions/A/Libraries/libGLImage.dylib
0x000000000a139000 	/System/Library/Frameworks/OpenGL.framework/Versions/A/Libraries/libCVMSPluginSupport.dylib
0x000000000a139000 	/System/Library/Frameworks/OpenGL.framework/Versions/A/Libraries/libCoreVMClient.dylib
0x000000000a139000 	/usr/lib/libcompression.dylib
0x000000000a139000 	/usr/lib/libcups.2.dylib
0x000000000a139000 	/System/Library/Frameworks/Kerberos.framework/Versions/A/Kerberos
0x000000000a139000 	/System/Library/Frameworks/GSS.framework/Versions/A/GSS
0x000000000a139000 	/usr/lib/libresolv.9.dylib
0x000000000a139000 	/usr/lib/libiconv.2.dylib
0x000000000a139000 	/System/Library/PrivateFrameworks/Heimdal.framework/Versions/A/Heimdal
0x000000000a139000 	/usr/lib/libheimdal-asn1.dylib
0x000000000a139000 	/System/Library/Frameworks/OpenDirectory.framework/Versions/A/OpenDirectory
0x000000000a139000 	/System/Library/PrivateFrameworks/CommonAuth.framework/Versions/A/CommonAuth
0x000000000a139000 	/System/Library/Frameworks/OpenDirectory.framework/Versions/A/Frameworks/CFOpenDirectory.framework/Versions/A/CFOpenDirectory
0x000000000a139000 	/System/Library/Frameworks/SecurityFoundation.framework/Versions/A/SecurityFoundation
0x000000000a139000 	/System/Library/PrivateFrameworks/LanguageModeling.framework/Versions/A/LanguageModeling
0x000000000a139000 	/usr/lib/libmarisa.dylib
0x000000000a139000 	/usr/lib/libChineseTokenizer.dylib
0x000000000a139000 	/usr/lib/libcmph.dylib
0x000000000a139000 	/System/Library/Frameworks/ServiceManagement.framework/Versions/A/ServiceManagement
0x000000000a139000 	/usr/lib/libxslt.1.dylib
0x000000000a139000 	/System/Library/Frameworks/Carbon.framework/Versions/A/Frameworks/Ink.framework/Versions/A/Ink
0x000000000a139000 	/usr/lib/libFosl_dynamic.dylib
0x000000000a139000 	/System/Library/PrivateFrameworks/FaceCore.framework/Versions/A/FaceCore
0x000000000a139000 	/System/Library/Frameworks/OpenCL.framework/Versions/A/OpenCL
0x000000000a139000 	/System/Library/PrivateFrameworks/CrashReporterSupport.framework/Versions/A/CrashReporterSupport
0x000000000a139000 	/System/Library/PrivateFrameworks/IconServices.framework/Versions/A/IconServices
0x000000000a139000 	/System/Library/PrivateFrameworks/Apple80211.framework/Versions/A/Apple80211
0x000000000a139000 	/System/Library/Frameworks/CoreWLAN.framework/Versions/A/CoreWLAN
0x000000000a139000 	/System/Library/Frameworks/IOBluetooth.framework/Versions/A/IOBluetooth
0x000000000a139000 	/System/Library/PrivateFrameworks/CoreWiFi.framework/Versions/A/CoreWiFi
0x000000000a139000 	/System/Library/Frameworks/CoreBluetooth.framework/Versions/A/CoreBluetooth
0x000000000a139000 	/System/Library/PrivateFrameworks/ChunkingLibrary.framework/Versions/A/ChunkingLibrary
0x000000000a139000 	/System/Library/PrivateFrameworks/DebugSymbols.framework/Versions/A/DebugSymbols
0x000000000a139000 	/System/Library/PrivateFrameworks/CoreSymbolication.framework/Versions/A/CoreSymbolication
0x000000000a139000 	/System/Library/PrivateFrameworks/Symbolication.framework/Versions/A/Symbolication
0x000000000a139000 	/System/Library/PrivateFrameworks/SpeechRecognitionCore.framework/Versions/A/SpeechRecognitionCore
0x0000000106600000 	/Library/Java/JavaVirtualMachines/jdk1.8.0_102.jdk/Contents/Home/jre/lib/server/libjvm.dylib
0x000000000a139000 	/usr/lib/libstdc++.6.dylib
0x0000000105c4a000 	/Library/Java/JavaVirtualMachines/jdk1.8.0_102.jdk/Contents/Home/jre/lib/libverify.dylib
0x0000000105c58000 	/Library/Java/JavaVirtualMachines/jdk1.8.0_102.jdk/Contents/Home/jre/lib/libjava.dylib
0x0000000105c95000 	/Library/Java/JavaVirtualMachines/jdk1.8.0_102.jdk/Contents/Home/jre/lib/libzip.dylib
0x000000011a845000 	/System/Library/Frameworks/JavaVM.framework/Frameworks/JavaRuntimeSupport.framework/JavaRuntimeSupport
0x000000011a860000 	/System/Library/Frameworks/JavaVM.framework/Versions/A/Frameworks/JavaNativeFoundation.framework/Versions/A/JavaNativeFoundation
0x000000011a875000 	/System/Library/Frameworks/JavaVM.framework/Versions/A/JavaVM
0x000000000a139000 	/System/Library/Frameworks/Carbon.framework/Versions/A/Carbon
0x0000000105df4000 	/System/Library/PrivateFrameworks/JavaLaunching.framework/Versions/A/JavaLaunching
0x000000000a139000 	/System/Library/Frameworks/Carbon.framework/Versions/A/Frameworks/CommonPanels.framework/Versions/A/CommonPanels
0x000000000a139000 	/System/Library/Frameworks/Carbon.framework/Versions/A/Frameworks/Help.framework/Versions/A/Help
0x000000000a139000 	/System/Library/Frameworks/Carbon.framework/Versions/A/Frameworks/ImageCapture.framework/Versions/A/ImageCapture
0x000000000a139000 	/System/Library/Frameworks/Carbon.framework/Versions/A/Frameworks/OpenScripting.framework/Versions/A/OpenScripting
0x000000000a139000 	/System/Library/Frameworks/Carbon.framework/Versions/A/Frameworks/Print.framework/Versions/A/Print
0x000000000a139000 	/System/Library/Frameworks/Carbon.framework/Versions/A/Frameworks/SecurityHI.framework/Versions/A/SecurityHI
0x000000011c19b000 	/Library/Java/JavaVirtualMachines/jdk1.8.0_102.jdk/Contents/Home/jre/lib/libawt.dylib
0x000000011c243000 	/Library/Java/JavaVirtualMachines/jdk1.8.0_102.jdk/Contents/Home/jre/lib/./libmlib_image.dylib
0x000000011c30f000 	/Library/Java/JavaVirtualMachines/jdk1.8.0_102.jdk/Contents/Home/jre/lib/libawt_lwawt.dylib
0x000000011c3c4000 	/Library/Java/JavaVirtualMachines/jdk1.8.0_102.jdk/Contents/Home/jre/lib/./libosxapp.dylib
0x000000000a139000 	/System/Library/Frameworks/ExceptionHandling.framework/Versions/A/ExceptionHandling
0x000000000a139000 	/System/Library/PrivateFrameworks/CoreServicesInternal.framework/Versions/A/CoreServicesInternal
0x000000011ce10000 	/System/Library/Frameworks/CoreGraphics.framework/Versions/A/Resources/libRIP.A.dylib
0x000000000a139000 	/System/Library/Frameworks/Accelerate.framework/Versions/A/Frameworks/vImage.framework/Versions/A/Libraries/libCGInterfaces.dylib
0x000000011d0ab000 	/System/Library/Frameworks/CoreGraphics.framework/Versions/A/Resources/libCGXType.A.dylib
0x000000000a139000 	/System/Library/Frameworks/OpenCL.framework/Versions/A/Libraries/libcldcpuengine.dylib
0x000000000a139000 	/System/Library/PrivateFrameworks/DiskImages.framework/Versions/A/DiskImages
0x000000000a139000 	/System/Library/Frameworks/DiscRecording.framework/Versions/A/DiscRecording
0x000000000a139000 	/usr/lib/libcsfde.dylib
0x000000000a139000 	/usr/lib/libcurl.4.dylib
0x000000000a139000 	/System/Library/PrivateFrameworks/MediaKit.framework/Versions/A/MediaKit
0x000000000a139000 	/System/Library/PrivateFrameworks/ProtectedCloudStorage.framework/Versions/A/ProtectedCloudStorage
0x000000000a139000 	/usr/lib/libCoreStorage.dylib
0x000000000a139000 	/System/Library/PrivateFrameworks/EFILogin.framework/Versions/A/EFILogin
0x000000000a139000 	/usr/lib/libutil.dylib
0x000000000a139000 	/System/Library/PrivateFrameworks/FindMyDevice.framework/Versions/A/FindMyDevice
0x000000000a139000 	/System/Library/Frameworks/LDAP.framework/Versions/A/LDAP
0x000000000a139000 	/usr/lib/libsasl2.2.dylib
0x000000000a139000 	/System/Library/PrivateFrameworks/CoreDaemon.framework/Versions/B/CoreDaemon
0x000000000a139000 	/usr/lib/libcrypto.0.9.8.dylib
0x000000000a139000 	/System/Library/PrivateFrameworks/AppleSRP.framework/Versions/A/AppleSRP
0x000000000a139000 	/System/Library/PrivateFrameworks/TrustEvaluationAgent.framework/Versions/A/TrustEvaluationAgent
0x000000011db62000 	cl_kernels
0x000000000a139000 	/System/Library/Frameworks/OpenCL.framework/Versions/A/Libraries/ImageFormats/unorm8_bgra.dylib
0x000000000a139000 	/System/Library/Frameworks/OpenCL.framework/Versions/A/Libraries/ImageFormats/unorm8_rgba.dylib
0x000000000a139000 	/System/Library/PrivateFrameworks/FamilyControls.framework/Versions/A/FamilyControls
0x000000000a139000 	/System/Library/PrivateFrameworks/CommerceKit.framework/Versions/A/Frameworks/CommerceCore.framework/Versions/A/CommerceCore
0x000000000a139000 	/System/Library/PrivateFrameworks/SystemAdministration.framework/Versions/A/SystemAdministration
0x000000000a139000 	/System/Library/PrivateFrameworks/AppContainer.framework/Versions/A/AppContainer
0x000000000a139000 	/System/Library/PrivateFrameworks/SecCodeWrapper.framework/Versions/A/SecCodeWrapper
0x000000000a139000 	/System/Library/Frameworks/DirectoryService.framework/Versions/A/DirectoryService
0x000000000a139000 	/System/Library/PrivateFrameworks/LoginUIKit.framework/Versions/A/Frameworks/LoginUICore.framework/Versions/A/LoginUICore
0x000000000a139000 	/usr/lib/libodfde.dylib
0x000000000a139000 	/System/Library/Frameworks/OpenGL.framework/Versions/A/Resources/GLEngine.bundle/GLEngine
0x000000000a139000 	/System/Library/Frameworks/OpenGL.framework/Versions/A/Libraries/libGLProgrammability.dylib
0x000000011eba1000 	/System/Library/Extensions/AppleIntelHD5000GraphicsGLDriver.bundle/Contents/MacOS/AppleIntelHD5000GraphicsGLDriver
0x000000000a139000 	/System/Library/PrivateFrameworks/GPUSupport.framework/Versions/A/Libraries/libGPUSupportMercury.dylib
0x000000000a139000 	/System/Library/Frameworks/OpenGL.framework/Versions/A/Resources/GLRendererFloat.bundle/GLRendererFloat
0x000000011fb8f000 	/Library/Java/JavaVirtualMachines/jdk1.8.0_102.jdk/Contents/Home/jre/lib/libfontmanager.dylib
0x000000012102f000 	/Library/Java/JavaVirtualMachines/jdk1.8.0_102.jdk/Contents/Home/jre/lib/libosxui.dylib
0x0000000121b1a000 	/Library/Java/JavaVirtualMachines/jdk1.8.0_102.jdk/Contents/Home/jre/lib/libnet.dylib
0x0000000121d62000 	/Library/Java/JavaVirtualMachines/jdk1.8.0_102.jdk/Contents/Home/jre/lib/libnio.dylib
0x000000000a139000 	/System/Library/Frameworks/ApplicationServices.framework/Versions/A/Frameworks/ATS.framework/Versions/A/Resources/libTrueTypeScaler.dylib
0x0000000172c33000 	/System/Library/Extensions/AppleIntelHD5000GraphicsMTLDriver.bundle/Contents/MacOS/AppleIntelHD5000GraphicsMTLDriver
0x000000011d14a000 	/private/var/folders/f2/4qkyxzd93r37rthb6tddfj8m0000gn/T/jogamp_0000/file_cache/jln2080474067101392953/jln7380682346394588202/libgluegen-rt.jnilib
0x000000011d14f000 	/private/var/folders/f2/4qkyxzd93r37rthb6tddfj8m0000gn/T/jogamp_0000/file_cache/jln2080474067101392953/jln7380682346394588202/libnativewindow_awt.jnilib
0x0000000120d05000 	/Library/Java/JavaVirtualMachines/jdk1.8.0_102.jdk/Contents/Home/jre/lib/libjawt.dylib
0x0000000172b7f000 	/private/var/folders/f2/4qkyxzd93r37rthb6tddfj8m0000gn/T/jogamp_0000/file_cache/jln2080474067101392953/jln7380682346394588202/libnativewindow_macosx.jnilib
0x0000000174bc1000 	/private/var/folders/f2/4qkyxzd93r37rthb6tddfj8m0000gn/T/jogamp_0000/file_cache/jln2080474067101392953/jln7380682346394588202/libjogl_desktop.jnilib
0x00000001741cc000 	/Library/Java/JavaVirtualMachines/jdk1.8.0_102.jdk/Contents/Home/jre/lib/libt2k.dylib
0x000000011d7a2000 	/Library/Java/JavaVirtualMachines/jdk1.8.0_102.jdk/Contents/Home/jre/lib/libjpeg.dylib

VM Arguments:
jvm_args: -Djava.security.policy=java.policy.applet -Dfile.encoding=UTF-8 
java_command: sun.applet.AppletViewer module4.EarthquakeCityMap1473887356511.html
java_class_path (initial): /Users/Yoni/Projects/eclipse/UCSDUnfoldingMaps/build:/Users/Yoni/Projects/eclipse/UCSDUnfoldingMaps/lib/core.jar:/Users/Yoni/Projects/eclipse/UCSDUnfoldingMaps/lib/gluegen-rt.jar:/Users/Yoni/Projects/eclipse/UCSDUnfoldingMaps/lib/jogl-all.jar:/Users/Yoni/Projects/eclipse/UCSDUnfoldingMaps/lib/log4j-1.2.15.jar:/Users/Yoni/Projects/eclipse/UCSDUnfoldingMaps/lib/sqlite-jdbc-3.7.2.jar:/Users/Yoni/Projects/eclipse/UCSDUnfoldingMaps/lib/json4processing.jar:/Users/Yoni/Projects/eclipse/UCSDUnfoldingMaps/lib/libTUIO.jar:/Users/Yoni/Projects/eclipse/UCSDUnfoldingMaps/lib/unfolding.0.9.7-uscd.jar
Launcher Type: SUN_STANDARD

Environment Variables:
PATH=/usr/bin:/bin:/usr/sbin:/sbin:/usr/local/bin
SHELL=/bin/bash

Signal Handlers:
SIGSEGV: [libjvm.dylib+0x5b0579], sa_mask[0]=11111111011111110111111111111111, sa_flags=SA_ONSTACK|SA_RESTART|SA_SIGINFO
SIGBUS: [libjvm.dylib+0x5b0579], sa_mask[0]=11111111011111110111111111111111, sa_flags=SA_RESTART|SA_SIGINFO
SIGFPE: [libjvm.dylib+0x4874e4], sa_mask[0]=11111111011111110111111111111111, sa_flags=SA_RESTART|SA_SIGINFO
SIGPIPE: [libjvm.dylib+0x4874e4], sa_mask[0]=11111111011111110111111111111111, sa_flags=SA_RESTART|SA_SIGINFO
SIGXFSZ: [libjvm.dylib+0x4874e4], sa_mask[0]=11111111011111110111111111111111, sa_flags=SA_RESTART|SA_SIGINFO
SIGILL: [libjvm.dylib+0x4874e4], sa_mask[0]=11111111011111110111111111111111, sa_flags=SA_RESTART|SA_SIGINFO
SIGUSR1: SIG_DFL, sa_mask[0]=00000000000000000000000000000000, sa_flags=none
SIGUSR2: [libjvm.dylib+0x487002], sa_mask[0]=00100000000000000000000000000000, sa_flags=SA_RESTART|SA_SIGINFO
SIGHUP: [libjvm.dylib+0x4855d9], sa_mask[0]=11111111011111110111111111111111, sa_flags=SA_RESTART|SA_SIGINFO
SIGINT: [libjvm.dylib+0x4855d9], sa_mask[0]=11111111011111110111111111111111, sa_flags=SA_RESTART|SA_SIGINFO
SIGTERM: [libjvm.dylib+0x4855d9], sa_mask[0]=11111111011111110111111111111111, sa_flags=SA_RESTART|SA_SIGINFO
SIGQUIT: [libjvm.dylib+0x4855d9], sa_mask[0]=11111111011111110111111111111111, sa_flags=SA_RESTART|SA_SIGINFO


---------------  S Y S T E M  ---------------

OS:Bsduname:Darwin 15.6.0 Darwin Kernel Version 15.6.0: Mon Aug 29 20:21:34 PDT 2016; root:xnu-3248.60.11~1/RELEASE_X86_64 x86_64
rlimit: STACK 8192k, CORE 0k, NPROC 709, NOFILE 10240, AS infinity
load average:7.98 3.32 2.17

CPU:total 4 (2 cores per cpu, 2 threads per core) family 6 model 69 stepping 1, cmov, cx8, fxsr, mmx, sse, sse2, sse3, ssse3, sse4.1, sse4.2, popcnt, avx, avx2, aes, clmul, erms, lzcnt, ht, tsc, tscinvbit, bmi1, bmi2

Memory: 4k page, physical 4194304k(416316k free)

/proc/meminfo:


vm_info: Java HotSpot(TM) 64-Bit Server VM (25.102-b14) for bsd-amd64 JRE (1.8.0_102-b14), built on Jun 22 2016 11:42:36 by "java_re" with gcc 4.2.1 (Based on Apple Inc. build 5658) (LLVM build 2336.11.00)

time: Wed Sep 14 17:13:01 2016
elapsed time: 225 seconds (0d 0h 3m 45s)

